#
# There is insufficient memory for the Java Runtime Environment to continue.
# Native memory allocation (malloc) failed to allocate 32744 bytes for ChunkPool::allocate
# Possible reasons:
#   The system is out of physical RAM or swap space
#   In 32 bit mode, the process size limit was hit
# Possible solutions:
#   Reduce memory load on the system
#   Increase physical memory or swap space
#   Check if swap backing store is full
#   Use 64 bit Java on a 64 bit OS
#   Decrease Java heap size (-Xmx/-Xms)
#   Decrease number of Java threads
#   Decrease Java thread stack sizes (-Xss)
#   Set larger code cache with -XX:ReservedCodeCacheSize=
# This output file may be truncated or incomplete.
#
#  Out of Memory Error (allocation.cpp:273), pid=8708, tid=0x00000000000022a8
#
# JRE version: Java(TM) SE Runtime Environment (8.0_181-b13) (build 1.8.0_181-b13)
# Java VM: Java HotSpot(TM) 64-Bit Server VM (25.181-b13 mixed mode windows-amd64 compressed oops)
# Failed to write core dump. Minidumps are not enabled by default on client versions of Windows
#

---------------  T H R E A D  ---------------

Current thread (0x0000000017c44000):  JavaThread "C2 CompilerThread1" daemon [_thread_in_native, id=8872, stack(0x00000000193a0000,0x00000000194a0000)]

Stack: [0x00000000193a0000,0x00000000194a0000]
[error occurred during error reporting (printing stack bounds), id 0xc0000005]

Native frames: (J=compiled Java code, j=interpreted, Vv=VM code, C=native code)


Current CompileTask:
C2: 147528 4277       4       com.sun.javafx.tk.quantum.QuantumToolkit$$Lambda$41/360719091::run (8 bytes)


---------------  P R O C E S S  ---------------

Java Threads: ( => current thread )
  0x000000001a7da800 JavaThread "Thread-9" daemon [_thread_in_native, id=10904, stack(0x0000000071a30000,0x0000000071b30000)]
  0x000000001a142800 JavaThread "Disposer" daemon [_thread_blocked, id=16800, stack(0x00000000637a0000,0x00000000638a0000)]
  0x000000001a1e8800 JavaThread "Prism Font Disposer" daemon [_thread_blocked, id=10404, stack(0x0000000062ea0000,0x0000000062fa0000)]
  0x000000001999e000 JavaThread "Thread-3" daemon [_thread_in_native, id=9140, stack(0x0000000021310000,0x0000000021410000)]
  0x000000001a00c800 JavaThread "JavaFX-Launcher" [_thread_blocked, id=11424, stack(0x0000000021410000,0x0000000021510000)]
  0x000000001998e000 JavaThread "JavaFX Application Thread" [_thread_in_native, id=16948, stack(0x000000001aa20000,0x000000001ab20000)]
  0x000000001998d000 JavaThread "Thread-1" daemon [_thread_blocked, id=8552, stack(0x000000001a920000,0x000000001aa20000)]
  0x0000000019966000 JavaThread "QuantumRenderer-0" daemon [_thread_blocked, id=13804, stack(0x0000000019d00000,0x0000000019e00000)]
  0x00000000195d2800 JavaThread "Service Thread" daemon [_thread_blocked, id=5600, stack(0x00000000199a0000,0x0000000019aa0000)]
  0x0000000017c48800 JavaThread "C1 CompilerThread2" daemon [_thread_blocked, id=16872, stack(0x00000000194a0000,0x00000000195a0000)]
=>0x0000000017c44000 JavaThread "C2 CompilerThread1" daemon [_thread_in_native, id=8872, stack(0x00000000193a0000,0x00000000194a0000)]
  0x0000000017c40000 JavaThread "C2 CompilerThread0" daemon [_thread_blocked, id=7336, stack(0x00000000192a0000,0x00000000193a0000)]
  0x0000000017c3b800 JavaThread "Attach Listener" daemon [_thread_blocked, id=4652, stack(0x00000000191a0000,0x00000000192a0000)]
  0x0000000017c3a800 JavaThread "Signal Dispatcher" daemon [_thread_blocked, id=952, stack(0x00000000190a0000,0x00000000191a0000)]
  0x000000000316b800 JavaThread "Finalizer" daemon [_thread_blocked, id=17320, stack(0x0000000018ea0000,0x0000000018fa0000)]
  0x0000000003161000 JavaThread "Reference Handler" daemon [_thread_blocked, id=16764, stack(0x0000000018da0000,0x0000000018ea0000)]
  0x0000000002e6e800 JavaThread "main" [_thread_blocked, id=16772, stack(0x0000000002f70000,0x0000000003070000)]

Other Threads:
  0x0000000017c07800 VMThread [stack: 0x0000000018ca0000,0x0000000018da0000] [id=14740]
  0x00000000195f3800 WatcherThread [stack: 0x0000000019aa0000,0x0000000019ba0000] [id=8396]

VM state:not at safepoint (normal execution)

VM Mutex/Monitor currently owned by a thread: None

Heap:
 PSYoungGen      total 151552K, used 79376K [0x00000000d6100000, 0x00000000e0500000, 0x0000000100000000)
  eden space 142336K, 51% used [0x00000000d6100000,0x00000000da859de8,0x00000000dec00000)
  from space 9216K, 68% used [0x00000000dfc00000,0x00000000e022a508,0x00000000e0500000)
  to   space 12800K, 0% used [0x00000000dec00000,0x00000000dec00000,0x00000000df880000)
 ParOldGen       total 70656K, used 10761K [0x0000000082200000, 0x0000000086700000, 0x00000000d6100000)
  object space 70656K, 15% used [0x0000000082200000,0x0000000082c82638,0x0000000086700000)
 Metaspace       used 23921K, capacity 24878K, committed 24960K, reserved 1071104K
  class space    used 3203K, capacity 3445K, committed 3456K, reserved 1048576K

Card table byte_map: [0x0000000012530000,0x0000000012920000] byte_map_base: 0x000000001211f000

Marking Bits: (ParMarkBitMap*) 0x00000000767b2d00
 Begin Bits: [0x0000000012fc0000, 0x0000000014f38000)
 End Bits:   [0x0000000014f38000, 0x0000000016eb0000)

Polling page: 0x0000000001610000

CodeCache: size=245760Kb used=12272Kb max_used=12283Kb free=233487Kb
 bounds [0x0000000003170000, 0x0000000003d80000, 0x0000000012170000]
 total_blobs=4646 nmethods=3867 adapters=691
 compilation: enabled

Compilation events (10 events):
Event: 140.157 Thread 0x0000000017c40000 nmethod 4273 0x0000000003d6d090 code [0x0000000003d6d220, 0x0000000003d6d8a8]
Event: 140.163 Thread 0x0000000017c48800 4274       3       java.util.Collections$EmptyList::iterator (4 bytes)
Event: 140.164 Thread 0x0000000017c48800 nmethod 4274 0x0000000003d6ccd0 code [0x0000000003d6ce40, 0x0000000003d6cff0]
Event: 140.964 Thread 0x0000000017c48800 4275       3       com.sun.javafx.text.PrismTextLayout::setContent (85 bytes)
Event: 140.965 Thread 0x0000000017c48800 nmethod 4275 0x0000000003d79090 code [0x0000000003d792c0, 0x0000000003d7a088]
Event: 147.235 Thread 0x0000000017c40000 4276       4       com.sun.scenario.animation.AbstractMasterTimer$MainLoop::updateAnimationRunnable (61 bytes)
Event: 147.236 Thread 0x0000000017c40000 nmethod 4276 0x0000000003d6c9d0 code [0x0000000003d6cb00, 0x0000000003d6cb98]
Event: 147.507 Thread 0x0000000017c44000 4277       4       com.sun.javafx.tk.quantum.QuantumToolkit$$Lambda$41/360719091::run (8 bytes)
Event: 147.507 Thread 0x0000000017c40000 4278       4       com.sun.javafx.tk.quantum.QuantumToolkit::endPulseRunning (42 bytes)
Event: 147.508 Thread 0x0000000017c40000 nmethod 4278 0x0000000003d78e10 code [0x0000000003d78f40, 0x0000000003d78fd8]

GC Heap History (10 events):
Event: 1.539 GC heap before
{Heap before GC invocations=5 (full 1):
 PSYoungGen      total 37888K, used 34514K [0x00000000d6100000, 0x00000000d9700000, 0x0000000100000000)
  eden space 32768K, 99% used [0x00000000d6100000,0x00000000d80ea898,0x00000000d8100000)
  from space 5120K, 35% used [0x00000000d8100000,0x00000000d82c9f98,0x00000000d8600000)
  to   space 5120K, 0% used [0x00000000d9200000,0x00000000d9200000,0x00000000d9700000)
 ParOldGen       total 70656K, used 10096K [0x0000000082200000, 0x0000000086700000, 0x00000000d6100000)
  object space 70656K, 14% used [0x0000000082200000,0x0000000082bdc0e0,0x0000000086700000)
 Metaspace       used 21575K, capacity 22480K, committed 22528K, reserved 1069056K
  class space    used 3076K, capacity 3290K, committed 3328K, reserved 1048576K
Event: 1.542 GC heap after
Heap after GC invocations=5 (full 1):
 PSYoungGen      total 50176K, used 836K [0x00000000d6100000, 0x00000000da380000, 0x0000000100000000)
  eden space 45056K, 0% used [0x00000000d6100000,0x00000000d6100000,0x00000000d8d00000)
  from space 5120K, 16% used [0x00000000d9200000,0x00000000d92d12d0,0x00000000d9700000)
  to   space 5120K, 0% used [0x00000000d8d00000,0x00000000d8d00000,0x00000000d9200000)
 ParOldGen       total 70656K, used 10096K [0x0000000082200000, 0x0000000086700000, 0x00000000d6100000)
  object space 70656K, 14% used [0x0000000082200000,0x0000000082bdc0e0,0x0000000086700000)
 Metaspace       used 21575K, capacity 22480K, committed 22528K, reserved 1069056K
  class space    used 3076K, capacity 3290K, committed 3328K, reserved 1048576K
}
Event: 1.552 GC heap before
{Heap before GC invocations=6 (full 1):
 PSYoungGen      total 50176K, used 45838K [0x00000000d6100000, 0x00000000da380000, 0x0000000100000000)
  eden space 45056K, 99% used [0x00000000d6100000,0x00000000d8cf2840,0x00000000d8d00000)
  from space 5120K, 16% used [0x00000000d9200000,0x00000000d92d12d0,0x00000000d9700000)
  to   space 5120K, 0% used [0x00000000d8d00000,0x00000000d8d00000,0x00000000d9200000)
 ParOldGen       total 70656K, used 10096K [0x0000000082200000, 0x0000000086700000, 0x00000000d6100000)
  object space 70656K, 14% used [0x0000000082200000,0x0000000082bdc0e0,0x0000000086700000)
 Metaspace       used 21576K, capacity 22480K, committed 22528K, reserved 1069056K
  class space    used 3076K, capacity 3290K, committed 3328K, reserved 1048576K
Event: 1.554 GC heap after
Heap after GC invocations=6 (full 1):
 PSYoungGen      total 50176K, used 899K [0x00000000d6100000, 0x00000000dcc00000, 0x0000000100000000)
  eden space 45056K, 0% used [0x00000000d6100000,0x00000000d6100000,0x00000000d8d00000)
  from space 5120K, 17% used [0x00000000d8d00000,0x00000000d8de0e40,0x00000000d9200000)
  to   space 13824K, 0% used [0x00000000dbe80000,0x00000000dbe80000,0x00000000dcc00000)
 ParOldGen       total 70656K, used 10096K [0x0000000082200000, 0x0000000086700000, 0x00000000d6100000)
  object space 70656K, 14% used [0x0000000082200000,0x0000000082bdc0e0,0x0000000086700000)
 Metaspace       used 21576K, capacity 22480K, committed 22528K, reserved 1069056K
  class space    used 3076K, capacity 3290K, committed 3328K, reserved 1048576K
}
Event: 1.563 GC heap before
{Heap before GC invocations=7 (full 1):
 PSYoungGen      total 50176K, used 45832K [0x00000000d6100000, 0x00000000dcc00000, 0x0000000100000000)
  eden space 45056K, 99% used [0x00000000d6100000,0x00000000d8ce12d0,0x00000000d8d00000)
  from space 5120K, 17% used [0x00000000d8d00000,0x00000000d8de0e40,0x00000000d9200000)
  to   space 13824K, 0% used [0x00000000dbe80000,0x00000000dbe80000,0x00000000dcc00000)
 ParOldGen       total 70656K, used 10096K [0x0000000082200000, 0x0000000086700000, 0x00000000d6100000)
  object space 70656K, 14% used [0x0000000082200000,0x0000000082bdc0e0,0x0000000086700000)
 Metaspace       used 21577K, capacity 22480K, committed 22528K, reserved 1069056K
  class space    used 3076K, capacity 3290K, committed 3328K, reserved 1048576K
Event: 1.564 GC heap after
Heap after GC invocations=7 (full 1):
 PSYoungGen      total 93696K, used 923K [0x00000000d6100000, 0x00000000dca00000, 0x0000000100000000)
  eden space 81920K, 0% used [0x00000000d6100000,0x00000000d6100000,0x00000000db100000)
  from space 11776K, 7% used [0x00000000dbe80000,0x00000000dbf66de0,0x00000000dca00000)
  to   space 12800K, 0% used [0x00000000db100000,0x00000000db100000,0x00000000dbd80000)
 ParOldGen       total 70656K, used 10096K [0x0000000082200000, 0x0000000086700000, 0x00000000d6100000)
  object space 70656K, 14% used [0x0000000082200000,0x0000000082bdc0e0,0x0000000086700000)
 Metaspace       used 21577K, capacity 22480K, committed 22528K, reserved 1069056K
  class space    used 3076K, capacity 3290K, committed 3328K, reserved 1048576K
}
Event: 1.589 GC heap before
{Heap before GC invocations=8 (full 1):
 PSYoungGen      total 93696K, used 82706K [0x00000000d6100000, 0x00000000dca00000, 0x0000000100000000)
  eden space 81920K, 99% used [0x00000000d6100000,0x00000000db0ddad0,0x00000000db100000)
  from space 11776K, 7% used [0x00000000dbe80000,0x00000000dbf66de0,0x00000000dca00000)
  to   space 12800K, 0% used [0x00000000db100000,0x00000000db100000,0x00000000dbd80000)
 ParOldGen       total 70656K, used 10096K [0x0000000082200000, 0x0000000086700000, 0x00000000d6100000)
  object space 70656K, 14% used [0x0000000082200000,0x0000000082bdc0e0,0x0000000086700000)
 Metaspace       used 21579K, capacity 22480K, committed 22528K, reserved 1069056K
  class space    used 3076K, capacity 3290K, committed 3328K, reserved 1048576K
Event: 1.590 GC heap after
Heap after GC invocations=8 (full 1):
 PSYoungGen      total 94720K, used 958K [0x00000000d6100000, 0x00000000e0800000, 0x0000000100000000)
  eden space 81920K, 0% used [0x00000000d6100000,0x00000000d6100000,0x00000000db100000)
  from space 12800K, 7% used [0x00000000db100000,0x00000000db1efbe8,0x00000000dbd80000)
  to   space 12288K, 0% used [0x00000000dfc00000,0x00000000dfc00000,0x00000000e0800000)
 ParOldGen       total 70656K, used 10096K [0x0000000082200000, 0x0000000086700000, 0x00000000d6100000)
  object space 70656K, 14% used [0x0000000082200000,0x0000000082bdc0e0,0x0000000086700000)
 Metaspace       used 21579K, capacity 22480K, committed 22528K, reserved 1069056K
  class space    used 3076K, capacity 3290K, committed 3328K, reserved 1048576K
}
Event: 2.967 GC heap before
{Heap before GC invocations=9 (full 1):
 PSYoungGen      total 94720K, used 82844K [0x00000000d6100000, 0x00000000e0800000, 0x0000000100000000)
  eden space 81920K, 99% used [0x00000000d6100000,0x00000000db0f76e0,0x00000000db100000)
  from space 12800K, 7% used [0x00000000db100000,0x00000000db1efbe8,0x00000000dbd80000)
  to   space 12288K, 0% used [0x00000000dfc00000,0x00000000dfc00000,0x00000000e0800000)
 ParOldGen       total 70656K, used 10096K [0x0000000082200000, 0x0000000086700000, 0x00000000d6100000)
  object space 70656K, 14% used [0x0000000082200000,0x0000000082bdc0e0,0x0000000086700000)
 Metaspace       used 22838K, capacity 23716K, committed 23936K, reserved 1069056K
  class space    used 3183K, capacity 3372K, committed 3456K, reserved 1048576K
Event: 2.970 GC heap after
Heap after GC invocations=9 (full 1):
 PSYoungGen      total 151552K, used 6313K [0x00000000d6100000, 0x00000000e0500000, 0x0000000100000000)
  eden space 142336K, 0% used [0x00000000d6100000,0x00000000d6100000,0x00000000dec00000)
  from space 9216K, 68% used [0x00000000dfc00000,0x00000000e022a508,0x00000000e0500000)
  to   space 12800K, 0% used [0x00000000dec00000,0x00000000dec00000,0x00000000df880000)
 ParOldGen       total 70656K, used 10761K [0x0000000082200000, 0x0000000086700000, 0x00000000d6100000)
  object space 70656K, 15% used [0x0000000082200000,0x0000000082c82638,0x0000000086700000)
 Metaspace       used 22838K, capacity 23716K, committed 23936K, reserved 1069056K
  class space    used 3183K, capacity 3372K, committed 3456K, reserved 1048576K
}

Deoptimization events (10 events):
Event: 11.172 Thread 0x000000001998e000 Uncommon trap: reason=unstable_if action=reinterpret pc=0x00000000036ab668 method=java.util.WeakHashMap.expungeStaleEntries()V @ 9
Event: 12.005 Thread 0x000000001998e000 Uncommon trap: reason=unstable_if action=reinterpret pc=0x00000000039e94f8 method=com.sun.javafx.geom.transform.AffineBase.updateState2D()V @ 33
Event: 12.005 Thread 0x0000000019966000 Uncommon trap: reason=unstable_if action=reinterpret pc=0x0000000003adaaf0 method=java.lang.StrictMath.floorOrCeil(DDDD)D @ 115
Event: 12.005 Thread 0x0000000019966000 Uncommon trap: reason=unstable_if action=reinterpret pc=0x0000000003a2d310 method=com.sun.javafx.geom.transform.AffineBase.updateState2D()V @ 33
Event: 12.006 Thread 0x0000000019966000 Uncommon trap: reason=unstable_if action=reinterpret pc=0x0000000003b47af8 method=com.sun.javafx.geom.transform.AffineBase.isTranslateOrIdentity()Z @ 5
Event: 39.999 Thread 0x000000001998e000 Uncommon trap: reason=bimorphic action=maybe_recompile pc=0x0000000003cf4aa4 method=com.sun.glass.ui.InvokeLaterDispatcher$Future.run()V @ 4
Event: 40.111 Thread 0x000000001998e000 Uncommon trap: reason=bimorphic action=maybe_recompile pc=0x0000000003cf4aa4 method=com.sun.glass.ui.InvokeLaterDispatcher$Future.run()V @ 4
Event: 62.900 Thread 0x0000000019966000 Uncommon trap: reason=unstable_if action=reinterpret pc=0x00000000034ec89c method=com.sun.javafx.sg.prism.NGGroup.renderContent(Lcom/sun/prism/Graphics;)V @ 52
Event: 99.160 Thread 0x000000001998e000 Uncommon trap: reason=bimorphic action=maybe_recompile pc=0x0000000003cf4aa4 method=com.sun.glass.ui.InvokeLaterDispatcher$Future.run()V @ 4
Event: 99.192 Thread 0x000000001998e000 Uncommon trap: reason=bimorphic action=maybe_recompile pc=0x0000000003cf4aa4 method=com.sun.glass.ui.InvokeLaterDispatcher$Future.run()V @ 4

Classes redefined (0 events):
No events

Internal exceptions (10 events):
Event: 0.450 Thread 0x000000001a00c800 Exception <a 'java/lang/ArrayIndexOutOfBoundsException'> (0x00000000d72dba00) thrown at [C:\re\workspace\8-2-build-windows-amd64-cygwin\jdk8u181\11358\hotspot\src\share\vm\runtime\sharedRuntime.cpp, line 605]
Event: 0.454 Thread 0x000000001a00c800 Exception <a 'java/lang/ArrayIndexOutOfBoundsException'> (0x00000000d72f6b08) thrown at [C:\re\workspace\8-2-build-windows-amd64-cygwin\jdk8u181\11358\hotspot\src\share\vm\runtime\sharedRuntime.cpp, line 605]
Event: 0.458 Thread 0x000000001a00c800 Exception <a 'java/lang/ArrayIndexOutOfBoundsException'> (0x00000000d73297d0) thrown at [C:\re\workspace\8-2-build-windows-amd64-cygwin\jdk8u181\11358\hotspot\src\share\vm\runtime\sharedRuntime.cpp, line 605]
Event: 0.605 Thread 0x000000001998e000 Exception <a 'sun/nio/fs/WindowsException'> (0x00000000d782a988) thrown at [C:\re\workspace\8-2-build-windows-amd64-cygwin\jdk8u181\11358\hotspot\src\share\vm\prims\jni.cpp, line 709]
Event: 0.607 Thread 0x000000001998e000 Exception <a 'sun/nio/fs/WindowsException'> (0x00000000d782c7e8) thrown at [C:\re\workspace\8-2-build-windows-amd64-cygwin\jdk8u181\11358\hotspot\src\share\vm\prims\jni.cpp, line 709]
Event: 0.613 Thread 0x000000001998e000 Implicit null exception at 0x00000000033e0756 to 0x00000000033e0af1
Event: 0.644 Thread 0x000000001998e000 Exception <a 'java/io/FileNotFoundException'> (0x00000000d7a24b88) thrown at [C:\re\workspace\8-2-build-windows-amd64-cygwin\jdk8u181\11358\hotspot\src\share\vm\prims\jni.cpp, line 709]
Event: 0.787 Thread 0x000000001998e000 Implicit null exception at 0x00000000033e25f5 to 0x00000000033e27cd
Event: 0.787 Thread 0x000000001998e000 Implicit null exception at 0x000000000347c218 to 0x000000000347c2a6
Event: 0.841 Thread 0x000000001998e000 Implicit null exception at 0x00000000035fe566 to 0x00000000035fe5f9

Events (10 events):
Event: 99.192 Thread 0x000000001998e000 DEOPT PACKING pc=0x0000000003cf4aa4 sp=0x000000001ab1e4b0
Event: 99.192 Thread 0x000000001998e000 DEOPT UNPACKING pc=0x00000000031b583b sp=0x000000001ab1e4d0 mode 2
Event: 102.728 Thread 0x000000001a7de800 Thread added: 0x000000001a7de800
Event: 102.728 Thread 0x000000001a7de800 Thread exited: 0x000000001a7de800
Event: 112.792 Thread 0x000000001a7db800 Thread added: 0x000000001a7db800
Event: 112.792 Thread 0x000000001a7db800 Thread exited: 0x000000001a7db800
Event: 122.792 Thread 0x000000001a7de800 Thread added: 0x000000001a7de800
Event: 122.792 Thread 0x000000001a7de800 Thread exited: 0x000000001a7de800
Event: 142.792 Thread 0x000000001a7de800 Thread added: 0x000000001a7de800
Event: 142.792 Thread 0x000000001a7de800 Thread exited: 0x000000001a7de800


Dynamic libraries:
0x00007ff744390000 - 0x00007ff7443c7000 	C:\Program Files\Java\jre1.8.0_181\bin\javaw.exe
0x00007ffd82290000 - 0x00007ffd8246b000 	C:\Windows\SYSTEM32\ntdll.dll
0x00007ffd820c0000 - 0x00007ffd8216e000 	C:\Windows\System32\KERNEL32.DLL
0x00007ffd7ea00000 - 0x00007ffd7ec4a000 	C:\Windows\System32\KERNELBASE.dll
0x00007ffd81e30000 - 0x00007ffd81ed1000 	C:\Windows\System32\ADVAPI32.dll
0x00007ffd817a0000 - 0x00007ffd8183d000 	C:\Windows\System32\msvcrt.dll
0x00007ffd82060000 - 0x00007ffd820b9000 	C:\Windows\System32\sechost.dll
0x00007ffd81180000 - 0x00007ffd812a5000 	C:\Windows\System32\RPCRT4.dll
0x00007ffd812b0000 - 0x00007ffd813fa000 	C:\Windows\System32\USER32.dll
0x00007ffd7e9e0000 - 0x00007ffd7e9fe000 	C:\Windows\System32\win32u.dll
0x00007ffd82030000 - 0x00007ffd82057000 	C:\Windows\System32\GDI32.dll
0x00007ffd7e7b0000 - 0x00007ffd7e938000 	C:\Windows\System32\gdi32full.dll
0x00007ffd7e940000 - 0x00007ffd7e9da000 	C:\Windows\System32\msvcp_win.dll
0x00007ffd7f470000 - 0x00007ffd7f566000 	C:\Windows\System32\ucrtbase.dll
0x00007ffd72ae0000 - 0x00007ffd72d47000 	C:\Windows\WinSxS\amd64_microsoft.windows.common-controls_6595b64144ccf1df_6.0.15063.1155_none_40c7922129a7722b\COMCTL32.dll
0x00007ffd80e00000 - 0x00007ffd810f9000 	C:\Windows\System32\combase.dll
0x00007ffd7f400000 - 0x00007ffd7f46a000 	C:\Windows\System32\bcryptPrimitives.dll
0x00007ffd81fa0000 - 0x00007ffd81fcd000 	C:\Windows\System32\IMM32.DLL
0x00007ffd5db60000 - 0x00007ffd5dc0f000 	C:\Program Files\McAfee\Endpoint Security\Threat Prevention\Ips\EpMPApi.dll
0x00007ffd7f790000 - 0x00007ffd7f7e7000 	C:\Windows\System32\WINTRUST.dll
0x00007ffd7e720000 - 0x00007ffd7e731000 	C:\Windows\System32\MSASN1.dll
0x00007ffd7f5c0000 - 0x00007ffd7f789000 	C:\Windows\System32\CRYPT32.dll
0x0000000076b50000 - 0x0000000076b5c000 	C:\Program Files\McAfee\Endpoint Security\Threat Prevention\Ips\EpMPThe.dll
0x0000000075dc0000 - 0x0000000075e92000 	C:\Program Files\Java\jre1.8.0_181\bin\msvcr100.dll
0x0000000075f90000 - 0x0000000076832000 	C:\Program Files\Java\jre1.8.0_181\bin\server\jvm.dll
0x00007ffd81790000 - 0x00007ffd81798000 	C:\Windows\System32\PSAPI.DLL
0x00007ffd6b1f0000 - 0x00007ffd6b1f9000 	C:\Windows\SYSTEM32\WSOCK32.dll
0x00007ffd6d520000 - 0x00007ffd6d52a000 	C:\Windows\SYSTEM32\VERSION.dll
0x00007ffd7c9e0000 - 0x00007ffd7ca03000 	C:\Windows\SYSTEM32\WINMM.dll
0x00007ffd81460000 - 0x00007ffd814cc000 	C:\Windows\System32\WS2_32.dll
0x00007ffd7c9b0000 - 0x00007ffd7c9db000 	C:\Windows\SYSTEM32\winmmbase.dll
0x00007ffd7f570000 - 0x00007ffd7f5b9000 	C:\Windows\System32\cfgmgr32.dll
0x0000000075f80000 - 0x0000000075f8f000 	C:\Program Files\Java\jre1.8.0_181\bin\verify.dll
0x0000000075f50000 - 0x0000000075f79000 	C:\Program Files\Java\jre1.8.0_181\bin\java.dll
0x0000000075f30000 - 0x0000000075f46000 	C:\Program Files\Java\jre1.8.0_181\bin\zip.dll
0x00007ffd7f9c0000 - 0x00007ffd80df8000 	C:\Windows\System32\SHELL32.dll
0x00007ffd81640000 - 0x00007ffd816ea000 	C:\Windows\System32\shcore.dll
0x00007ffd7ed00000 - 0x00007ffd7f3f1000 	C:\Windows\System32\windows.storage.dll
0x00007ffd7f7f0000 - 0x00007ffd7f841000 	C:\Windows\System32\shlwapi.dll
0x00007ffd7e790000 - 0x00007ffd7e7a1000 	C:\Windows\System32\kernel.appcore.dll
0x00007ffd7e740000 - 0x00007ffd7e78c000 	C:\Windows\System32\powrprof.dll
0x00007ffd7e700000 - 0x00007ffd7e715000 	C:\Windows\System32\profapi.dll
0x0000000002e20000 - 0x0000000002e23000 	C:\Program Files\Java\jre1.8.0_181\bin\api-ms-win-core-console-l1-1-0.dll
0x0000000002e30000 - 0x0000000002e33000 	C:\Program Files\Java\jre1.8.0_181\bin\api-ms-win-core-datetime-l1-1-0.dll
0x0000000002e40000 - 0x0000000002e43000 	C:\Program Files\Java\jre1.8.0_181\bin\api-ms-win-core-debug-l1-1-0.dll
0x0000000002e50000 - 0x0000000002e53000 	C:\Program Files\Java\jre1.8.0_181\bin\api-ms-win-core-errorhandling-l1-1-0.dll
0x0000000002e70000 - 0x0000000002e74000 	C:\Program Files\Java\jre1.8.0_181\bin\api-ms-win-core-file-l1-1-0.dll
0x0000000002e80000 - 0x0000000002e83000 	C:\Program Files\Java\jre1.8.0_181\bin\api-ms-win-core-file-l1-2-0.dll
0x0000000002e90000 - 0x0000000002e93000 	C:\Program Files\Java\jre1.8.0_181\bin\api-ms-win-core-file-l2-1-0.dll
0x0000000002ea0000 - 0x0000000002ea3000 	C:\Program Files\Java\jre1.8.0_181\bin\api-ms-win-core-handle-l1-1-0.dll
0x0000000002eb0000 - 0x0000000002eb3000 	C:\Program Files\Java\jre1.8.0_181\bin\api-ms-win-core-heap-l1-1-0.dll
0x0000000002ec0000 - 0x0000000002ec3000 	C:\Program Files\Java\jre1.8.0_181\bin\api-ms-win-core-interlocked-l1-1-0.dll
0x0000000002ed0000 - 0x0000000002ed3000 	C:\Program Files\Java\jre1.8.0_181\bin\api-ms-win-core-libraryloader-l1-1-0.dll
0x0000000002ee0000 - 0x0000000002ee3000 	C:\Program Files\Java\jre1.8.0_181\bin\api-ms-win-core-localization-l1-2-0.dll
0x0000000002ef0000 - 0x0000000002ef3000 	C:\Program Files\Java\jre1.8.0_181\bin\api-ms-win-core-memory-l1-1-0.dll
0x0000000002f00000 - 0x0000000002f03000 	C:\Program Files\Java\jre1.8.0_181\bin\api-ms-win-core-namedpipe-l1-1-0.dll
0x0000000002f10000 - 0x0000000002f13000 	C:\Program Files\Java\jre1.8.0_181\bin\api-ms-win-core-processenvironment-l1-1-0.dll
0x0000000002f20000 - 0x0000000002f23000 	C:\Program Files\Java\jre1.8.0_181\bin\api-ms-win-core-processthreads-l1-1-0.dll
0x0000000002f30000 - 0x0000000002f33000 	C:\Program Files\Java\jre1.8.0_181\bin\api-ms-win-core-processthreads-l1-1-1.dll
0x0000000002f50000 - 0x0000000002f53000 	C:\Program Files\Java\jre1.8.0_181\bin\api-ms-win-core-profile-l1-1-0.dll
0x0000000019ba0000 - 0x0000000019ba3000 	C:\Program Files\Java\jre1.8.0_181\bin\api-ms-win-core-rtlsupport-l1-1-0.dll
0x0000000019bb0000 - 0x0000000019bb3000 	C:\Program Files\Java\jre1.8.0_181\bin\api-ms-win-core-string-l1-1-0.dll
0x0000000019bc0000 - 0x0000000019bc3000 	C:\Program Files\Java\jre1.8.0_181\bin\api-ms-win-core-synch-l1-1-0.dll
0x0000000019bd0000 - 0x0000000019bd3000 	C:\Program Files\Java\jre1.8.0_181\bin\api-ms-win-core-synch-l1-2-0.dll
0x0000000019be0000 - 0x0000000019be3000 	C:\Program Files\Java\jre1.8.0_181\bin\api-ms-win-core-sysinfo-l1-1-0.dll
0x0000000019bf0000 - 0x0000000019bf3000 	C:\Program Files\Java\jre1.8.0_181\bin\api-ms-win-core-timezone-l1-1-0.dll
0x0000000019c00000 - 0x0000000019c03000 	C:\Program Files\Java\jre1.8.0_181\bin\api-ms-win-core-util-l1-1-0.dll
0x0000000019c10000 - 0x0000000019c13000 	C:\Program Files\Java\jre1.8.0_181\bin\api-ms-win-crt-conio-l1-1-0.dll
0x0000000019c20000 - 0x0000000019c24000 	C:\Program Files\Java\jre1.8.0_181\bin\api-ms-win-crt-convert-l1-1-0.dll
0x0000000019c30000 - 0x0000000019c33000 	C:\Program Files\Java\jre1.8.0_181\bin\api-ms-win-crt-environment-l1-1-0.dll
0x0000000019c40000 - 0x0000000019c43000 	C:\Program Files\Java\jre1.8.0_181\bin\api-ms-win-crt-filesystem-l1-1-0.dll
0x0000000019c50000 - 0x0000000019c53000 	C:\Program Files\Java\jre1.8.0_181\bin\api-ms-win-crt-heap-l1-1-0.dll
0x0000000019c60000 - 0x0000000019c63000 	C:\Program Files\Java\jre1.8.0_181\bin\api-ms-win-crt-locale-l1-1-0.dll
0x0000000019c70000 - 0x0000000019c75000 	C:\Program Files\Java\jre1.8.0_181\bin\api-ms-win-crt-math-l1-1-0.dll
0x0000000019c80000 - 0x0000000019c85000 	C:\Program Files\Java\jre1.8.0_181\bin\api-ms-win-crt-multibyte-l1-1-0.dll
0x0000000019c90000 - 0x0000000019ca0000 	C:\Program Files\Java\jre1.8.0_181\bin\api-ms-win-crt-private-l1-1-0.dll
0x0000000019ca0000 - 0x0000000019ca3000 	C:\Program Files\Java\jre1.8.0_181\bin\api-ms-win-crt-process-l1-1-0.dll
0x0000000019cb0000 - 0x0000000019cb4000 	C:\Program Files\Java\jre1.8.0_181\bin\api-ms-win-crt-runtime-l1-1-0.dll
0x0000000019cc0000 - 0x0000000019cc4000 	C:\Program Files\Java\jre1.8.0_181\bin\api-ms-win-crt-stdio-l1-1-0.dll
0x0000000019cd0000 - 0x0000000019cd4000 	C:\Program Files\Java\jre1.8.0_181\bin\api-ms-win-crt-string-l1-1-0.dll
0x0000000019ce0000 - 0x0000000019ce3000 	C:\Program Files\Java\jre1.8.0_181\bin\api-ms-win-crt-time-l1-1-0.dll
0x0000000019cf0000 - 0x0000000019cf3000 	C:\Program Files\Java\jre1.8.0_181\bin\api-ms-win-crt-utility-l1-1-0.dll
0x00007ffd730e0000 - 0x00007ffd731d6000 	C:\Program Files\Java\jre1.8.0_181\bin\ucrtbase.dll
0x00007ffd78880000 - 0x00007ffd78896000 	C:\Program Files\Java\jre1.8.0_181\bin\vcruntime140.dll
0x00007ffd73010000 - 0x00007ffd730ac000 	C:\Program Files\Java\jre1.8.0_181\bin\msvcp140.dll
0x00007ffd4d7f0000 - 0x00007ffd4d841000 	C:\Program Files\Java\jre1.8.0_181\bin\concrt140.dll
0x0000000075bd0000 - 0x0000000075bf3000 	C:\Program Files\Java\jre1.8.0_181\bin\prism_d3d.dll
0x00007ffd3b150000 - 0x00007ffd3b2d9000 	C:\Windows\system32\d3d9.dll
0x00007ffd7c950000 - 0x00007ffd7c97a000 	C:\Windows\SYSTEM32\dwmapi.dll
0x00007ffd7cc00000 - 0x00007ffd7cc95000 	C:\Windows\system32\uxtheme.dll
0x00007ffd3c290000 - 0x00007ffd3c467000 	C:\Windows\System32\DriverStore\FileRepository\ki127171.inf_amd64_368f8c7337214025\igdumdim64.dll
0x00007ffd29b30000 - 0x00007ffd2cb2d000 	C:\Windows\System32\DriverStore\FileRepository\ki127171.inf_amd64_368f8c7337214025\igd9dxva64.dll
0x00007ffd7f870000 - 0x00007ffd7f9b5000 	C:\Windows\System32\ole32.dll
0x00007ffd81ee0000 - 0x00007ffd81fa0000 	C:\Windows\System32\OLEAUT32.dll
0x0000000075af0000 - 0x0000000075b39000 	C:\Program Files\Java\jre1.8.0_181\bin\glass.dll
0x000000001a7f0000 - 0x000000001a8f8000 	C:\Windows\System32\COMDLG32.dll
0x00007ffd814d0000 - 0x00007ffd81636000 	C:\Windows\System32\MSCTF.dll
0x00007ffd748a0000 - 0x00007ffd76635000 	C:\Windows\System32\DriverStore\FileRepository\ki127171.inf_amd64_368f8c7337214025\igc64.dll
0x0000000075ad0000 - 0x0000000075ae4000 	C:\Program Files\Java\jre1.8.0_181\bin\javafx_font.dll
0x00000000729b0000 - 0x0000000075acd000 	C:\Program Files\Java\jre1.8.0_181\bin\jfxwebkit.dll
0x00007ffd7e150000 - 0x00007ffd7e167000 	C:\Windows\SYSTEM32\CRYPTSP.dll
0x00007ffd7d890000 - 0x00007ffd7d8c4000 	C:\Windows\system32\rsaenh.dll
0x00007ffd7e2c0000 - 0x00007ffd7e2e5000 	C:\Windows\SYSTEM32\bcrypt.dll
0x00007ffd7e170000 - 0x00007ffd7e17b000 	C:\Windows\SYSTEM32\CRYPTBASE.dll
0x00007ffd6f770000 - 0x00007ffd6fa2f000 	C:\Windows\SYSTEM32\dwrite.dll
0x0000000075f10000 - 0x0000000075f2a000 	C:\Program Files\Java\jre1.8.0_181\bin\net.dll
0x00007ffd7dfb0000 - 0x00007ffd7e00c000 	C:\Windows\system32\mswsock.dll
0x0000000075ef0000 - 0x0000000075f01000 	C:\Program Files\Java\jre1.8.0_181\bin\nio.dll
0x0000000075ec0000 - 0x0000000075ee4000 	C:\Program Files\Java\jre1.8.0_181\bin\sunec.dll
0x00007ffd7dd50000 - 0x00007ffd7dd87000 	C:\Windows\SYSTEM32\IPHLPAPI.DLL
0x00007ffd82280000 - 0x00007ffd82288000 	C:\Windows\System32\NSI.dll
0x00007ffd79f70000 - 0x00007ffd79f86000 	C:\Windows\SYSTEM32\dhcpcsvc6.DLL
0x00007ffd79da0000 - 0x00007ffd79dba000 	C:\Windows\SYSTEM32\dhcpcsvc.DLL
0x00007ffd816f0000 - 0x00007ffd8178e000 	C:\Windows\System32\clbcatq.dll
0x00007ffd79dc0000 - 0x00007ffd79f6c000 	C:\Windows\SYSTEM32\WindowsCodecs.dll
0x00007ffd5fc30000 - 0x00007ffd5fc77000 	C:\Windows\system32\dataexchange.dll
0x00007ffd7b620000 - 0x00007ffd7b8ff000 	C:\Windows\system32\d3d11.dll
0x00007ffd7c3e0000 - 0x00007ffd7c503000 	C:\Windows\system32\dcomp.dll
0x00007ffd7d3d0000 - 0x00007ffd7d474000 	C:\Windows\system32\dxgi.dll
0x00007ffd7ce50000 - 0x00007ffd7cfc0000 	C:\Windows\system32\twinapi.appcore.dll
0x00007ffd74030000 - 0x00007ffd74061000 	C:\Program Files\Common Files\Microsoft Shared\Ink\rtscom.dll
0x00007ffd77ef0000 - 0x00007ffd77f71000 	C:\Windows\System32\TextInputFramework.dll
0x00007ffd799c0000 - 0x00007ffd79c93000 	C:\Windows\System32\CoreUIComponents.dll
0x00007ffd7c2f0000 - 0x00007ffd7c3d4000 	C:\Windows\System32\CoreMessaging.dll
0x00007ffd7b040000 - 0x00007ffd7b179000 	C:\Windows\SYSTEM32\wintypes.dll
0x00007ffd7d530000 - 0x00007ffd7d561000 	C:\Windows\SYSTEM32\ntmarta.dll
0x00007ffd7b020000 - 0x00007ffd7b035000 	C:\Windows\SYSTEM32\usermgrcli.dll
0x00007ffd7e630000 - 0x00007ffd7e659000 	C:\Windows\SYSTEM32\USERENV.dll

VM Arguments:
jvm_args: -Dfile.encoding=Cp1252 
java_command: com.srh.adasa.Main
java_class_path (initial): C:\Program Files\Java\jre1.8.0_181\lib\resources.jar;C:\Program Files\Java\jre1.8.0_181\lib\rt.jar;C:\Program Files\Java\jre1.8.0_181\lib\jsse.jar;C:\Program Files\Java\jre1.8.0_181\lib\jce.jar;C:\Program Files\Java\jre1.8.0_181\lib\charsets.jar;C:\Program Files\Java\jre1.8.0_181\lib\jfr.jar;C:\Program Files\Java\jre1.8.0_181\lib\ext\access-bridge-64.jar;C:\Program Files\Java\jre1.8.0_181\lib\ext\cldrdata.jar;C:\Program Files\Java\jre1.8.0_181\lib\ext\dnsns.jar;C:\Program Files\Java\jre1.8.0_181\lib\ext\jaccess.jar;C:\Program Files\Java\jre1.8.0_181\lib\ext\jfxrt.jar;C:\Program Files\Java\jre1.8.0_181\lib\ext\localedata.jar;C:\Program Files\Java\jre1.8.0_181\lib\ext\nashorn.jar;C:\Program Files\Java\jre1.8.0_181\lib\ext\sunec.jar;C:\Program Files\Java\jre1.8.0_181\lib\ext\sunjce_provider.jar;C:\Program Files\Java\jre1.8.0_181\lib\ext\sunmscapi.jar;C:\Program Files\Java\jre1.8.0_181\lib\ext\sunpkcs11.jar;C:\Program Files\Java\jre1.8.0_181\lib\ext\zipfs.jar;C:\Users\fabricio.barrozo\eclipse-workspace\com.srh.adasa\target\classes
Launcher Type: SUN_STANDARD

Environment Variables:
PATH=C:/Program Files/Java/jre1.8.0_181/bin/server;C:/Program Files/Java/jre1.8.0_181/bin;C:/Program Files/Java/jre1.8.0_181/lib/amd64;C:\Program Files (x86)\Common Files\Oracle\Java\javapath;C:\ProgramData\Oracle\Java\javapath;C:\Program Files (x86)\Intel\iCLS Client\;C:\Program Files\Intel\iCLS Client\;C:\Windows\system32;C:\Windows;C:\Windows\System32\Wbem;C:\Windows\System32\WindowsPowerShell\v1.0\;C:\Program Files (x86)\Intel\Intel(R) Management Engine Components\DAL;C:\Program Files\Intel\Intel(R) Management Engine Components\DAL;C:\Program Files (x86)\Intel\Intel(R) Management Engine Components\IPT;C:\Program Files\Intel\Intel(R) Management Engine Components\IPT;C:\Program Files\Intel\WiFi\bin\;C:\Program Files\Common Files\Intel\WirelessCommon\;c:\Program Files\Microsoft SQL Server\110\Tools\Binn\;c:\Program Files (x86)\Microsoft SQL Server\110\Tools\Binn\ManagementStudio\;c:\Program Files (x86)\Microsoft SQL Server\110\Tools\Binn\;c:\Program Files (x86)\Microsoft SQL Server\110\DTS\Binn\;C:\Users\fabricio.barrozo\AppData\Local\Microsoft\WindowsApps;;C:\Windows\System32;
USERNAME=fabricio.barrozo
OS=Windows_NT
PROCESSOR_IDENTIFIER=Intel64 Family 6 Model 94 Stepping 3, GenuineIntel



---------------  S Y S T E M  ---------------

OS: Windows 10.0 , 64 bit Build 15063 (10.0.15063.1058)

CPU:total 4 (initial active 4) (4 cores per cpu, 1 threads per core) family 6 model 94 stepping 3, cmov, cx8, fxsr, mmx, sse, sse2, sse3, ssse3, sse4.1, sse4.2, popcnt, avx, avx2, aes, clmul, erms, rtm, 3dnowpref, lzcnt, tsc, tscinvbit, bmi1, bmi2, adx

Memory: 4k page, physical 8249056k(1572596k free), swap 10196704k(3396k free)

vm_info: Java HotSpot(TM) 64-Bit Server VM (25.181-b13) for windows-amd64 JRE (1.8.0_181-b13), built on Jul  7 2018 04:01:33 by "java_re" with MS VC++ 10.0 (VS2010)

time: Thu Oct 11 16:06:42 2018
elapsed time: 147 seconds (0d 0h 2m 27s)

