#
# There is insufficient memory for the Java Runtime Environment to continue.
# Native memory allocation (malloc) failed to allocate 228576 bytes for Chunk::new
# Possible reasons:
#   The system is out of physical RAM or swap space
#   In 32 bit mode, the process size limit was hit
# Possible solutions:
#   Reduce memory load on the system
#   Increase physical memory or swap space
#   Check if swap backing store is full
#   Use 64 bit Java on a 64 bit OS
#   Decrease Java heap size (-Xmx/-Xms)
#   Decrease number of Java threads
#   Decrease Java thread stack sizes (-Xss)
#   Set larger code cache with -XX:ReservedCodeCacheSize=
# This output file may be truncated or incomplete.
#
#  Out of Memory Error (allocation.cpp:390), pid=11960, tid=0x0000000000002850
#
# JRE version: Java(TM) SE Runtime Environment (8.0_181-b13) (build 1.8.0_181-b13)
# Java VM: Java HotSpot(TM) 64-Bit Server VM (25.181-b13 mixed mode windows-amd64 compressed oops)
# Failed to write core dump. Minidumps are not enabled by default on client versions of Windows
#

---------------  T H R E A D  ---------------

Current thread (0x0000000017641000):  JavaThread "C2 CompilerThread0" daemon [_thread_in_native, id=10320, stack(0x0000000018c90000,0x0000000018d90000)]

Stack: [0x0000000018c90000,0x0000000018d90000]
[error occurred during error reporting (printing stack bounds), id 0xc0000005]

Native frames: (J=compiled Java code, j=interpreted, Vv=VM code, C=native code)


Current CompileTask:
C2:   1219 1592       4       com.sun.javafx.css.StyleClassSet::getStyleClass (148 bytes)


---------------  P R O C E S S  ---------------

Java Threads: ( => current thread )
  0x000000001988e800 JavaThread "URL-Loader-1" daemon [_thread_in_vm, id=1084, stack(0x0000000063580000,0x0000000063680000)]
  0x00000000198a2000 JavaThread "Disposer" daemon [_thread_blocked, id=6132, stack(0x0000000063050000,0x0000000063150000)]
  0x0000000019899000 JavaThread "Prism Font Disposer" daemon [_thread_blocked, id=11572, stack(0x0000000062750000,0x0000000062850000)]
  0x000000001969e800 JavaThread "Thread-3" daemon [_thread_in_native, id=12652, stack(0x0000000020c20000,0x0000000020d20000)]
  0x0000000019691000 JavaThread "JavaFX-Launcher" [_thread_blocked, id=12824, stack(0x0000000020d20000,0x0000000020e20000)]
  0x00000000195ec800 JavaThread "JavaFX Application Thread" [_thread_in_vm, id=6344, stack(0x000000001a2d0000,0x000000001a3d0000)]
  0x00000000195cd000 JavaThread "Thread-1" daemon [_thread_blocked, id=12484, stack(0x000000001a1d0000,0x000000001a2d0000)]
  0x00000000195a1000 JavaThread "QuantumRenderer-0" daemon [_thread_blocked, id=13576, stack(0x0000000019ec0000,0x0000000019fc0000)]
  0x0000000018fb8800 JavaThread "Service Thread" daemon [_thread_blocked, id=11644, stack(0x0000000019390000,0x0000000019490000)]
  0x000000001764b800 JavaThread "C1 CompilerThread2" daemon [_thread_blocked, id=6516, stack(0x0000000018e90000,0x0000000018f90000)]
  0x0000000017644000 JavaThread "C2 CompilerThread1" daemon [_thread_blocked, id=10876, stack(0x0000000018d90000,0x0000000018e90000)]
=>0x0000000017641000 JavaThread "C2 CompilerThread0" daemon [_thread_in_native, id=10320, stack(0x0000000018c90000,0x0000000018d90000)]
  0x000000001763d000 JavaThread "Attach Listener" daemon [_thread_blocked, id=1388, stack(0x0000000018b90000,0x0000000018c90000)]
  0x000000001763b800 JavaThread "Signal Dispatcher" daemon [_thread_blocked, id=12764, stack(0x0000000018a90000,0x0000000018b90000)]
  0x0000000002b6b800 JavaThread "Finalizer" daemon [_thread_blocked, id=4604, stack(0x0000000018890000,0x0000000018990000)]
  0x0000000002b61000 JavaThread "Reference Handler" daemon [_thread_blocked, id=7108, stack(0x0000000018790000,0x0000000018890000)]
  0x0000000002a6e800 JavaThread "main" [_thread_blocked, id=9568, stack(0x00000000028e0000,0x00000000029e0000)]

Other Threads:
  0x0000000017607800 VMThread [stack: 0x0000000018690000,0x0000000018790000] [id=9692]
  0x000000001769c800 WatcherThread [stack: 0x0000000019490000,0x0000000019590000] [id=9824]

VM state:not at safepoint (normal execution)

VM Mutex/Monitor currently owned by a thread: None

Heap:
 PSYoungGen      total 37888K, used 21774K [0x00000000d6100000, 0x00000000d8b00000, 0x0000000100000000)
  eden space 32768K, 51% used [0x00000000d6100000,0x00000000d715d7a0,0x00000000d8100000)
  from space 5120K, 97% used [0x00000000d8100000,0x00000000d85e6288,0x00000000d8600000)
  to   space 5120K, 0% used [0x00000000d8600000,0x00000000d8600000,0x00000000d8b00000)
 ParOldGen       total 86016K, used 80K [0x0000000082200000, 0x0000000087600000, 0x00000000d6100000)
  object space 86016K, 0% used [0x0000000082200000,0x0000000082214010,0x0000000087600000)
 Metaspace       used 19008K, capacity 19806K, committed 20096K, reserved 1067008K
  class space    used 2646K, capacity 2833K, committed 2944K, reserved 1048576K

Card table byte_map: [0x0000000011f30000,0x0000000012320000] byte_map_base: 0x0000000011b1f000

Marking Bits: (ParMarkBitMap*) 0x00000000725b2d00
 Begin Bits: [0x00000000129c0000, 0x0000000014938000)
 End Bits:   [0x0000000014938000, 0x00000000168b0000)

Polling page: 0x0000000000fe0000

CodeCache: size=245760Kb used=5404Kb max_used=5422Kb free=240355Kb
 bounds [0x0000000002b70000, 0x00000000030c0000, 0x0000000011b70000]
 total_blobs=2250 nmethods=1594 adapters=566
 compilation: disabled (not enough contiguous free space left)

Compilation events (10 events):
Event: 1.137 Thread 0x000000001764b800 nmethod 1586 0x00000000030aa7d0 code [0x00000000030aaa80, 0x00000000030ac568]
Event: 1.137 Thread 0x000000001764b800 1589       3       javafx.scene.CssStyleHelper::getStyleMap (22 bytes)
Event: 1.137 Thread 0x000000001764b800 nmethod 1589 0x00000000030acdd0 code [0x00000000030acf40, 0x00000000030ad1a8]
Event: 1.138 Thread 0x000000001764b800 1593       3       com.sun.javafx.css.StyleManager$RefList::add (88 bytes)
Event: 1.138 Thread 0x000000001764b800 nmethod 1593 0x00000000030ad510 code [0x00000000030ad700, 0x00000000030ae0c8]
Event: 1.138 Thread 0x000000001764b800 1596       3       java.security.Provider$Service::addAlias (36 bytes)
Event: 1.139 Thread 0x000000001764b800 nmethod 1596 0x00000000030ae4d0 code [0x00000000030ae660, 0x00000000030aea48]
Event: 1.139 Thread 0x000000001764b800 1597       3       java.security.Provider$Service::access$000 (5 bytes)
Event: 1.139 Thread 0x000000001764b800 nmethod 1597 0x00000000030aeb90 code [0x00000000030aed00, 0x00000000030aef70]
Event: 1.139 Thread 0x000000001764b800 1599       3       sun.nio.cs.UTF_8$Decoder::decodeArrayLoop (691 bytes)

GC Heap History (2 events):
Event: 0.979 GC heap before
{Heap before GC invocations=1 (full 0):
 PSYoungGen      total 37888K, used 32768K [0x00000000d6100000, 0x00000000d8b00000, 0x0000000100000000)
  eden space 32768K, 100% used [0x00000000d6100000,0x00000000d8100000,0x00000000d8100000)
  from space 5120K, 0% used [0x00000000d8600000,0x00000000d8600000,0x00000000d8b00000)
  to   space 5120K, 0% used [0x00000000d8100000,0x00000000d8100000,0x00000000d8600000)
 ParOldGen       total 86016K, used 0K [0x0000000082200000, 0x0000000087600000, 0x00000000d6100000)
  object space 86016K, 0% used [0x0000000082200000,0x0000000082200000,0x0000000087600000)
 Metaspace       used 16314K, capacity 16936K, committed 17024K, reserved 1064960K
  class space    used 2259K, capacity 2430K, committed 2432K, reserved 1048576K
Event: 0.983 GC heap after
Heap after GC invocations=1 (full 0):
 PSYoungGen      total 37888K, used 5016K [0x00000000d6100000, 0x00000000d8b00000, 0x0000000100000000)
  eden space 32768K, 0% used [0x00000000d6100000,0x00000000d6100000,0x00000000d8100000)
  from space 5120K, 97% used [0x00000000d8100000,0x00000000d85e6288,0x00000000d8600000)
  to   space 5120K, 0% used [0x00000000d8600000,0x00000000d8600000,0x00000000d8b00000)
 ParOldGen       total 86016K, used 80K [0x0000000082200000, 0x0000000087600000, 0x00000000d6100000)
  object space 86016K, 0% used [0x0000000082200000,0x0000000082214010,0x0000000087600000)
 Metaspace       used 16314K, capacity 16936K, committed 17024K, reserved 1064960K
  class space    used 2259K, capacity 2430K, committed 2432K, reserved 1048576K
}

Deoptimization events (10 events):
Event: 1.067 Thread 0x00000000195ec800 Uncommon trap: reason=class_check action=maybe_recompile pc=0x0000000002de67e0 method=java.io.DataInputStream.readShort()S @ 4
Event: 1.067 Thread 0x00000000195ec800 Uncommon trap: reason=class_check action=maybe_recompile pc=0x0000000002de67e0 method=java.io.DataInputStream.readShort()S @ 4
Event: 1.069 Thread 0x00000000195ec800 Uncommon trap: reason=class_check action=maybe_recompile pc=0x0000000002c91228 method=java.lang.String.equals(Ljava/lang/Object;)Z @ 8
Event: 1.069 Thread 0x00000000195ec800 Uncommon trap: reason=class_check action=maybe_recompile pc=0x0000000002c91228 method=java.lang.String.equals(Ljava/lang/Object;)Z @ 8
Event: 1.070 Thread 0x00000000195ec800 Uncommon trap: reason=class_check action=maybe_recompile pc=0x0000000002c91228 method=java.lang.String.equals(Ljava/lang/Object;)Z @ 8
Event: 1.070 Thread 0x00000000195ec800 Uncommon trap: reason=class_check action=maybe_recompile pc=0x0000000002c91228 method=java.lang.String.equals(Ljava/lang/Object;)Z @ 8
Event: 1.093 Thread 0x00000000195ec800 Uncommon trap: reason=unstable_if action=reinterpret pc=0x0000000002e320e0 method=java.util.HashMap.hash(Ljava/lang/Object;)I @ 1
Event: 1.093 Thread 0x00000000195ec800 Uncommon trap: reason=unstable_if action=reinterpret pc=0x000000000302e0f8 method=java.util.HashMap.hash(Ljava/lang/Object;)I @ 1
Event: 1.102 Thread 0x000000001988e800 Uncommon trap: reason=unstable_if action=reinterpret pc=0x0000000002f08e9c method=java.lang.CharacterDataLatin1.digit(II)I @ 82
Event: 1.128 Thread 0x000000001988e800 Uncommon trap: reason=unstable_if action=reinterpret pc=0x0000000002f15294 method=java.lang.CharacterDataLatin1.digit(II)I @ 82

Classes redefined (0 events):
No events

Internal exceptions (10 events):
Event: 0.587 Thread 0x0000000019691000 Exception <a 'java/lang/ArrayIndexOutOfBoundsException'> (0x00000000d727ad30) thrown at [C:\re\workspace\8-2-build-windows-amd64-cygwin\jdk8u181\11358\hotspot\src\share\vm\runtime\sharedRuntime.cpp, line 605]
Event: 0.588 Thread 0x0000000019691000 Exception <a 'java/lang/ArrayIndexOutOfBoundsException'> (0x00000000d727bef0) thrown at [C:\re\workspace\8-2-build-windows-amd64-cygwin\jdk8u181\11358\hotspot\src\share\vm\runtime\sharedRuntime.cpp, line 605]
Event: 0.593 Thread 0x0000000019691000 Exception <a 'java/lang/ArrayIndexOutOfBoundsException'> (0x00000000d72b0fa8) thrown at [C:\re\workspace\8-2-build-windows-amd64-cygwin\jdk8u181\11358\hotspot\src\share\vm\runtime\sharedRuntime.cpp, line 605]
Event: 0.599 Thread 0x0000000019691000 Exception <a 'java/lang/ArrayIndexOutOfBoundsException'> (0x00000000d72fded8) thrown at [C:\re\workspace\8-2-build-windows-amd64-cygwin\jdk8u181\11358\hotspot\src\share\vm\runtime\sharedRuntime.cpp, line 605]
Event: 0.764 Thread 0x00000000195ec800 Exception <a 'sun/nio/fs/WindowsException'> (0x00000000d79131e0) thrown at [C:\re\workspace\8-2-build-windows-amd64-cygwin\jdk8u181\11358\hotspot\src\share\vm\prims\jni.cpp, line 709]
Event: 0.790 Thread 0x00000000195ec800 Exception <a 'sun/nio/fs/WindowsException'> (0x00000000d7914ca8) thrown at [C:\re\workspace\8-2-build-windows-amd64-cygwin\jdk8u181\11358\hotspot\src\share\vm\prims\jni.cpp, line 709]
Event: 0.800 Thread 0x00000000195ec800 Implicit null exception at 0x0000000002e2fb16 to 0x0000000002e2fea9
Event: 0.898 Thread 0x00000000195ec800 Exception <a 'java/io/FileNotFoundException'> (0x00000000d7de8e50) thrown at [C:\re\workspace\8-2-build-windows-amd64-cygwin\jdk8u181\11358\hotspot\src\share\vm\prims\jni.cpp, line 709]
Event: 1.093 Thread 0x00000000195ec800 Implicit null exception at 0x0000000002e31eb5 to 0x0000000002e320d1
Event: 1.093 Thread 0x00000000195ec800 Implicit null exception at 0x000000000302d9db to 0x000000000302e0e5

Events (10 events):
Event: 1.137 loading class java/net/Socket$3
Event: 1.137 loading class java/net/Socket$3 done
Event: 1.137 loading class java/net/SocketOutputStream
Event: 1.137 loading class java/net/SocketOutputStream done
Event: 1.137 loading class sun/security/ssl/ClientHandshaker
Event: 1.137 loading class sun/security/ssl/Handshaker
Event: 1.137 loading class sun/security/ssl/Handshaker done
Event: 1.137 loading class sun/security/ssl/ClientHandshaker done
Event: 1.138 loading class javax/crypto/KeyGenerator
Event: 1.138 loading class javax/crypto/KeyGenerator done


Dynamic libraries:
0x00007ff6a6440000 - 0x00007ff6a6477000 	C:\Program Files\Java\jre1.8.0_181\bin\javaw.exe
0x00007ffcccd30000 - 0x00007ffcccf0b000 	C:\Windows\SYSTEM32\ntdll.dll
0x00007ffccb190000 - 0x00007ffccb23e000 	C:\Windows\System32\KERNEL32.DLL
0x00007ffcc9e20000 - 0x00007ffcca06a000 	C:\Windows\System32\KERNELBASE.dll
0x00007ffcca440000 - 0x00007ffcca4e1000 	C:\Windows\System32\ADVAPI32.dll
0x00007ffcccc90000 - 0x00007ffcccd2d000 	C:\Windows\System32\msvcrt.dll
0x00007ffcca830000 - 0x00007ffcca889000 	C:\Windows\System32\sechost.dll
0x00007ffcca700000 - 0x00007ffcca825000 	C:\Windows\System32\RPCRT4.dll
0x00007ffcca4f0000 - 0x00007ffcca63a000 	C:\Windows\System32\USER32.dll
0x00007ffcc94a0000 - 0x00007ffcc94be000 	C:\Windows\System32\win32u.dll
0x00007ffccaaa0000 - 0x00007ffccaac7000 	C:\Windows\System32\GDI32.dll
0x00007ffcc94c0000 - 0x00007ffcc9648000 	C:\Windows\System32\gdi32full.dll
0x00007ffcc9250000 - 0x00007ffcc92ea000 	C:\Windows\System32\msvcp_win.dll
0x00007ffcc92f0000 - 0x00007ffcc93e6000 	C:\Windows\System32\ucrtbase.dll
0x00007ffcbbc60000 - 0x00007ffcbbec7000 	C:\Windows\WinSxS\amd64_microsoft.windows.common-controls_6595b64144ccf1df_6.0.15063.1155_none_40c7922129a7722b\COMCTL32.dll
0x00007ffccc680000 - 0x00007ffccc979000 	C:\Windows\System32\combase.dll
0x00007ffcc9db0000 - 0x00007ffcc9e1a000 	C:\Windows\System32\bcryptPrimitives.dll
0x00007ffcccc60000 - 0x00007ffcccc8d000 	C:\Windows\System32\IMM32.DLL
0x00007ffc9f0f0000 - 0x00007ffc9f19f000 	C:\Program Files\McAfee\Endpoint Security\Threat Prevention\Ips\EpMPApi.dll
0x00007ffcc9650000 - 0x00007ffcc96a7000 	C:\Windows\System32\WINTRUST.dll
0x00007ffcc9210000 - 0x00007ffcc9221000 	C:\Windows\System32\MSASN1.dll
0x00007ffcca0c0000 - 0x00007ffcca289000 	C:\Windows\System32\CRYPT32.dll
0x0000000072880000 - 0x000000007288c000 	C:\Program Files\McAfee\Endpoint Security\Threat Prevention\Ips\EpMPThe.dll
0x0000000070f60000 - 0x0000000071032000 	C:\Program Files\Java\jre1.8.0_181\bin\msvcr100.dll
0x0000000071d90000 - 0x0000000072632000 	C:\Program Files\Java\jre1.8.0_181\bin\server\jvm.dll
0x00007ffccc980000 - 0x00007ffccc988000 	C:\Windows\System32\PSAPI.DLL
0x00007ffcb6550000 - 0x00007ffcb6559000 	C:\Windows\SYSTEM32\WSOCK32.dll
0x00007ffcba7e0000 - 0x00007ffcba7ea000 	C:\Windows\SYSTEM32\VERSION.dll
0x00007ffcccb50000 - 0x00007ffcccbbc000 	C:\Windows\System32\WS2_32.dll
0x00007ffcc7480000 - 0x00007ffcc74a3000 	C:\Windows\SYSTEM32\WINMM.dll
0x00007ffcc7450000 - 0x00007ffcc747b000 	C:\Windows\SYSTEM32\WINMMBASE.dll
0x00007ffcca070000 - 0x00007ffcca0b9000 	C:\Windows\System32\cfgmgr32.dll
0x0000000071d80000 - 0x0000000071d8f000 	C:\Program Files\Java\jre1.8.0_181\bin\verify.dll
0x0000000071d50000 - 0x0000000071d79000 	C:\Program Files\Java\jre1.8.0_181\bin\java.dll
0x0000000071d30000 - 0x0000000071d46000 	C:\Program Files\Java\jre1.8.0_181\bin\zip.dll
0x00007ffccb240000 - 0x00007ffccc678000 	C:\Windows\System32\SHELL32.dll
0x00007ffcca8f0000 - 0x00007ffcca99a000 	C:\Windows\System32\shcore.dll
0x00007ffcc96b0000 - 0x00007ffcc9da1000 	C:\Windows\System32\windows.storage.dll
0x00007ffcca9a0000 - 0x00007ffcca9f1000 	C:\Windows\System32\shlwapi.dll
0x00007ffcc9230000 - 0x00007ffcc9241000 	C:\Windows\System32\kernel.appcore.dll
0x00007ffcc91a0000 - 0x00007ffcc91ec000 	C:\Windows\System32\powrprof.dll
0x00007ffcc91f0000 - 0x00007ffcc9205000 	C:\Windows\System32\profapi.dll
0x0000000001040000 - 0x0000000001043000 	C:\Program Files\Java\jre1.8.0_181\bin\api-ms-win-core-console-l1-1-0.dll
0x0000000001050000 - 0x0000000001053000 	C:\Program Files\Java\jre1.8.0_181\bin\api-ms-win-core-datetime-l1-1-0.dll
0x0000000001060000 - 0x0000000001063000 	C:\Program Files\Java\jre1.8.0_181\bin\api-ms-win-core-debug-l1-1-0.dll
0x0000000001080000 - 0x0000000001083000 	C:\Program Files\Java\jre1.8.0_181\bin\api-ms-win-core-errorhandling-l1-1-0.dll
0x0000000001090000 - 0x0000000001094000 	C:\Program Files\Java\jre1.8.0_181\bin\api-ms-win-core-file-l1-1-0.dll
0x00000000010a0000 - 0x00000000010a3000 	C:\Program Files\Java\jre1.8.0_181\bin\api-ms-win-core-file-l1-2-0.dll
0x00000000010b0000 - 0x00000000010b3000 	C:\Program Files\Java\jre1.8.0_181\bin\api-ms-win-core-file-l2-1-0.dll
0x00000000010c0000 - 0x00000000010c3000 	C:\Program Files\Java\jre1.8.0_181\bin\api-ms-win-core-handle-l1-1-0.dll
0x00000000010d0000 - 0x00000000010d3000 	C:\Program Files\Java\jre1.8.0_181\bin\api-ms-win-core-heap-l1-1-0.dll
0x00000000010e0000 - 0x00000000010e3000 	C:\Program Files\Java\jre1.8.0_181\bin\api-ms-win-core-interlocked-l1-1-0.dll
0x0000000001100000 - 0x0000000001103000 	C:\Program Files\Java\jre1.8.0_181\bin\api-ms-win-core-libraryloader-l1-1-0.dll
0x0000000001110000 - 0x0000000001113000 	C:\Program Files\Java\jre1.8.0_181\bin\api-ms-win-core-localization-l1-2-0.dll
0x0000000001120000 - 0x0000000001123000 	C:\Program Files\Java\jre1.8.0_181\bin\api-ms-win-core-memory-l1-1-0.dll
0x00000000029e0000 - 0x00000000029e3000 	C:\Program Files\Java\jre1.8.0_181\bin\api-ms-win-core-namedpipe-l1-1-0.dll
0x00000000029f0000 - 0x00000000029f3000 	C:\Program Files\Java\jre1.8.0_181\bin\api-ms-win-core-processenvironment-l1-1-0.dll
0x0000000002a00000 - 0x0000000002a03000 	C:\Program Files\Java\jre1.8.0_181\bin\api-ms-win-core-processthreads-l1-1-0.dll
0x0000000002a10000 - 0x0000000002a13000 	C:\Program Files\Java\jre1.8.0_181\bin\api-ms-win-core-processthreads-l1-1-1.dll
0x0000000002a20000 - 0x0000000002a23000 	C:\Program Files\Java\jre1.8.0_181\bin\api-ms-win-core-profile-l1-1-0.dll
0x0000000002a30000 - 0x0000000002a33000 	C:\Program Files\Java\jre1.8.0_181\bin\api-ms-win-core-rtlsupport-l1-1-0.dll
0x0000000002a40000 - 0x0000000002a43000 	C:\Program Files\Java\jre1.8.0_181\bin\api-ms-win-core-string-l1-1-0.dll
0x0000000002a50000 - 0x0000000002a53000 	C:\Program Files\Java\jre1.8.0_181\bin\api-ms-win-core-synch-l1-1-0.dll
0x0000000019d90000 - 0x0000000019d93000 	C:\Program Files\Java\jre1.8.0_181\bin\api-ms-win-core-synch-l1-2-0.dll
0x0000000019da0000 - 0x0000000019da3000 	C:\Program Files\Java\jre1.8.0_181\bin\api-ms-win-core-sysinfo-l1-1-0.dll
0x0000000019db0000 - 0x0000000019db3000 	C:\Program Files\Java\jre1.8.0_181\bin\api-ms-win-core-timezone-l1-1-0.dll
0x0000000019dc0000 - 0x0000000019dc3000 	C:\Program Files\Java\jre1.8.0_181\bin\api-ms-win-core-util-l1-1-0.dll
0x0000000019dd0000 - 0x0000000019dd3000 	C:\Program Files\Java\jre1.8.0_181\bin\api-ms-win-crt-conio-l1-1-0.dll
0x0000000019de0000 - 0x0000000019de4000 	C:\Program Files\Java\jre1.8.0_181\bin\api-ms-win-crt-convert-l1-1-0.dll
0x0000000019df0000 - 0x0000000019df3000 	C:\Program Files\Java\jre1.8.0_181\bin\api-ms-win-crt-environment-l1-1-0.dll
0x0000000019e00000 - 0x0000000019e03000 	C:\Program Files\Java\jre1.8.0_181\bin\api-ms-win-crt-filesystem-l1-1-0.dll
0x0000000019e10000 - 0x0000000019e13000 	C:\Program Files\Java\jre1.8.0_181\bin\api-ms-win-crt-heap-l1-1-0.dll
0x0000000019e20000 - 0x0000000019e23000 	C:\Program Files\Java\jre1.8.0_181\bin\api-ms-win-crt-locale-l1-1-0.dll
0x0000000019e30000 - 0x0000000019e35000 	C:\Program Files\Java\jre1.8.0_181\bin\api-ms-win-crt-math-l1-1-0.dll
0x0000000019e40000 - 0x0000000019e45000 	C:\Program Files\Java\jre1.8.0_181\bin\api-ms-win-crt-multibyte-l1-1-0.dll
0x0000000019e50000 - 0x0000000019e60000 	C:\Program Files\Java\jre1.8.0_181\bin\api-ms-win-crt-private-l1-1-0.dll
0x0000000019e60000 - 0x0000000019e63000 	C:\Program Files\Java\jre1.8.0_181\bin\api-ms-win-crt-process-l1-1-0.dll
0x0000000019e70000 - 0x0000000019e74000 	C:\Program Files\Java\jre1.8.0_181\bin\api-ms-win-crt-runtime-l1-1-0.dll
0x0000000019e80000 - 0x0000000019e84000 	C:\Program Files\Java\jre1.8.0_181\bin\api-ms-win-crt-stdio-l1-1-0.dll
0x0000000019e90000 - 0x0000000019e94000 	C:\Program Files\Java\jre1.8.0_181\bin\api-ms-win-crt-string-l1-1-0.dll
0x0000000019ea0000 - 0x0000000019ea3000 	C:\Program Files\Java\jre1.8.0_181\bin\api-ms-win-crt-time-l1-1-0.dll
0x0000000019eb0000 - 0x0000000019eb3000 	C:\Program Files\Java\jre1.8.0_181\bin\api-ms-win-crt-utility-l1-1-0.dll
0x00007ffcb9b20000 - 0x00007ffcb9c16000 	C:\Program Files\Java\jre1.8.0_181\bin\ucrtbase.dll
0x00007ffcbf850000 - 0x00007ffcbf866000 	C:\Program Files\Java\jre1.8.0_181\bin\vcruntime140.dll
0x00007ffc8f970000 - 0x00007ffc8fa0c000 	C:\Program Files\Java\jre1.8.0_181\bin\msvcp140.dll
0x00007ffcbf7f0000 - 0x00007ffcbf841000 	C:\Program Files\Java\jre1.8.0_181\bin\concrt140.dll
0x0000000070f30000 - 0x0000000070f53000 	C:\Program Files\Java\jre1.8.0_181\bin\prism_d3d.dll
0x00007ffc80240000 - 0x00007ffc803c9000 	C:\Windows\system32\d3d9.dll
0x00007ffcc73f0000 - 0x00007ffcc741a000 	C:\Windows\SYSTEM32\dwmapi.dll
0x00007ffcc76a0000 - 0x00007ffcc7735000 	C:\Windows\system32\uxtheme.dll
0x00007ffc7ad60000 - 0x00007ffc7af37000 	C:\Windows\System32\DriverStore\FileRepository\ki127171.inf_amd64_368f8c7337214025\igdumdim64.dll
0x00007ffc77070000 - 0x00007ffc7a06d000 	C:\Windows\System32\DriverStore\FileRepository\ki127171.inf_amd64_368f8c7337214025\igd9dxva64.dll
0x00007ffcca290000 - 0x00007ffcca3d5000 	C:\Windows\System32\ole32.dll
0x00007ffcca640000 - 0x00007ffcca700000 	C:\Windows\System32\OLEAUT32.dll
0x0000000070ee0000 - 0x0000000070f29000 	C:\Program Files\Java\jre1.8.0_181\bin\glass.dll
0x00007ffccac40000 - 0x00007ffccad48000 	C:\Windows\System32\COMDLG32.dll
0x00007ffccaad0000 - 0x00007ffccac36000 	C:\Windows\System32\MSCTF.dll
0x00007ffcc05e0000 - 0x00007ffcc2375000 	C:\Windows\System32\DriverStore\FileRepository\ki127171.inf_amd64_368f8c7337214025\igc64.dll
0x0000000070ec0000 - 0x0000000070ed4000 	C:\Program Files\Java\jre1.8.0_181\bin\javafx_font.dll
0x00007ffcbc660000 - 0x00007ffcbc91f000 	C:\Windows\SYSTEM32\dwrite.dll
0x000000006dda0000 - 0x0000000070ebd000 	C:\Program Files\Java\jre1.8.0_181\bin\jfxwebkit.dll
0x00007ffcc8c00000 - 0x00007ffcc8c17000 	C:\Windows\SYSTEM32\CRYPTSP.dll
0x00007ffcc8330000 - 0x00007ffcc8364000 	C:\Windows\system32\rsaenh.dll
0x00007ffcc8d60000 - 0x00007ffcc8d85000 	C:\Windows\SYSTEM32\bcrypt.dll
0x00007ffcc90d0000 - 0x00007ffcc90f9000 	C:\Windows\SYSTEM32\USERENV.dll
0x00007ffcc8bf0000 - 0x00007ffcc8bfb000 	C:\Windows\SYSTEM32\CRYPTBASE.dll
0x0000000071d10000 - 0x0000000071d2a000 	C:\Program Files\Java\jre1.8.0_181\bin\net.dll
0x00007ffcc8a50000 - 0x00007ffcc8aac000 	C:\Windows\system32\mswsock.dll
0x00007ffcc87f0000 - 0x00007ffcc8827000 	C:\Windows\SYSTEM32\IPHLPAPI.DLL
0x00007ffccaa80000 - 0x00007ffccaa88000 	C:\Windows\System32\NSI.dll
0x00007ffcc4970000 - 0x00007ffcc4986000 	C:\Windows\SYSTEM32\dhcpcsvc6.DLL
0x00007ffcc48e0000 - 0x00007ffcc48fa000 	C:\Windows\SYSTEM32\dhcpcsvc.DLL
0x0000000071cf0000 - 0x0000000071d01000 	C:\Program Files\Java\jre1.8.0_181\bin\nio.dll
0x0000000071cc0000 - 0x0000000071ce4000 	C:\Program Files\Java\jre1.8.0_181\bin\sunec.dll
0x0000000063c70000 - 0x0000000063d0e000 	C:\Windows\System32\clbcatq.dll
0x00007ffcc46a0000 - 0x00007ffcc484c000 	C:\Windows\SYSTEM32\WindowsCodecs.dll
0x00007ffc9b9c0000 - 0x00007ffc9ba07000 	C:\Windows\system32\dataexchange.dll
0x00007ffcc6500000 - 0x00007ffcc67df000 	C:\Windows\system32\d3d11.dll
0x00007ffcc6e80000 - 0x00007ffcc6fa3000 	C:\Windows\system32\dcomp.dll
0x00007ffcc7e70000 - 0x00007ffcc7f14000 	C:\Windows\system32\dxgi.dll
0x00007ffcc7980000 - 0x00007ffcc7af0000 	C:\Windows\system32\twinapi.appcore.dll
0x00007ffcbab90000 - 0x00007ffcbabc1000 	C:\Program Files\Common Files\Microsoft Shared\Ink\rtscom.dll
0x00007ffcbf3f0000 - 0x00007ffcbf471000 	C:\Windows\System32\TextInputFramework.dll
0x00007ffcc42b0000 - 0x00007ffcc4583000 	C:\Windows\System32\CoreUIComponents.dll
0x00007ffcc6d90000 - 0x00007ffcc6e74000 	C:\Windows\System32\CoreMessaging.dll
0x00007ffcc7f20000 - 0x00007ffcc7f51000 	C:\Windows\SYSTEM32\ntmarta.dll
0x00007ffcc5690000 - 0x00007ffcc57c9000 	C:\Windows\SYSTEM32\wintypes.dll
0x00007ffcc5620000 - 0x00007ffcc5635000 	C:\Windows\SYSTEM32\usermgrcli.dll

VM Arguments:
jvm_args: -Dfile.encoding=Cp1252 
java_command: com.srh.adasa.Main
java_class_path (initial): C:\Program Files\Java\jre1.8.0_181\lib\resources.jar;C:\Program Files\Java\jre1.8.0_181\lib\rt.jar;C:\Program Files\Java\jre1.8.0_181\lib\jsse.jar;C:\Program Files\Java\jre1.8.0_181\lib\jce.jar;C:\Program Files\Java\jre1.8.0_181\lib\charsets.jar;C:\Program Files\Java\jre1.8.0_181\lib\jfr.jar;C:\Program Files\Java\jre1.8.0_181\lib\ext\access-bridge-64.jar;C:\Program Files\Java\jre1.8.0_181\lib\ext\cldrdata.jar;C:\Program Files\Java\jre1.8.0_181\lib\ext\dnsns.jar;C:\Program Files\Java\jre1.8.0_181\lib\ext\jaccess.jar;C:\Program Files\Java\jre1.8.0_181\lib\ext\jfxrt.jar;C:\Program Files\Java\jre1.8.0_181\lib\ext\localedata.jar;C:\Program Files\Java\jre1.8.0_181\lib\ext\nashorn.jar;C:\Program Files\Java\jre1.8.0_181\lib\ext\sunec.jar;C:\Program Files\Java\jre1.8.0_181\lib\ext\sunjce_provider.jar;C:\Program Files\Java\jre1.8.0_181\lib\ext\sunmscapi.jar;C:\Program Files\Java\jre1.8.0_181\lib\ext\sunpkcs11.jar;C:\Program Files\Java\jre1.8.0_181\lib\ext\zipfs.jar;C:\Users\fabricio.barrozo\eclipse-workspace\com.srh.adasa\target\classes;C:\Users\fabricio.barrozo\.m2\repository\de\jensd\fontawesomefx\8.9\fontawesomefx-8.9.jar
Launcher Type: SUN_STANDARD

Environment Variables:
PATH=C:/Program Files/Java/jre1.8.0_181/bin/server;C:/Program Files/Java/jre1.8.0_181/bin;C:/Program Files/Java/jre1.8.0_181/lib/amd64;C:\Program Files (x86)\Common Files\Oracle\Java\javapath;C:\ProgramData\Oracle\Java\javapath;C:\Program Files (x86)\Intel\iCLS Client\;C:\Program Files\Intel\iCLS Client\;C:\Windows\system32;C:\Windows;C:\Windows\System32\Wbem;C:\Windows\System32\WindowsPowerShell\v1.0\;C:\Program Files (x86)\Intel\Intel(R) Management Engine Components\DAL;C:\Program Files\Intel\Intel(R) Management Engine Components\DAL;C:\Program Files (x86)\Intel\Intel(R) Management Engine Components\IPT;C:\Program Files\Intel\Intel(R) Management Engine Components\IPT;C:\Program Files\Intel\WiFi\bin\;C:\Program Files\Common Files\Intel\WirelessCommon\;c:\Program Files\Microsoft SQL Server\110\Tools\Binn\;c:\Program Files (x86)\Microsoft SQL Server\110\Tools\Binn\ManagementStudio\;c:\Program Files (x86)\Microsoft SQL Server\110\Tools\Binn\;c:\Program Files (x86)\Microsoft SQL Server\110\DTS\Binn\;C:\Users\fabricio.barrozo\AppData\Local\Microsoft\WindowsApps;;C:\Windows\system32;
USERNAME=fabricio.barrozo
OS=Windows_NT
PROCESSOR_IDENTIFIER=Intel64 Family 6 Model 94 Stepping 3, GenuineIntel



---------------  S Y S T E M  ---------------

OS: Windows 10.0 , 64 bit Build 15063 (10.0.15063.1058)

CPU:total 4 (initial active 4) (4 cores per cpu, 1 threads per core) family 6 model 94 stepping 3, cmov, cx8, fxsr, mmx, sse, sse2, sse3, ssse3, sse4.1, sse4.2, popcnt, avx, avx2, aes, clmul, erms, rtm, 3dnowpref, lzcnt, tsc, tscinvbit, bmi1, bmi2, adx

Memory: 4k page, physical 8249056k(1037228k free), swap 10196704k(2992k free)

vm_info: Java HotSpot(TM) 64-Bit Server VM (25.181-b13) for windows-amd64 JRE (1.8.0_181-b13), built on Jul  7 2018 04:01:33 by "java_re" with MS VC++ 10.0 (VS2010)

time: Thu Oct 18 17:32:52 2018
elapsed time: 1 seconds (0d 0h 0m 1s)

