#
# There is insufficient memory for the Java Runtime Environment to continue.
# Native memory allocation (malloc) failed to allocate 32744 bytes for ChunkPool::allocate
# Possible reasons:
#   The system is out of physical RAM or swap space
#   In 32 bit mode, the process size limit was hit
# Possible solutions:
#   Reduce memory load on the system
#   Increase physical memory or swap space
#   Check if swap backing store is full
#   Use 64 bit Java on a 64 bit OS
#   Decrease Java heap size (-Xmx/-Xms)
#   Decrease number of Java threads
#   Decrease Java thread stack sizes (-Xss)
#   Set larger code cache with -XX:ReservedCodeCacheSize=
# This output file may be truncated or incomplete.
#
#  Out of Memory Error (allocation.cpp:273), pid=4388, tid=0x0000000000003d64
#
# JRE version: Java(TM) SE Runtime Environment (8.0_181-b13) (build 1.8.0_181-b13)
# Java VM: Java HotSpot(TM) 64-Bit Server VM (25.181-b13 mixed mode windows-amd64 compressed oops)
# Failed to write core dump. Minidumps are not enabled by default on client versions of Windows
#

---------------  T H R E A D  ---------------

Current thread (0x0000000017e90800):  JavaThread "C2 CompilerThread0" daemon [_thread_in_native, id=15716, stack(0x00000000194f0000,0x00000000195f0000)]

Stack: [0x00000000194f0000,0x00000000195f0000]
[error occurred during error reporting (printing stack bounds), id 0xc0000005]

Native frames: (J=compiled Java code, j=interpreted, Vv=VM code, C=native code)


Current CompileTask:
C2:  30179 4602       4       java.util.WeakHashMap::putAll (133 bytes)


---------------  P R O C E S S  ---------------

Java Threads: ( => current thread )
  0x0000000067bd8000 JavaThread "Keep-Alive-SocketCleaner" daemon [_thread_blocked, id=6100, stack(0x0000000075c50000,0x0000000075d50000)]
  0x0000000067bde800 JavaThread "Thread-9" daemon [_thread_in_native, id=13640, stack(0x0000000071da0000,0x0000000071ea0000)]
  0x0000000020fd0800 JavaThread "Disposer" daemon [_thread_blocked, id=9480, stack(0x0000000063a90000,0x0000000063b90000)]
  0x0000000020fb8000 JavaThread "Prism Font Disposer" daemon [_thread_blocked, id=14364, stack(0x0000000063190000,0x0000000063290000)]
  0x0000000019bee000 JavaThread "Thread-3" daemon [_thread_in_native, id=9284, stack(0x0000000021630000,0x0000000021730000)]
  0x0000000019b98000 JavaThread "JavaFX-Launcher" [_thread_blocked, id=8740, stack(0x0000000021730000,0x0000000021830000)]
  0x0000000019b76800 JavaThread "JavaFX Application Thread" [_thread_in_native, id=13924, stack(0x000000001a4f0000,0x000000001a5f0000)]
  0x0000000019b60800 JavaThread "Thread-1" daemon [_thread_blocked, id=5160, stack(0x000000001a3f0000,0x000000001a4f0000)]
  0x0000000019b55000 JavaThread "QuantumRenderer-0" daemon [_thread_blocked, id=10512, stack(0x0000000019fd0000,0x000000001a0d0000)]
  0x0000000017eed800 JavaThread "Service Thread" daemon [_thread_blocked, id=2484, stack(0x0000000019bf0000,0x0000000019cf0000)]
  0x0000000017e9b000 JavaThread "C1 CompilerThread2" daemon [_thread_blocked, id=13452, stack(0x00000000196f0000,0x00000000197f0000)]
  0x0000000017e97000 JavaThread "C2 CompilerThread1" daemon [_thread_blocked, id=16332, stack(0x00000000195f0000,0x00000000196f0000)]
=>0x0000000017e90800 JavaThread "C2 CompilerThread0" daemon [_thread_in_native, id=15716, stack(0x00000000194f0000,0x00000000195f0000)]
  0x0000000017e8c800 JavaThread "Attach Listener" daemon [_thread_blocked, id=10556, stack(0x00000000193f0000,0x00000000194f0000)]
  0x0000000017e8b000 JavaThread "Signal Dispatcher" daemon [_thread_blocked, id=11888, stack(0x00000000192f0000,0x00000000193f0000)]
  0x000000000335b800 JavaThread "Finalizer" daemon [_thread_blocked, id=16352, stack(0x00000000190f0000,0x00000000191f0000)]
  0x0000000003351000 JavaThread "Reference Handler" daemon [_thread_blocked, id=10524, stack(0x0000000018ff0000,0x00000000190f0000)]
  0x00000000033be800 JavaThread "main" [_thread_blocked, id=11844, stack(0x0000000003140000,0x0000000003240000)]

Other Threads:
  0x0000000017e57800 VMThread [stack: 0x0000000018ef0000,0x0000000018ff0000] [id=15736]
  0x000000001983c800 WatcherThread [stack: 0x0000000019cf0000,0x0000000019df0000] [id=10208]

VM state:not at safepoint (normal execution)

VM Mutex/Monitor currently owned by a thread: None

Heap:
 PSYoungGen      total 141824K, used 135637K [0x00000000d6100000, 0x00000000df780000, 0x0000000100000000)
  eden space 135168K, 95% used [0x00000000d6100000,0x00000000ddf6e3f8,0x00000000de500000)
  from space 6656K, 92% used [0x00000000df100000,0x00000000df707208,0x00000000df780000)
  to   space 8192K, 0% used [0x00000000de780000,0x00000000de780000,0x00000000def80000)
 ParOldGen       total 58880K, used 12851K [0x0000000082200000, 0x0000000085b80000, 0x00000000d6100000)
  object space 58880K, 21% used [0x0000000082200000,0x0000000082e8cc90,0x0000000085b80000)
 Metaspace       used 24156K, capacity 25158K, committed 25216K, reserved 1071104K
  class space    used 3211K, capacity 3451K, committed 3456K, reserved 1048576K

Card table byte_map: [0x0000000012780000,0x0000000012b70000] byte_map_base: 0x000000001236f000

Marking Bits: (ParMarkBitMap*) 0x00000000767b2d00
 Begin Bits: [0x0000000013210000, 0x0000000015188000)
 End Bits:   [0x0000000015188000, 0x0000000017100000)

Polling page: 0x00000000018e0000

CodeCache: size=245760Kb used=12923Kb max_used=12934Kb free=232836Kb
 bounds [0x00000000033c0000, 0x0000000004070000, 0x00000000123c0000]
 total_blobs=4870 nmethods=4087 adapters=695
 compilation: enabled

Compilation events (10 events):
Event: 22.824 Thread 0x0000000017e90800 nmethod 4597 0x000000000390af10 code [0x000000000390b040, 0x000000000390b0b8]
Event: 25.383 Thread 0x0000000017e9b000 4598       1       javafx.scene.web.WebEngine$PulseTimer$1::handle (1 bytes)
Event: 25.383 Thread 0x0000000017e9b000 nmethod 4598 0x000000000406cc10 code [0x000000000406cd60, 0x000000000406ce70]
Event: 27.848 Thread 0x0000000017e97000 4599       4       java.util.WeakHashMap::entrySet (28 bytes)
Event: 27.848 Thread 0x0000000017e97000 nmethod 4599 0x000000000406d510 code [0x000000000406d660, 0x000000000406d758]
Event: 29.176 Thread 0x0000000017e90800 4600       4       java.lang.ref.ReferenceQueue$Lock::<init> (5 bytes)
Event: 29.176 Thread 0x0000000017e90800 nmethod 4600 0x0000000003895b90 code [0x0000000003895cc0, 0x0000000003895d18]
Event: 29.256 Thread 0x0000000017e97000 4601       4       java.lang.Object::wait (6 bytes)
Event: 29.256 Thread 0x0000000017e97000 nmethod 4601 0x0000000003936010 code [0x0000000003936160, 0x00000000039361e8]
Event: 30.167 Thread 0x0000000017e90800 4602       4       java.util.WeakHashMap::putAll (133 bytes)

GC Heap History (10 events):
Event: 1.597 GC heap before
{Heap before GC invocations=5 (full 1):
 PSYoungGen      total 37888K, used 37839K [0x00000000d6100000, 0x00000000d9800000, 0x0000000100000000)
  eden space 32768K, 99% used [0x00000000d6100000,0x00000000d80f8360,0x00000000d8100000)
  from space 5120K, 99% used [0x00000000d8100000,0x00000000d85fbc90,0x00000000d8600000)
  to   space 5120K, 0% used [0x00000000d9300000,0x00000000d9300000,0x00000000d9800000)
 ParOldGen       total 58880K, used 6879K [0x0000000082200000, 0x0000000085b80000, 0x00000000d6100000)
  object space 58880K, 11% used [0x0000000082200000,0x00000000828b7dd8,0x0000000085b80000)
 Metaspace       used 21831K, capacity 22692K, committed 22784K, reserved 1069056K
  class space    used 3092K, capacity 3292K, committed 3328K, reserved 1048576K
Event: 1.599 GC heap after
Heap after GC invocations=5 (full 1):
 PSYoungGen      total 51200K, used 4093K [0x00000000d6100000, 0x00000000da100000, 0x0000000100000000)
  eden space 46080K, 0% used [0x00000000d6100000,0x00000000d6100000,0x00000000d8e00000)
  from space 5120K, 79% used [0x00000000d9300000,0x00000000d96ff710,0x00000000d9800000)
  to   space 5120K, 0% used [0x00000000d8e00000,0x00000000d8e00000,0x00000000d9300000)
 ParOldGen       total 58880K, used 8935K [0x0000000082200000, 0x0000000085b80000, 0x00000000d6100000)
  object space 58880K, 15% used [0x0000000082200000,0x0000000082ab9de8,0x0000000085b80000)
 Metaspace       used 21831K, capacity 22692K, committed 22784K, reserved 1069056K
  class space    used 3092K, capacity 3292K, committed 3328K, reserved 1048576K
}
Event: 1.611 GC heap before
{Heap before GC invocations=6 (full 1):
 PSYoungGen      total 51200K, used 50167K [0x00000000d6100000, 0x00000000da100000, 0x0000000100000000)
  eden space 46080K, 99% used [0x00000000d6100000,0x00000000d8dfe668,0x00000000d8e00000)
  from space 5120K, 79% used [0x00000000d9300000,0x00000000d96ff710,0x00000000d9800000)
  to   space 5120K, 0% used [0x00000000d8e00000,0x00000000d8e00000,0x00000000d9300000)
 ParOldGen       total 58880K, used 8935K [0x0000000082200000, 0x0000000085b80000, 0x00000000d6100000)
  object space 58880K, 15% used [0x0000000082200000,0x0000000082ab9de8,0x0000000085b80000)
 Metaspace       used 21839K, capacity 22692K, committed 22784K, reserved 1069056K
  class space    used 3092K, capacity 3292K, committed 3328K, reserved 1048576K
Event: 1.614 GC heap after
Heap after GC invocations=6 (full 1):
 PSYoungGen      total 51200K, used 4108K [0x00000000d6100000, 0x00000000dbe80000, 0x0000000100000000)
  eden space 46080K, 0% used [0x00000000d6100000,0x00000000d6100000,0x00000000d8e00000)
  from space 5120K, 80% used [0x00000000d8e00000,0x00000000d9203398,0x00000000d9300000)
  to   space 7680K, 0% used [0x00000000db700000,0x00000000db700000,0x00000000dbe80000)
 ParOldGen       total 58880K, used 10983K [0x0000000082200000, 0x0000000085b80000, 0x00000000d6100000)
  object space 58880K, 18% used [0x0000000082200000,0x0000000082cb9df8,0x0000000085b80000)
 Metaspace       used 21839K, capacity 22692K, committed 22784K, reserved 1069056K
  class space    used 3092K, capacity 3292K, committed 3328K, reserved 1048576K
}
Event: 1.622 GC heap before
{Heap before GC invocations=7 (full 1):
 PSYoungGen      total 51200K, used 50127K [0x00000000d6100000, 0x00000000dbe80000, 0x0000000100000000)
  eden space 46080K, 99% used [0x00000000d6100000,0x00000000d8df0a50,0x00000000d8e00000)
  from space 5120K, 80% used [0x00000000d8e00000,0x00000000d9203398,0x00000000d9300000)
  to   space 7680K, 0% used [0x00000000db700000,0x00000000db700000,0x00000000dbe80000)
 ParOldGen       total 58880K, used 10983K [0x0000000082200000, 0x0000000085b80000, 0x00000000d6100000)
  object space 58880K, 18% used [0x0000000082200000,0x0000000082cb9df8,0x0000000085b80000)
 Metaspace       used 21839K, capacity 22692K, committed 22784K, reserved 1069056K
  class space    used 3092K, capacity 3292K, committed 3328K, reserved 1048576K
Event: 1.624 GC heap after
Heap after GC invocations=7 (full 1):
 PSYoungGen      total 88064K, used 2197K [0x00000000d6100000, 0x00000000dbf80000, 0x0000000100000000)
  eden space 80384K, 0% used [0x00000000d6100000,0x00000000d6100000,0x00000000daf80000)
  from space 7680K, 28% used [0x00000000db700000,0x00000000db925660,0x00000000dbe80000)
  to   space 7680K, 0% used [0x00000000daf80000,0x00000000daf80000,0x00000000db700000)
 ParOldGen       total 58880K, used 10983K [0x0000000082200000, 0x0000000085b80000, 0x00000000d6100000)
  object space 58880K, 18% used [0x0000000082200000,0x0000000082cb9df8,0x0000000085b80000)
 Metaspace       used 21839K, capacity 22692K, committed 22784K, reserved 1069056K
  class space    used 3092K, capacity 3292K, committed 3328K, reserved 1048576K
}
Event: 1.645 GC heap before
{Heap before GC invocations=8 (full 1):
 PSYoungGen      total 88064K, used 82515K [0x00000000d6100000, 0x00000000dbf80000, 0x0000000100000000)
  eden space 80384K, 99% used [0x00000000d6100000,0x00000000daf6f7d0,0x00000000daf80000)
  from space 7680K, 28% used [0x00000000db700000,0x00000000db925660,0x00000000dbe80000)
  to   space 7680K, 0% used [0x00000000daf80000,0x00000000daf80000,0x00000000db700000)
 ParOldGen       total 58880K, used 10983K [0x0000000082200000, 0x0000000085b80000, 0x00000000d6100000)
  object space 58880K, 18% used [0x0000000082200000,0x0000000082cb9df8,0x0000000085b80000)
 Metaspace       used 21839K, capacity 22692K, committed 22784K, reserved 1069056K
  class space    used 3092K, capacity 3292K, committed 3328K, reserved 1048576K
Event: 1.646 GC heap after
Heap after GC invocations=8 (full 1):
 PSYoungGen      total 88064K, used 2232K [0x00000000d6100000, 0x00000000df880000, 0x0000000100000000)
  eden space 80384K, 0% used [0x00000000d6100000,0x00000000d6100000,0x00000000daf80000)
  from space 7680K, 29% used [0x00000000daf80000,0x00000000db1ae300,0x00000000db700000)
  to   space 7680K, 0% used [0x00000000df100000,0x00000000df100000,0x00000000df880000)
 ParOldGen       total 58880K, used 10983K [0x0000000082200000, 0x0000000085b80000, 0x00000000d6100000)
  object space 58880K, 18% used [0x0000000082200000,0x0000000082cb9df8,0x0000000085b80000)
 Metaspace       used 21839K, capacity 22692K, committed 22784K, reserved 1069056K
  class space    used 3092K, capacity 3292K, committed 3328K, reserved 1048576K
}
Event: 3.259 GC heap before
{Heap before GC invocations=9 (full 1):
 PSYoungGen      total 88064K, used 82497K [0x00000000d6100000, 0x00000000df880000, 0x0000000100000000)
  eden space 80384K, 99% used [0x00000000d6100000,0x00000000daf62128,0x00000000daf80000)
  from space 7680K, 29% used [0x00000000daf80000,0x00000000db1ae300,0x00000000db700000)
  to   space 7680K, 0% used [0x00000000df100000,0x00000000df100000,0x00000000df880000)
 ParOldGen       total 58880K, used 10983K [0x0000000082200000, 0x0000000085b80000, 0x00000000d6100000)
  object space 58880K, 18% used [0x0000000082200000,0x0000000082cb9df8,0x0000000085b80000)
 Metaspace       used 23226K, capacity 24182K, committed 24448K, reserved 1071104K
  class space    used 3199K, capacity 3437K, committed 3456K, reserved 1048576K
Event: 3.262 GC heap after
Heap after GC invocations=9 (full 1):
 PSYoungGen      total 141824K, used 6172K [0x00000000d6100000, 0x00000000df780000, 0x0000000100000000)
  eden space 135168K, 0% used [0x00000000d6100000,0x00000000d6100000,0x00000000de500000)
  from space 6656K, 92% used [0x00000000df100000,0x00000000df707208,0x00000000df780000)
  to   space 8192K, 0% used [0x00000000de780000,0x00000000de780000,0x00000000def80000)
 ParOldGen       total 58880K, used 12851K [0x0000000082200000, 0x0000000085b80000, 0x00000000d6100000)
  object space 58880K, 21% used [0x0000000082200000,0x0000000082e8cc90,0x0000000085b80000)
 Metaspace       used 23226K, capacity 24182K, committed 24448K, reserved 1071104K
  class space    used 3199K, capacity 3437K, committed 3456K, reserved 1048576K
}

Deoptimization events (10 events):
Event: 4.197 Thread 0x0000000067bdb800 Uncommon trap: reason=unstable_if action=reinterpret pc=0x0000000003e8ef54 method=com.sun.crypto.provider.GaloisCounterMode.decryptFinal([BII[BI)I @ 5
Event: 4.665 Thread 0x0000000067bd9800 Uncommon trap: reason=class_check action=maybe_recompile pc=0x0000000003e5e7ec method=java.io.SequenceInputStream.read()I @ 11
Event: 4.665 Thread 0x0000000067bd9800 Uncommon trap: reason=class_check action=maybe_recompile pc=0x000000000390b1b0 method=java.io.FilterInputStream.read()I @ 4
Event: 4.666 Thread 0x0000000067bd9800 Uncommon trap: reason=class_check action=maybe_recompile pc=0x0000000003e5e7ec method=java.io.SequenceInputStream.read()I @ 11
Event: 4.666 Thread 0x0000000067bd9800 Uncommon trap: reason=class_check action=maybe_recompile pc=0x000000000390b1b0 method=java.io.FilterInputStream.read()I @ 4
Event: 4.666 Thread 0x0000000067bd9800 Uncommon trap: reason=class_check action=maybe_recompile pc=0x0000000003e5e7ec method=java.io.SequenceInputStream.read()I @ 11
Event: 4.666 Thread 0x0000000067bd9800 Uncommon trap: reason=class_check action=maybe_recompile pc=0x000000000390b1b0 method=java.io.FilterInputStream.read()I @ 4
Event: 4.666 Thread 0x0000000067bd9800 Uncommon trap: reason=class_check action=maybe_recompile pc=0x0000000003e5e7ec method=java.io.SequenceInputStream.read()I @ 11
Event: 4.666 Thread 0x0000000067bd9800 Uncommon trap: reason=class_check action=maybe_recompile pc=0x000000000390b1b0 method=java.io.FilterInputStream.read()I @ 4
Event: 6.793 Thread 0x0000000019b76800 Uncommon trap: reason=unstable_if action=reinterpret pc=0x00000000035d3cf4 method=java.lang.AbstractStringBuilder.append(Ljava/lang/String;)Ljava/lang/AbstractStringBuilder; @ 1

Classes redefined (0 events):
No events

Internal exceptions (10 events):
Event: 0.469 Thread 0x0000000019b98000 Exception <a 'java/lang/ArrayIndexOutOfBoundsException'> (0x00000000d72dd2d8) thrown at [C:\re\workspace\8-2-build-windows-amd64-cygwin\jdk8u181\11358\hotspot\src\share\vm\runtime\sharedRuntime.cpp, line 605]
Event: 0.475 Thread 0x0000000019b98000 Exception <a 'java/lang/ArrayIndexOutOfBoundsException'> (0x00000000d7312e00) thrown at [C:\re\workspace\8-2-build-windows-amd64-cygwin\jdk8u181\11358\hotspot\src\share\vm\runtime\sharedRuntime.cpp, line 605]
Event: 0.475 Thread 0x0000000019b98000 Exception <a 'java/lang/ArrayIndexOutOfBoundsException'> (0x00000000d7315df8) thrown at [C:\re\workspace\8-2-build-windows-amd64-cygwin\jdk8u181\11358\hotspot\src\share\vm\runtime\sharedRuntime.cpp, line 605]
Event: 0.621 Thread 0x0000000019b76800 Exception <a 'sun/nio/fs/WindowsException'> (0x00000000d7816b20) thrown at [C:\re\workspace\8-2-build-windows-amd64-cygwin\jdk8u181\11358\hotspot\src\share\vm\prims\jni.cpp, line 709]
Event: 0.623 Thread 0x0000000019b76800 Exception <a 'sun/nio/fs/WindowsException'> (0x00000000d7818980) thrown at [C:\re\workspace\8-2-build-windows-amd64-cygwin\jdk8u181\11358\hotspot\src\share\vm\prims\jni.cpp, line 709]
Event: 0.629 Thread 0x0000000019b76800 Implicit null exception at 0x000000000363d396 to 0x000000000363d731
Event: 0.660 Thread 0x0000000019b76800 Exception <a 'java/io/FileNotFoundException'> (0x00000000d7a10d58) thrown at [C:\re\workspace\8-2-build-windows-amd64-cygwin\jdk8u181\11358\hotspot\src\share\vm\prims\jni.cpp, line 709]
Event: 0.822 Thread 0x0000000019b76800 Implicit null exception at 0x00000000036758b5 to 0x0000000003675ac5
Event: 0.822 Thread 0x0000000019b76800 Implicit null exception at 0x00000000036da5d8 to 0x00000000036da666
Event: 6.793 Thread 0x0000000019b76800 Implicit null exception at 0x00000000035d38d7 to 0x00000000035d3cdd

Events (10 events):
Event: 22.694 Thread 0x0000000021443800 Thread exited: 0x0000000021443800
Event: 22.699 Thread 0x0000000067bd8800 Thread exited: 0x0000000067bd8800
Event: 22.710 Thread 0x0000000021446800 Thread exited: 0x0000000021446800
Event: 22.748 Thread 0x000000002144a800 Thread exited: 0x000000002144a800
Event: 22.763 Thread 0x0000000021447800 Thread exited: 0x0000000021447800
Event: 22.770 Thread 0x0000000021445000 Thread exited: 0x0000000021445000
Event: 22.774 Thread 0x0000000067bd6800 Thread exited: 0x0000000067bd6800
Event: 23.060 Thread 0x0000000021056000 Thread exited: 0x0000000021056000
Event: 29.175 loading class java/lang/ref/ReferenceQueue$1
Event: 29.176 loading class java/lang/ref/ReferenceQueue$1 done


Dynamic libraries:
0x00007ff7d4fb0000 - 0x00007ff7d4fe7000 	C:\Program Files\Java\jre1.8.0_181\bin\javaw.exe
0x00007ffd82290000 - 0x00007ffd8246b000 	C:\Windows\SYSTEM32\ntdll.dll
0x00007ffd820c0000 - 0x00007ffd8216e000 	C:\Windows\System32\KERNEL32.DLL
0x00007ffd7ea00000 - 0x00007ffd7ec4a000 	C:\Windows\System32\KERNELBASE.dll
0x00007ffd81e30000 - 0x00007ffd81ed1000 	C:\Windows\System32\ADVAPI32.dll
0x00007ffd817a0000 - 0x00007ffd8183d000 	C:\Windows\System32\msvcrt.dll
0x00007ffd82060000 - 0x00007ffd820b9000 	C:\Windows\System32\sechost.dll
0x00007ffd81180000 - 0x00007ffd812a5000 	C:\Windows\System32\RPCRT4.dll
0x00007ffd812b0000 - 0x00007ffd813fa000 	C:\Windows\System32\USER32.dll
0x00007ffd7e9e0000 - 0x00007ffd7e9fe000 	C:\Windows\System32\win32u.dll
0x00007ffd82030000 - 0x00007ffd82057000 	C:\Windows\System32\GDI32.dll
0x00007ffd7e7b0000 - 0x00007ffd7e938000 	C:\Windows\System32\gdi32full.dll
0x00007ffd7e940000 - 0x00007ffd7e9da000 	C:\Windows\System32\msvcp_win.dll
0x00007ffd7f470000 - 0x00007ffd7f566000 	C:\Windows\System32\ucrtbase.dll
0x00007ffd72ae0000 - 0x00007ffd72d47000 	C:\Windows\WinSxS\amd64_microsoft.windows.common-controls_6595b64144ccf1df_6.0.15063.1155_none_40c7922129a7722b\COMCTL32.dll
0x00007ffd80e00000 - 0x00007ffd810f9000 	C:\Windows\System32\combase.dll
0x00007ffd7f400000 - 0x00007ffd7f46a000 	C:\Windows\System32\bcryptPrimitives.dll
0x00007ffd81fa0000 - 0x00007ffd81fcd000 	C:\Windows\System32\IMM32.DLL
0x00007ffd5db60000 - 0x00007ffd5dc0f000 	C:\Program Files\McAfee\Endpoint Security\Threat Prevention\Ips\EpMPApi.dll
0x00007ffd7f790000 - 0x00007ffd7f7e7000 	C:\Windows\System32\WINTRUST.dll
0x00007ffd7e720000 - 0x00007ffd7e731000 	C:\Windows\System32\MSASN1.dll
0x00007ffd7f5c0000 - 0x00007ffd7f789000 	C:\Windows\System32\CRYPT32.dll
0x0000000076b50000 - 0x0000000076b5c000 	C:\Program Files\McAfee\Endpoint Security\Threat Prevention\Ips\EpMPThe.dll
0x00000000752e0000 - 0x00000000753b2000 	C:\Program Files\Java\jre1.8.0_181\bin\msvcr100.dll
0x0000000075f90000 - 0x0000000076832000 	C:\Program Files\Java\jre1.8.0_181\bin\server\jvm.dll
0x00007ffd81790000 - 0x00007ffd81798000 	C:\Windows\System32\PSAPI.DLL
0x00007ffd7c9e0000 - 0x00007ffd7ca03000 	C:\Windows\SYSTEM32\WINMM.dll
0x00007ffd6b1f0000 - 0x00007ffd6b1f9000 	C:\Windows\SYSTEM32\WSOCK32.dll
0x00007ffd81460000 - 0x00007ffd814cc000 	C:\Windows\System32\WS2_32.dll
0x00007ffd6d520000 - 0x00007ffd6d52a000 	C:\Windows\SYSTEM32\VERSION.dll
0x00007ffd7c9b0000 - 0x00007ffd7c9db000 	C:\Windows\SYSTEM32\WINMMBASE.dll
0x00007ffd7f570000 - 0x00007ffd7f5b9000 	C:\Windows\System32\cfgmgr32.dll
0x0000000075f80000 - 0x0000000075f8f000 	C:\Program Files\Java\jre1.8.0_181\bin\verify.dll
0x0000000075f50000 - 0x0000000075f79000 	C:\Program Files\Java\jre1.8.0_181\bin\java.dll
0x0000000075f30000 - 0x0000000075f46000 	C:\Program Files\Java\jre1.8.0_181\bin\zip.dll
0x00007ffd7f9c0000 - 0x00007ffd80df8000 	C:\Windows\System32\SHELL32.dll
0x00007ffd81640000 - 0x00007ffd816ea000 	C:\Windows\System32\shcore.dll
0x00007ffd7ed00000 - 0x00007ffd7f3f1000 	C:\Windows\System32\windows.storage.dll
0x00007ffd7f7f0000 - 0x00007ffd7f841000 	C:\Windows\System32\shlwapi.dll
0x00007ffd7e790000 - 0x00007ffd7e7a1000 	C:\Windows\System32\kernel.appcore.dll
0x00007ffd7e740000 - 0x00007ffd7e78c000 	C:\Windows\System32\powrprof.dll
0x00007ffd7e700000 - 0x00007ffd7e715000 	C:\Windows\System32\profapi.dll
0x0000000001910000 - 0x0000000001913000 	C:\Program Files\Java\jre1.8.0_181\bin\api-ms-win-core-console-l1-1-0.dll
0x0000000001960000 - 0x0000000001963000 	C:\Program Files\Java\jre1.8.0_181\bin\api-ms-win-core-datetime-l1-1-0.dll
0x0000000001970000 - 0x0000000001973000 	C:\Program Files\Java\jre1.8.0_181\bin\api-ms-win-core-debug-l1-1-0.dll
0x0000000001980000 - 0x0000000001983000 	C:\Program Files\Java\jre1.8.0_181\bin\api-ms-win-core-errorhandling-l1-1-0.dll
0x0000000003240000 - 0x0000000003244000 	C:\Program Files\Java\jre1.8.0_181\bin\api-ms-win-core-file-l1-1-0.dll
0x0000000003360000 - 0x0000000003363000 	C:\Program Files\Java\jre1.8.0_181\bin\api-ms-win-core-file-l1-2-0.dll
0x0000000003370000 - 0x0000000003373000 	C:\Program Files\Java\jre1.8.0_181\bin\api-ms-win-core-file-l2-1-0.dll
0x0000000003380000 - 0x0000000003383000 	C:\Program Files\Java\jre1.8.0_181\bin\api-ms-win-core-handle-l1-1-0.dll
0x0000000003390000 - 0x0000000003393000 	C:\Program Files\Java\jre1.8.0_181\bin\api-ms-win-core-heap-l1-1-0.dll
0x00000000033a0000 - 0x00000000033a3000 	C:\Program Files\Java\jre1.8.0_181\bin\api-ms-win-core-interlocked-l1-1-0.dll
0x0000000019df0000 - 0x0000000019df3000 	C:\Program Files\Java\jre1.8.0_181\bin\api-ms-win-core-libraryloader-l1-1-0.dll
0x0000000019e00000 - 0x0000000019e03000 	C:\Program Files\Java\jre1.8.0_181\bin\api-ms-win-core-localization-l1-2-0.dll
0x0000000019e10000 - 0x0000000019e13000 	C:\Program Files\Java\jre1.8.0_181\bin\api-ms-win-core-memory-l1-1-0.dll
0x0000000019e20000 - 0x0000000019e23000 	C:\Program Files\Java\jre1.8.0_181\bin\api-ms-win-core-namedpipe-l1-1-0.dll
0x0000000019e30000 - 0x0000000019e33000 	C:\Program Files\Java\jre1.8.0_181\bin\api-ms-win-core-processenvironment-l1-1-0.dll
0x0000000019e40000 - 0x0000000019e43000 	C:\Program Files\Java\jre1.8.0_181\bin\api-ms-win-core-processthreads-l1-1-0.dll
0x0000000019e50000 - 0x0000000019e53000 	C:\Program Files\Java\jre1.8.0_181\bin\api-ms-win-core-processthreads-l1-1-1.dll
0x0000000019e60000 - 0x0000000019e63000 	C:\Program Files\Java\jre1.8.0_181\bin\api-ms-win-core-profile-l1-1-0.dll
0x0000000019e70000 - 0x0000000019e73000 	C:\Program Files\Java\jre1.8.0_181\bin\api-ms-win-core-rtlsupport-l1-1-0.dll
0x0000000019e80000 - 0x0000000019e83000 	C:\Program Files\Java\jre1.8.0_181\bin\api-ms-win-core-string-l1-1-0.dll
0x0000000019e90000 - 0x0000000019e93000 	C:\Program Files\Java\jre1.8.0_181\bin\api-ms-win-core-synch-l1-1-0.dll
0x0000000019ea0000 - 0x0000000019ea3000 	C:\Program Files\Java\jre1.8.0_181\bin\api-ms-win-core-synch-l1-2-0.dll
0x0000000019eb0000 - 0x0000000019eb3000 	C:\Program Files\Java\jre1.8.0_181\bin\api-ms-win-core-sysinfo-l1-1-0.dll
0x0000000019ec0000 - 0x0000000019ec3000 	C:\Program Files\Java\jre1.8.0_181\bin\api-ms-win-core-timezone-l1-1-0.dll
0x0000000019ed0000 - 0x0000000019ed3000 	C:\Program Files\Java\jre1.8.0_181\bin\api-ms-win-core-util-l1-1-0.dll
0x0000000019ee0000 - 0x0000000019ee3000 	C:\Program Files\Java\jre1.8.0_181\bin\api-ms-win-crt-conio-l1-1-0.dll
0x0000000019ef0000 - 0x0000000019ef4000 	C:\Program Files\Java\jre1.8.0_181\bin\api-ms-win-crt-convert-l1-1-0.dll
0x0000000019f00000 - 0x0000000019f03000 	C:\Program Files\Java\jre1.8.0_181\bin\api-ms-win-crt-environment-l1-1-0.dll
0x0000000019f10000 - 0x0000000019f13000 	C:\Program Files\Java\jre1.8.0_181\bin\api-ms-win-crt-filesystem-l1-1-0.dll
0x0000000019f20000 - 0x0000000019f23000 	C:\Program Files\Java\jre1.8.0_181\bin\api-ms-win-crt-heap-l1-1-0.dll
0x0000000019f30000 - 0x0000000019f33000 	C:\Program Files\Java\jre1.8.0_181\bin\api-ms-win-crt-locale-l1-1-0.dll
0x0000000019f40000 - 0x0000000019f45000 	C:\Program Files\Java\jre1.8.0_181\bin\api-ms-win-crt-math-l1-1-0.dll
0x0000000019f50000 - 0x0000000019f55000 	C:\Program Files\Java\jre1.8.0_181\bin\api-ms-win-crt-multibyte-l1-1-0.dll
0x0000000019f60000 - 0x0000000019f70000 	C:\Program Files\Java\jre1.8.0_181\bin\api-ms-win-crt-private-l1-1-0.dll
0x0000000019f70000 - 0x0000000019f73000 	C:\Program Files\Java\jre1.8.0_181\bin\api-ms-win-crt-process-l1-1-0.dll
0x0000000019f80000 - 0x0000000019f84000 	C:\Program Files\Java\jre1.8.0_181\bin\api-ms-win-crt-runtime-l1-1-0.dll
0x0000000019f90000 - 0x0000000019f94000 	C:\Program Files\Java\jre1.8.0_181\bin\api-ms-win-crt-stdio-l1-1-0.dll
0x0000000019fa0000 - 0x0000000019fa4000 	C:\Program Files\Java\jre1.8.0_181\bin\api-ms-win-crt-string-l1-1-0.dll
0x0000000019fb0000 - 0x0000000019fb3000 	C:\Program Files\Java\jre1.8.0_181\bin\api-ms-win-crt-time-l1-1-0.dll
0x0000000019fc0000 - 0x0000000019fc3000 	C:\Program Files\Java\jre1.8.0_181\bin\api-ms-win-crt-utility-l1-1-0.dll
0x00007ffd51440000 - 0x00007ffd51536000 	C:\Program Files\Java\jre1.8.0_181\bin\ucrtbase.dll
0x00007ffd74320000 - 0x00007ffd74336000 	C:\Program Files\Java\jre1.8.0_181\bin\vcruntime140.dll
0x00007ffd513a0000 - 0x00007ffd5143c000 	C:\Program Files\Java\jre1.8.0_181\bin\msvcp140.dll
0x00007ffd57ef0000 - 0x00007ffd57f41000 	C:\Program Files\Java\jre1.8.0_181\bin\concrt140.dll
0x00000000752b0000 - 0x00000000752d3000 	C:\Program Files\Java\jre1.8.0_181\bin\prism_d3d.dll
0x00007ffd34e20000 - 0x00007ffd34fa9000 	C:\Windows\system32\d3d9.dll
0x00007ffd7c950000 - 0x00007ffd7c97a000 	C:\Windows\SYSTEM32\dwmapi.dll
0x00007ffd7cc00000 - 0x00007ffd7cc95000 	C:\Windows\system32\uxtheme.dll
0x00007ffd3de00000 - 0x00007ffd3dfd7000 	C:\Windows\System32\DriverStore\FileRepository\ki127171.inf_amd64_368f8c7337214025\igdumdim64.dll
0x00007ffd2caf0000 - 0x00007ffd2faed000 	C:\Windows\System32\DriverStore\FileRepository\ki127171.inf_amd64_368f8c7337214025\igd9dxva64.dll
0x00007ffd7f870000 - 0x00007ffd7f9b5000 	C:\Windows\System32\ole32.dll
0x00007ffd81ee0000 - 0x00007ffd81fa0000 	C:\Windows\System32\OLEAUT32.dll
0x0000000075260000 - 0x00000000752a9000 	C:\Program Files\Java\jre1.8.0_181\bin\glass.dll
0x000000001a1f0000 - 0x000000001a2f8000 	C:\Windows\System32\COMDLG32.dll
0x00007ffd814d0000 - 0x00007ffd81636000 	C:\Windows\System32\MSCTF.dll
0x00007ffd748a0000 - 0x00007ffd76635000 	C:\Windows\System32\DriverStore\FileRepository\ki127171.inf_amd64_368f8c7337214025\igc64.dll
0x0000000075240000 - 0x0000000075254000 	C:\Program Files\Java\jre1.8.0_181\bin\javafx_font.dll
0x0000000072120000 - 0x000000007523d000 	C:\Program Files\Java\jre1.8.0_181\bin\jfxwebkit.dll
0x00007ffd7e150000 - 0x00007ffd7e167000 	C:\Windows\SYSTEM32\CRYPTSP.dll
0x00007ffd7d890000 - 0x00007ffd7d8c4000 	C:\Windows\system32\rsaenh.dll
0x00007ffd7e2c0000 - 0x00007ffd7e2e5000 	C:\Windows\SYSTEM32\bcrypt.dll
0x00007ffd7e170000 - 0x00007ffd7e17b000 	C:\Windows\SYSTEM32\CRYPTBASE.dll
0x00007ffd6f770000 - 0x00007ffd6fa2f000 	C:\Windows\SYSTEM32\dwrite.dll
0x0000000075f10000 - 0x0000000075f2a000 	C:\Program Files\Java\jre1.8.0_181\bin\net.dll
0x00007ffd7dfb0000 - 0x00007ffd7e00c000 	C:\Windows\system32\mswsock.dll
0x0000000075ef0000 - 0x0000000075f01000 	C:\Program Files\Java\jre1.8.0_181\bin\nio.dll
0x0000000075ec0000 - 0x0000000075ee4000 	C:\Program Files\Java\jre1.8.0_181\bin\sunec.dll
0x00007ffd7dd50000 - 0x00007ffd7dd87000 	C:\Windows\SYSTEM32\IPHLPAPI.DLL
0x00007ffd82280000 - 0x00007ffd82288000 	C:\Windows\System32\NSI.dll
0x00007ffd79f70000 - 0x00007ffd79f86000 	C:\Windows\SYSTEM32\dhcpcsvc6.DLL
0x00007ffd79da0000 - 0x00007ffd79dba000 	C:\Windows\SYSTEM32\dhcpcsvc.DLL
0x00007ffd816f0000 - 0x00007ffd8178e000 	C:\Windows\System32\clbcatq.dll
0x00007ffd79dc0000 - 0x00007ffd79f6c000 	C:\Windows\SYSTEM32\WindowsCodecs.dll
0x00007ffd62280000 - 0x00007ffd622c7000 	C:\Windows\system32\dataexchange.dll
0x00007ffd7b620000 - 0x00007ffd7b8ff000 	C:\Windows\system32\d3d11.dll
0x00007ffd7c3e0000 - 0x00007ffd7c503000 	C:\Windows\system32\dcomp.dll
0x00007ffd7d3d0000 - 0x00007ffd7d474000 	C:\Windows\system32\dxgi.dll
0x00007ffd7ce50000 - 0x00007ffd7cfc0000 	C:\Windows\system32\twinapi.appcore.dll
0x00007ffd781c0000 - 0x00007ffd781f1000 	C:\Program Files\Common Files\Microsoft Shared\Ink\rtscom.dll
0x00007ffd77ef0000 - 0x00007ffd77f71000 	C:\Windows\System32\TextInputFramework.dll
0x00007ffd799c0000 - 0x00007ffd79c93000 	C:\Windows\System32\CoreUIComponents.dll
0x00007ffd7c2f0000 - 0x00007ffd7c3d4000 	C:\Windows\System32\CoreMessaging.dll
0x00007ffd7d530000 - 0x00007ffd7d561000 	C:\Windows\SYSTEM32\ntmarta.dll
0x00007ffd7b040000 - 0x00007ffd7b179000 	C:\Windows\SYSTEM32\wintypes.dll
0x00007ffd7b020000 - 0x00007ffd7b035000 	C:\Windows\SYSTEM32\usermgrcli.dll
0x00007ffd7e630000 - 0x00007ffd7e659000 	C:\Windows\SYSTEM32\USERENV.dll

VM Arguments:
jvm_args: -Dfile.encoding=Cp1252 
java_command: com.srh.adasa.Main
java_class_path (initial): C:\Program Files\Java\jre1.8.0_181\lib\resources.jar;C:\Program Files\Java\jre1.8.0_181\lib\rt.jar;C:\Program Files\Java\jre1.8.0_181\lib\jsse.jar;C:\Program Files\Java\jre1.8.0_181\lib\jce.jar;C:\Program Files\Java\jre1.8.0_181\lib\charsets.jar;C:\Program Files\Java\jre1.8.0_181\lib\jfr.jar;C:\Program Files\Java\jre1.8.0_181\lib\ext\access-bridge-64.jar;C:\Program Files\Java\jre1.8.0_181\lib\ext\cldrdata.jar;C:\Program Files\Java\jre1.8.0_181\lib\ext\dnsns.jar;C:\Program Files\Java\jre1.8.0_181\lib\ext\jaccess.jar;C:\Program Files\Java\jre1.8.0_181\lib\ext\jfxrt.jar;C:\Program Files\Java\jre1.8.0_181\lib\ext\localedata.jar;C:\Program Files\Java\jre1.8.0_181\lib\ext\nashorn.jar;C:\Program Files\Java\jre1.8.0_181\lib\ext\sunec.jar;C:\Program Files\Java\jre1.8.0_181\lib\ext\sunjce_provider.jar;C:\Program Files\Java\jre1.8.0_181\lib\ext\sunmscapi.jar;C:\Program Files\Java\jre1.8.0_181\lib\ext\sunpkcs11.jar;C:\Program Files\Java\jre1.8.0_181\lib\ext\zipfs.jar;C:\Users\fabricio.barrozo\eclipse-workspace\com.srh.adasa\target\classes
Launcher Type: SUN_STANDARD

Environment Variables:
PATH=C:/Program Files/Java/jre1.8.0_181/bin/server;C:/Program Files/Java/jre1.8.0_181/bin;C:/Program Files/Java/jre1.8.0_181/lib/amd64;C:\Program Files (x86)\Common Files\Oracle\Java\javapath;C:\ProgramData\Oracle\Java\javapath;C:\Program Files (x86)\Intel\iCLS Client\;C:\Program Files\Intel\iCLS Client\;C:\Windows\system32;C:\Windows;C:\Windows\System32\Wbem;C:\Windows\System32\WindowsPowerShell\v1.0\;C:\Program Files (x86)\Intel\Intel(R) Management Engine Components\DAL;C:\Program Files\Intel\Intel(R) Management Engine Components\DAL;C:\Program Files (x86)\Intel\Intel(R) Management Engine Components\IPT;C:\Program Files\Intel\Intel(R) Management Engine Components\IPT;C:\Program Files\Intel\WiFi\bin\;C:\Program Files\Common Files\Intel\WirelessCommon\;c:\Program Files\Microsoft SQL Server\110\Tools\Binn\;c:\Program Files (x86)\Microsoft SQL Server\110\Tools\Binn\ManagementStudio\;c:\Program Files (x86)\Microsoft SQL Server\110\Tools\Binn\;c:\Program Files (x86)\Microsoft SQL Server\110\DTS\Binn\;C:\Users\fabricio.barrozo\AppData\Local\Microsoft\WindowsApps;;C:\Windows\System32;
USERNAME=fabricio.barrozo
OS=Windows_NT
PROCESSOR_IDENTIFIER=Intel64 Family 6 Model 94 Stepping 3, GenuineIntel



---------------  S Y S T E M  ---------------

OS: Windows 10.0 , 64 bit Build 15063 (10.0.15063.1058)

CPU:total 4 (initial active 4) (4 cores per cpu, 1 threads per core) family 6 model 94 stepping 3, cmov, cx8, fxsr, mmx, sse, sse2, sse3, ssse3, sse4.1, sse4.2, popcnt, avx, avx2, aes, clmul, erms, rtm, 3dnowpref, lzcnt, tsc, tscinvbit, bmi1, bmi2, adx

Memory: 4k page, physical 8249056k(1860880k free), swap 10196704k(3896k free)

vm_info: Java HotSpot(TM) 64-Bit Server VM (25.181-b13) for windows-amd64 JRE (1.8.0_181-b13), built on Jul  7 2018 04:01:33 by "java_re" with MS VC++ 10.0 (VS2010)

time: Mon Oct 15 14:45:13 2018
elapsed time: 30 seconds (0d 0h 0m 30s)

