#
# There is insufficient memory for the Java Runtime Environment to continue.
# Native memory allocation (malloc) failed to allocate 1048576 bytes for AllocateHeap
# Possible reasons:
#   The system is out of physical RAM or swap space
#   In 32 bit mode, the process size limit was hit
# Possible solutions:
#   Reduce memory load on the system
#   Increase physical memory or swap space
#   Check if swap backing store is full
#   Use 64 bit Java on a 64 bit OS
#   Decrease Java heap size (-Xmx/-Xms)
#   Decrease number of Java threads
#   Decrease Java thread stack sizes (-Xss)
#   Set larger code cache with -XX:ReservedCodeCacheSize=
# This output file may be truncated or incomplete.
#
#  Out of Memory Error (memory/allocation.inline.hpp:61), pid=10336, tid=0x0000000000002da4
#
# JRE version:  (8.0_191-b12) (build )
# Java VM: Java HotSpot(TM) 64-Bit Server VM (25.191-b12 mixed mode windows-amd64 compressed oops)
# Failed to write core dump. Minidumps are not enabled by default on client versions of Windows
#

---------------  T H R E A D  ---------------

Current thread (0x0000000002e24000):  JavaThread "Unknown thread" [_thread_in_vm, id=11684, stack(0x0000000002c30000,0x0000000002d30000)]

Stack: [0x0000000002c30000,0x0000000002d30000]
[error occurred during error reporting (printing stack bounds), id 0xc0000005]

Native frames: (J=compiled Java code, j=interpreted, Vv=VM code, C=native code)


---------------  P R O C E S S  ---------------

Java Threads: ( => current thread )

Other Threads:

=>0x0000000002e24000 (exited) JavaThread "Unknown thread" [_thread_in_vm, id=11684, stack(0x0000000002c30000,0x0000000002d30000)]

VM state:not at safepoint (normal execution)

VM Mutex/Monitor currently owned by a thread: None

Heap:
 PSYoungGen      total 37888K, used 655K [0x00000000d6100000, 0x00000000d8b00000, 0x0000000100000000)
  eden space 32768K, 2% used [0x00000000d6100000,0x00000000d61a3d80,0x00000000d8100000)
  from space 5120K, 0% used [0x00000000d8600000,0x00000000d8600000,0x00000000d8b00000)
  to   space 5120K, 0% used [0x00000000d8100000,0x00000000d8100000,0x00000000d8600000)
 ParOldGen       total 86016K, used 0K [0x0000000082200000, 0x0000000087600000, 0x00000000d6100000)
  object space 86016K, 0% used [0x0000000082200000,0x0000000082200000,0x0000000087600000)
 Metaspace       used 751K, capacity 4480K, committed 4480K, reserved 1056768K
  class space    used 76K, capacity 384K, committed 384K, reserved 1048576K

Card table byte_map: [0x00000000122e0000,0x00000000126d0000] byte_map_base: 0x0000000011ecf000

Marking Bits: (ParMarkBitMap*) 0x000000005fd73e30
 Begin Bits: [0x0000000012d70000, 0x0000000014ce8000)
 End Bits:   [0x0000000014ce8000, 0x0000000016c60000)

Polling page: 0x0000000000e80000

CodeCache: size=245760Kb used=328Kb max_used=328Kb free=245431Kb
 bounds [0x0000000002f20000, 0x0000000003190000, 0x0000000011f20000]
 total_blobs=58 nmethods=0 adapters=38
 compilation: enabled

Compilation events (0 events):
No events

GC Heap History (0 events):
No events

Deoptimization events (0 events):
No events

Classes redefined (0 events):
No events

Internal exceptions (0 events):
No events

Events (10 events):
Event: 0.026 loading class java/lang/Short
Event: 0.026 loading class java/lang/Short done
Event: 0.026 loading class java/lang/Integer
Event: 0.027 loading class java/lang/Integer done
Event: 0.027 loading class java/lang/Long
Event: 0.027 loading class java/lang/Long done
Event: 0.027 loading class java/lang/NullPointerException
Event: 0.027 loading class java/lang/NullPointerException done
Event: 0.027 loading class java/lang/ArithmeticException
Event: 0.027 loading class java/lang/ArithmeticException done


Dynamic libraries:
0x00007ff759ee0000 - 0x00007ff759f17000 	C:\Program Files\Java\jre1.8.0_191\bin\javaw.exe
0x00007ff91d8b0000 - 0x00007ff91da8b000 	C:\Windows\SYSTEM32\ntdll.dll
0x00007ff91ba20000 - 0x00007ff91bace000 	C:\Windows\System32\KERNEL32.DLL
0x00007ff919fc0000 - 0x00007ff91a20a000 	C:\Windows\System32\KERNELBASE.dll
0x00007ff91d6a0000 - 0x00007ff91d741000 	C:\Windows\System32\ADVAPI32.dll
0x00007ff91b340000 - 0x00007ff91b3dd000 	C:\Windows\System32\msvcrt.dll
0x00007ff91b3e0000 - 0x00007ff91b439000 	C:\Windows\System32\sechost.dll
0x00007ff91bad0000 - 0x00007ff91bbf5000 	C:\Windows\System32\RPCRT4.dll
0x00007ff91b440000 - 0x00007ff91b58a000 	C:\Windows\System32\USER32.dll
0x00007ff919dd0000 - 0x00007ff919dee000 	C:\Windows\System32\win32u.dll
0x00007ff91b2b0000 - 0x00007ff91b2d7000 	C:\Windows\System32\GDI32.dll
0x00007ff91a9d0000 - 0x00007ff91ab58000 	C:\Windows\System32\gdi32full.dll
0x00007ff91ac70000 - 0x00007ff91ad0a000 	C:\Windows\System32\msvcp_win.dll
0x00007ff91ad10000 - 0x00007ff91ae06000 	C:\Windows\System32\ucrtbase.dll
0x00007ff90d6c0000 - 0x00007ff90d927000 	C:\Windows\WinSxS\amd64_microsoft.windows.common-controls_6595b64144ccf1df_6.0.15063.1155_none_40c7922129a7722b\COMCTL32.dll
0x00007ff91d200000 - 0x00007ff91d4f9000 	C:\Windows\System32\combase.dll
0x00007ff91a960000 - 0x00007ff91a9ca000 	C:\Windows\System32\bcryptPrimitives.dll
0x00007ff91d770000 - 0x00007ff91d79d000 	C:\Windows\System32\IMM32.DLL
0x00007ff8fda40000 - 0x00007ff8fdaef000 	C:\Program Files\McAfee\Endpoint Security\Threat Prevention\Ips\EpMPApi.dll
0x00007ff91ac10000 - 0x00007ff91ac67000 	C:\Windows\System32\WINTRUST.dll
0x00007ff919d60000 - 0x00007ff919d71000 	C:\Windows\System32\MSASN1.dll
0x00007ff919df0000 - 0x00007ff919fb9000 	C:\Windows\System32\CRYPT32.dll
0x00000000603e0000 - 0x00000000603ec000 	C:\Program Files\McAfee\Endpoint Security\Threat Prevention\Ips\EpMPThe.dll
0x0000000060510000 - 0x00000000605e2000 	C:\Program Files\Java\jre1.8.0_191\bin\msvcr100.dll
0x000000005f550000 - 0x000000005fdf4000 	C:\Program Files\Java\jre1.8.0_191\bin\server\jvm.dll
0x00007ff91b590000 - 0x00007ff91b598000 	C:\Windows\System32\PSAPI.DLL
0x00007ff918000000 - 0x00007ff918023000 	C:\Windows\SYSTEM32\WINMM.dll
0x00007ff917fd0000 - 0x00007ff917ffb000 	C:\Windows\SYSTEM32\WINMMBASE.dll
0x00007ff90b3f0000 - 0x00007ff90b3fa000 	C:\Windows\SYSTEM32\VERSION.dll
0x00007ff91a910000 - 0x00007ff91a959000 	C:\Windows\System32\cfgmgr32.dll
0x00007ff905d50000 - 0x00007ff905d59000 	C:\Windows\SYSTEM32\WSOCK32.dll
0x00007ff91bc00000 - 0x00007ff91bc6c000 	C:\Windows\System32\WS2_32.dll
0x00000000617e0000 - 0x00000000617ef000 	C:\Program Files\Java\jre1.8.0_191\bin\verify.dll
0x00000000617b0000 - 0x00000000617d9000 	C:\Program Files\Java\jre1.8.0_191\bin\java.dll
0x0000000061790000 - 0x00000000617a6000 	C:\Program Files\Java\jre1.8.0_191\bin\zip.dll

VM Arguments:
jvm_args: -Dfile.encoding=UTF-8 
java_command: principal.Principal
java_class_path (initial): C:\Program Files\Java\jre1.8.0_191\lib\resources.jar;C:\Program Files\Java\jre1.8.0_191\lib\rt.jar;C:\Program Files\Java\jre1.8.0_191\lib\jsse.jar;C:\Program Files\Java\jre1.8.0_191\lib\jce.jar;C:\Program Files\Java\jre1.8.0_191\lib\charsets.jar;C:\Program Files\Java\jre1.8.0_191\lib\jfr.jar;C:\Program Files\Java\jre1.8.0_191\lib\ext\access-bridge-64.jar;C:\Program Files\Java\jre1.8.0_191\lib\ext\cldrdata.jar;C:\Program Files\Java\jre1.8.0_191\lib\ext\dnsns.jar;C:\Program Files\Java\jre1.8.0_191\lib\ext\jaccess.jar;C:\Program Files\Java\jre1.8.0_191\lib\ext\jfxrt.jar;C:\Program Files\Java\jre1.8.0_191\lib\ext\localedata.jar;C:\Program Files\Java\jre1.8.0_191\lib\ext\nashorn.jar;C:\Program Files\Java\jre1.8.0_191\lib\ext\sunec.jar;C:\Program Files\Java\jre1.8.0_191\lib\ext\sunjce_provider.jar;C:\Program Files\Java\jre1.8.0_191\lib\ext\sunmscapi.jar;C:\Program Files\Java\jre1.8.0_191\lib\ext\sunpkcs11.jar;C:\Program Files\Java\jre1.8.0_191\lib\ext\zipfs.jar;C:\Users\fabricio.barrozo\git\srh.adasa\target\classes;C:\Users\fabricio.barrozo\.m2\repository\com\vividsolutions\jts\1.13\jts-1.13.jar;C:\Users\fabricio.barrozo\.m2\repository\org\hibernate\hibernate-spatial\5.1.0.Final\hibernate-spatial-5.1.0.Final.jar;C:\Users\fabricio.barrozo\.m2\repository\org\hibernate\hibernate-core\5.1.0.Final\hibernate-core-5.1.0.Final.jar;C:\Users\fabricio.barrozo\.m2\repository\org\apache\geronimo\specs\geronimo-jta_1.1_spec\1.1.1\geronimo-jta_1.1_spec-1.1.1.jar;C:\Users\fabricio.barrozo\.m2\repository\org\jboss\jandex\2.0.0.Final\jandex-2.0.0.Final.jar;C:\Users\fabricio.barrozo\.m2\repository\com\fasterxml\classmate\1.3.0\classmate-1.3.0.jar;C:\Users\fabricio.barrozo\.m2\repository\org\postgresql\postgresql\9.4-1200-jdbc41\postgresql-9.4-1200-jdbc41.jar;C:\Users\fabricio.barrozo\.m2\repository\com\github\dblock\waffle\waffle-jna\1.7\waffle-jna-1.7.jar;C:\Users\fabricio.barrozo\.m2\repository\net\java\dev\jna\jna\4.1.0\jna-4.1.0.jar;C:\Users\fabricio.barrozo
Launcher Type: SUN_STANDARD

Environment Variables:
JAVA_HOME=C:\Program Files\Java\jdk1.8.0_191
PATH=C:/Program Files/Java/jre1.8.0_191/bin/server;C:/Program Files/Java/jre1.8.0_191/bin;C:/Program Files/Java/jre1.8.0_191/lib/amd64;C:\Program Files (x86)\Common Files\Oracle\Java\javapath;C:\ProgramData\Oracle\Java\javapath;C:\Program Files (x86)\Intel\iCLS Client\;C:\Program Files\Intel\iCLS Client\;C:\Windows\system32;C:\Windows;C:\Windows\System32\Wbem;C:\Windows\System32\WindowsPowerShell\v1.0\;C:\Program Files (x86)\Intel\Intel(R) Management Engine Components\DAL;C:\Program Files\Intel\Intel(R) Management Engine Components\DAL;C:\Program Files (x86)\Intel\Intel(R) Management Engine Components\IPT;C:\Program Files\Intel\Intel(R) Management Engine Components\IPT;C:\Program Files\Intel\WiFi\bin\;C:\Program Files\Common Files\Intel\WirelessCommon\;c:\Program Files\Microsoft SQL Server\110\Tools\Binn\;c:\Program Files (x86)\Microsoft SQL Server\110\Tools\Binn\ManagementStudio\;c:\Program Files (x86)\Microsoft SQL Server\110\Tools\Binn\;c:\Program Files (x86)\Microsoft SQL Server\110\DTS\Binn\;C:\apache-maven-3.6.0\bin;C:\Users\fabricio.barrozo\AppData\Local\Microsoft\WindowsApps;;C:\Windows\System32;
USERNAME=fabricio.barrozo
OS=Windows_NT
PROCESSOR_IDENTIFIER=Intel64 Family 6 Model 94 Stepping 3, GenuineIntel



---------------  S Y S T E M  ---------------

OS: Windows 10.0 , 64 bit Build 15063 (10.0.15063.1058)

CPU:total 4 (initial active 4) (4 cores per cpu, 1 threads per core) family 6 model 94 stepping 3, cmov, cx8, fxsr, mmx, sse, sse2, sse3, ssse3, sse4.1, sse4.2, popcnt, avx, avx2, aes, clmul, erms, rtm, 3dnowpref, lzcnt, tsc, tscinvbit, bmi1, bmi2, adx

Memory: 4k page, physical 8249056k(1516936k free), swap 10196704k(5764k free)

vm_info: Java HotSpot(TM) 64-Bit Server VM (25.191-b12) for windows-amd64 JRE (1.8.0_191-b12), built on Oct  6 2018 09:29:03 by "java_re" with MS VC++ 10.0 (VS2010)

time: Thu Jan 10 13:13:17 2019
elapsed time: 0 seconds (0d 0h 0m 0s)

