#
# A fatal error has been detected by the Java Runtime Environment:
#
#  EXCEPTION_ACCESS_VIOLATION (0xc0000005) at pc=0x00000000723862e1, pid=2912, tid=0x0000000000003fb8
#
# JRE version: Java(TM) SE Runtime Environment (8.0_191-b12) (build 1.8.0_191-b12)
# Java VM: Java HotSpot(TM) 64-Bit Server VM (25.191-b12 mixed mode windows-amd64 compressed oops)
# Problematic frame:
# C  [jfxwebkit.dll+0x17362e1]
#
# Failed to write core dump. Minidumps are not enabled by default on client versions of Windows
#
# If you would like to submit a bug report, please visit:
#   http://bugreport.java.com/bugreport/crash.jsp
# The crash happened outside the Java Virtual Machine in native code.
# See problematic frame for where to report the bug.
#

---------------  T H R E A D  ---------------

Current thread (0x0000000018e77000):  JavaThread "JavaFX Application Thread" [_thread_in_native, id=16312, stack(0x0000000019740000,0x0000000019840000)]

siginfo: ExceptionCode=0xc0000005, writing address 0x00000000bbadbeef

Registers:
RAX=0x0000000000000000, RBX=0x0000000069c19170, RCX=0x74ee2daab6750000, RDX=0x0000000000000000
RSP=0x000000001983d7d0, RBP=0x000000001983d999, RSI=0x0000000000000000, RDI=0x0000000000000000
R8 =0x000000001983ba68, R9 =0x000000001983d021, R10=0x0000000000000000, R11=0x000000001983d5d0
R12=0x0000000000000000, R13=0x00000000000118d3, R14=0x000000000001ffff, R15=0x0000000069c19170
RIP=0x00000000723862e1, EFLAGS=0x0000000000010246

Top of Stack: (sp=0x000000001983d7d0)
0x000000001983d7d0:   0000000069c19170 0000000000000000
0x000000001983d7e0:   000000001983d820 000000001983d8b8
0x000000001983d7f0:   000000000000000c 0000000000000001
0x000000001983d800:   00000000723adfb9 00000000723862ce
0x000000001983d810:   0000000072376239 000000007143e63f
0x000000001983d820:   000000007143da8c 0000000071971537
0x000000001983d830:   00000000716126f2 0000000071a73a2b
0x000000001983d840:   000000007168e28c 00000000714ce337
0x000000001983d850:   00000000714a9445 0000000002668c67
0x000000001983d860:   0000000002657b30 0000000000000001
0x000000001983d870:   0000000000000001 00007ff84378d5b0
0x000000001983d880:   0000000000000070 0000000000560cc0
0x000000001983d890:   0000000000000007 00007ff83fd0e9a1
0x000000001983d8a0:   0000000063e5d438 0000000000620680
0x000000001983d8b0:   0000d05522853551 000000001983d999
0x000000001983d8c0:   0000000000000008 00007ff83fd0e91f 

Instructions: (pc=0x00000000723862e1)
0x00000000723862c1:   00 00 00 48 8d 4c 24 30 e8 d2 7c 02 00 8b 54 24
0x00000000723862d1:   20 48 8d 4c 24 40 83 c2 fe e8 e1 fe ff ff 33 c0
0x00000000723862e1:   a3 ef be ad bb 00 00 00 00 ff d0 48 8b 8c 24 40
0x00000000723862f1:   01 00 00 48 33 cc e8 04 28 1e 00 48 81 c4 58 01 


Register to memory mapping:

RAX=0x0000000000000000 is an unknown value
RBX=0x0000000069c19170 is an unknown value
RCX=0x74ee2daab6750000 is an unknown value
RDX=0x0000000000000000 is an unknown value
RSP=0x000000001983d7d0 is pointing into the stack for thread: 0x0000000018e77000
RBP=0x000000001983d999 is pointing into the stack for thread: 0x0000000018e77000
RSI=0x0000000000000000 is an unknown value
RDI=0x0000000000000000 is an unknown value
R8 =0x000000001983ba68 is pointing into the stack for thread: 0x0000000018e77000
R9 =0x000000001983d021 is pointing into the stack for thread: 0x0000000018e77000
R10=0x0000000000000000 is an unknown value
R11=0x000000001983d5d0 is pointing into the stack for thread: 0x0000000018e77000
R12=0x0000000000000000 is an unknown value
R13=0x00000000000118d3 is an unknown value
R14=0x000000000001ffff is an unknown value
R15=0x0000000069c19170 is an unknown value


Stack: [0x0000000019740000,0x0000000019840000],  sp=0x000000001983d7d0,  free space=1013k
Native frames: (J=compiled Java code, j=interpreted, Vv=VM code, C=native code)
C  [jfxwebkit.dll+0x17362e1]

Java frames: (J=compiled Java code, j=interpreted, Vv=VM code)
j  com.sun.webkit.Timer.twkFireTimerEvent()V+0
j  com.sun.webkit.Timer.fireTimerEvent(J)V+45
j  com.sun.webkit.Timer.notifyTick()V+25
j  javafx.scene.web.WebEngine$PulseTimer.lambda$null$49()V+3
j  javafx.scene.web.WebEngine$PulseTimer$$Lambda$133.run()V+0
j  com.sun.javafx.application.PlatformImpl.lambda$null$172(Ljava/lang/Runnable;)Ljava/lang/Void;+1
j  com.sun.javafx.application.PlatformImpl$$Lambda$49.run()Ljava/lang/Object;+4
v  ~StubRoutines::call_stub
j  java.security.AccessController.doPrivileged(Ljava/security/PrivilegedAction;Ljava/security/AccessControlContext;)Ljava/lang/Object;+0
j  com.sun.javafx.application.PlatformImpl.lambda$runLater$173(Ljava/lang/Runnable;Ljava/security/AccessControlContext;)V+7
j  com.sun.javafx.application.PlatformImpl$$Lambda$48.run()V+8
j  com.sun.glass.ui.InvokeLaterDispatcher$Future.run()V+4
v  ~StubRoutines::call_stub
j  com.sun.glass.ui.win.WinApplication._runLoop(Ljava/lang/Runnable;)V+0
j  com.sun.glass.ui.win.WinApplication.lambda$null$147(ILjava/lang/Runnable;)V+8
j  com.sun.glass.ui.win.WinApplication$$Lambda$37.run()V+12
j  java.lang.Thread.run()V+11
v  ~StubRoutines::call_stub

---------------  P R O C E S S  ---------------

Java Threads: ( => current thread )
  0x00000000611b3000 JavaThread "URL-Loader-14" daemon [_thread_blocked, id=11944, stack(0x000000006a520000,0x000000006a620000)]
  0x00000000611b1800 JavaThread "URL-Loader-13" daemon [_thread_blocked, id=4976, stack(0x000000006a420000,0x000000006a520000)]
  0x00000000611b1000 JavaThread "URL-Loader-12" daemon [_thread_blocked, id=12160, stack(0x000000006a320000,0x000000006a420000)]
  0x00000000611b0000 JavaThread "URL-Loader-11" daemon [_thread_blocked, id=368, stack(0x000000006a220000,0x000000006a320000)]
  0x00000000611b2800 JavaThread "URL-Loader-10" daemon [_thread_blocked, id=7248, stack(0x000000006a120000,0x000000006a220000)]
  0x00000000611ad000 JavaThread "Keep-Alive-Timer" daemon [_thread_blocked, id=12220, stack(0x0000000068e10000,0x0000000068f10000)]
  0x00000000611af800 JavaThread "URL-Loader-9" daemon [_thread_blocked, id=14632, stack(0x0000000064750000,0x0000000064850000)]
  0x00000000611ae000 JavaThread "URL-Loader-8" daemon [_thread_blocked, id=13104, stack(0x0000000064650000,0x0000000064750000)]
  0x00000000611ac800 JavaThread "URL-Loader-7" daemon [_thread_blocked, id=9208, stack(0x0000000064550000,0x0000000064650000)]
  0x00000000611ab800 JavaThread "URL-Loader-6" daemon [_thread_blocked, id=8232, stack(0x0000000064450000,0x0000000064550000)]
  0x00000000611a8800 JavaThread "URL-Loader-5" daemon [_thread_blocked, id=1000, stack(0x0000000064350000,0x0000000064450000)]
  0x00000000611aa800 JavaThread "URL-Loader-4" daemon [_thread_blocked, id=4148, stack(0x0000000064250000,0x0000000064350000)]
  0x00000000611aa000 JavaThread "URL-Loader-3" daemon [_thread_blocked, id=11900, stack(0x0000000064150000,0x0000000064250000)]
  0x00000000611a9000 JavaThread "URL-Loader-2" daemon [_thread_blocked, id=8740, stack(0x0000000064050000,0x0000000064150000)]
  0x00000000204ba000 JavaThread "URL-Loader-1" daemon [_thread_blocked, id=13140, stack(0x0000000063d50000,0x0000000063e50000)]
  0x00000000207a0800 JavaThread "Disposer" daemon [_thread_blocked, id=13328, stack(0x0000000063c50000,0x0000000063d50000)]
  0x000000002059b000 JavaThread "Prism Font Disposer" daemon [_thread_blocked, id=14940, stack(0x0000000063350000,0x0000000063450000)]
  0x00000000200d6800 JavaThread "Thread-3" daemon [_thread_in_native, id=6164, stack(0x0000000020850000,0x0000000020950000)]
  0x00000000200df000 JavaThread "JavaFX-Launcher" [_thread_blocked, id=8788, stack(0x0000000020950000,0x0000000020a50000)]
=>0x0000000018e77000 JavaThread "JavaFX Application Thread" [_thread_in_native, id=16312, stack(0x0000000019740000,0x0000000019840000)]
  0x0000000018e75000 JavaThread "Thread-1" daemon [_thread_blocked, id=6976, stack(0x0000000019640000,0x0000000019740000)]
  0x0000000018e4b000 JavaThread "QuantumRenderer-0" daemon [_thread_blocked, id=11208, stack(0x0000000019300000,0x0000000019400000)]
  0x0000000018ad3000 JavaThread "Service Thread" daemon [_thread_blocked, id=8884, stack(0x0000000018ea0000,0x0000000018fa0000)]
  0x000000001715f000 JavaThread "C1 CompilerThread2" daemon [_thread_blocked, id=16100, stack(0x00000000189a0000,0x0000000018aa0000)]
  0x0000000017158800 JavaThread "C2 CompilerThread1" daemon [_thread_blocked, id=2696, stack(0x00000000188a0000,0x00000000189a0000)]
  0x0000000017154800 JavaThread "C2 CompilerThread0" daemon [_thread_blocked, id=6564, stack(0x00000000187a0000,0x00000000188a0000)]
  0x0000000017153000 JavaThread "Attach Listener" daemon [_thread_blocked, id=15284, stack(0x00000000186a0000,0x00000000187a0000)]
  0x0000000017152000 JavaThread "Signal Dispatcher" daemon [_thread_blocked, id=1168, stack(0x00000000185a0000,0x00000000186a0000)]
  0x000000001713f800 JavaThread "Finalizer" daemon [_thread_blocked, id=6788, stack(0x00000000183a0000,0x00000000184a0000)]
  0x0000000017119000 JavaThread "Reference Handler" daemon [_thread_blocked, id=5272, stack(0x00000000182a0000,0x00000000183a0000)]
  0x0000000002554000 JavaThread "main" [_thread_blocked, id=3220, stack(0x00000000023f0000,0x00000000024f0000)]

Other Threads:
  0x0000000017117800 VMThread [stack: 0x00000000181a0000,0x00000000182a0000] [id=9500]
  0x0000000018adf800 WatcherThread [stack: 0x0000000018fa0000,0x00000000190a0000] [id=15420]

VM state:not at safepoint (normal execution)

VM Mutex/Monitor currently owned by a thread: None

Heap:
 PSYoungGen      total 37888K, used 20088K [0x00000000d6100000, 0x00000000dab00000, 0x0000000100000000)
  eden space 32768K, 61% used [0x00000000d6100000,0x00000000d749e178,0x00000000d8100000)
  from space 5120K, 0% used [0x00000000d8600000,0x00000000d8600000,0x00000000d8b00000)
  to   space 5120K, 0% used [0x00000000d8100000,0x00000000d8100000,0x00000000d8600000)
 ParOldGen       total 70144K, used 9002K [0x0000000082200000, 0x0000000086680000, 0x00000000d6100000)
  object space 70144K, 12% used [0x0000000082200000,0x0000000082acab08,0x0000000086680000)
 Metaspace       used 23116K, capacity 24452K, committed 24704K, reserved 1071104K
  class space    used 3318K, capacity 3598K, committed 3712K, reserved 1048576K

Card table byte_map: [0x0000000011a10000,0x0000000011e00000] byte_map_base: 0x00000000115ff000

Marking Bits: (ParMarkBitMap*) 0x0000000074da3e30
 Begin Bits: [0x00000000124a0000, 0x0000000014418000)
 End Bits:   [0x0000000014418000, 0x0000000016390000)

Polling page: 0x00000000024f0000

CodeCache: size=245760Kb used=8103Kb max_used=8103Kb free=237656Kb
 bounds [0x0000000002650000, 0x0000000002e40000, 0x0000000011650000]
 total_blobs=3339 nmethods=2589 adapters=661
 compilation: enabled

Compilation events (10 events):
Event: 1.808 Thread 0x000000001715f000 2585   !   3       javax.crypto.Cipher::chooseFirstProvider (298 bytes)
Event: 1.812 Thread 0x000000001715f000 nmethod 2585 0x0000000002e3d090 code [0x0000000002e3d380, 0x0000000002e3eaf8]
Event: 1.813 Thread 0x000000001715f000 2587       1       javax.crypto.spec.SecretKeySpec::getAlgorithm (5 bytes)
Event: 1.813 Thread 0x000000001715f000 nmethod 2587 0x0000000002e30f10 code [0x0000000002e31060, 0x0000000002e31170]
Event: 1.814 Thread 0x000000001715f000 2588       1       com.sun.crypto.provider.CipherCore::getMode (5 bytes)
Event: 1.814 Thread 0x000000001715f000 nmethod 2588 0x0000000002e37190 code [0x0000000002e372e0, 0x0000000002e373f0]
Event: 1.814 Thread 0x000000001715f000 2590       3       com.sun.crypto.provider.GHASH::putLong (37 bytes)
Event: 1.814 Thread 0x000000001715f000 nmethod 2590 0x0000000002e36cd0 code [0x0000000002e36e40, 0x0000000002e37050]
Event: 1.814 Thread 0x000000001715f000 2589       1       com.sun.crypto.provider.GaloisCounterMode::getTagLen (5 bytes)
Event: 1.814 Thread 0x000000001715f000 nmethod 2589 0x0000000002e36a10 code [0x0000000002e36b60, 0x0000000002e36c70]

GC Heap History (6 events):
Event: 0.845 GC heap before
{Heap before GC invocations=1 (full 0):
 PSYoungGen      total 37888K, used 32768K [0x00000000d6100000, 0x00000000d8b00000, 0x0000000100000000)
  eden space 32768K, 100% used [0x00000000d6100000,0x00000000d8100000,0x00000000d8100000)
  from space 5120K, 0% used [0x00000000d8600000,0x00000000d8600000,0x00000000d8b00000)
  to   space 5120K, 0% used [0x00000000d8100000,0x00000000d8100000,0x00000000d8600000)
 ParOldGen       total 86016K, used 0K [0x0000000082200000, 0x0000000087600000, 0x00000000d6100000)
  object space 86016K, 0% used [0x0000000082200000,0x0000000082200000,0x0000000087600000)
 Metaspace       used 13886K, capacity 14448K, committed 14592K, reserved 1062912K
  class space    used 1859K, capacity 2024K, committed 2048K, reserved 1048576K
Event: 0.849 GC heap after
Heap after GC invocations=1 (full 0):
 PSYoungGen      total 37888K, used 4892K [0x00000000d6100000, 0x00000000d8b00000, 0x0000000100000000)
  eden space 32768K, 0% used [0x00000000d6100000,0x00000000d6100000,0x00000000d8100000)
  from space 5120K, 95% used [0x00000000d8100000,0x00000000d85c7328,0x00000000d8600000)
  to   space 5120K, 0% used [0x00000000d8600000,0x00000000d8600000,0x00000000d8b00000)
 ParOldGen       total 86016K, used 16K [0x0000000082200000, 0x0000000087600000, 0x00000000d6100000)
  object space 86016K, 0% used [0x0000000082200000,0x0000000082204000,0x0000000087600000)
 Metaspace       used 13886K, capacity 14448K, committed 14592K, reserved 1062912K
  class space    used 1859K, capacity 2024K, committed 2048K, reserved 1048576K
}
Event: 1.263 GC heap before
{Heap before GC invocations=2 (full 0):
 PSYoungGen      total 37888K, used 33978K [0x00000000d6100000, 0x00000000d8b00000, 0x0000000100000000)
  eden space 32768K, 88% used [0x00000000d6100000,0x00000000d7d67880,0x00000000d8100000)
  from space 5120K, 95% used [0x00000000d8100000,0x00000000d85c7328,0x00000000d8600000)
  to   space 5120K, 0% used [0x00000000d8600000,0x00000000d8600000,0x00000000d8b00000)
 ParOldGen       total 86016K, used 16K [0x0000000082200000, 0x0000000087600000, 0x00000000d6100000)
  object space 86016K, 0% used [0x0000000082200000,0x0000000082204000,0x0000000087600000)
 Metaspace       used 20271K, capacity 21188K, committed 21248K, reserved 1067008K
  class space    used 2821K, capacity 3050K, committed 3072K, reserved 1048576K
Event: 1.270 GC heap after
Heap after GC invocations=2 (full 0):
 PSYoungGen      total 37888K, used 5113K [0x00000000d6100000, 0x00000000dab00000, 0x0000000100000000)
  eden space 32768K, 0% used [0x00000000d6100000,0x00000000d6100000,0x00000000d8100000)
  from space 5120K, 99% used [0x00000000d8600000,0x00000000d8afe568,0x00000000d8b00000)
  to   space 5120K, 0% used [0x00000000d8100000,0x00000000d8100000,0x00000000d8600000)
 ParOldGen       total 86016K, used 4109K [0x0000000082200000, 0x0000000087600000, 0x00000000d6100000)
  object space 86016K, 4% used [0x0000000082200000,0x0000000082603748,0x0000000087600000)
 Metaspace       used 20271K, capacity 21188K, committed 21248K, reserved 1067008K
  class space    used 2821K, capacity 3050K, committed 3072K, reserved 1048576K
}
Event: 1.270 GC heap before
{Heap before GC invocations=3 (full 1):
 PSYoungGen      total 37888K, used 5113K [0x00000000d6100000, 0x00000000dab00000, 0x0000000100000000)
  eden space 32768K, 0% used [0x00000000d6100000,0x00000000d6100000,0x00000000d8100000)
  from space 5120K, 99% used [0x00000000d8600000,0x00000000d8afe568,0x00000000d8b00000)
  to   space 5120K, 0% used [0x00000000d8100000,0x00000000d8100000,0x00000000d8600000)
 ParOldGen       total 86016K, used 4109K [0x0000000082200000, 0x0000000087600000, 0x00000000d6100000)
  object space 86016K, 4% used [0x0000000082200000,0x0000000082603748,0x0000000087600000)
 Metaspace       used 20271K, capacity 21188K, committed 21248K, reserved 1067008K
  class space    used 2821K, capacity 3050K, committed 3072K, reserved 1048576K
Event: 1.303 GC heap after
Heap after GC invocations=3 (full 1):
 PSYoungGen      total 37888K, used 0K [0x00000000d6100000, 0x00000000dab00000, 0x0000000100000000)
  eden space 32768K, 0% used [0x00000000d6100000,0x00000000d6100000,0x00000000d8100000)
  from space 5120K, 0% used [0x00000000d8600000,0x00000000d8600000,0x00000000d8b00000)
  to   space 5120K, 0% used [0x00000000d8100000,0x00000000d8100000,0x00000000d8600000)
 ParOldGen       total 70144K, used 9002K [0x0000000082200000, 0x0000000086680000, 0x00000000d6100000)
  object space 70144K, 12% used [0x0000000082200000,0x0000000082acab08,0x0000000086680000)
 Metaspace       used 20271K, capacity 21188K, committed 21248K, reserved 1067008K
  class space    used 2821K, capacity 3050K, committed 3072K, reserved 1048576K
}

Deoptimization events (10 events):
Event: 1.247 Thread 0x00000000611af800 Uncommon trap: reason=unstable_if action=reinterpret pc=0x0000000002b46184 method=java.util.Arrays.equals([B[B)Z @ 41
Event: 1.247 Thread 0x00000000611af800 Uncommon trap: reason=unstable_if action=reinterpret pc=0x00000000029972b0 method=java.lang.String.indexOf([CII[CIII)I @ 27
Event: 1.247 Thread 0x00000000611af800 Uncommon trap: reason=unstable_if action=reinterpret pc=0x0000000002bbe688 method=java.lang.String.substring(I)Ljava/lang/String; @ 35
Event: 1.305 Thread 0x0000000018e77000 Uncommon trap: reason=array_check action=maybe_recompile pc=0x0000000002c4760c method=com.sun.javafx.css.SimpleSelector.applies(Ljavafx/css/Styleable;[Ljava/util/Set;I)Z @ 37
Event: 1.305 Thread 0x0000000018e77000 Uncommon trap: reason=array_check action=maybe_recompile pc=0x0000000002c4760c method=com.sun.javafx.css.SimpleSelector.applies(Ljavafx/css/Styleable;[Ljava/util/Set;I)Z @ 37
Event: 1.307 Thread 0x0000000018e77000 Uncommon trap: reason=array_check action=maybe_recompile pc=0x0000000002c4760c method=com.sun.javafx.css.SimpleSelector.applies(Ljavafx/css/Styleable;[Ljava/util/Set;I)Z @ 37
Event: 1.308 Thread 0x0000000018e77000 Uncommon trap: reason=array_check action=maybe_recompile pc=0x0000000002c4760c method=com.sun.javafx.css.SimpleSelector.applies(Ljavafx/css/Styleable;[Ljava/util/Set;I)Z @ 37
Event: 1.328 Thread 0x0000000018e77000 Uncommon trap: reason=unstable_if action=reinterpret pc=0x0000000002c4f244 method=com.sun.javafx.css.SimpleSelector.applies(Ljavafx/css/Styleable;)Z @ 62
Event: 1.390 Thread 0x0000000018e77000 Uncommon trap: reason=unstable_if action=reinterpret pc=0x0000000002bf1c88 method=com.sun.javafx.css.BitSet.add(Ljava/lang/Object;)Z @ 91
Event: 1.734 Thread 0x00000000611b1800 Uncommon trap: reason=predicate action=maybe_recompile pc=0x0000000002dff750 method=java.util.regex.Pattern$SliceI.match(Ljava/util/regex/Matcher;ILjava/lang/CharSequence;)Z @ 21

Classes redefined (0 events):
No events

Internal exceptions (10 events):
Event: 0.790 Thread 0x0000000018e77000 Exception <a 'sun/nio/fs/WindowsException'> (0x00000000d7a28a10) thrown at [C:\re\workspace\8-2-build-windows-amd64-cygwin\jdk8u191\11896\hotspot\src\share\vm\prims\jni.cpp, line 709]
Event: 0.797 Thread 0x0000000018e77000 Implicit null exception at 0x0000000002933216 to 0x00000000029335a9
Event: 0.811 Thread 0x00000000204ba000 Implicit null exception at 0x000000000287c157 to 0x000000000287c559
Event: 1.189 Thread 0x0000000018e77000 Implicit null exception at 0x0000000002937875 to 0x0000000002937a85
Event: 1.189 Thread 0x0000000018e77000 Implicit null exception at 0x0000000002a385db to 0x0000000002a38d2d
Event: 1.191 Thread 0x0000000018e77000 Implicit null exception at 0x0000000002ab1caf to 0x0000000002ab1d19
Event: 1.232 Thread 0x0000000018e77000 Exception <a 'java/io/FileNotFoundException'> (0x00000000d7b79600) thrown at [C:\re\workspace\8-2-build-windows-amd64-cygwin\jdk8u191\11896\hotspot\src\share\vm\prims\jni.cpp, line 709]
Event: 1.233 Thread 0x0000000018e77000 Exception <a 'java/io/FileNotFoundException'> (0x00000000d7b7a9a0) thrown at [C:\re\workspace\8-2-build-windows-amd64-cygwin\jdk8u191\11896\hotspot\src\share\vm\prims\jni.cpp, line 709]
Event: 1.234 Thread 0x0000000018e77000 Exception <a 'java/io/FileNotFoundException'> (0x00000000d7b92da0) thrown at [C:\re\workspace\8-2-build-windows-amd64-cygwin\jdk8u191\11896\hotspot\src\share\vm\prims\jni.cpp, line 709]
Event: 1.234 Thread 0x0000000018e77000 Exception <a 'java/io/FileNotFoundException'> (0x00000000d7b940a0) thrown at [C:\re\workspace\8-2-build-windows-amd64-cygwin\jdk8u191\11896\hotspot\src\share\vm\prims\jni.cpp, line 709]

Events (10 events):
Event: 1.752 Thread 0x00000000611b5800 Thread added: 0x00000000611b5800
Event: 1.752 Thread 0x00000000611b5800 Thread exited: 0x00000000611b5800
Event: 1.758 Thread 0x00000000611b5800 Thread added: 0x00000000611b5800
Event: 1.759 Thread 0x00000000611b4000 Thread added: 0x00000000611b4000
Event: 1.761 Thread 0x00000000611b4000 Thread exited: 0x00000000611b4000
Event: 1.761 Thread 0x00000000611b5800 Thread exited: 0x00000000611b5800
Event: 1.791 Thread 0x00000000611b0000 DEOPT PACKING pc=0x0000000002e0f5e4 sp=0x000000006a31dac0
Event: 1.791 Thread 0x00000000611b0000 DEOPT UNPACKING pc=0x0000000002697890 sp=0x000000006a31d828 mode 0
Event: 1.795 Thread 0x00000000611b1000 DEOPT PACKING pc=0x0000000002e0f5e4 sp=0x000000006a41d990
Event: 1.795 Thread 0x00000000611b1000 DEOPT UNPACKING pc=0x0000000002697890 sp=0x000000006a41d6f8 mode 0


Dynamic libraries:
0x00007ff6af010000 - 0x00007ff6af047000 	C:\Program Files\Java\jre1.8.0_191\bin\javaw.exe
0x00007ff843730000 - 0x00007ff84390b000 	C:\Windows\SYSTEM32\ntdll.dll
0x00007ff840e10000 - 0x00007ff840ebe000 	C:\Windows\System32\KERNEL32.DLL
0x00007ff840570000 - 0x00007ff8407ba000 	C:\Windows\System32\KERNELBASE.dll
0x00007ff842fc0000 - 0x00007ff843061000 	C:\Windows\System32\ADVAPI32.dll
0x00007ff841680000 - 0x00007ff84171d000 	C:\Windows\System32\msvcrt.dll
0x00007ff843180000 - 0x00007ff8431d9000 	C:\Windows\System32\sechost.dll
0x00007ff8419f0000 - 0x00007ff841b15000 	C:\Windows\System32\RPCRT4.dll
0x00007ff840c90000 - 0x00007ff840dda000 	C:\Windows\System32\USER32.dll
0x00007ff840c70000 - 0x00007ff840c8e000 	C:\Windows\System32\win32u.dll
0x00007ff843700000 - 0x00007ff843727000 	C:\Windows\System32\GDI32.dll
0x00007ff840a90000 - 0x00007ff840c18000 	C:\Windows\System32\gdi32full.dll
0x00007ff8409f0000 - 0x00007ff840a8a000 	C:\Windows\System32\msvcp_win.dll
0x00007ff83fd00000 - 0x00007ff83fdf6000 	C:\Windows\System32\ucrtbase.dll
0x00007ff834260000 - 0x00007ff8344c7000 	C:\Windows\WinSxS\amd64_microsoft.windows.common-controls_6595b64144ccf1df_6.0.15063.1155_none_40c7922129a7722b\COMCTL32.dll
0x00007ff841210000 - 0x00007ff841509000 	C:\Windows\System32\combase.dll
0x00007ff840500000 - 0x00007ff84056a000 	C:\Windows\System32\bcryptPrimitives.dll
0x00007ff840de0000 - 0x00007ff840e0d000 	C:\Windows\System32\IMM32.DLL
0x00007ff8329f0000 - 0x00007ff832aa1000 	C:\Program Files\McAfee\Endpoint Security\Threat Prevention\Ips\EpMPApi.dll
0x00007ff840990000 - 0x00007ff8409e7000 	C:\Windows\System32\WINTRUST.dll
0x00007ff83fbc0000 - 0x00007ff83fbd1000 	C:\Windows\System32\MSASN1.dll
0x00007ff8407c0000 - 0x00007ff840989000 	C:\Windows\System32\CRYPT32.dll
0x0000000074fc0000 - 0x0000000074fcc000 	C:\Program Files\McAfee\Endpoint Security\Threat Prevention\Ips\EpMPThe.dll
0x00000000743b0000 - 0x0000000074482000 	C:\Program Files\Java\jre1.8.0_191\bin\msvcr100.dll
0x0000000074580000 - 0x0000000074e24000 	C:\Program Files\Java\jre1.8.0_191\bin\server\jvm.dll
0x00007ff8436e0000 - 0x00007ff8436e8000 	C:\Windows\System32\PSAPI.DLL
0x00007ff83de50000 - 0x00007ff83de73000 	C:\Windows\SYSTEM32\WINMM.dll
0x00007ff82eef0000 - 0x00007ff82eefa000 	C:\Windows\SYSTEM32\VERSION.dll
0x00007ff82c7a0000 - 0x00007ff82c7a9000 	C:\Windows\SYSTEM32\WSOCK32.dll
0x00007ff83de20000 - 0x00007ff83de4b000 	C:\Windows\SYSTEM32\WINMMBASE.dll
0x00007ff8418c0000 - 0x00007ff84192c000 	C:\Windows\System32\WS2_32.dll
0x00007ff840c20000 - 0x00007ff840c69000 	C:\Windows\System32\cfgmgr32.dll
0x0000000074570000 - 0x000000007457f000 	C:\Program Files\Java\jre1.8.0_191\bin\verify.dll
0x0000000074540000 - 0x0000000074569000 	C:\Program Files\Java\jre1.8.0_191\bin\java.dll
0x0000000074520000 - 0x0000000074536000 	C:\Program Files\Java\jre1.8.0_191\bin\zip.dll
0x00007ff841b20000 - 0x00007ff842f58000 	C:\Windows\System32\SHELL32.dll
0x00007ff843070000 - 0x00007ff84311a000 	C:\Windows\System32\shcore.dll
0x00007ff83fe00000 - 0x00007ff8404f1000 	C:\Windows\System32\windows.storage.dll
0x00007ff840ec0000 - 0x00007ff840f11000 	C:\Windows\System32\shlwapi.dll
0x00007ff83fbe0000 - 0x00007ff83fbf1000 	C:\Windows\System32\kernel.appcore.dll
0x00007ff83fc00000 - 0x00007ff83fc4c000 	C:\Windows\System32\powrprof.dll
0x00007ff83fba0000 - 0x00007ff83fbb5000 	C:\Windows\System32\profapi.dll
0x0000000002520000 - 0x0000000002523000 	C:\Program Files\Java\jre1.8.0_191\bin\api-ms-win-core-console-l1-1-0.dll
0x0000000002530000 - 0x0000000002533000 	C:\Program Files\Java\jre1.8.0_191\bin\api-ms-win-core-datetime-l1-1-0.dll
0x00000000190a0000 - 0x00000000190a3000 	C:\Program Files\Java\jre1.8.0_191\bin\api-ms-win-core-debug-l1-1-0.dll
0x00000000190b0000 - 0x00000000190b3000 	C:\Program Files\Java\jre1.8.0_191\bin\api-ms-win-core-errorhandling-l1-1-0.dll
0x00000000190c0000 - 0x00000000190c4000 	C:\Program Files\Java\jre1.8.0_191\bin\api-ms-win-core-file-l1-1-0.dll
0x00000000190d0000 - 0x00000000190d3000 	C:\Program Files\Java\jre1.8.0_191\bin\api-ms-win-core-file-l1-2-0.dll
0x00000000190e0000 - 0x00000000190e3000 	C:\Program Files\Java\jre1.8.0_191\bin\api-ms-win-core-file-l2-1-0.dll
0x00000000190f0000 - 0x00000000190f3000 	C:\Program Files\Java\jre1.8.0_191\bin\api-ms-win-core-handle-l1-1-0.dll
0x0000000019100000 - 0x0000000019103000 	C:\Program Files\Java\jre1.8.0_191\bin\api-ms-win-core-heap-l1-1-0.dll
0x0000000019110000 - 0x0000000019113000 	C:\Program Files\Java\jre1.8.0_191\bin\api-ms-win-core-interlocked-l1-1-0.dll
0x0000000019120000 - 0x0000000019123000 	C:\Program Files\Java\jre1.8.0_191\bin\api-ms-win-core-libraryloader-l1-1-0.dll
0x0000000019130000 - 0x0000000019133000 	C:\Program Files\Java\jre1.8.0_191\bin\api-ms-win-core-localization-l1-2-0.dll
0x0000000019140000 - 0x0000000019143000 	C:\Program Files\Java\jre1.8.0_191\bin\api-ms-win-core-memory-l1-1-0.dll
0x0000000019150000 - 0x0000000019153000 	C:\Program Files\Java\jre1.8.0_191\bin\api-ms-win-core-namedpipe-l1-1-0.dll
0x0000000019160000 - 0x0000000019163000 	C:\Program Files\Java\jre1.8.0_191\bin\api-ms-win-core-processenvironment-l1-1-0.dll
0x0000000019170000 - 0x0000000019173000 	C:\Program Files\Java\jre1.8.0_191\bin\api-ms-win-core-processthreads-l1-1-0.dll
0x0000000019180000 - 0x0000000019183000 	C:\Program Files\Java\jre1.8.0_191\bin\api-ms-win-core-processthreads-l1-1-1.dll
0x0000000019190000 - 0x0000000019193000 	C:\Program Files\Java\jre1.8.0_191\bin\api-ms-win-core-profile-l1-1-0.dll
0x00000000191a0000 - 0x00000000191a3000 	C:\Program Files\Java\jre1.8.0_191\bin\api-ms-win-core-rtlsupport-l1-1-0.dll
0x00000000191b0000 - 0x00000000191b3000 	C:\Program Files\Java\jre1.8.0_191\bin\api-ms-win-core-string-l1-1-0.dll
0x00000000191c0000 - 0x00000000191c3000 	C:\Program Files\Java\jre1.8.0_191\bin\api-ms-win-core-synch-l1-1-0.dll
0x00000000191d0000 - 0x00000000191d3000 	C:\Program Files\Java\jre1.8.0_191\bin\api-ms-win-core-synch-l1-2-0.dll
0x00000000191e0000 - 0x00000000191e3000 	C:\Program Files\Java\jre1.8.0_191\bin\api-ms-win-core-sysinfo-l1-1-0.dll
0x00000000191f0000 - 0x00000000191f3000 	C:\Program Files\Java\jre1.8.0_191\bin\api-ms-win-core-timezone-l1-1-0.dll
0x0000000019200000 - 0x0000000019203000 	C:\Program Files\Java\jre1.8.0_191\bin\api-ms-win-core-util-l1-1-0.dll
0x0000000019210000 - 0x0000000019213000 	C:\Program Files\Java\jre1.8.0_191\bin\api-ms-win-crt-conio-l1-1-0.dll
0x0000000019220000 - 0x0000000019224000 	C:\Program Files\Java\jre1.8.0_191\bin\api-ms-win-crt-convert-l1-1-0.dll
0x0000000019230000 - 0x0000000019233000 	C:\Program Files\Java\jre1.8.0_191\bin\api-ms-win-crt-environment-l1-1-0.dll
0x0000000019240000 - 0x0000000019243000 	C:\Program Files\Java\jre1.8.0_191\bin\api-ms-win-crt-filesystem-l1-1-0.dll
0x0000000019250000 - 0x0000000019253000 	C:\Program Files\Java\jre1.8.0_191\bin\api-ms-win-crt-heap-l1-1-0.dll
0x0000000019260000 - 0x0000000019263000 	C:\Program Files\Java\jre1.8.0_191\bin\api-ms-win-crt-locale-l1-1-0.dll
0x0000000019270000 - 0x0000000019275000 	C:\Program Files\Java\jre1.8.0_191\bin\api-ms-win-crt-math-l1-1-0.dll
0x0000000019280000 - 0x0000000019285000 	C:\Program Files\Java\jre1.8.0_191\bin\api-ms-win-crt-multibyte-l1-1-0.dll
0x0000000019290000 - 0x00000000192a0000 	C:\Program Files\Java\jre1.8.0_191\bin\api-ms-win-crt-private-l1-1-0.dll
0x00000000192a0000 - 0x00000000192a3000 	C:\Program Files\Java\jre1.8.0_191\bin\api-ms-win-crt-process-l1-1-0.dll
0x00000000192b0000 - 0x00000000192b4000 	C:\Program Files\Java\jre1.8.0_191\bin\api-ms-win-crt-runtime-l1-1-0.dll
0x00000000192c0000 - 0x00000000192c4000 	C:\Program Files\Java\jre1.8.0_191\bin\api-ms-win-crt-stdio-l1-1-0.dll
0x00000000192d0000 - 0x00000000192d4000 	C:\Program Files\Java\jre1.8.0_191\bin\api-ms-win-crt-string-l1-1-0.dll
0x00000000192e0000 - 0x00000000192e3000 	C:\Program Files\Java\jre1.8.0_191\bin\api-ms-win-crt-time-l1-1-0.dll
0x00000000192f0000 - 0x00000000192f3000 	C:\Program Files\Java\jre1.8.0_191\bin\api-ms-win-crt-utility-l1-1-0.dll
0x00007ff81e2e0000 - 0x00007ff81e3d6000 	C:\Program Files\Java\jre1.8.0_191\bin\ucrtbase.dll
0x00007ff837f40000 - 0x00007ff837f56000 	C:\Program Files\Java\jre1.8.0_191\bin\vcruntime140.dll
0x00007ff81b1d0000 - 0x00007ff81b26c000 	C:\Program Files\Java\jre1.8.0_191\bin\msvcp140.dll
0x00007ff837ee0000 - 0x00007ff837f31000 	C:\Program Files\Java\jre1.8.0_191\bin\concrt140.dll
0x0000000074380000 - 0x00000000743a3000 	C:\Program Files\Java\jre1.8.0_191\bin\prism_d3d.dll
0x00007ff806de0000 - 0x00007ff806f69000 	C:\Windows\system32\d3d9.dll
0x00007ff83ddf0000 - 0x00007ff83de1a000 	C:\Windows\SYSTEM32\dwmapi.dll
0x00007ff83e0a0000 - 0x00007ff83e135000 	C:\Windows\system32\uxtheme.dll
0x00007ff80aaf0000 - 0x00007ff80acc7000 	C:\Windows\System32\DriverStore\FileRepository\ki127171.inf_amd64_368f8c7337214025\igdumdim64.dll
0x00007fffe8310000 - 0x00007fffeb30d000 	C:\Windows\System32\DriverStore\FileRepository\ki127171.inf_amd64_368f8c7337214025\igd9dxva64.dll
0x00007ff8410b0000 - 0x00007ff8411f5000 	C:\Windows\System32\ole32.dll
0x00007ff841930000 - 0x00007ff8419f0000 	C:\Windows\System32\OLEAUT32.dll
0x0000000074330000 - 0x0000000074379000 	C:\Program Files\Java\jre1.8.0_191\bin\glass.dll
0x00007ff840fa0000 - 0x00007ff8410a8000 	C:\Windows\System32\COMDLG32.dll
0x00007ff841510000 - 0x00007ff841676000 	C:\Windows\System32\MSCTF.dll
0x00007ff834ef0000 - 0x00007ff836c85000 	C:\Windows\System32\DriverStore\FileRepository\ki127171.inf_amd64_368f8c7337214025\igc64.dll
0x0000000074310000 - 0x0000000074324000 	C:\Program Files\Java\jre1.8.0_191\bin\javafx_font.dll
0x0000000070c50000 - 0x000000007430a000 	C:\Program Files\Java\jre1.8.0_191\bin\jfxwebkit.dll
0x00007ff837a30000 - 0x00007ff837cef000 	C:\Windows\SYSTEM32\dwrite.dll
0x00007ff83f5f0000 - 0x00007ff83f607000 	C:\Windows\SYSTEM32\CRYPTSP.dll
0x00007ff83ed30000 - 0x00007ff83ed64000 	C:\Windows\system32\rsaenh.dll
0x00007ff83f760000 - 0x00007ff83f785000 	C:\Windows\SYSTEM32\bcrypt.dll
0x00007ff83f610000 - 0x00007ff83f61b000 	C:\Windows\SYSTEM32\CRYPTBASE.dll
0x00007ff83faa0000 - 0x00007ff83fac9000 	C:\Windows\SYSTEM32\USERENV.dll
0x0000000074500000 - 0x000000007451a000 	C:\Program Files\Java\jre1.8.0_191\bin\net.dll
0x00007ff83f450000 - 0x00007ff83f4ac000 	C:\Windows\system32\mswsock.dll
0x00007ff83f1f0000 - 0x00007ff83f227000 	C:\Windows\SYSTEM32\IPHLPAPI.DLL
0x00007ff841200000 - 0x00007ff841208000 	C:\Windows\System32\NSI.dll
0x00007ff83b070000 - 0x00007ff83b086000 	C:\Windows\SYSTEM32\dhcpcsvc6.DLL
0x00007ff83b050000 - 0x00007ff83b06a000 	C:\Windows\SYSTEM32\dhcpcsvc.DLL
0x00000000744e0000 - 0x00000000744f1000 	C:\Program Files\Java\jre1.8.0_191\bin\nio.dll
0x00000000744b0000 - 0x00000000744d4000 	C:\Program Files\Java\jre1.8.0_191\bin\sunec.dll
0x00007ff843640000 - 0x00007ff8436de000 	C:\Windows\System32\clbcatq.dll
0x00007ff83c0f0000 - 0x00007ff83c29c000 	C:\Windows\SYSTEM32\WindowsCodecs.dll
0x00007ff825250000 - 0x00007ff825297000 	C:\Windows\system32\dataexchange.dll
0x00007ff83d070000 - 0x00007ff83d34f000 	C:\Windows\system32\d3d11.dll
0x00007ff83d880000 - 0x00007ff83d9a3000 	C:\Windows\system32\dcomp.dll
0x00007ff83e8e0000 - 0x00007ff83e984000 	C:\Windows\system32\dxgi.dll
0x00007ff83e380000 - 0x00007ff83e4f0000 	C:\Windows\system32\twinapi.appcore.dll
0x00007ff837110000 - 0x00007ff837141000 	C:\Program Files\Common Files\Microsoft Shared\Ink\rtscom.dll
0x00000000744a0000 - 0x00000000744ab000 	C:\Program Files\Java\jre1.8.0_191\bin\sunmscapi.dll
0x00007ff83f230000 - 0x00007ff83f2d4000 	C:\Windows\SYSTEM32\DNSAPI.dll
0x00007ff834250000 - 0x00007ff83425a000 	C:\Windows\System32\rasadhlp.dll
0x00007ff83aaa0000 - 0x00007ff83ab0b000 	C:\Windows\System32\fwpuclnt.dll
0x00007ff837fd0000 - 0x00007ff838051000 	C:\Windows\System32\TextInputFramework.dll
0x00007ff83bd00000 - 0x00007ff83bfd3000 	C:\Windows\System32\CoreUIComponents.dll

VM Arguments:
jvm_args: -Dfile.encoding=UTF-8 
java_command: principal.Principal
java_class_path (initial): C:\Program Files\Java\jre1.8.0_191\lib\resources.jar;C:\Program Files\Java\jre1.8.0_191\lib\rt.jar;C:\Program Files\Java\jre1.8.0_191\lib\jsse.jar;C:\Program Files\Java\jre1.8.0_191\lib\jce.jar;C:\Program Files\Java\jre1.8.0_191\lib\charsets.jar;C:\Program Files\Java\jre1.8.0_191\lib\jfr.jar;C:\Program Files\Java\jre1.8.0_191\lib\ext\access-bridge-64.jar;C:\Program Files\Java\jre1.8.0_191\lib\ext\cldrdata.jar;C:\Program Files\Java\jre1.8.0_191\lib\ext\dnsns.jar;C:\Program Files\Java\jre1.8.0_191\lib\ext\jaccess.jar;C:\Program Files\Java\jre1.8.0_191\lib\ext\jfxrt.jar;C:\Program Files\Java\jre1.8.0_191\lib\ext\localedata.jar;C:\Program Files\Java\jre1.8.0_191\lib\ext\nashorn.jar;C:\Program Files\Java\jre1.8.0_191\lib\ext\sunec.jar;C:\Program Files\Java\jre1.8.0_191\lib\ext\sunjce_provider.jar;C:\Program Files\Java\jre1.8.0_191\lib\ext\sunmscapi.jar;C:\Program Files\Java\jre1.8.0_191\lib\ext\sunpkcs11.jar;C:\Program Files\Java\jre1.8.0_191\lib\ext\zipfs.jar;C:\Users\fabricio.barrozo\git\srh.adasa\target\classes;C:\Users\fabricio.barrozo\.m2\repository\com\vividsolutions\jts\1.13\jts-1.13.jar;C:\Users\fabricio.barrozo\.m2\repository\org\hibernate\hibernate-spatial\5.1.0.Final\hibernate-spatial-5.1.0.Final.jar;C:\Users\fabricio.barrozo\.m2\repository\org\hibernate\hibernate-core\5.1.0.Final\hibernate-core-5.1.0.Final.jar;C:\Users\fabricio.barrozo\.m2\repository\org\apache\geronimo\specs\geronimo-jta_1.1_spec\1.1.1\geronimo-jta_1.1_spec-1.1.1.jar;C:\Users\fabricio.barrozo\.m2\repository\org\jboss\jandex\2.0.0.Final\jandex-2.0.0.Final.jar;C:\Users\fabricio.barrozo\.m2\repository\com\fasterxml\classmate\1.3.0\classmate-1.3.0.jar;C:\Users\fabricio.barrozo\.m2\repository\org\postgresql\postgresql\9.4-1200-jdbc41\postgresql-9.4-1200-jdbc41.jar;C:\Users\fabricio.barrozo\.m2\repository\com\github\dblock\waffle\waffle-jna\1.7\waffle-jna-1.7.jar;C:\Users\fabricio.barrozo\.m2\repository\net\java\dev\jna\jna\4.1.0\jna-4.1.0.jar;C:\Users\fabricio.barrozo
Launcher Type: SUN_STANDARD

Environment Variables:
JAVA_HOME=C:\Program Files\Java\jdk1.8.0_191
PATH=C:/Program Files/Java/jre1.8.0_191/bin/server;C:/Program Files/Java/jre1.8.0_191/bin;C:/Program Files/Java/jre1.8.0_191/lib/amd64;C:\Program Files (x86)\Common Files\Oracle\Java\javapath;C:\ProgramData\Oracle\Java\javapath;C:\Program Files (x86)\Intel\iCLS Client\;C:\Program Files\Intel\iCLS Client\;C:\Windows\system32;C:\Windows;C:\Windows\System32\Wbem;C:\Windows\System32\WindowsPowerShell\v1.0\;C:\Program Files (x86)\Intel\Intel(R) Management Engine Components\DAL;C:\Program Files\Intel\Intel(R) Management Engine Components\DAL;C:\Program Files (x86)\Intel\Intel(R) Management Engine Components\IPT;C:\Program Files\Intel\Intel(R) Management Engine Components\IPT;C:\Program Files\Intel\WiFi\bin\;C:\Program Files\Common Files\Intel\WirelessCommon\;c:\Program Files\Microsoft SQL Server\110\Tools\Binn\;c:\Program Files (x86)\Microsoft SQL Server\110\Tools\Binn\ManagementStudio\;c:\Program Files (x86)\Microsoft SQL Server\110\Tools\Binn\;c:\Program Files (x86)\Microsoft SQL Server\110\DTS\Binn\;C:\apache-maven-3.6.0\bin;C:\Users\fabricio.barrozo\AppData\Local\Microsoft\WindowsApps;;C:\Windows\System32;
USERNAME=fabricio.barrozo
OS=Windows_NT
PROCESSOR_IDENTIFIER=Intel64 Family 6 Model 94 Stepping 3, GenuineIntel



---------------  S Y S T E M  ---------------

OS: Windows 10.0 , 64 bit Build 15063 (10.0.15063.1058)

CPU:total 4 (initial active 4) (4 cores per cpu, 1 threads per core) family 6 model 94 stepping 3, cmov, cx8, fxsr, mmx, sse, sse2, sse3, ssse3, sse4.1, sse4.2, popcnt, avx, avx2, aes, clmul, erms, rtm, 3dnowpref, lzcnt, tsc, tscinvbit, bmi1, bmi2, adx

Memory: 4k page, physical 8249056k(916636k free), swap 10196704k(1664k free)

vm_info: Java HotSpot(TM) 64-Bit Server VM (25.191-b12) for windows-amd64 JRE (1.8.0_191-b12), built on Oct  6 2018 09:29:03 by "java_re" with MS VC++ 10.0 (VS2010)

time: Tue Feb 26 11:22:51 2019
elapsed time: 2 seconds (0d 0h 0m 2s)

