#
# There is insufficient memory for the Java Runtime Environment to continue.
# Native memory allocation (malloc) failed to allocate 1358912 bytes for Chunk::new
# Possible reasons:
#   The system is out of physical RAM or swap space
#   In 32 bit mode, the process size limit was hit
# Possible solutions:
#   Reduce memory load on the system
#   Increase physical memory or swap space
#   Check if swap backing store is full
#   Use 64 bit Java on a 64 bit OS
#   Decrease Java heap size (-Xmx/-Xms)
#   Decrease number of Java threads
#   Decrease Java thread stack sizes (-Xss)
#   Set larger code cache with -XX:ReservedCodeCacheSize=
# This output file may be truncated or incomplete.
#
#  Out of Memory Error (allocation.cpp:390), pid=10216, tid=0x0000000000001cfc
#
# JRE version: Java(TM) SE Runtime Environment (8.0_191-b12) (build 1.8.0_191-b12)
# Java VM: Java HotSpot(TM) 64-Bit Server VM (25.191-b12 mixed mode windows-amd64 compressed oops)
# Failed to write core dump. Minidumps are not enabled by default on client versions of Windows
#

---------------  T H R E A D  ---------------

Current thread (0x0000000017816000):  JavaThread "C2 CompilerThread1" daemon [_thread_in_native, id=7420, stack(0x0000000018f90000,0x0000000019090000)]

Stack: [0x0000000018f90000,0x0000000019090000]
[error occurred during error reporting (printing stack bounds), id 0xc0000005]

Native frames: (J=compiled Java code, j=interpreted, Vv=VM code, C=native code)


Current CompileTask:
C2:   8156 6211   !   4       java.net.URLClassLoader$1::run (63 bytes)


---------------  P R O C E S S  ---------------

Java Threads: ( => current thread )
  0x0000000023eee000 JavaThread "C3P0PooledConnectionPoolManager[identityToken->1bqoq4ia019tw4ab1qq96eo|1be4e13e]-HelperThread-#2" daemon [_thread_blocked, id=11684, stack(0x0000000035590000,0x0000000035690000)]
  0x0000000023ee5000 JavaThread "C3P0PooledConnectionPoolManager[identityToken->1bqoq4ia019tw4ab1qq96eo|1be4e13e]-HelperThread-#1" daemon [_thread_blocked, id=2604, stack(0x0000000035490000,0x0000000035590000)]
  0x0000000023eec000 JavaThread "C3P0PooledConnectionPoolManager[identityToken->1bqoq4ia019tw4ab1qq96eo|1be4e13e]-HelperThread-#0" daemon [_thread_blocked, id=720, stack(0x0000000035390000,0x0000000035490000)]
  0x0000000023ee9800 JavaThread "C3P0PooledConnectionPoolManager[identityToken->1bqoq4ia019tw4ab1qq96eo|1be4e13e]-AdminTaskTimer" daemon [_thread_blocked, id=8920, stack(0x0000000035290000,0x0000000035390000)]
  0x0000000023ee9000 JavaThread "Abandoned connection cleanup thread" daemon [_thread_blocked, id=9596, stack(0x0000000034f90000,0x0000000035090000)]
  0x0000000023eeb000 JavaThread "URL-Loader-20" daemon [_thread_blocked, id=2684, stack(0x000000002cdc0000,0x000000002cec0000)]
  0x0000000023eea800 JavaThread "URL-Loader-19" daemon [_thread_blocked, id=12588, stack(0x000000002ccc0000,0x000000002cdc0000)]
  0x0000000023ee8000 JavaThread "URL-Loader-18" daemon [_thread_blocked, id=7056, stack(0x000000002baf0000,0x000000002bbf0000)]
  0x0000000023ee3800 JavaThread "URL-Loader-17" daemon [_thread_blocked, id=4744, stack(0x000000002b9f0000,0x000000002baf0000)]
  0x0000000023ee6000 JavaThread "URL-Loader-16" daemon [_thread_blocked, id=7716, stack(0x000000002b8f0000,0x000000002b9f0000)]
  0x0000000023ee7800 JavaThread "URL-Loader-15" daemon [_thread_blocked, id=10900, stack(0x000000002b4f0000,0x000000002b5f0000)]
  0x0000000023ee1800 JavaThread "URL-Loader-14" daemon [_thread_blocked, id=14260, stack(0x000000002b2f0000,0x000000002b3f0000)]
  0x0000000023ee6800 JavaThread "URL-Loader-13" daemon [_thread_blocked, id=13524, stack(0x000000002b1f0000,0x000000002b2f0000)]
  0x0000000023ee3000 JavaThread "URL-Loader-12" daemon [_thread_blocked, id=9520, stack(0x000000002b0f0000,0x000000002b1f0000)]
  0x0000000023ee4800 JavaThread "URL-Loader-11" daemon [_thread_blocked, id=144, stack(0x000000002aff0000,0x000000002b0f0000)]
  0x0000000023ee2000 JavaThread "URL-Loader-10" daemon [_thread_blocked, id=7592, stack(0x000000002aef0000,0x000000002aff0000)]
  0x0000000023df5800 JavaThread "Keep-Alive-Timer" daemon [_thread_blocked, id=10916, stack(0x000000002a3f0000,0x000000002a4f0000)]
  0x0000000023dfb000 JavaThread "URL-Loader-9" daemon [_thread_blocked, id=4672, stack(0x00000000273f0000,0x00000000274f0000)]
  0x0000000023dfa000 JavaThread "URL-Loader-8" daemon [_thread_blocked, id=11312, stack(0x00000000272f0000,0x00000000273f0000)]
  0x0000000023df5000 JavaThread "URL-Loader-7" daemon [_thread_blocked, id=10084, stack(0x00000000271f0000,0x00000000272f0000)]
  0x0000000023df8000 JavaThread "URL-Loader-6" daemon [_thread_blocked, id=3956, stack(0x00000000270f0000,0x00000000271f0000)]
  0x0000000023df9800 JavaThread "URL-Loader-5" daemon [_thread_blocked, id=12528, stack(0x0000000026ff0000,0x00000000270f0000)]
  0x0000000023df7000 JavaThread "URL-Loader-4" daemon [_thread_blocked, id=2440, stack(0x0000000026ef0000,0x0000000026ff0000)]
  0x0000000023df8800 JavaThread "URL-Loader-3" daemon [_thread_blocked, id=7892, stack(0x0000000026df0000,0x0000000026ef0000)]
  0x0000000023df6800 JavaThread "URL-Loader-2" daemon [_thread_blocked, id=3096, stack(0x0000000026cf0000,0x0000000026df0000)]
  0x0000000019e84800 JavaThread "URL-Loader-1" daemon [_thread_blocked, id=9240, stack(0x00000000248f0000,0x00000000249f0000)]
  0x0000000019d55000 JavaThread "Disposer" daemon [_thread_blocked, id=14176, stack(0x0000000023800000,0x0000000023900000)]
  0x0000000019d4c800 JavaThread "Prism Font Disposer" daemon [_thread_blocked, id=2872, stack(0x0000000022ec0000,0x0000000022fc0000)]
  0x000000001990c800 JavaThread "Thread-3" daemon [_thread_in_native, id=10220, stack(0x0000000020f40000,0x0000000021040000)]
  0x0000000019893000 JavaThread "JavaFX-Launcher" [_thread_blocked, id=12320, stack(0x0000000021040000,0x0000000021140000)]
  0x000000001957f800 JavaThread "JavaFX Application Thread" [_thread_in_vm, id=7476, stack(0x000000001a4f0000,0x000000001a5f0000)]
  0x000000001957a800 JavaThread "Thread-1" daemon [_thread_blocked, id=14148, stack(0x000000001a3f0000,0x000000001a4f0000)]
  0x0000000019552000 JavaThread "QuantumRenderer-0" daemon [_thread_blocked, id=9164, stack(0x000000001a080000,0x000000001a180000)]
  0x00000000191c3000 JavaThread "Service Thread" daemon [_thread_blocked, id=13272, stack(0x0000000019590000,0x0000000019690000)]
  0x000000001781b000 JavaThread "C1 CompilerThread2" daemon [_thread_in_native, id=5428, stack(0x0000000019090000,0x0000000019190000)]
=>0x0000000017816000 JavaThread "C2 CompilerThread1" daemon [_thread_in_native, id=7420, stack(0x0000000018f90000,0x0000000019090000)]
  0x0000000017812000 JavaThread "C2 CompilerThread0" daemon [_thread_in_native, id=8280, stack(0x0000000018e90000,0x0000000018f90000)]
  0x0000000017810800 JavaThread "Attach Listener" daemon [_thread_blocked, id=10608, stack(0x0000000018d90000,0x0000000018e90000)]
  0x000000001780f800 JavaThread "Signal Dispatcher" daemon [_thread_blocked, id=11076, stack(0x0000000018c90000,0x0000000018d90000)]
  0x00000000177fa800 JavaThread "Finalizer" daemon [_thread_blocked, id=5176, stack(0x0000000018a90000,0x0000000018b90000)]
  0x0000000002d34800 JavaThread "Reference Handler" daemon [_thread_blocked, id=12752, stack(0x0000000018990000,0x0000000018a90000)]
  0x0000000002c44000 JavaThread "main" [_thread_blocked, id=10244, stack(0x0000000002a80000,0x0000000002b80000)]

Other Threads:
  0x00000000177d8800 VMThread [stack: 0x0000000018890000,0x0000000018990000] [id=4960]
  0x000000001786d800 WatcherThread [stack: 0x0000000019690000,0x0000000019790000] [id=2748]

VM state:not at safepoint (normal execution)

VM Mutex/Monitor currently owned by a thread: None

Heap:
 PSYoungGen      total 111616K, used 76052K [0x00000000d6100000, 0x00000000df280000, 0x0000000100000000)
  eden space 86016K, 88% used [0x00000000d6100000,0x00000000dab45340,0x00000000db500000)
  from space 25600K, 0% used [0x00000000dcf00000,0x00000000dcf00000,0x00000000de800000)
  to   space 26624K, 0% used [0x00000000db500000,0x00000000db500000,0x00000000dcf00000)
 ParOldGen       total 131584K, used 46718K [0x0000000082200000, 0x000000008a280000, 0x00000000d6100000)
  object space 131584K, 35% used [0x0000000082200000,0x0000000084f9f850,0x000000008a280000)
 Metaspace       used 43957K, capacity 45882K, committed 46168K, reserved 1089536K
  class space    used 6097K, capacity 6438K, committed 6528K, reserved 1048576K

Card table byte_map: [0x0000000012100000,0x00000000124f0000] byte_map_base: 0x0000000011cef000

Marking Bits: (ParMarkBitMap*) 0x000000005a123e30
 Begin Bits: [0x0000000012b90000, 0x0000000014b08000)
 End Bits:   [0x0000000014b08000, 0x0000000016a80000)

Polling page: 0x00000000009a0000

CodeCache: size=245760Kb used=16407Kb max_used=16697Kb free=229352Kb
 bounds [0x0000000002d40000, 0x0000000003db0000, 0x0000000011d40000]
 total_blobs=6581 nmethods=5664 adapters=825
 compilation: enabled

Compilation events (10 events):
Event: 8.077 Thread 0x000000001781b000 6449       2       org.jboss.logging.Logger::isTraceEnabled (8 bytes)
Event: 8.078 Thread 0x000000001781b000 nmethod 6449 0x0000000003bc6fd0 code [0x0000000003bc7140, 0x0000000003bc72c8]
Event: 8.087 Thread 0x000000001781b000 6450       2       java.lang.reflect.Field::setFieldAccessor (34 bytes)
Event: 8.087 Thread 0x000000001781b000 nmethod 6450 0x0000000003bc6b10 code [0x0000000003bc6c80, 0x0000000003bc6ea8]
Event: 8.107 Thread 0x000000001781b000 6451       1       sun.util.locale.BaseLocale::getVariant (5 bytes)
Event: 8.107 Thread 0x000000001781b000 nmethod 6451 0x0000000003bc6850 code [0x0000000003bc69a0, 0x0000000003bc6ab0]
Event: 8.110 Thread 0x000000001781b000 6452       1       java.util.concurrent.ConcurrentHashMap$MapEntry::getKey (5 bytes)
Event: 8.110 Thread 0x000000001781b000 nmethod 6452 0x0000000003bc6590 code [0x0000000003bc66e0, 0x0000000003bc67f0]
Event: 8.110 Thread 0x000000001781b000 6453       1       java.util.concurrent.ConcurrentHashMap$MapEntry::getValue (5 bytes)
Event: 8.110 Thread 0x000000001781b000 nmethod 6453 0x0000000003bc62d0 code [0x0000000003bc6420, 0x0000000003bc6530]

GC Heap History (10 events):
Event: 4.425 GC heap before
{Heap before GC invocations=6 (full 1):
 PSYoungGen      total 49152K, used 49148K [0x00000000d6100000, 0x00000000d9680000, 0x0000000100000000)
  eden space 44032K, 100% used [0x00000000d6100000,0x00000000d8c00000,0x00000000d8c00000)
  from space 5120K, 99% used [0x00000000d9100000,0x00000000d95ff038,0x00000000d9600000)
  to   space 5120K, 0% used [0x00000000d8c00000,0x00000000d8c00000,0x00000000d9100000)
 ParOldGen       total 65024K, used 14716K [0x0000000082200000, 0x0000000086180000, 0x00000000d6100000)
  object space 65024K, 22% used [0x0000000082200000,0x000000008305f2a0,0x0000000086180000)
 Metaspace       used 27057K, capacity 28910K, committed 29056K, reserved 1075200K
  class space    used 3867K, capacity 4222K, committed 4224K, reserved 1048576K
Event: 4.438 GC heap after
Heap after GC invocations=6 (full 1):
 PSYoungGen      total 49152K, used 5120K [0x00000000d6100000, 0x00000000dbe80000, 0x0000000100000000)
  eden space 44032K, 0% used [0x00000000d6100000,0x00000000d6100000,0x00000000d8c00000)
  from space 5120K, 100% used [0x00000000d8c00000,0x00000000d9100000,0x00000000d9100000)
  to   space 16384K, 0% used [0x00000000dae80000,0x00000000dae80000,0x00000000dbe80000)
 ParOldGen       total 65024K, used 26872K [0x0000000082200000, 0x0000000086180000, 0x00000000d6100000)
  object space 65024K, 41% used [0x0000000082200000,0x0000000083c3e2d8,0x0000000086180000)
 Metaspace       used 27057K, capacity 28910K, committed 29056K, reserved 1075200K
  class space    used 3867K, capacity 4222K, committed 4224K, reserved 1048576K
}
Event: 4.873 GC heap before
{Heap before GC invocations=7 (full 1):
 PSYoungGen      total 49152K, used 49152K [0x00000000d6100000, 0x00000000dbe80000, 0x0000000100000000)
  eden space 44032K, 100% used [0x00000000d6100000,0x00000000d8c00000,0x00000000d8c00000)
  from space 5120K, 100% used [0x00000000d8c00000,0x00000000d9100000,0x00000000d9100000)
  to   space 16384K, 0% used [0x00000000dae80000,0x00000000dae80000,0x00000000dbe80000)
 ParOldGen       total 65024K, used 26872K [0x0000000082200000, 0x0000000086180000, 0x00000000d6100000)
  object space 65024K, 41% used [0x0000000082200000,0x0000000083c3e2d8,0x0000000086180000)
 Metaspace       used 28043K, capacity 29872K, committed 30208K, reserved 1075200K
  class space    used 3923K, capacity 4263K, committed 4352K, reserved 1048576K
Event: 4.888 GC heap after
Heap after GC invocations=7 (full 1):
 PSYoungGen      total 75776K, used 16361K [0x00000000d6100000, 0x00000000dc900000, 0x0000000100000000)
  eden space 59392K, 0% used [0x00000000d6100000,0x00000000d6100000,0x00000000d9b00000)
  from space 16384K, 99% used [0x00000000dae80000,0x00000000dbe7a630,0x00000000dbe80000)
  to   space 19968K, 0% used [0x00000000d9b00000,0x00000000d9b00000,0x00000000dae80000)
 ParOldGen       total 65024K, used 28214K [0x0000000082200000, 0x0000000086180000, 0x00000000d6100000)
  object space 65024K, 43% used [0x0000000082200000,0x0000000083d8da08,0x0000000086180000)
 Metaspace       used 28043K, capacity 29872K, committed 30208K, reserved 1075200K
  class space    used 3923K, capacity 4263K, committed 4352K, reserved 1048576K
}
Event: 6.819 GC heap before
{Heap before GC invocations=8 (full 1):
 PSYoungGen      total 75776K, used 75753K [0x00000000d6100000, 0x00000000dc900000, 0x0000000100000000)
  eden space 59392K, 100% used [0x00000000d6100000,0x00000000d9b00000,0x00000000d9b00000)
  from space 16384K, 99% used [0x00000000dae80000,0x00000000dbe7a630,0x00000000dbe80000)
  to   space 19968K, 0% used [0x00000000d9b00000,0x00000000d9b00000,0x00000000dae80000)
 ParOldGen       total 65024K, used 28214K [0x0000000082200000, 0x0000000086180000, 0x00000000d6100000)
  object space 65024K, 43% used [0x0000000082200000,0x0000000083d8da08,0x0000000086180000)
 Metaspace       used 31317K, capacity 33182K, committed 33408K, reserved 1077248K
  class space    used 4349K, capacity 4684K, committed 4736K, reserved 1048576K
Event: 6.835 GC heap after
Heap after GC invocations=8 (full 1):
 PSYoungGen      total 79360K, used 19958K [0x00000000d6100000, 0x00000000de800000, 0x0000000100000000)
  eden space 59392K, 0% used [0x00000000d6100000,0x00000000d6100000,0x00000000d9b00000)
  from space 19968K, 99% used [0x00000000d9b00000,0x00000000dae7d890,0x00000000dae80000)
  to   space 25600K, 0% used [0x00000000dcf00000,0x00000000dcf00000,0x00000000de800000)
 ParOldGen       total 65024K, used 32421K [0x0000000082200000, 0x0000000086180000, 0x00000000d6100000)
  object space 65024K, 49% used [0x0000000082200000,0x00000000841a97d0,0x0000000086180000)
 Metaspace       used 31317K, capacity 33182K, committed 33408K, reserved 1077248K
  class space    used 4349K, capacity 4684K, committed 4736K, reserved 1048576K
}
Event: 6.981 GC heap before
{Heap before GC invocations=9 (full 1):
 PSYoungGen      total 79360K, used 33132K [0x00000000d6100000, 0x00000000de800000, 0x0000000100000000)
  eden space 59392K, 22% used [0x00000000d6100000,0x00000000d6dddb40,0x00000000d9b00000)
  from space 19968K, 99% used [0x00000000d9b00000,0x00000000dae7d890,0x00000000dae80000)
  to   space 25600K, 0% used [0x00000000dcf00000,0x00000000dcf00000,0x00000000de800000)
 ParOldGen       total 65024K, used 32421K [0x0000000082200000, 0x0000000086180000, 0x00000000d6100000)
  object space 65024K, 49% used [0x0000000082200000,0x00000000841a97d0,0x0000000086180000)
 Metaspace       used 33399K, capacity 35240K, committed 35416K, reserved 1079296K
  class space    used 4675K, capacity 4979K, committed 4992K, reserved 1048576K
Event: 6.992 GC heap after
Heap after GC invocations=9 (full 1):
 PSYoungGen      total 111616K, used 18371K [0x00000000d6100000, 0x00000000df280000, 0x0000000100000000)
  eden space 86016K, 0% used [0x00000000d6100000,0x00000000d6100000,0x00000000db500000)
  from space 25600K, 71% used [0x00000000dcf00000,0x00000000de0f0c70,0x00000000de800000)
  to   space 26624K, 0% used [0x00000000db500000,0x00000000db500000,0x00000000dcf00000)
 ParOldGen       total 65024K, used 35302K [0x0000000082200000, 0x0000000086180000, 0x00000000d6100000)
  object space 65024K, 54% used [0x0000000082200000,0x0000000084479900,0x0000000086180000)
 Metaspace       used 33399K, capacity 35240K, committed 35416K, reserved 1079296K
  class space    used 4675K, capacity 4979K, committed 4992K, reserved 1048576K
}
Event: 6.992 GC heap before
{Heap before GC invocations=10 (full 2):
 PSYoungGen      total 111616K, used 18371K [0x00000000d6100000, 0x00000000df280000, 0x0000000100000000)
  eden space 86016K, 0% used [0x00000000d6100000,0x00000000d6100000,0x00000000db500000)
  from space 25600K, 71% used [0x00000000dcf00000,0x00000000de0f0c70,0x00000000de800000)
  to   space 26624K, 0% used [0x00000000db500000,0x00000000db500000,0x00000000dcf00000)
 ParOldGen       total 65024K, used 35302K [0x0000000082200000, 0x0000000086180000, 0x00000000d6100000)
  object space 65024K, 54% used [0x0000000082200000,0x0000000084479900,0x0000000086180000)
 Metaspace       used 33399K, capacity 35240K, committed 35416K, reserved 1079296K
  class space    used 4675K, capacity 4979K, committed 4992K, reserved 1048576K
Event: 7.085 GC heap after
Heap after GC invocations=10 (full 2):
 PSYoungGen      total 111616K, used 0K [0x00000000d6100000, 0x00000000df280000, 0x0000000100000000)
  eden space 86016K, 0% used [0x00000000d6100000,0x00000000d6100000,0x00000000db500000)
  from space 25600K, 0% used [0x00000000dcf00000,0x00000000dcf00000,0x00000000de800000)
  to   space 26624K, 0% used [0x00000000db500000,0x00000000db500000,0x00000000dcf00000)
 ParOldGen       total 131584K, used 46718K [0x0000000082200000, 0x000000008a280000, 0x00000000d6100000)
  object space 131584K, 35% used [0x0000000082200000,0x0000000084f9f850,0x000000008a280000)
 Metaspace       used 33399K, capacity 35240K, committed 35416K, reserved 1079296K
  class space    used 4675K, capacity 4979K, committed 4992K, reserved 1048576K
}

Deoptimization events (10 events):
Event: 7.534 Thread 0x0000000023eec000 Uncommon trap: reason=unstable_if action=reinterpret pc=0x00000000032e3308 method=java.lang.StrictMath.floorOrCeil(DDDD)D @ 24
Event: 7.534 Thread 0x0000000023ee5000 Uncommon trap: reason=unstable_if action=reinterpret pc=0x0000000002e541a8 method=java.lang.StrictMath.floorOrCeil(DDDD)D @ 24
Event: 7.534 Thread 0x0000000023eec000 Uncommon trap: reason=unstable_if action=reinterpret pc=0x0000000002e541a8 method=java.lang.StrictMath.floorOrCeil(DDDD)D @ 24
Event: 7.592 Thread 0x000000001957f800 Uncommon trap: reason=class_check action=maybe_recompile pc=0x00000000039e766c method=java.util.regex.Matcher.search(I)Z @ 86
Event: 7.592 Thread 0x000000001957f800 Uncommon trap: reason=class_check action=maybe_recompile pc=0x00000000039e766c method=java.util.regex.Matcher.search(I)Z @ 86
Event: 7.592 Thread 0x000000001957f800 Uncommon trap: reason=class_check action=maybe_recompile pc=0x00000000039e766c method=java.util.regex.Matcher.search(I)Z @ 86
Event: 7.592 Thread 0x000000001957f800 Uncommon trap: reason=class_check action=maybe_recompile pc=0x00000000039e766c method=java.util.regex.Matcher.search(I)Z @ 86
Event: 7.592 Thread 0x000000001957f800 Uncommon trap: reason=class_check action=maybe_recompile pc=0x00000000034472c4 method=java.util.regex.Matcher.search(I)Z @ 86
Event: 7.665 Thread 0x000000001957f800 Uncommon trap: reason=unstable_if action=reinterpret pc=0x0000000003d1d88c method=java.lang.String$CaseInsensitiveComparator.compare(Ljava/lang/String;Ljava/lang/String;)I @ 70
Event: 8.055 Thread 0x000000001957f800 Uncommon trap: reason=unstable_if action=reinterpret pc=0x000000000356b7f8 method=java.util.HashMap$HashIterator.<init>(Ljava/util/HashMap;)V @ 45

Classes redefined (0 events):
No events

Internal exceptions (10 events):
Event: 7.448 Thread 0x000000001957f800 Exception <a 'java/lang/ClassNotFoundException': java/lang/ObjectCustomizer> (0x00000000d7eac450) thrown at [C:\re\workspace\8-2-build-windows-amd64-cygwin\jdk8u191\11896\hotspot\src\share\vm\classfile\systemDictionary.cpp, line 210]
Event: 7.449 Thread 0x000000001957f800 Exception <a 'java/lang/ClassNotFoundException': com/mchange/v2/c3p0/impl/AbstractIdentityTokenizedCustomizer> (0x00000000d7ec1cf8) thrown at [C:\re\workspace\8-2-build-windows-amd64-cygwin\jdk8u191\11896\hotspot\src\share\vm\classfile\systemDictionary.cp
Event: 7.449 Thread 0x000000001957f800 Exception <a 'java/lang/ClassNotFoundException': com/mchange/v2/c3p0/impl/IdentityTokenResolvableCustomizer> (0x00000000d7ed45a8) thrown at [C:\re\workspace\8-2-build-windows-amd64-cygwin\jdk8u191\11896\hotspot\src\share\vm\classfile\systemDictionary.cpp,
Event: 7.449 Thread 0x000000001957f800 Exception <a 'java/lang/ClassNotFoundException': com/mchange/v2/c3p0/impl/WrapperConnectionPoolDataSourceBaseCustomizer> (0x00000000d7ee85d0) thrown at [C:\re\workspace\8-2-build-windows-amd64-cygwin\jdk8u191\11896\hotspot\src\share\vm\classfile\systemDic
Event: 7.450 Thread 0x000000001957f800 Exception <a 'java/lang/ClassNotFoundException': com/mchange/v2/c3p0/WrapperConnectionPoolDataSourceCustomizer> (0x00000000d7f6c920) thrown at [C:\re\workspace\8-2-build-windows-amd64-cygwin\jdk8u191\11896\hotspot\src\share\vm\classfile\systemDictionary.c
Event: 7.451 Thread 0x000000001957f800 Exception <a 'java/lang/ClassNotFoundException': com/mchange/v2/c3p0/DriverManagerDataSourceBeanInfo> (0x00000000d7f8df98) thrown at [C:\re\workspace\8-2-build-windows-amd64-cygwin\jdk8u191\11896\hotspot\src\share\vm\classfile\systemDictionary.cpp, line 2
Event: 7.451 Thread 0x000000001957f800 Exception <a 'java/lang/ClassNotFoundException': com/mchange/v2/c3p0/impl/DriverManagerDataSourceBaseBeanInfo> (0x00000000d7f9ed98) thrown at [C:\re\workspace\8-2-build-windows-amd64-cygwin\jdk8u191\11896\hotspot\src\share\vm\classfile\systemDictionary.cp
Event: 7.452 Thread 0x000000001957f800 Exception <a 'java/lang/ClassNotFoundException': com/mchange/v2/c3p0/impl/DriverManagerDataSourceBaseCustomizer> (0x00000000d7faff40) thrown at [C:\re\workspace\8-2-build-windows-amd64-cygwin\jdk8u191\11896\hotspot\src\share\vm\classfile\systemDictionary.
Event: 7.452 Thread 0x000000001957f800 Exception <a 'java/lang/ClassNotFoundException': com/mchange/v2/c3p0/DriverManagerDataSourceCustomizer> (0x00000000d7fda920) thrown at [C:\re\workspace\8-2-build-windows-amd64-cygwin\jdk8u191\11896\hotspot\src\share\vm\classfile\systemDictionary.cpp, line
Event: 7.602 Thread 0x000000001957f800 Exception <a 'java/lang/NullPointerException'> (0x00000000d8b69148) thrown at [C:\re\workspace\8-2-build-windows-amd64-cygwin\jdk8u191\11896\hotspot\src\share\vm\runtime\reflection.cpp, line 922]

Events (10 events):
Event: 8.116 loading class org/hibernate/engine/query/spi/ParameterMetadata
Event: 8.116 loading class org/hibernate/engine/query/spi/ParameterMetadata done
Event: 8.117 loading class org/hibernate/engine/query/spi/sql/NativeSQLQuerySpecification
Event: 8.117 loading class org/hibernate/engine/query/spi/sql/NativeSQLQuerySpecification done
Event: 8.117 loading class org/hibernate/engine/query/spi/NativeSQLQueryPlan
Event: 8.117 loading class org/hibernate/engine/query/spi/NativeSQLQueryPlan done
Event: 8.117 loading class org/hibernate/internal/SessionFactoryImpl$1IntegratorObserver
Event: 8.117 loading class org/hibernate/internal/SessionFactoryImpl$1IntegratorObserver done
Event: 8.117 loading class org/hibernate/cfg/beanvalidation/ValidationMode
Event: 8.117 loading class org/hibernate/cfg/beanvalidation/ValidationMode done


Dynamic libraries:
0x00007ff67a640000 - 0x00007ff67a677000 	C:\Program Files\Java\jre1.8.0_191\bin\javaw.exe
0x00007ffcfaa30000 - 0x00007ffcfac0b000 	C:\Windows\SYSTEM32\ntdll.dll
0x00007ffcfa810000 - 0x00007ffcfa8be000 	C:\Windows\System32\KERNEL32.DLL
0x00007ffcf6fb0000 - 0x00007ffcf71fa000 	C:\Windows\System32\KERNELBASE.dll
0x00007ffcf9e40000 - 0x00007ffcf9ee1000 	C:\Windows\System32\ADVAPI32.dll
0x00007ffcfa4d0000 - 0x00007ffcfa56d000 	C:\Windows\System32\msvcrt.dll
0x00007ffcf9f30000 - 0x00007ffcf9f89000 	C:\Windows\System32\sechost.dll
0x00007ffcf7f90000 - 0x00007ffcf80b5000 	C:\Windows\System32\RPCRT4.dll
0x00007ffcfa570000 - 0x00007ffcfa6ba000 	C:\Windows\System32\USER32.dll
0x00007ffcf7e20000 - 0x00007ffcf7e3e000 	C:\Windows\System32\win32u.dll
0x00007ffcfa4a0000 - 0x00007ffcfa4c7000 	C:\Windows\System32\GDI32.dll
0x00007ffcf7ac0000 - 0x00007ffcf7c48000 	C:\Windows\System32\gdi32full.dll
0x00007ffcf7e40000 - 0x00007ffcf7eda000 	C:\Windows\System32\msvcp_win.dll
0x00007ffcf7970000 - 0x00007ffcf7a66000 	C:\Windows\System32\ucrtbase.dll
0x00007ffceb7c0000 - 0x00007ffceba27000 	C:\Windows\WinSxS\amd64_microsoft.windows.common-controls_6595b64144ccf1df_6.0.15063.1155_none_40c7922129a7722b\COMCTL32.dll
0x00007ffcfa1a0000 - 0x00007ffcfa499000 	C:\Windows\System32\combase.dll
0x00007ffcf7200000 - 0x00007ffcf726a000 	C:\Windows\System32\bcryptPrimitives.dll
0x00007ffcf9f00000 - 0x00007ffcf9f2d000 	C:\Windows\System32\IMM32.DLL
0x00007ffcdccc0000 - 0x00007ffcdcd6f000 	C:\Program Files\McAfee\Endpoint Security\Threat Prevention\Ips\EpMPApi.dll
0x00007ffcf6f50000 - 0x00007ffcf6fa7000 	C:\Windows\System32\WINTRUST.dll
0x00007ffcf6ea0000 - 0x00007ffcf6eb1000 	C:\Windows\System32\MSASN1.dll
0x00007ffcf7c50000 - 0x00007ffcf7e19000 	C:\Windows\System32\CRYPT32.dll
0x000000005a3b0000 - 0x000000005a3bc000 	C:\Program Files\McAfee\Endpoint Security\Threat Prevention\Ips\EpMPThe.dll
0x0000000059730000 - 0x0000000059802000 	C:\Program Files\Java\jre1.8.0_191\bin\msvcr100.dll
0x0000000059900000 - 0x000000005a1a4000 	C:\Program Files\Java\jre1.8.0_191\bin\server\jvm.dll
0x00007ffcfa190000 - 0x00007ffcfa198000 	C:\Windows\System32\PSAPI.DLL
0x00007ffce5250000 - 0x00007ffce5259000 	C:\Windows\SYSTEM32\WSOCK32.dll
0x00007ffcf5180000 - 0x00007ffcf51a3000 	C:\Windows\SYSTEM32\WINMM.dll
0x00007ffcf88f0000 - 0x00007ffcf895c000 	C:\Windows\System32\WS2_32.dll
0x00007ffcf5150000 - 0x00007ffcf517b000 	C:\Windows\SYSTEM32\WINMMBASE.dll
0x00007ffcf7a70000 - 0x00007ffcf7ab9000 	C:\Windows\System32\cfgmgr32.dll
0x00007ffce6420000 - 0x00007ffce642a000 	C:\Windows\SYSTEM32\VERSION.dll
0x00000000598f0000 - 0x00000000598ff000 	C:\Program Files\Java\jre1.8.0_191\bin\verify.dll
0x00000000598c0000 - 0x00000000598e9000 	C:\Program Files\Java\jre1.8.0_191\bin\java.dll
0x00000000598a0000 - 0x00000000598b6000 	C:\Program Files\Java\jre1.8.0_191\bin\zip.dll
0x00007ffcf8960000 - 0x00007ffcf9d98000 	C:\Windows\System32\SHELL32.dll
0x00007ffcf8690000 - 0x00007ffcf873a000 	C:\Windows\System32\shcore.dll
0x00007ffcf7270000 - 0x00007ffcf7961000 	C:\Windows\System32\windows.storage.dll
0x00007ffcf9f90000 - 0x00007ffcf9fe1000 	C:\Windows\System32\shlwapi.dll
0x00007ffcf6f30000 - 0x00007ffcf6f41000 	C:\Windows\System32\kernel.appcore.dll
0x00007ffcf6ee0000 - 0x00007ffcf6f2c000 	C:\Windows\System32\powrprof.dll
0x00007ffcf6ec0000 - 0x00007ffcf6ed5000 	C:\Windows\System32\profapi.dll
0x0000000000db0000 - 0x0000000000db3000 	C:\Program Files\Java\jre1.8.0_191\bin\api-ms-win-core-console-l1-1-0.dll
0x00000000029a0000 - 0x00000000029a3000 	C:\Program Files\Java\jre1.8.0_191\bin\api-ms-win-core-datetime-l1-1-0.dll
0x00000000029b0000 - 0x00000000029b3000 	C:\Program Files\Java\jre1.8.0_191\bin\api-ms-win-core-debug-l1-1-0.dll
0x00000000029c0000 - 0x00000000029c3000 	C:\Program Files\Java\jre1.8.0_191\bin\api-ms-win-core-errorhandling-l1-1-0.dll
0x00000000029d0000 - 0x00000000029d4000 	C:\Program Files\Java\jre1.8.0_191\bin\api-ms-win-core-file-l1-1-0.dll
0x00000000029e0000 - 0x00000000029e3000 	C:\Program Files\Java\jre1.8.0_191\bin\api-ms-win-core-file-l1-2-0.dll
0x00000000029f0000 - 0x00000000029f3000 	C:\Program Files\Java\jre1.8.0_191\bin\api-ms-win-core-file-l2-1-0.dll
0x0000000002a00000 - 0x0000000002a03000 	C:\Program Files\Java\jre1.8.0_191\bin\api-ms-win-core-handle-l1-1-0.dll
0x0000000002a10000 - 0x0000000002a13000 	C:\Program Files\Java\jre1.8.0_191\bin\api-ms-win-core-heap-l1-1-0.dll
0x0000000002a20000 - 0x0000000002a23000 	C:\Program Files\Java\jre1.8.0_191\bin\api-ms-win-core-interlocked-l1-1-0.dll
0x0000000002a30000 - 0x0000000002a33000 	C:\Program Files\Java\jre1.8.0_191\bin\api-ms-win-core-libraryloader-l1-1-0.dll
0x0000000002a40000 - 0x0000000002a43000 	C:\Program Files\Java\jre1.8.0_191\bin\api-ms-win-core-localization-l1-2-0.dll
0x0000000002a50000 - 0x0000000002a53000 	C:\Program Files\Java\jre1.8.0_191\bin\api-ms-win-core-memory-l1-1-0.dll
0x0000000002a60000 - 0x0000000002a63000 	C:\Program Files\Java\jre1.8.0_191\bin\api-ms-win-core-namedpipe-l1-1-0.dll
0x0000000002b80000 - 0x0000000002b83000 	C:\Program Files\Java\jre1.8.0_191\bin\api-ms-win-core-processenvironment-l1-1-0.dll
0x0000000002b90000 - 0x0000000002b93000 	C:\Program Files\Java\jre1.8.0_191\bin\api-ms-win-core-processthreads-l1-1-0.dll
0x0000000002ba0000 - 0x0000000002ba3000 	C:\Program Files\Java\jre1.8.0_191\bin\api-ms-win-core-processthreads-l1-1-1.dll
0x0000000002bb0000 - 0x0000000002bb3000 	C:\Program Files\Java\jre1.8.0_191\bin\api-ms-win-core-profile-l1-1-0.dll
0x0000000002bc0000 - 0x0000000002bc3000 	C:\Program Files\Java\jre1.8.0_191\bin\api-ms-win-core-rtlsupport-l1-1-0.dll
0x0000000002bd0000 - 0x0000000002bd3000 	C:\Program Files\Java\jre1.8.0_191\bin\api-ms-win-core-string-l1-1-0.dll
0x0000000002be0000 - 0x0000000002be3000 	C:\Program Files\Java\jre1.8.0_191\bin\api-ms-win-core-synch-l1-1-0.dll
0x0000000002bf0000 - 0x0000000002bf3000 	C:\Program Files\Java\jre1.8.0_191\bin\api-ms-win-core-synch-l1-2-0.dll
0x0000000002c00000 - 0x0000000002c03000 	C:\Program Files\Java\jre1.8.0_191\bin\api-ms-win-core-sysinfo-l1-1-0.dll
0x0000000002c10000 - 0x0000000002c13000 	C:\Program Files\Java\jre1.8.0_191\bin\api-ms-win-core-timezone-l1-1-0.dll
0x0000000002c20000 - 0x0000000002c23000 	C:\Program Files\Java\jre1.8.0_191\bin\api-ms-win-core-util-l1-1-0.dll
0x0000000019790000 - 0x0000000019793000 	C:\Program Files\Java\jre1.8.0_191\bin\api-ms-win-crt-conio-l1-1-0.dll
0x00000000197a0000 - 0x00000000197a4000 	C:\Program Files\Java\jre1.8.0_191\bin\api-ms-win-crt-convert-l1-1-0.dll
0x00000000197b0000 - 0x00000000197b3000 	C:\Program Files\Java\jre1.8.0_191\bin\api-ms-win-crt-environment-l1-1-0.dll
0x00000000197c0000 - 0x00000000197c3000 	C:\Program Files\Java\jre1.8.0_191\bin\api-ms-win-crt-filesystem-l1-1-0.dll
0x00000000197d0000 - 0x00000000197d3000 	C:\Program Files\Java\jre1.8.0_191\bin\api-ms-win-crt-heap-l1-1-0.dll
0x00000000197e0000 - 0x00000000197e3000 	C:\Program Files\Java\jre1.8.0_191\bin\api-ms-win-crt-locale-l1-1-0.dll
0x00000000197f0000 - 0x00000000197f5000 	C:\Program Files\Java\jre1.8.0_191\bin\api-ms-win-crt-math-l1-1-0.dll
0x0000000019800000 - 0x0000000019805000 	C:\Program Files\Java\jre1.8.0_191\bin\api-ms-win-crt-multibyte-l1-1-0.dll
0x0000000019810000 - 0x0000000019820000 	C:\Program Files\Java\jre1.8.0_191\bin\api-ms-win-crt-private-l1-1-0.dll
0x0000000019820000 - 0x0000000019823000 	C:\Program Files\Java\jre1.8.0_191\bin\api-ms-win-crt-process-l1-1-0.dll
0x0000000019830000 - 0x0000000019834000 	C:\Program Files\Java\jre1.8.0_191\bin\api-ms-win-crt-runtime-l1-1-0.dll
0x0000000019840000 - 0x0000000019844000 	C:\Program Files\Java\jre1.8.0_191\bin\api-ms-win-crt-stdio-l1-1-0.dll
0x0000000019850000 - 0x0000000019854000 	C:\Program Files\Java\jre1.8.0_191\bin\api-ms-win-crt-string-l1-1-0.dll
0x0000000019860000 - 0x0000000019863000 	C:\Program Files\Java\jre1.8.0_191\bin\api-ms-win-crt-time-l1-1-0.dll
0x0000000019870000 - 0x0000000019873000 	C:\Program Files\Java\jre1.8.0_191\bin\api-ms-win-crt-utility-l1-1-0.dll
0x00007ffcc9ad0000 - 0x00007ffcc9bc6000 	C:\Program Files\Java\jre1.8.0_191\bin\ucrtbase.dll
0x00007ffcf5050000 - 0x00007ffcf5066000 	C:\Program Files\Java\jre1.8.0_191\bin\vcruntime140.dll
0x00007ffce2b80000 - 0x00007ffce2c1c000 	C:\Program Files\Java\jre1.8.0_191\bin\msvcp140.dll
0x00007ffcd3410000 - 0x00007ffcd3461000 	C:\Program Files\Java\jre1.8.0_191\bin\concrt140.dll
0x0000000059700000 - 0x0000000059723000 	C:\Program Files\Java\jre1.8.0_191\bin\prism_d3d.dll
0x00007ffcb32c0000 - 0x00007ffcb3449000 	C:\Windows\system32\d3d9.dll
0x00007ffcf50f0000 - 0x00007ffcf511a000 	C:\Windows\SYSTEM32\dwmapi.dll
0x00007ffcf53a0000 - 0x00007ffcf5435000 	C:\Windows\system32\uxtheme.dll
0x00007ffcc98f0000 - 0x00007ffcc9ac7000 	C:\Windows\System32\DriverStore\FileRepository\ki127171.inf_amd64_368f8c7337214025\igdumdim64.dll
0x00007ffc99560000 - 0x00007ffc9c55d000 	C:\Windows\System32\DriverStore\FileRepository\ki127171.inf_amd64_368f8c7337214025\igd9dxva64.dll
0x00007ffcfa6c0000 - 0x00007ffcfa805000 	C:\Windows\System32\ole32.dll
0x00007ffcf87a0000 - 0x00007ffcf8860000 	C:\Windows\System32\OLEAUT32.dll
0x00000000596b0000 - 0x00000000596f9000 	C:\Program Files\Java\jre1.8.0_191\bin\glass.dll
0x00007ffcf8500000 - 0x00007ffcf8608000 	C:\Windows\System32\COMDLG32.dll
0x000000001a5f0000 - 0x000000001a756000 	C:\Windows\System32\MSCTF.dll
0x00007ffcedb00000 - 0x00007ffcef895000 	C:\Windows\System32\DriverStore\FileRepository\ki127171.inf_amd64_368f8c7337214025\igc64.dll
0x0000000059690000 - 0x00000000596a4000 	C:\Program Files\Java\jre1.8.0_191\bin\javafx_font.dll
0x00007ffcd8330000 - 0x00007ffcd85ef000 	C:\Windows\SYSTEM32\dwrite.dll
0x0000000055fd0000 - 0x000000005968a000 	C:\Program Files\Java\jre1.8.0_191\bin\jfxwebkit.dll
0x00007ffcf68f0000 - 0x00007ffcf6907000 	C:\Windows\SYSTEM32\CRYPTSP.dll
0x00007ffcf6030000 - 0x00007ffcf6064000 	C:\Windows\system32\rsaenh.dll
0x00007ffcf6a60000 - 0x00007ffcf6a85000 	C:\Windows\SYSTEM32\bcrypt.dll
0x00007ffcf6910000 - 0x00007ffcf691b000 	C:\Windows\SYSTEM32\CRYPTBASE.dll
0x00007ffcf6dd0000 - 0x00007ffcf6df9000 	C:\Windows\SYSTEM32\USERENV.dll
0x0000000059880000 - 0x000000005989a000 	C:\Program Files\Java\jre1.8.0_191\bin\net.dll
0x00007ffcf6750000 - 0x00007ffcf67ac000 	C:\Windows\system32\mswsock.dll
0x00007ffcf64f0000 - 0x00007ffcf6527000 	C:\Windows\SYSTEM32\IPHLPAPI.DLL
0x00007ffcf9ef0000 - 0x00007ffcf9ef8000 	C:\Windows\System32\NSI.dll
0x00007ffcec590000 - 0x00007ffcec5a6000 	C:\Windows\SYSTEM32\dhcpcsvc6.DLL
0x00007ffcec570000 - 0x00007ffcec58a000 	C:\Windows\SYSTEM32\dhcpcsvc.DLL
0x0000000059860000 - 0x0000000059871000 	C:\Program Files\Java\jre1.8.0_191\bin\nio.dll
0x00007ffcf9da0000 - 0x00007ffcf9e3e000 	C:\Windows\System32\clbcatq.dll
0x00007ffcf1f60000 - 0x00007ffcf210c000 	C:\Windows\SYSTEM32\WindowsCodecs.dll
0x00007ffcddc00000 - 0x00007ffcddc47000 	C:\Windows\system32\dataexchange.dll
0x00007ffcf4820000 - 0x00007ffcf4943000 	C:\Windows\system32\dcomp.dll
0x00007ffcf3ea0000 - 0x00007ffcf417f000 	C:\Windows\system32\d3d11.dll
0x00007ffcf5b70000 - 0x00007ffcf5c14000 	C:\Windows\system32\dxgi.dll
0x00007ffcf5550000 - 0x00007ffcf56c0000 	C:\Windows\system32\twinapi.appcore.dll
0x00007ffcddb70000 - 0x00007ffcddba1000 	C:\Program Files\Common Files\Microsoft Shared\Ink\rtscom.dll
0x00007ffcef8a0000 - 0x00007ffcef921000 	C:\Windows\System32\TextInputFramework.dll
0x00007ffcf4730000 - 0x00007ffcf4814000 	C:\Windows\System32\CoreMessaging.dll
0x00007ffcf1b80000 - 0x00007ffcf1e53000 	C:\Windows\System32\CoreUIComponents.dll
0x00007ffcf5c20000 - 0x00007ffcf5c51000 	C:\Windows\SYSTEM32\ntmarta.dll
0x00007ffcf2ae0000 - 0x00007ffcf2c19000 	C:\Windows\SYSTEM32\wintypes.dll
0x00007ffcf4d70000 - 0x00007ffcf4d85000 	C:\Windows\SYSTEM32\usermgrcli.dll
0x0000000059830000 - 0x0000000059854000 	C:\Program Files\Java\jre1.8.0_191\bin\sunec.dll

VM Arguments:
jvm_args: -Dfile.encoding=UTF-8 
java_command: principal.Principal
java_class_path (initial): C:\Program Files\Java\jre1.8.0_191\lib\resources.jar;C:\Program Files\Java\jre1.8.0_191\lib\rt.jar;C:\Program Files\Java\jre1.8.0_191\lib\jsse.jar;C:\Program Files\Java\jre1.8.0_191\lib\jce.jar;C:\Program Files\Java\jre1.8.0_191\lib\charsets.jar;C:\Program Files\Java\jre1.8.0_191\lib\jfr.jar;C:\Program Files\Java\jre1.8.0_191\lib\ext\access-bridge-64.jar;C:\Program Files\Java\jre1.8.0_191\lib\ext\cldrdata.jar;C:\Program Files\Java\jre1.8.0_191\lib\ext\dnsns.jar;C:\Program Files\Java\jre1.8.0_191\lib\ext\jaccess.jar;C:\Program Files\Java\jre1.8.0_191\lib\ext\jfxrt.jar;C:\Program Files\Java\jre1.8.0_191\lib\ext\localedata.jar;C:\Program Files\Java\jre1.8.0_191\lib\ext\nashorn.jar;C:\Program Files\Java\jre1.8.0_191\lib\ext\sunec.jar;C:\Program Files\Java\jre1.8.0_191\lib\ext\sunjce_provider.jar;C:\Program Files\Java\jre1.8.0_191\lib\ext\sunmscapi.jar;C:\Program Files\Java\jre1.8.0_191\lib\ext\sunpkcs11.jar;C:\Program Files\Java\jre1.8.0_191\lib\ext\zipfs.jar;C:\Users\fabricio.barrozo\git\srh.adasa\target\classes;C:\Users\fabricio.barrozo\.m2\repository\com\vividsolutions\jts\1.13\jts-1.13.jar;C:\Users\fabricio.barrozo\.m2\repository\org\hibernate\hibernate-spatial\5.1.0.Final\hibernate-spatial-5.1.0.Final.jar;C:\Users\fabricio.barrozo\.m2\repository\org\hibernate\hibernate-core\5.1.0.Final\hibernate-core-5.1.0.Final.jar;C:\Users\fabricio.barrozo\.m2\repository\org\apache\geronimo\specs\geronimo-jta_1.1_spec\1.1.1\geronimo-jta_1.1_spec-1.1.1.jar;C:\Users\fabricio.barrozo\.m2\repository\org\jboss\jandex\2.0.0.Final\jandex-2.0.0.Final.jar;C:\Users\fabricio.barrozo\.m2\repository\com\fasterxml\classmate\1.3.0\classmate-1.3.0.jar;C:\Users\fabricio.barrozo\.m2\repository\org\postgresql\postgresql\9.4-1200-jdbc41\postgresql-9.4-1200-jdbc41.jar;C:\Users\fabricio.barrozo\.m2\repository\com\github\dblock\waffle\waffle-jna\1.7\waffle-jna-1.7.jar;C:\Users\fabricio.barrozo\.m2\repository\net\java\dev\jna\jna\4.1.0\jna-4.1.0.jar;C:\Users\fabricio.barrozo
Launcher Type: SUN_STANDARD

Environment Variables:
JAVA_HOME=C:\Program Files\Java\jdk1.8.0_191
PATH=C:/Program Files/Java/jre1.8.0_191/bin/server;C:/Program Files/Java/jre1.8.0_191/bin;C:/Program Files/Java/jre1.8.0_191/lib/amd64;C:\Program Files (x86)\Common Files\Oracle\Java\javapath;C:\ProgramData\Oracle\Java\javapath;C:\Program Files (x86)\Intel\iCLS Client\;C:\Program Files\Intel\iCLS Client\;C:\Windows\system32;C:\Windows;C:\Windows\System32\Wbem;C:\Windows\System32\WindowsPowerShell\v1.0\;C:\Program Files (x86)\Intel\Intel(R) Management Engine Components\DAL;C:\Program Files\Intel\Intel(R) Management Engine Components\DAL;C:\Program Files (x86)\Intel\Intel(R) Management Engine Components\IPT;C:\Program Files\Intel\Intel(R) Management Engine Components\IPT;C:\Program Files\Intel\WiFi\bin\;C:\Program Files\Common Files\Intel\WirelessCommon\;c:\Program Files\Microsoft SQL Server\110\Tools\Binn\;c:\Program Files (x86)\Microsoft SQL Server\110\Tools\Binn\ManagementStudio\;c:\Program Files (x86)\Microsoft SQL Server\110\Tools\Binn\;c:\Program Files (x86)\Microsoft SQL Server\110\DTS\Binn\;C:\apache-maven-3.6.0\bin;C:\Users\fabricio.barrozo\AppData\Local\Microsoft\WindowsApps;;C:\Windows\system32;
USERNAME=fabricio.barrozo
OS=Windows_NT
PROCESSOR_IDENTIFIER=Intel64 Family 6 Model 94 Stepping 3, GenuineIntel



---------------  S Y S T E M  ---------------

OS: Windows 10.0 , 64 bit Build 15063 (10.0.15063.1058)

CPU:total 4 (initial active 4) (4 cores per cpu, 1 threads per core) family 6 model 94 stepping 3, cmov, cx8, fxsr, mmx, sse, sse2, sse3, ssse3, sse4.1, sse4.2, popcnt, avx, avx2, aes, clmul, erms, rtm, 3dnowpref, lzcnt, tsc, tscinvbit, bmi1, bmi2, adx

Memory: 4k page, physical 8249056k(1201384k free), swap 10196704k(5912k free)

vm_info: Java HotSpot(TM) 64-Bit Server VM (25.191-b12) for windows-amd64 JRE (1.8.0_191-b12), built on Oct  6 2018 09:29:03 by "java_re" with MS VC++ 10.0 (VS2010)

time: Thu Jan 31 16:30:12 2019
elapsed time: 8 seconds (0d 0h 0m 8s)

