#
# There is insufficient memory for the Java Runtime Environment to continue.
# Native memory allocation (malloc) failed to allocate 65552 bytes for Chunk::new
# Possible reasons:
#   The system is out of physical RAM or swap space
#   In 32 bit mode, the process size limit was hit
# Possible solutions:
#   Reduce memory load on the system
#   Increase physical memory or swap space
#   Check if swap backing store is full
#   Use 64 bit Java on a 64 bit OS
#   Decrease Java heap size (-Xmx/-Xms)
#   Decrease number of Java threads
#   Decrease Java thread stack sizes (-Xss)
#   Set larger code cache with -XX:ReservedCodeCacheSize=
# This output file may be truncated or incomplete.
#
#  Out of Memory Error (allocation.cpp:390), pid=10276, tid=0x000000000000317c
#
# JRE version: Java(TM) SE Runtime Environment (8.0_181-b13) (build 1.8.0_181-b13)
# Java VM: Java HotSpot(TM) 64-Bit Server VM (25.181-b13 mixed mode windows-amd64 compressed oops)
# Failed to write core dump. Minidumps are not enabled by default on client versions of Windows
#

---------------  T H R E A D  ---------------

Current thread (0x00000000179ef800):  JavaThread "C2 CompilerThread0" daemon [_thread_in_native, id=12668, stack(0x000000001a490000,0x000000001a590000)]

Stack: [0x000000001a490000,0x000000001a590000]
[error occurred during error reporting (printing stack bounds), id 0xc0000005]

Native frames: (J=compiled Java code, j=interpreted, Vv=VM code, C=native code)


Current CompileTask:
C2:  39327 3141   !   4       java.util.concurrent.LinkedBlockingDeque::takeFirst (47 bytes)


---------------  P R O C E S S  ---------------

Java Threads: ( => current thread )
  0x00000000223ae800 JavaThread "Thread-9" daemon [_thread_in_native, id=4376, stack(0x0000000031080000,0x0000000031180000)]
  0x0000000021e34800 JavaThread "Disposer" daemon [_thread_blocked, id=7088, stack(0x0000000024520000,0x0000000024620000)]
  0x0000000021db7800 JavaThread "Prism Font Disposer" daemon [_thread_blocked, id=3556, stack(0x0000000023c20000,0x0000000023d20000)]
  0x000000001ab6f000 JavaThread "Thread-3" daemon [_thread_in_native, id=14048, stack(0x0000000022520000,0x0000000022620000)]
  0x000000001ab8b800 JavaThread "JavaFX-Launcher" [_thread_blocked, id=13536, stack(0x0000000022620000,0x0000000022720000)]
  0x000000001ab65800 JavaThread "JavaFX Application Thread" [_thread_in_native, id=520, stack(0x000000001b3f0000,0x000000001b4f0000)]
  0x000000001ab53000 JavaThread "Thread-1" daemon [_thread_blocked, id=3628, stack(0x000000001b2f0000,0x000000001b3f0000)]
  0x000000001ab22000 JavaThread "QuantumRenderer-0" daemon [_thread_blocked, id=11464, stack(0x000000001af80000,0x000000001b080000)]
  0x0000000017a4d800 JavaThread "Service Thread" daemon [_thread_blocked, id=14080, stack(0x000000001ab90000,0x000000001ac90000)]
  0x00000000179f5000 JavaThread "C1 CompilerThread2" daemon [_thread_blocked, id=12516, stack(0x000000001a690000,0x000000001a790000)]
  0x00000000179f2000 JavaThread "C2 CompilerThread1" daemon [_thread_in_native, id=4428, stack(0x000000001a590000,0x000000001a690000)]
=>0x00000000179ef800 JavaThread "C2 CompilerThread0" daemon [_thread_in_native, id=12668, stack(0x000000001a490000,0x000000001a590000)]
  0x00000000179f8800 JavaThread "Attach Listener" daemon [_thread_blocked, id=11692, stack(0x000000001a390000,0x000000001a490000)]
  0x00000000179f7800 JavaThread "Signal Dispatcher" daemon [_thread_blocked, id=7352, stack(0x000000001a290000,0x000000001a390000)]
  0x00000000179da000 JavaThread "Finalizer" daemon [_thread_blocked, id=2868, stack(0x0000000018c50000,0x0000000018d50000)]
  0x0000000002f13000 JavaThread "Reference Handler" daemon [_thread_blocked, id=13000, stack(0x0000000018b50000,0x0000000018c50000)]
  0x0000000002e1e800 JavaThread "main" [_thread_blocked, id=564, stack(0x0000000002cf0000,0x0000000002df0000)]

Other Threads:
  0x00000000179b7800 VMThread [stack: 0x0000000018a50000,0x0000000018b50000] [id=5176]
  0x000000001a7dc800 WatcherThread [stack: 0x000000001ac90000,0x000000001ad90000] [id=5668]

VM state:not at safepoint (normal execution)

VM Mutex/Monitor currently owned by a thread: None

Heap:
 PSYoungGen      total 138240K, used 83497K [0x00000000d6100000, 0x00000000e7a00000, 0x0000000100000000)
  eden space 131072K, 58% used [0x00000000d6100000,0x00000000dab8b2d0,0x00000000de100000)
  from space 7168K, 99% used [0x00000000de100000,0x00000000de7ff430,0x00000000de800000)
  to   space 12800K, 0% used [0x00000000e6d80000,0x00000000e6d80000,0x00000000e7a00000)
 ParOldGen       total 86016K, used 11982K [0x0000000082200000, 0x0000000087600000, 0x00000000d6100000)
  object space 86016K, 13% used [0x0000000082200000,0x0000000082db3b60,0x0000000087600000)
 Metaspace       used 20146K, capacity 20888K, committed 20992K, reserved 1067008K
  class space    used 2596K, capacity 2785K, committed 2816K, reserved 1048576K

Card table byte_map: [0x00000000122e0000,0x00000000126d0000] byte_map_base: 0x0000000011ecf000

Marking Bits: (ParMarkBitMap*) 0x0000000058e32d00
 Begin Bits: [0x0000000012d70000, 0x0000000014ce8000)
 End Bits:   [0x0000000014ce8000, 0x0000000016c60000)

Polling page: 0x0000000001430000

CodeCache: size=245760Kb used=9718Kb max_used=9734Kb free=236041Kb
 bounds [0x0000000002f20000, 0x00000000038b0000, 0x0000000011f20000]
 total_blobs=3886 nmethods=3127 adapters=671
 compilation: enabled

Compilation events (10 events):
Event: 28.448 Thread 0x00000000179f2000 nmethod 3136 0x00000000038a4a10 code [0x00000000038a4b60, 0x00000000038a4c58]
Event: 29.646 Thread 0x00000000179ef800 3137       4       java.lang.ref.ReferenceQueue$Lock::<init> (5 bytes)
Event: 29.646 Thread 0x00000000179ef800 nmethod 3137 0x00000000030498d0 code [0x0000000003049a00, 0x0000000003049a58]
Event: 30.766 Thread 0x00000000179f2000 3138       4       java.util.WeakHashMap::putAll (133 bytes)
Event: 30.818 Thread 0x00000000179f2000 nmethod 3138 0x00000000038a7a50 code [0x00000000038a7c20, 0x00000000038a9208]
Event: 38.190 Thread 0x00000000179ef800 3139       4       java.lang.Object::wait (6 bytes)
Event: 38.191 Thread 0x00000000179ef800 nmethod 3139 0x00000000038a77d0 code [0x00000000038a7920, 0x00000000038a79a8]
Event: 39.181 Thread 0x00000000179f2000 3140       4       com.sun.glass.ui.win.WinApplication::submitForLaterInvocation (6 bytes)
Event: 39.181 Thread 0x00000000179ef800 3141   !   4       java.util.concurrent.LinkedBlockingDeque::takeFirst (47 bytes)
Event: 39.182 Thread 0x00000000179f2000 nmethod 3140 0x00000000038a3010 code [0x00000000038a3160, 0x00000000038a31e8]

GC Heap History (10 events):
Event: 1.486 GC heap before
{Heap before GC invocations=3 (full 0):
 PSYoungGen      total 37888K, used 37839K [0x00000000d6100000, 0x00000000dab00000, 0x0000000100000000)
  eden space 32768K, 99% used [0x00000000d6100000,0x00000000d80f9a70,0x00000000d8100000)
  from space 5120K, 99% used [0x00000000d8600000,0x00000000d8afa2a0,0x00000000d8b00000)
  to   space 5120K, 0% used [0x00000000d8100000,0x00000000d8100000,0x00000000d8600000)
 ParOldGen       total 86016K, used 2055K [0x0000000082200000, 0x0000000087600000, 0x00000000d6100000)
  object space 86016K, 2% used [0x0000000082200000,0x0000000082401d90,0x0000000087600000)
 Metaspace       used 18000K, capacity 18636K, committed 18816K, reserved 1064960K
  class space    used 2411K, capacity 2589K, committed 2688K, reserved 1048576K
Event: 1.489 GC heap after
Heap after GC invocations=3 (full 0):
 PSYoungGen      total 37888K, used 5114K [0x00000000d6100000, 0x00000000dab00000, 0x0000000100000000)
  eden space 32768K, 0% used [0x00000000d6100000,0x00000000d6100000,0x00000000d8100000)
  from space 5120K, 99% used [0x00000000d8100000,0x00000000d85fe918,0x00000000d8600000)
  to   space 5120K, 0% used [0x00000000da600000,0x00000000da600000,0x00000000dab00000)
 ParOldGen       total 86016K, used 2127K [0x0000000082200000, 0x0000000087600000, 0x00000000d6100000)
  object space 86016K, 2% used [0x0000000082200000,0x0000000082413d90,0x0000000087600000)
 Metaspace       used 18000K, capacity 18636K, committed 18816K, reserved 1064960K
  class space    used 2411K, capacity 2589K, committed 2688K, reserved 1048576K
}
Event: 1.496 GC heap before
{Heap before GC invocations=4 (full 0):
 PSYoungGen      total 37888K, used 37775K [0x00000000d6100000, 0x00000000dab00000, 0x0000000100000000)
  eden space 32768K, 99% used [0x00000000d6100000,0x00000000d80e5560,0x00000000d8100000)
  from space 5120K, 99% used [0x00000000d8100000,0x00000000d85fe918,0x00000000d8600000)
  to   space 5120K, 0% used [0x00000000da600000,0x00000000da600000,0x00000000dab00000)
 ParOldGen       total 86016K, used 2127K [0x0000000082200000, 0x0000000087600000, 0x00000000d6100000)
  object space 86016K, 2% used [0x0000000082200000,0x0000000082413d90,0x0000000087600000)
 Metaspace       used 18000K, capacity 18636K, committed 18816K, reserved 1064960K
  class space    used 2411K, capacity 2589K, committed 2688K, reserved 1048576K
Event: 1.501 GC heap after
Heap after GC invocations=4 (full 0):
 PSYoungGen      total 70656K, used 5109K [0x00000000d6100000, 0x00000000dab00000, 0x0000000100000000)
  eden space 65536K, 0% used [0x00000000d6100000,0x00000000d6100000,0x00000000da100000)
  from space 5120K, 99% used [0x00000000da600000,0x00000000daafd5f0,0x00000000dab00000)
  to   space 5120K, 0% used [0x00000000da100000,0x00000000da100000,0x00000000da600000)
 ParOldGen       total 86016K, used 2207K [0x0000000082200000, 0x0000000087600000, 0x00000000d6100000)
  object space 86016K, 2% used [0x0000000082200000,0x0000000082427d90,0x0000000087600000)
 Metaspace       used 18000K, capacity 18636K, committed 18816K, reserved 1064960K
  class space    used 2411K, capacity 2589K, committed 2688K, reserved 1048576K
}
Event: 1.521 GC heap before
{Heap before GC invocations=5 (full 0):
 PSYoungGen      total 70656K, used 70574K [0x00000000d6100000, 0x00000000dab00000, 0x0000000100000000)
  eden space 65536K, 99% used [0x00000000d6100000,0x00000000da0ee260,0x00000000da100000)
  from space 5120K, 99% used [0x00000000da600000,0x00000000daafd5f0,0x00000000dab00000)
  to   space 5120K, 0% used [0x00000000da100000,0x00000000da100000,0x00000000da600000)
 ParOldGen       total 86016K, used 2207K [0x0000000082200000, 0x0000000087600000, 0x00000000d6100000)
  object space 86016K, 2% used [0x0000000082200000,0x0000000082427d90,0x0000000087600000)
 Metaspace       used 18000K, capacity 18636K, committed 18816K, reserved 1064960K
  class space    used 2411K, capacity 2589K, committed 2688K, reserved 1048576K
Event: 1.525 GC heap after
Heap after GC invocations=5 (full 0):
 PSYoungGen      total 70656K, used 5112K [0x00000000d6100000, 0x00000000def00000, 0x0000000100000000)
  eden space 65536K, 0% used [0x00000000d6100000,0x00000000d6100000,0x00000000da100000)
  from space 5120K, 99% used [0x00000000da100000,0x00000000da5fe340,0x00000000da600000)
  to   space 7168K, 0% used [0x00000000de800000,0x00000000de800000,0x00000000def00000)
 ParOldGen       total 86016K, used 2263K [0x0000000082200000, 0x0000000087600000, 0x00000000d6100000)
  object space 86016K, 2% used [0x0000000082200000,0x0000000082435d90,0x0000000087600000)
 Metaspace       used 18000K, capacity 18636K, committed 18816K, reserved 1064960K
  class space    used 2411K, capacity 2589K, committed 2688K, reserved 1048576K
}
Event: 1.537 GC heap before
{Heap before GC invocations=6 (full 0):
 PSYoungGen      total 70656K, used 70577K [0x00000000d6100000, 0x00000000def00000, 0x0000000100000000)
  eden space 65536K, 99% used [0x00000000d6100000,0x00000000da0ee378,0x00000000da100000)
  from space 5120K, 99% used [0x00000000da100000,0x00000000da5fe340,0x00000000da600000)
  to   space 7168K, 0% used [0x00000000de800000,0x00000000de800000,0x00000000def00000)
 ParOldGen       total 86016K, used 2263K [0x0000000082200000, 0x0000000087600000, 0x00000000d6100000)
  object space 86016K, 2% used [0x0000000082200000,0x0000000082435d90,0x0000000087600000)
 Metaspace       used 18001K, capacity 18636K, committed 18816K, reserved 1064960K
  class space    used 2411K, capacity 2589K, committed 2688K, reserved 1048576K
Event: 1.541 GC heap after
Heap after GC invocations=6 (full 0):
 PSYoungGen      total 138240K, used 5205K [0x00000000d6100000, 0x00000000def00000, 0x0000000100000000)
  eden space 131072K, 0% used [0x00000000d6100000,0x00000000d6100000,0x00000000de100000)
  from space 7168K, 72% used [0x00000000de800000,0x00000000ded15700,0x00000000def00000)
  to   space 7168K, 0% used [0x00000000de100000,0x00000000de100000,0x00000000de800000)
 ParOldGen       total 86016K, used 2263K [0x0000000082200000, 0x0000000087600000, 0x00000000d6100000)
  object space 86016K, 2% used [0x0000000082200000,0x0000000082435d90,0x0000000087600000)
 Metaspace       used 18001K, capacity 18636K, committed 18816K, reserved 1064960K
  class space    used 2411K, capacity 2589K, committed 2688K, reserved 1048576K
}
Event: 2.582 GC heap before
{Heap before GC invocations=7 (full 0):
 PSYoungGen      total 138240K, used 136196K [0x00000000d6100000, 0x00000000def00000, 0x0000000100000000)
  eden space 131072K, 99% used [0x00000000d6100000,0x00000000de0ebba8,0x00000000de100000)
  from space 7168K, 72% used [0x00000000de800000,0x00000000ded15700,0x00000000def00000)
  to   space 7168K, 0% used [0x00000000de100000,0x00000000de100000,0x00000000de800000)
 ParOldGen       total 86016K, used 2263K [0x0000000082200000, 0x0000000087600000, 0x00000000d6100000)
  object space 86016K, 2% used [0x0000000082200000,0x0000000082435d90,0x0000000087600000)
 Metaspace       used 19627K, capacity 20334K, committed 20480K, reserved 1067008K
  class space    used 2582K, capacity 2780K, committed 2816K, reserved 1048576K
Event: 2.590 GC heap after
Heap after GC invocations=7 (full 0):
 PSYoungGen      total 138240K, used 7165K [0x00000000d6100000, 0x00000000e7a00000, 0x0000000100000000)
  eden space 131072K, 0% used [0x00000000d6100000,0x00000000d6100000,0x00000000de100000)
  from space 7168K, 99% used [0x00000000de100000,0x00000000de7ff430,0x00000000de800000)
  to   space 12800K, 0% used [0x00000000e6d80000,0x00000000e6d80000,0x00000000e7a00000)
 ParOldGen       total 86016K, used 11982K [0x0000000082200000, 0x0000000087600000, 0x00000000d6100000)
  object space 86016K, 13% used [0x0000000082200000,0x0000000082db3b60,0x0000000087600000)
 Metaspace       used 19627K, capacity 20334K, committed 20480K, reserved 1067008K
  class space    used 2582K, capacity 2780K, committed 2816K, reserved 1048576K
}

Deoptimization events (10 events):
Event: 6.685 Thread 0x00000000223ee000 Uncommon trap: reason=class_check action=maybe_recompile pc=0x00000000036d3c6c method=java.io.SequenceInputStream.read()I @ 11
Event: 6.685 Thread 0x00000000223ee000 Uncommon trap: reason=class_check action=maybe_recompile pc=0x000000000349b8b0 method=java.io.FilterInputStream.read()I @ 4
Event: 6.685 Thread 0x00000000223ee000 Uncommon trap: reason=class_check action=maybe_recompile pc=0x00000000036d3c6c method=java.io.SequenceInputStream.read()I @ 11
Event: 6.685 Thread 0x00000000223ee000 Uncommon trap: reason=class_check action=maybe_recompile pc=0x000000000349b8b0 method=java.io.FilterInputStream.read()I @ 4
Event: 6.685 Thread 0x00000000223ee000 Uncommon trap: reason=class_check action=maybe_recompile pc=0x00000000036d3c6c method=java.io.SequenceInputStream.read()I @ 11
Event: 6.685 Thread 0x00000000223ee000 Uncommon trap: reason=class_check action=maybe_recompile pc=0x000000000349b8b0 method=java.io.FilterInputStream.read()I @ 4
Event: 6.766 Thread 0x000000001ab65800 Uncommon trap: reason=unstable_if action=reinterpret pc=0x00000000037b1de8 method=com.sun.javafx.image.impl.ByteBgra$ToByteBgraPreConv.doConvert([BII[BIIII)V @ 31
Event: 6.766 Thread 0x000000001ab65800 Uncommon trap: reason=unstable_if action=reinterpret pc=0x00000000037b5cbc method=com.sun.javafx.image.impl.BaseByteToByteConverter$FourByteReorderer.doConvert([BII[BIIII)V @ 31
Event: 6.867 Thread 0x00000000223ab800 Uncommon trap: reason=class_check action=maybe_recompile pc=0x00000000036d3c6c method=java.io.SequenceInputStream.read()I @ 11
Event: 6.867 Thread 0x00000000223ab800 Uncommon trap: reason=class_check action=maybe_recompile pc=0x000000000349b8b0 method=java.io.FilterInputStream.read()I @ 4

Classes redefined (0 events):
No events

Internal exceptions (10 events):
Event: 0.126 Thread 0x0000000002e1e800 Exception <a 'java/security/PrivilegedActionException'> (0x00000000d63c3420) thrown at [C:\re\workspace\8-2-build-windows-amd64-cygwin\jdk8u181\11358\hotspot\src\share\vm\prims\jvm.cpp, line 1435]
Event: 0.126 Thread 0x0000000002e1e800 Exception <a 'java/security/PrivilegedActionException'> (0x00000000d63c3630) thrown at [C:\re\workspace\8-2-build-windows-amd64-cygwin\jdk8u181\11358\hotspot\src\share\vm\prims\jvm.cpp, line 1435]
Event: 0.127 Thread 0x0000000002e1e800 Exception <a 'java/security/PrivilegedActionException'> (0x00000000d63c72a0) thrown at [C:\re\workspace\8-2-build-windows-amd64-cygwin\jdk8u181\11358\hotspot\src\share\vm\prims\jvm.cpp, line 1435]
Event: 0.127 Thread 0x0000000002e1e800 Exception <a 'java/security/PrivilegedActionException'> (0x00000000d63c74b0) thrown at [C:\re\workspace\8-2-build-windows-amd64-cygwin\jdk8u181\11358\hotspot\src\share\vm\prims\jvm.cpp, line 1435]
Event: 0.127 Thread 0x0000000002e1e800 Exception <a 'java/lang/NullPointerException'> (0x00000000d63c7a88) thrown at [C:\re\workspace\8-2-build-windows-amd64-cygwin\jdk8u181\11358\hotspot\src\share\vm\interpreter\linkResolver.cpp, line 1185]
Event: 0.364 Thread 0x000000001ab65800 Exception <a 'java/lang/NullPointerException'> (0x00000000d6ccde68) thrown at [C:\re\workspace\8-2-build-windows-amd64-cygwin\jdk8u181\11358\hotspot\src\share\vm\interpreter\linkResolver.cpp, line 1185]
Event: 0.364 Thread 0x000000001ab65800 Exception <a 'java/lang/NullPointerException'> (0x00000000d6ccde68) thrown at [C:\re\workspace\8-2-build-windows-amd64-cygwin\jdk8u181\11358\hotspot\src\share\vm\prims\jvm.cpp, line 1439]
Event: 0.575 Thread 0x000000001ab65800 Exception <a 'sun/nio/fs/WindowsException'> (0x00000000d75661e8) thrown at [C:\re\workspace\8-2-build-windows-amd64-cygwin\jdk8u181\11358\hotspot\src\share\vm\prims\jni.cpp, line 709]
Event: 0.594 Thread 0x000000001ab65800 Exception <a 'sun/nio/fs/WindowsException'> (0x00000000d7568018) thrown at [C:\re\workspace\8-2-build-windows-amd64-cygwin\jdk8u181\11358\hotspot\src\share\vm\prims\jni.cpp, line 709]
Event: 0.609 Thread 0x000000001ab65800 Implicit null exception at 0x000000000315ac16 to 0x000000000315afb1

Events (10 events):
Event: 18.456 Thread 0x00000000179ef800 flushing nmethod 0x000000000304a810
Event: 18.456 Thread 0x00000000179ef800 flushing nmethod 0x000000000304f8d0
Event: 21.698 Thread 0x00000000223a8000 Thread added: 0x00000000223a8000
Event: 21.698 Thread 0x00000000223a8000 Thread exited: 0x00000000223a8000
Event: 22.301 loading class java/util/WeakHashMap$1
Event: 22.301 loading class java/util/WeakHashMap$1 done
Event: 29.646 loading class java/lang/ref/ReferenceQueue$1
Event: 29.646 loading class java/lang/ref/ReferenceQueue$1 done
Event: 32.419 Thread 0x00000000223a7000 Thread added: 0x00000000223a7000
Event: 32.419 Thread 0x00000000223a7000 Thread exited: 0x00000000223a7000


Dynamic libraries:
0x00007ff6aa820000 - 0x00007ff6aa857000 	C:\Program Files\Java\jre1.8.0_181\bin\javaw.exe
0x00007ff96c520000 - 0x00007ff96c6fb000 	C:\Windows\SYSTEM32\ntdll.dll
0x00007ff96a550000 - 0x00007ff96a5fe000 	C:\Windows\System32\KERNEL32.DLL
0x00007ff968ca0000 - 0x00007ff968eea000 	C:\Windows\System32\KERNELBASE.dll
0x00007ff96a780000 - 0x00007ff96a821000 	C:\Windows\System32\ADVAPI32.dll
0x00007ff96a980000 - 0x00007ff96aa1d000 	C:\Windows\System32\msvcrt.dll
0x00007ff969bf0000 - 0x00007ff969c49000 	C:\Windows\System32\sechost.dll
0x00007ff96aa80000 - 0x00007ff96aba5000 	C:\Windows\System32\RPCRT4.dll
0x00007ff96a830000 - 0x00007ff96a97a000 	C:\Windows\System32\USER32.dll
0x00007ff968bd0000 - 0x00007ff968bee000 	C:\Windows\System32\win32u.dll
0x00007ff96af10000 - 0x00007ff96af37000 	C:\Windows\System32\GDI32.dll
0x00007ff968a40000 - 0x00007ff968bc8000 	C:\Windows\System32\gdi32full.dll
0x00007ff9695f0000 - 0x00007ff96968a000 	C:\Windows\System32\msvcp_win.dll
0x00007ff969980000 - 0x00007ff969a76000 	C:\Windows\System32\ucrtbase.dll
0x00007ff95bf60000 - 0x00007ff95c1c7000 	C:\Windows\WinSxS\amd64_microsoft.windows.common-controls_6595b64144ccf1df_6.0.15063.1155_none_40c7922129a7722b\COMCTL32.dll
0x00007ff969c70000 - 0x00007ff969f69000 	C:\Windows\System32\combase.dll
0x00007ff969690000 - 0x00007ff9696fa000 	C:\Windows\System32\bcryptPrimitives.dll
0x00007ff96af50000 - 0x00007ff96af7d000 	C:\Windows\System32\IMM32.DLL
0x00007ff947da0000 - 0x00007ff947e4f000 	C:\Program Files\McAfee\Endpoint Security\Threat Prevention\Ips\EpMPApi.dll
0x00007ff968c40000 - 0x00007ff968c97000 	C:\Windows\System32\WINTRUST.dll
0x00007ff9689e0000 - 0x00007ff9689f1000 	C:\Windows\System32\MSASN1.dll
0x00007ff9697b0000 - 0x00007ff969979000 	C:\Windows\System32\CRYPT32.dll
0x00000000591d0000 - 0x00000000591dc000 	C:\Program Files\McAfee\Endpoint Security\Threat Prevention\Ips\EpMPThe.dll
0x0000000058440000 - 0x0000000058512000 	C:\Program Files\Java\jre1.8.0_181\bin\msvcr100.dll
0x0000000058610000 - 0x0000000058eb2000 	C:\Program Files\Java\jre1.8.0_181\bin\server\jvm.dll
0x00007ff96af40000 - 0x00007ff96af48000 	C:\Windows\System32\PSAPI.DLL
0x00007ff954000000 - 0x00007ff954009000 	C:\Windows\SYSTEM32\WSOCK32.dll
0x00007ff96aea0000 - 0x00007ff96af0c000 	C:\Windows\System32\WS2_32.dll
0x00007ff966c70000 - 0x00007ff966c93000 	C:\Windows\SYSTEM32\WINMM.dll
0x00007ff9573f0000 - 0x00007ff9573fa000 	C:\Windows\SYSTEM32\VERSION.dll
0x00007ff966c40000 - 0x00007ff966c6b000 	C:\Windows\SYSTEM32\WINMMBASE.dll
0x00007ff968bf0000 - 0x00007ff968c39000 	C:\Windows\System32\cfgmgr32.dll
0x0000000058600000 - 0x000000005860f000 	C:\Program Files\Java\jre1.8.0_181\bin\verify.dll
0x00000000585d0000 - 0x00000000585f9000 	C:\Program Files\Java\jre1.8.0_181\bin\java.dll
0x00000000585b0000 - 0x00000000585c6000 	C:\Program Files\Java\jre1.8.0_181\bin\zip.dll
0x0000000018e50000 - 0x000000001a288000 	C:\Windows\System32\SHELL32.dll
0x00007ff96ad50000 - 0x00007ff96adfa000 	C:\Windows\System32\shcore.dll
0x00007ff968ef0000 - 0x00007ff9695e1000 	C:\Windows\System32\windows.storage.dll
0x00007ff96a600000 - 0x00007ff96a651000 	C:\Windows\System32\shlwapi.dll
0x00007ff968a00000 - 0x00007ff968a11000 	C:\Windows\System32\kernel.appcore.dll
0x00007ff968990000 - 0x00007ff9689dc000 	C:\Windows\System32\powrprof.dll
0x00007ff968a20000 - 0x00007ff968a35000 	C:\Windows\System32\profapi.dll
0x0000000002c70000 - 0x0000000002c73000 	C:\Program Files\Java\jre1.8.0_181\bin\api-ms-win-core-console-l1-1-0.dll
0x0000000002c80000 - 0x0000000002c83000 	C:\Program Files\Java\jre1.8.0_181\bin\api-ms-win-core-datetime-l1-1-0.dll
0x0000000002c90000 - 0x0000000002c93000 	C:\Program Files\Java\jre1.8.0_181\bin\api-ms-win-core-debug-l1-1-0.dll
0x0000000002ca0000 - 0x0000000002ca3000 	C:\Program Files\Java\jre1.8.0_181\bin\api-ms-win-core-errorhandling-l1-1-0.dll
0x0000000002cb0000 - 0x0000000002cb4000 	C:\Program Files\Java\jre1.8.0_181\bin\api-ms-win-core-file-l1-1-0.dll
0x0000000002cc0000 - 0x0000000002cc3000 	C:\Program Files\Java\jre1.8.0_181\bin\api-ms-win-core-file-l1-2-0.dll
0x0000000002cd0000 - 0x0000000002cd3000 	C:\Program Files\Java\jre1.8.0_181\bin\api-ms-win-core-file-l2-1-0.dll
0x0000000002df0000 - 0x0000000002df3000 	C:\Program Files\Java\jre1.8.0_181\bin\api-ms-win-core-handle-l1-1-0.dll
0x0000000002e00000 - 0x0000000002e03000 	C:\Program Files\Java\jre1.8.0_181\bin\api-ms-win-core-heap-l1-1-0.dll
0x000000001ad90000 - 0x000000001ad93000 	C:\Program Files\Java\jre1.8.0_181\bin\api-ms-win-core-interlocked-l1-1-0.dll
0x000000001ada0000 - 0x000000001ada3000 	C:\Program Files\Java\jre1.8.0_181\bin\api-ms-win-core-libraryloader-l1-1-0.dll
0x000000001adb0000 - 0x000000001adb3000 	C:\Program Files\Java\jre1.8.0_181\bin\api-ms-win-core-localization-l1-2-0.dll
0x000000001adc0000 - 0x000000001adc3000 	C:\Program Files\Java\jre1.8.0_181\bin\api-ms-win-core-memory-l1-1-0.dll
0x000000001add0000 - 0x000000001add3000 	C:\Program Files\Java\jre1.8.0_181\bin\api-ms-win-core-namedpipe-l1-1-0.dll
0x000000001ade0000 - 0x000000001ade3000 	C:\Program Files\Java\jre1.8.0_181\bin\api-ms-win-core-processenvironment-l1-1-0.dll
0x000000001adf0000 - 0x000000001adf3000 	C:\Program Files\Java\jre1.8.0_181\bin\api-ms-win-core-processthreads-l1-1-0.dll
0x000000001ae00000 - 0x000000001ae03000 	C:\Program Files\Java\jre1.8.0_181\bin\api-ms-win-core-processthreads-l1-1-1.dll
0x000000001ae10000 - 0x000000001ae13000 	C:\Program Files\Java\jre1.8.0_181\bin\api-ms-win-core-profile-l1-1-0.dll
0x000000001ae20000 - 0x000000001ae23000 	C:\Program Files\Java\jre1.8.0_181\bin\api-ms-win-core-rtlsupport-l1-1-0.dll
0x000000001ae30000 - 0x000000001ae33000 	C:\Program Files\Java\jre1.8.0_181\bin\api-ms-win-core-string-l1-1-0.dll
0x000000001ae40000 - 0x000000001ae43000 	C:\Program Files\Java\jre1.8.0_181\bin\api-ms-win-core-synch-l1-1-0.dll
0x000000001ae50000 - 0x000000001ae53000 	C:\Program Files\Java\jre1.8.0_181\bin\api-ms-win-core-synch-l1-2-0.dll
0x000000001ae60000 - 0x000000001ae63000 	C:\Program Files\Java\jre1.8.0_181\bin\api-ms-win-core-sysinfo-l1-1-0.dll
0x000000001ae70000 - 0x000000001ae73000 	C:\Program Files\Java\jre1.8.0_181\bin\api-ms-win-core-timezone-l1-1-0.dll
0x000000001ae80000 - 0x000000001ae83000 	C:\Program Files\Java\jre1.8.0_181\bin\api-ms-win-core-util-l1-1-0.dll
0x000000001ae90000 - 0x000000001ae93000 	C:\Program Files\Java\jre1.8.0_181\bin\api-ms-win-crt-conio-l1-1-0.dll
0x000000001aea0000 - 0x000000001aea4000 	C:\Program Files\Java\jre1.8.0_181\bin\api-ms-win-crt-convert-l1-1-0.dll
0x000000001aeb0000 - 0x000000001aeb3000 	C:\Program Files\Java\jre1.8.0_181\bin\api-ms-win-crt-environment-l1-1-0.dll
0x000000001aec0000 - 0x000000001aec3000 	C:\Program Files\Java\jre1.8.0_181\bin\api-ms-win-crt-filesystem-l1-1-0.dll
0x000000001aed0000 - 0x000000001aed3000 	C:\Program Files\Java\jre1.8.0_181\bin\api-ms-win-crt-heap-l1-1-0.dll
0x000000001aee0000 - 0x000000001aee3000 	C:\Program Files\Java\jre1.8.0_181\bin\api-ms-win-crt-locale-l1-1-0.dll
0x000000001aef0000 - 0x000000001aef5000 	C:\Program Files\Java\jre1.8.0_181\bin\api-ms-win-crt-math-l1-1-0.dll
0x000000001af00000 - 0x000000001af05000 	C:\Program Files\Java\jre1.8.0_181\bin\api-ms-win-crt-multibyte-l1-1-0.dll
0x000000001af10000 - 0x000000001af20000 	C:\Program Files\Java\jre1.8.0_181\bin\api-ms-win-crt-private-l1-1-0.dll
0x000000001af20000 - 0x000000001af23000 	C:\Program Files\Java\jre1.8.0_181\bin\api-ms-win-crt-process-l1-1-0.dll
0x000000001af30000 - 0x000000001af34000 	C:\Program Files\Java\jre1.8.0_181\bin\api-ms-win-crt-runtime-l1-1-0.dll
0x000000001af40000 - 0x000000001af44000 	C:\Program Files\Java\jre1.8.0_181\bin\api-ms-win-crt-stdio-l1-1-0.dll
0x000000001af50000 - 0x000000001af54000 	C:\Program Files\Java\jre1.8.0_181\bin\api-ms-win-crt-string-l1-1-0.dll
0x000000001af60000 - 0x000000001af63000 	C:\Program Files\Java\jre1.8.0_181\bin\api-ms-win-crt-time-l1-1-0.dll
0x000000001af70000 - 0x000000001af73000 	C:\Program Files\Java\jre1.8.0_181\bin\api-ms-win-crt-utility-l1-1-0.dll
0x00007ff9362e0000 - 0x00007ff9363d6000 	C:\Program Files\Java\jre1.8.0_181\bin\ucrtbase.dll
0x00007ff95c430000 - 0x00007ff95c446000 	C:\Program Files\Java\jre1.8.0_181\bin\vcruntime140.dll
0x00007ff95acf0000 - 0x00007ff95ad8c000 	C:\Program Files\Java\jre1.8.0_181\bin\msvcp140.dll
0x00007ff95abd0000 - 0x00007ff95ac21000 	C:\Program Files\Java\jre1.8.0_181\bin\concrt140.dll
0x0000000058410000 - 0x0000000058433000 	C:\Program Files\Java\jre1.8.0_181\bin\prism_d3d.dll
0x00007ff926270000 - 0x00007ff9263f9000 	C:\Windows\system32\d3d9.dll
0x00007ff966be0000 - 0x00007ff966c0a000 	C:\Windows\SYSTEM32\dwmapi.dll
0x00007ff966e90000 - 0x00007ff966f25000 	C:\Windows\system32\uxtheme.dll
0x00007ff915330000 - 0x00007ff915507000 	C:\Windows\System32\DriverStore\FileRepository\ki127171.inf_amd64_368f8c7337214025\igdumdim64.dll
0x00007ff9121f0000 - 0x00007ff9151ed000 	C:\Windows\System32\DriverStore\FileRepository\ki127171.inf_amd64_368f8c7337214025\igd9dxva64.dll
0x00007ff96af80000 - 0x00007ff96b0c5000 	C:\Windows\System32\ole32.dll
0x00007ff96a660000 - 0x00007ff96a720000 	C:\Windows\System32\OLEAUT32.dll
0x00000000583c0000 - 0x0000000058409000 	C:\Program Files\Java\jre1.8.0_181\bin\glass.dll
0x00007ff969f70000 - 0x00007ff96a078000 	C:\Windows\System32\COMDLG32.dll
0x00007ff969a80000 - 0x00007ff969be6000 	C:\Windows\System32\MSCTF.dll
0x00007ff960340000 - 0x00007ff9620d5000 	C:\Windows\System32\DriverStore\FileRepository\ki127171.inf_amd64_368f8c7337214025\igc64.dll
0x00000000552a0000 - 0x00000000583bd000 	C:\Program Files\Java\jre1.8.0_181\bin\jfxwebkit.dll
0x00007ff9683e0000 - 0x00007ff9683f7000 	C:\Windows\SYSTEM32\CRYPTSP.dll
0x00007ff967b20000 - 0x00007ff967b54000 	C:\Windows\system32\rsaenh.dll
0x00007ff968550000 - 0x00007ff968575000 	C:\Windows\SYSTEM32\bcrypt.dll
0x00007ff968400000 - 0x00007ff96840b000 	C:\Windows\SYSTEM32\CRYPTBASE.dll
0x0000000055280000 - 0x0000000055294000 	C:\Program Files\Java\jre1.8.0_181\bin\javafx_font.dll
0x00007ff95c970000 - 0x00007ff95cc2f000 	C:\Windows\SYSTEM32\dwrite.dll
0x0000000058590000 - 0x00000000585aa000 	C:\Program Files\Java\jre1.8.0_181\bin\net.dll
0x00007ff968240000 - 0x00007ff96829c000 	C:\Windows\system32\mswsock.dll
0x0000000058570000 - 0x0000000058581000 	C:\Program Files\Java\jre1.8.0_181\bin\nio.dll
0x0000000058540000 - 0x0000000058564000 	C:\Program Files\Java\jre1.8.0_181\bin\sunec.dll
0x00007ff96ae00000 - 0x00007ff96ae9e000 	C:\Windows\System32\clbcatq.dll
0x00007ff963dd0000 - 0x00007ff963f7c000 	C:\Windows\SYSTEM32\WindowsCodecs.dll
0x00007ff967fe0000 - 0x00007ff968017000 	C:\Windows\SYSTEM32\IPHLPAPI.DLL
0x00007ff96c510000 - 0x00007ff96c518000 	C:\Windows\System32\NSI.dll
0x00007ff963fc0000 - 0x00007ff963fd6000 	C:\Windows\SYSTEM32\dhcpcsvc6.DLL
0x00007ff963fa0000 - 0x00007ff963fba000 	C:\Windows\SYSTEM32\dhcpcsvc.DLL
0x00007ff93e790000 - 0x00007ff93e7d7000 	C:\Windows\system32\dataexchange.dll
0x00007ff965980000 - 0x00007ff965c5f000 	C:\Windows\system32\d3d11.dll
0x00007ff966310000 - 0x00007ff966433000 	C:\Windows\system32\dcomp.dll
0x00007ff9676a0000 - 0x00007ff967744000 	C:\Windows\system32\dxgi.dll
0x00007ff967140000 - 0x00007ff9672b0000 	C:\Windows\system32\twinapi.appcore.dll
0x00007ff95a980000 - 0x00007ff95a9b1000 	C:\Program Files\Common Files\Microsoft Shared\Ink\rtscom.dll
0x00007ff95e720000 - 0x00007ff95e7a1000 	C:\Windows\System32\TextInputFramework.dll
0x00007ff9639c0000 - 0x00007ff963c93000 	C:\Windows\System32\CoreUIComponents.dll
0x00007ff966220000 - 0x00007ff966304000 	C:\Windows\System32\CoreMessaging.dll
0x00007ff967610000 - 0x00007ff967641000 	C:\Windows\SYSTEM32\ntmarta.dll
0x00007ff964e70000 - 0x00007ff964fa9000 	C:\Windows\SYSTEM32\wintypes.dll
0x00007ff965390000 - 0x00007ff9653a5000 	C:\Windows\SYSTEM32\usermgrcli.dll
0x00007ff968890000 - 0x00007ff9688b9000 	C:\Windows\SYSTEM32\USERENV.dll

VM Arguments:
jvm_args: -Dfile.encoding=Cp1252 
java_command: com.fical.Main
java_class_path (initial): C:\Program Files\Java\jre1.8.0_181\lib\resources.jar;C:\Program Files\Java\jre1.8.0_181\lib\rt.jar;C:\Program Files\Java\jre1.8.0_181\lib\jsse.jar;C:\Program Files\Java\jre1.8.0_181\lib\jce.jar;C:\Program Files\Java\jre1.8.0_181\lib\charsets.jar;C:\Program Files\Java\jre1.8.0_181\lib\jfr.jar;C:\Program Files\Java\jre1.8.0_181\lib\ext\access-bridge-64.jar;C:\Program Files\Java\jre1.8.0_181\lib\ext\cldrdata.jar;C:\Program Files\Java\jre1.8.0_181\lib\ext\dnsns.jar;C:\Program Files\Java\jre1.8.0_181\lib\ext\jaccess.jar;C:\Program Files\Java\jre1.8.0_181\lib\ext\jfxrt.jar;C:\Program Files\Java\jre1.8.0_181\lib\ext\localedata.jar;C:\Program Files\Java\jre1.8.0_181\lib\ext\nashorn.jar;C:\Program Files\Java\jre1.8.0_181\lib\ext\sunec.jar;C:\Program Files\Java\jre1.8.0_181\lib\ext\sunjce_provider.jar;C:\Program Files\Java\jre1.8.0_181\lib\ext\sunmscapi.jar;C:\Program Files\Java\jre1.8.0_181\lib\ext\sunpkcs11.jar;C:\Program Files\Java\jre1.8.0_181\lib\ext\zipfs.jar;C:\Users\fabricio.barrozo\eclipse-workspace\com.fical\target\classes
Launcher Type: SUN_STANDARD

Environment Variables:
PATH=C:/Program Files/Java/jre1.8.0_181/bin/server;C:/Program Files/Java/jre1.8.0_181/bin;C:/Program Files/Java/jre1.8.0_181/lib/amd64;C:\Program Files (x86)\Common Files\Oracle\Java\javapath;C:\ProgramData\Oracle\Java\javapath;C:\Program Files (x86)\Intel\iCLS Client\;C:\Program Files\Intel\iCLS Client\;C:\Windows\system32;C:\Windows;C:\Windows\System32\Wbem;C:\Windows\System32\WindowsPowerShell\v1.0\;C:\Program Files (x86)\Intel\Intel(R) Management Engine Components\DAL;C:\Program Files\Intel\Intel(R) Management Engine Components\DAL;C:\Program Files (x86)\Intel\Intel(R) Management Engine Components\IPT;C:\Program Files\Intel\Intel(R) Management Engine Components\IPT;C:\Program Files\Intel\WiFi\bin\;C:\Program Files\Common Files\Intel\WirelessCommon\;c:\Program Files\Microsoft SQL Server\110\Tools\Binn\;c:\Program Files (x86)\Microsoft SQL Server\110\Tools\Binn\ManagementStudio\;c:\Program Files (x86)\Microsoft SQL Server\110\Tools\Binn\;c:\Program Files (x86)\Microsoft SQL Server\110\DTS\Binn\;C:\Users\fabricio.barrozo\AppData\Local\Microsoft\WindowsApps;;C:\Windows\system32;
USERNAME=fabricio.barrozo
OS=Windows_NT
PROCESSOR_IDENTIFIER=Intel64 Family 6 Model 94 Stepping 3, GenuineIntel



---------------  S Y S T E M  ---------------

OS: Windows 10.0 , 64 bit Build 15063 (10.0.15063.1058)

CPU:total 4 (initial active 4) (4 cores per cpu, 1 threads per core) family 6 model 94 stepping 3, cmov, cx8, fxsr, mmx, sse, sse2, sse3, ssse3, sse4.1, sse4.2, popcnt, avx, avx2, aes, clmul, erms, rtm, 3dnowpref, lzcnt, tsc, tscinvbit, bmi1, bmi2, adx

Memory: 4k page, physical 8249056k(986752k free), swap 10196704k(2588k free)

vm_info: Java HotSpot(TM) 64-Bit Server VM (25.181-b13) for windows-amd64 JRE (1.8.0_181-b13), built on Jul  7 2018 04:01:33 by "java_re" with MS VC++ 10.0 (VS2010)

time: Fri Sep 21 11:55:38 2018
elapsed time: 39 seconds (0d 0h 0m 39s)

