#
# There is insufficient memory for the Java Runtime Environment to continue.
# Native memory allocation (malloc) failed to allocate 1048576 bytes for AllocateHeap
# Possible reasons:
#   The system is out of physical RAM or swap space
#   In 32 bit mode, the process size limit was hit
# Possible solutions:
#   Reduce memory load on the system
#   Increase physical memory or swap space
#   Check if swap backing store is full
#   Use 64 bit Java on a 64 bit OS
#   Decrease Java heap size (-Xmx/-Xms)
#   Decrease number of Java threads
#   Decrease Java thread stack sizes (-Xss)
#   Set larger code cache with -XX:ReservedCodeCacheSize=
# This output file may be truncated or incomplete.
#
#  Out of Memory Error (memory/allocation.inline.hpp:61), pid=10872, tid=0x0000000000003928
#
# JRE version:  (8.0_181-b13) (build )
# Java VM: Java HotSpot(TM) 64-Bit Server VM (25.181-b13 mixed mode windows-amd64 compressed oops)
# Failed to write core dump. Minidumps are not enabled by default on client versions of Windows
#

---------------  T H R E A D  ---------------

Current thread (0x000000000225e800):  JavaThread "Unknown thread" [_thread_in_vm, id=14632, stack(0x0000000002340000,0x0000000002440000)]

Stack: [0x0000000002340000,0x0000000002440000]
[error occurred during error reporting (printing stack bounds), id 0xc0000005]

Native frames: (J=compiled Java code, j=interpreted, Vv=VM code, C=native code)


---------------  P R O C E S S  ---------------

Java Threads: ( => current thread )

Other Threads:

=>0x000000000225e800 (exited) JavaThread "Unknown thread" [_thread_in_vm, id=14632, stack(0x0000000002340000,0x0000000002440000)]

VM state:not at safepoint (normal execution)

VM Mutex/Monitor currently owned by a thread: None

Heap:
 PSYoungGen      total 37888K, used 655K [0x00000000d6100000, 0x00000000d8b00000, 0x0000000100000000)
  eden space 32768K, 2% used [0x00000000d6100000,0x00000000d61a3d80,0x00000000d8100000)
  from space 5120K, 0% used [0x00000000d8600000,0x00000000d8600000,0x00000000d8b00000)
  to   space 5120K, 0% used [0x00000000d8100000,0x00000000d8100000,0x00000000d8600000)
 ParOldGen       total 86016K, used 0K [0x0000000082200000, 0x0000000087600000, 0x00000000d6100000)
  object space 86016K, 0% used [0x0000000082200000,0x0000000082200000,0x0000000087600000)
 Metaspace       used 751K, capacity 4480K, committed 4480K, reserved 1056768K
  class space    used 76K, capacity 384K, committed 384K, reserved 1048576K

Card table byte_map: [0x00000000119a0000,0x0000000011d90000] byte_map_base: 0x000000001158f000

Marking Bits: (ParMarkBitMap*) 0x000000005b052d00
 Begin Bits: [0x0000000012430000, 0x00000000143a8000)
 End Bits:   [0x00000000143a8000, 0x0000000016320000)

Polling page: 0x00000000003c0000

CodeCache: size=245760Kb used=328Kb max_used=328Kb free=245431Kb
 bounds [0x00000000025e0000, 0x0000000002850000, 0x00000000115e0000]
 total_blobs=58 nmethods=0 adapters=38
 compilation: enabled

Compilation events (0 events):
No events

GC Heap History (0 events):
No events

Deoptimization events (0 events):
No events

Classes redefined (0 events):
No events

Internal exceptions (0 events):
No events

Events (10 events):
Event: 0.022 loading class java/lang/Short
Event: 0.022 loading class java/lang/Short done
Event: 0.022 loading class java/lang/Integer
Event: 0.022 loading class java/lang/Integer done
Event: 0.022 loading class java/lang/Long
Event: 0.022 loading class java/lang/Long done
Event: 0.023 loading class java/lang/NullPointerException
Event: 0.023 loading class java/lang/NullPointerException done
Event: 0.023 loading class java/lang/ArithmeticException
Event: 0.023 loading class java/lang/ArithmeticException done


Dynamic libraries:
0x00007ff7e6a30000 - 0x00007ff7e6a67000 	C:\Program Files\Java\jre1.8.0_181\bin\javaw.exe
0x00007ff875fd0000 - 0x00007ff8761ab000 	C:\Windows\SYSTEM32\ntdll.dll
0x00007ff875f20000 - 0x00007ff875fce000 	C:\Windows\System32\KERNEL32.DLL
0x00007ff872650000 - 0x00007ff87289a000 	C:\Windows\System32\KERNELBASE.dll
0x00007ff875050000 - 0x00007ff8750f1000 	C:\Windows\System32\ADVAPI32.dll
0x00007ff875830000 - 0x00007ff8758cd000 	C:\Windows\System32\msvcrt.dll
0x00007ff874c90000 - 0x00007ff874ce9000 	C:\Windows\System32\sechost.dll
0x00007ff875700000 - 0x00007ff875825000 	C:\Windows\System32\RPCRT4.dll
0x00007ff874f00000 - 0x00007ff87504a000 	C:\Windows\System32\USER32.dll
0x00007ff8728a0000 - 0x00007ff8728be000 	C:\Windows\System32\win32u.dll
0x00007ff8756c0000 - 0x00007ff8756e7000 	C:\Windows\System32\GDI32.dll
0x00007ff873010000 - 0x00007ff873198000 	C:\Windows\System32\gdi32full.dll
0x00007ff8731a0000 - 0x00007ff87323a000 	C:\Windows\System32\msvcp_win.dll
0x00007ff872550000 - 0x00007ff872646000 	C:\Windows\System32\ucrtbase.dll
0x00007ff86a050000 - 0x00007ff86a2b7000 	C:\Windows\WinSxS\amd64_microsoft.windows.common-controls_6595b64144ccf1df_6.0.15063.1155_none_40c7922129a7722b\COMCTL32.dll
0x00007ff874990000 - 0x00007ff874c89000 	C:\Windows\System32\combase.dll
0x00007ff8732f0000 - 0x00007ff87335a000 	C:\Windows\System32\bcryptPrimitives.dll
0x00007ff874da0000 - 0x00007ff874dcd000 	C:\Windows\System32\IMM32.DLL
0x00007ff856d50000 - 0x00007ff856dff000 	C:\Program Files\McAfee\Endpoint Security\Threat Prevention\Ips\EpMPApi.dll
0x00007ff8724f0000 - 0x00007ff872547000 	C:\Windows\System32\WINTRUST.dll
0x00007ff872460000 - 0x00007ff872471000 	C:\Windows\System32\MSASN1.dll
0x00007ff873360000 - 0x00007ff873529000 	C:\Windows\System32\CRYPT32.dll
0x000000005b320000 - 0x000000005b32c000 	C:\Program Files\McAfee\Endpoint Security\Threat Prevention\Ips\EpMPThe.dll
0x0000000059b80000 - 0x0000000059c52000 	C:\Program Files\Java\jre1.8.0_181\bin\msvcr100.dll
0x000000005a830000 - 0x000000005b0d2000 	C:\Program Files\Java\jre1.8.0_181\bin\server\jvm.dll
0x00007ff874980000 - 0x00007ff874988000 	C:\Windows\System32\PSAPI.DLL
0x00007ff85df00000 - 0x00007ff85df09000 	C:\Windows\SYSTEM32\WSOCK32.dll
0x00007ff875a10000 - 0x00007ff875a7c000 	C:\Windows\System32\WS2_32.dll
0x00007ff870720000 - 0x00007ff870743000 	C:\Windows\SYSTEM32\WINMM.dll
0x00007ff863430000 - 0x00007ff86343a000 	C:\Windows\SYSTEM32\VERSION.dll
0x00007ff8706f0000 - 0x00007ff87071b000 	C:\Windows\SYSTEM32\WINMMBASE.dll
0x00007ff8728c0000 - 0x00007ff872909000 	C:\Windows\System32\cfgmgr32.dll
0x000000005a820000 - 0x000000005a82f000 	C:\Program Files\Java\jre1.8.0_181\bin\verify.dll
0x000000005a7f0000 - 0x000000005a819000 	C:\Program Files\Java\jre1.8.0_181\bin\java.dll
0x000000005a7d0000 - 0x000000005a7e6000 	C:\Program Files\Java\jre1.8.0_181\bin\zip.dll

VM Arguments:
jvm_args: -Dfile.encoding=Cp1252 
java_command: com.srh.adasa.Main
java_class_path (initial): C:\Program Files\Java\jre1.8.0_181\lib\resources.jar;C:\Program Files\Java\jre1.8.0_181\lib\rt.jar;C:\Program Files\Java\jre1.8.0_181\lib\jsse.jar;C:\Program Files\Java\jre1.8.0_181\lib\jce.jar;C:\Program Files\Java\jre1.8.0_181\lib\charsets.jar;C:\Program Files\Java\jre1.8.0_181\lib\jfr.jar;C:\Program Files\Java\jre1.8.0_181\lib\ext\access-bridge-64.jar;C:\Program Files\Java\jre1.8.0_181\lib\ext\cldrdata.jar;C:\Program Files\Java\jre1.8.0_181\lib\ext\dnsns.jar;C:\Program Files\Java\jre1.8.0_181\lib\ext\jaccess.jar;C:\Program Files\Java\jre1.8.0_181\lib\ext\jfxrt.jar;C:\Program Files\Java\jre1.8.0_181\lib\ext\localedata.jar;C:\Program Files\Java\jre1.8.0_181\lib\ext\nashorn.jar;C:\Program Files\Java\jre1.8.0_181\lib\ext\sunec.jar;C:\Program Files\Java\jre1.8.0_181\lib\ext\sunjce_provider.jar;C:\Program Files\Java\jre1.8.0_181\lib\ext\sunmscapi.jar;C:\Program Files\Java\jre1.8.0_181\lib\ext\sunpkcs11.jar;C:\Program Files\Java\jre1.8.0_181\lib\ext\zipfs.jar;C:\Users\fabricio.barrozo\eclipse-workspace\com.srh.adasa\target\classes;C:\Users\fabricio.barrozo\.m2\repository\de\jensd\fontawesomefx\8.9\fontawesomefx-8.9.jar
Launcher Type: SUN_STANDARD

Environment Variables:
PATH=C:/Program Files/Java/jre1.8.0_181/bin/server;C:/Program Files/Java/jre1.8.0_181/bin;C:/Program Files/Java/jre1.8.0_181/lib/amd64;C:\Program Files (x86)\Common Files\Oracle\Java\javapath;C:\ProgramData\Oracle\Java\javapath;C:\Program Files (x86)\Intel\iCLS Client\;C:\Program Files\Intel\iCLS Client\;C:\Windows\system32;C:\Windows;C:\Windows\System32\Wbem;C:\Windows\System32\WindowsPowerShell\v1.0\;C:\Program Files (x86)\Intel\Intel(R) Management Engine Components\DAL;C:\Program Files\Intel\Intel(R) Management Engine Components\DAL;C:\Program Files (x86)\Intel\Intel(R) Management Engine Components\IPT;C:\Program Files\Intel\Intel(R) Management Engine Components\IPT;C:\Program Files\Intel\WiFi\bin\;C:\Program Files\Common Files\Intel\WirelessCommon\;c:\Program Files\Microsoft SQL Server\110\Tools\Binn\;c:\Program Files (x86)\Microsoft SQL Server\110\Tools\Binn\ManagementStudio\;c:\Program Files (x86)\Microsoft SQL Server\110\Tools\Binn\;c:\Program Files (x86)\Microsoft SQL Server\110\DTS\Binn\;C:\Users\fabricio.barrozo\AppData\Local\Microsoft\WindowsApps;;C:\Windows\system32;
USERNAME=fabricio.barrozo
OS=Windows_NT
PROCESSOR_IDENTIFIER=Intel64 Family 6 Model 94 Stepping 3, GenuineIntel



---------------  S Y S T E M  ---------------

OS: Windows 10.0 , 64 bit Build 15063 (10.0.15063.1058)

CPU:total 4 (initial active 4) (4 cores per cpu, 1 threads per core) family 6 model 94 stepping 3, cmov, cx8, fxsr, mmx, sse, sse2, sse3, ssse3, sse4.1, sse4.2, popcnt, avx, avx2, aes, clmul, erms, rtm, 3dnowpref, lzcnt, tsc, tscinvbit, bmi1, bmi2, adx

Memory: 4k page, physical 8249056k(2558772k free), swap 10196704k(5500k free)

vm_info: Java HotSpot(TM) 64-Bit Server VM (25.181-b13) for windows-amd64 JRE (1.8.0_181-b13), built on Jul  7 2018 04:01:33 by "java_re" with MS VC++ 10.0 (VS2010)

time: Wed Oct 17 14:21:14 2018
elapsed time: 0 seconds (0d 0h 0m 0s)

