#
# There is insufficient memory for the Java Runtime Environment to continue.
# Native memory allocation (malloc) failed to allocate 146256 bytes for Chunk::new
# Possible reasons:
#   The system is out of physical RAM or swap space
#   In 32 bit mode, the process size limit was hit
# Possible solutions:
#   Reduce memory load on the system
#   Increase physical memory or swap space
#   Check if swap backing store is full
#   Use 64 bit Java on a 64 bit OS
#   Decrease Java heap size (-Xmx/-Xms)
#   Decrease number of Java threads
#   Decrease Java thread stack sizes (-Xss)
#   Set larger code cache with -XX:ReservedCodeCacheSize=
# This output file may be truncated or incomplete.
#
#  Out of Memory Error (allocation.cpp:390), pid=6696, tid=0x00000000000005cc
#
# JRE version: Java(TM) SE Runtime Environment (8.0_181-b13) (build 1.8.0_181-b13)
# Java VM: Java HotSpot(TM) 64-Bit Server VM (25.181-b13 mixed mode windows-amd64 compressed oops)
# Failed to write core dump. Minidumps are not enabled by default on client versions of Windows
#

---------------  T H R E A D  ---------------

Current thread (0x0000000017bd4800):  JavaThread "C2 CompilerThread1" daemon [_thread_in_native, id=1484, stack(0x0000000019320000,0x0000000019420000)]

Stack: [0x0000000019320000,0x0000000019420000]
[error occurred during error reporting (printing stack bounds), id 0xc0000005]

Native frames: (J=compiled Java code, j=interpreted, Vv=VM code, C=native code)


Current CompileTask:
C2:   1384 1540   !   4       java.util.zip.ZipFile$ZipFileInputStream::close (110 bytes)


---------------  P R O C E S S  ---------------

Java Threads: ( => current thread )
  0x0000000019e4e800 JavaThread "URL-Loader-1" daemon [_thread_in_native, id=12180, stack(0x00000000634d0000,0x00000000635d0000)]
  0x0000000019d5d000 JavaThread "Disposer" daemon [_thread_blocked, id=11636, stack(0x00000000631d0000,0x00000000632d0000)]
  0x0000000019d5c000 JavaThread "Prism Font Disposer" daemon [_thread_blocked, id=9776, stack(0x00000000628d0000,0x00000000629d0000)]
  0x0000000019d0d800 JavaThread "Thread-3" daemon [_thread_in_native, id=13988, stack(0x00000000211a0000,0x00000000212a0000)]
  0x0000000019c57000 JavaThread "JavaFX-Launcher" [_thread_blocked, id=3132, stack(0x00000000212a0000,0x00000000213a0000)]
  0x0000000019c3a800 JavaThread "JavaFX Application Thread" [_thread_in_native, id=14428, stack(0x000000001a8b0000,0x000000001a9b0000)]
  0x0000000019c35000 JavaThread "Thread-1" daemon [_thread_blocked, id=4748, stack(0x000000001a7b0000,0x000000001a8b0000)]
  0x00000000198f8800 JavaThread "QuantumRenderer-0" daemon [_thread_blocked, id=10004, stack(0x000000001a420000,0x000000001a520000)]
  0x0000000019550800 JavaThread "Service Thread" daemon [_thread_blocked, id=4056, stack(0x0000000019920000,0x0000000019a20000)]
  0x0000000017be2800 JavaThread "C1 CompilerThread2" daemon [_thread_blocked, id=3252, stack(0x0000000019420000,0x0000000019520000)]
=>0x0000000017bd4800 JavaThread "C2 CompilerThread1" daemon [_thread_in_native, id=1484, stack(0x0000000019320000,0x0000000019420000)]
  0x0000000017bce000 JavaThread "C2 CompilerThread0" daemon [_thread_blocked, id=14400, stack(0x0000000019220000,0x0000000019320000)]
  0x0000000017bd7000 JavaThread "Attach Listener" daemon [_thread_blocked, id=13100, stack(0x0000000019120000,0x0000000019220000)]
  0x0000000017bd6000 JavaThread "Signal Dispatcher" daemon [_thread_blocked, id=10800, stack(0x0000000019020000,0x0000000019120000)]
  0x0000000017bba800 JavaThread "Finalizer" daemon [_thread_blocked, id=10636, stack(0x0000000018e20000,0x0000000018f20000)]
  0x00000000030f1000 JavaThread "Reference Handler" daemon [_thread_blocked, id=11832, stack(0x0000000018d20000,0x0000000018e20000)]
  0x0000000002ffe800 JavaThread "main" [_thread_blocked, id=10096, stack(0x0000000002e00000,0x0000000002f00000)]

Other Threads:
  0x0000000017b97800 VMThread [stack: 0x0000000018c20000,0x0000000018d20000] [id=11608]
  0x0000000017c2d800 WatcherThread [stack: 0x0000000019a20000,0x0000000019b20000] [id=8636]

VM state:not at safepoint (normal execution)

VM Mutex/Monitor currently owned by a thread: None

Heap:
 PSYoungGen      total 37888K, used 22737K [0x00000000d6100000, 0x00000000d8b00000, 0x0000000100000000)
  eden space 32768K, 55% used [0x00000000d6100000,0x00000000d72ae900,0x00000000d8100000)
  from space 5120K, 90% used [0x00000000d8100000,0x00000000d8585c00,0x00000000d8600000)
  to   space 5120K, 0% used [0x00000000d8600000,0x00000000d8600000,0x00000000d8b00000)
 ParOldGen       total 86016K, used 16K [0x0000000082200000, 0x0000000087600000, 0x00000000d6100000)
  object space 86016K, 0% used [0x0000000082200000,0x0000000082204000,0x0000000087600000)
 Metaspace       used 19069K, capacity 19780K, committed 19968K, reserved 1067008K
  class space    used 2784K, capacity 2967K, committed 3072K, reserved 1048576K

Card table byte_map: [0x00000000124c0000,0x00000000128b0000] byte_map_base: 0x00000000120af000

Marking Bits: (ParMarkBitMap*) 0x0000000073b72d00
 Begin Bits: [0x0000000012f50000, 0x0000000014ec8000)
 End Bits:   [0x0000000014ec8000, 0x0000000016e40000)

Polling page: 0x00000000015d0000

CodeCache: size=245760Kb used=5458Kb max_used=5463Kb free=240301Kb
 bounds [0x0000000003100000, 0x0000000003660000, 0x0000000012100000]
 total_blobs=2271 nmethods=1579 adapters=604
 compilation: enabled

Compilation events (10 events):
Event: 1.344 Thread 0x0000000017be2800 1558       3       java.nio.charset.CharsetEncoder::onMalformedInput (26 bytes)
Event: 1.344 Thread 0x0000000017bce000 1565       4       java.util.zip.ZipFile::ensureOpen (37 bytes)
Event: 1.344 Thread 0x0000000017be2800 nmethod 1558 0x0000000003643a10 code [0x0000000003643b80, 0x0000000003643ec8]
Event: 1.344 Thread 0x0000000017be2800 1566       3       java.util.jar.JarVerifier::mapSignersToCertArray (57 bytes)
Event: 1.344 Thread 0x0000000017bce000 nmethod 1565 0x0000000003646c50 code [0x0000000003646d80, 0x0000000003646e18]
Event: 1.344 Thread 0x0000000017bce000 1568       4       java.lang.String::substring (56 bytes)
Event: 1.344 Thread 0x0000000017be2800 nmethod 1566 0x0000000003645fd0 code [0x00000000036461a0, 0x0000000003646948]
Event: 1.344 Thread 0x0000000017be2800 1563       3       java.util.ArrayList::toArray (12 bytes)
Event: 1.344 Thread 0x0000000017be2800 nmethod 1563 0x0000000003645ad0 code [0x0000000003645c40, 0x0000000003645ee8]
Event: 1.344 Thread 0x0000000017be2800 1567       3       sun.security.x509.X509CertInfo::getX500Name (66 bytes)

GC Heap History (2 events):
Event: 1.061 GC heap before
{Heap before GC invocations=1 (full 0):
 PSYoungGen      total 37888K, used 32768K [0x00000000d6100000, 0x00000000d8b00000, 0x0000000100000000)
  eden space 32768K, 100% used [0x00000000d6100000,0x00000000d8100000,0x00000000d8100000)
  from space 5120K, 0% used [0x00000000d8600000,0x00000000d8600000,0x00000000d8b00000)
  to   space 5120K, 0% used [0x00000000d8100000,0x00000000d8100000,0x00000000d8600000)
 ParOldGen       total 86016K, used 0K [0x0000000082200000, 0x0000000087600000, 0x00000000d6100000)
  object space 86016K, 0% used [0x0000000082200000,0x0000000082200000,0x0000000087600000)
 Metaspace       used 16140K, capacity 16738K, committed 16896K, reserved 1062912K
  class space    used 2286K, capacity 2450K, committed 2560K, reserved 1048576K
Event: 1.065 GC heap after
Heap after GC invocations=1 (full 0):
 PSYoungGen      total 37888K, used 4631K [0x00000000d6100000, 0x00000000d8b00000, 0x0000000100000000)
  eden space 32768K, 0% used [0x00000000d6100000,0x00000000d6100000,0x00000000d8100000)
  from space 5120K, 90% used [0x00000000d8100000,0x00000000d8585c00,0x00000000d8600000)
  to   space 5120K, 0% used [0x00000000d8600000,0x00000000d8600000,0x00000000d8b00000)
 ParOldGen       total 86016K, used 16K [0x0000000082200000, 0x0000000087600000, 0x00000000d6100000)
  object space 86016K, 0% used [0x0000000082200000,0x0000000082204000,0x0000000087600000)
 Metaspace       used 16140K, capacity 16738K, committed 16896K, reserved 1062912K
  class space    used 2286K, capacity 2450K, committed 2560K, reserved 1048576K
}

Deoptimization events (10 events):
Event: 1.285 Thread 0x0000000019e4e800 Uncommon trap: reason=predicate action=maybe_recompile pc=0x00000000033db064 method=sun.net.www.ParseUtil.encodePath(Ljava/lang/String;Z)Ljava/lang/String; @ 36
Event: 1.305 Thread 0x0000000019e4e800 Uncommon trap: reason=unstable_if action=reinterpret pc=0x000000000341f5d4 method=java.lang.CharacterDataLatin1.digit(II)I @ 82
Event: 1.306 Thread 0x0000000019e4e800 Uncommon trap: reason=class_check action=maybe_recompile pc=0x00000000035cc428 method=java.io.DataInputStream.readChar()C @ 4
Event: 1.306 Thread 0x0000000019e4e800 Uncommon trap: reason=class_check action=maybe_recompile pc=0x00000000035cc428 method=java.io.DataInputStream.readChar()C @ 4
Event: 1.306 Thread 0x0000000019e4e800 Uncommon trap: reason=class_check action=maybe_recompile pc=0x00000000035cc428 method=java.io.DataInputStream.readChar()C @ 4
Event: 1.306 Thread 0x0000000019e4e800 Uncommon trap: reason=class_check action=maybe_recompile pc=0x00000000035cc428 method=java.io.DataInputStream.readChar()C @ 4
Event: 1.312 Thread 0x0000000019e4e800 Uncommon trap: reason=bimorphic action=maybe_recompile pc=0x0000000003611198 method=java.io.DataInputStream.readChar()C @ 4
Event: 1.312 Thread 0x0000000019e4e800 Uncommon trap: reason=bimorphic action=maybe_recompile pc=0x0000000003611198 method=java.io.DataInputStream.readChar()C @ 4
Event: 1.312 Thread 0x0000000019e4e800 Uncommon trap: reason=bimorphic action=maybe_recompile pc=0x0000000003611198 method=java.io.DataInputStream.readChar()C @ 4
Event: 1.312 Thread 0x0000000019e4e800 Uncommon trap: reason=bimorphic action=maybe_recompile pc=0x0000000003611198 method=java.io.DataInputStream.readChar()C @ 4

Classes redefined (0 events):
No events

Internal exceptions (10 events):
Event: 0.160 Thread 0x0000000002ffe800 Exception <a 'java/security/PrivilegedActionException'> (0x00000000d63c82c8) thrown at [C:\re\workspace\8-2-build-windows-amd64-cygwin\jdk8u181\11358\hotspot\src\share\vm\prims\jvm.cpp, line 1435]
Event: 0.161 Thread 0x0000000002ffe800 Exception <a 'java/security/PrivilegedActionException'> (0x00000000d63c84d8) thrown at [C:\re\workspace\8-2-build-windows-amd64-cygwin\jdk8u181\11358\hotspot\src\share\vm\prims\jvm.cpp, line 1435]
Event: 0.161 Thread 0x0000000002ffe800 Exception <a 'java/lang/NullPointerException'> (0x00000000d63c8ab0) thrown at [C:\re\workspace\8-2-build-windows-amd64-cygwin\jdk8u181\11358\hotspot\src\share\vm\interpreter\linkResolver.cpp, line 1185]
Event: 0.483 Thread 0x0000000019c3a800 Exception <a 'java/lang/NullPointerException'> (0x00000000d6cd6c48) thrown at [C:\re\workspace\8-2-build-windows-amd64-cygwin\jdk8u181\11358\hotspot\src\share\vm\interpreter\linkResolver.cpp, line 1185]
Event: 0.483 Thread 0x0000000019c3a800 Exception <a 'java/lang/NullPointerException'> (0x00000000d6cd6c48) thrown at [C:\re\workspace\8-2-build-windows-amd64-cygwin\jdk8u181\11358\hotspot\src\share\vm\prims\jvm.cpp, line 1439]
Event: 0.753 Thread 0x0000000019c3a800 Exception <a 'sun/nio/fs/WindowsException'> (0x00000000d7570c18) thrown at [C:\re\workspace\8-2-build-windows-amd64-cygwin\jdk8u181\11358\hotspot\src\share\vm\prims\jni.cpp, line 709]
Event: 0.755 Thread 0x0000000019c3a800 Exception <a 'sun/nio/fs/WindowsException'> (0x00000000d7572a48) thrown at [C:\re\workspace\8-2-build-windows-amd64-cygwin\jdk8u181\11358\hotspot\src\share\vm\prims\jni.cpp, line 709]
Event: 0.762 Thread 0x0000000019c3a800 Implicit null exception at 0x0000000003346096 to 0x0000000003346431
Event: 1.181 Thread 0x0000000019c3a800 Implicit null exception at 0x0000000003316216 to 0x00000000033165a9
Event: 1.250 Thread 0x00000000198f8800 Exception <a 'java/lang/NullPointerException'> (0x00000000d6bec6f8) thrown at [C:\re\workspace\8-2-build-windows-amd64-cygwin\jdk8u181\11358\hotspot\src\share\vm\interpreter\linkResolver.cpp, line 1185]

Events (10 events):
Event: 1.314 loading class java/net/SocketOutputStream
Event: 1.314 loading class java/net/SocketOutputStream done
Event: 1.314 loading class sun/security/ssl/ClientHandshaker
Event: 1.314 loading class sun/security/ssl/Handshaker
Event: 1.315 loading class sun/security/ssl/Handshaker done
Event: 1.315 loading class sun/security/ssl/ClientHandshaker done
Event: 1.315 loading class javax/crypto/KeyGenerator
Event: 1.315 loading class javax/crypto/KeyGenerator done
Event: 1.344 loading class com/sun/crypto/provider/TlsMasterSecretGenerator
Event: 1.344 loading class com/sun/crypto/provider/TlsMasterSecretGenerator done


Dynamic libraries:
0x00007ff60ae80000 - 0x00007ff60aeb7000 	C:\Program Files\Java\jre1.8.0_181\bin\javaw.exe
0x00007ff98f950000 - 0x00007ff98fb2b000 	C:\Windows\SYSTEM32\ntdll.dll
0x00007ff98ee80000 - 0x00007ff98ef2e000 	C:\Windows\System32\KERNEL32.DLL
0x00007ff98bfc0000 - 0x00007ff98c20a000 	C:\Windows\System32\KERNELBASE.dll
0x00007ff98f8a0000 - 0x00007ff98f941000 	C:\Windows\System32\ADVAPI32.dll
0x00007ff98f570000 - 0x00007ff98f60d000 	C:\Windows\System32\msvcrt.dll
0x00007ff98f1b0000 - 0x00007ff98f209000 	C:\Windows\System32\sechost.dll
0x00007ff98efb0000 - 0x00007ff98f0d5000 	C:\Windows\System32\RPCRT4.dll
0x00007ff98f380000 - 0x00007ff98f4ca000 	C:\Windows\System32\USER32.dll
0x00007ff98cba0000 - 0x00007ff98cbbe000 	C:\Windows\System32\win32u.dll
0x00007ff98f7b0000 - 0x00007ff98f7d7000 	C:\Windows\System32\GDI32.dll
0x00007ff98ca10000 - 0x00007ff98cb98000 	C:\Windows\System32\gdi32full.dll
0x00007ff98c970000 - 0x00007ff98ca0a000 	C:\Windows\System32\msvcp_win.dll
0x00007ff98bec0000 - 0x00007ff98bfb6000 	C:\Windows\System32\ucrtbase.dll
0x00007ff984c40000 - 0x00007ff984ea7000 	C:\Windows\WinSxS\amd64_microsoft.windows.common-controls_6595b64144ccf1df_6.0.15063.1155_none_40c7922129a7722b\COMCTL32.dll
0x00007ff98cfd0000 - 0x00007ff98d2c9000 	C:\Windows\System32\combase.dll
0x00007ff98ce40000 - 0x00007ff98ceaa000 	C:\Windows\System32\bcryptPrimitives.dll
0x00007ff98ee50000 - 0x00007ff98ee7d000 	C:\Windows\System32\IMM32.DLL
0x00007ff967520000 - 0x00007ff9675cf000 	C:\Program Files\McAfee\Endpoint Security\Threat Prevention\Ips\EpMPApi.dll
0x00007ff98c910000 - 0x00007ff98c967000 	C:\Windows\System32\WINTRUST.dll
0x00007ff98be50000 - 0x00007ff98be61000 	C:\Windows\System32\MSASN1.dll
0x00007ff98cc70000 - 0x00007ff98ce39000 	C:\Windows\System32\CRYPT32.dll
0x0000000074030000 - 0x000000007403c000 	C:\Program Files\McAfee\Endpoint Security\Threat Prevention\Ips\EpMPThe.dll
0x0000000073270000 - 0x0000000073342000 	C:\Program Files\Java\jre1.8.0_181\bin\msvcr100.dll
0x0000000073350000 - 0x0000000073bf2000 	C:\Program Files\Java\jre1.8.0_181\bin\server\jvm.dll
0x00007ff98d990000 - 0x00007ff98d998000 	C:\Windows\System32\PSAPI.DLL
0x00007ff9865c0000 - 0x00007ff9865e3000 	C:\Windows\SYSTEM32\WINMM.dll
0x00007ff984ec0000 - 0x00007ff984eca000 	C:\Windows\SYSTEM32\VERSION.dll
0x00007ff970df0000 - 0x00007ff970df9000 	C:\Windows\SYSTEM32\WSOCK32.dll
0x00007ff98ede0000 - 0x00007ff98ee4c000 	C:\Windows\System32\WS2_32.dll
0x00007ff986590000 - 0x00007ff9865bb000 	C:\Windows\SYSTEM32\WINMMBASE.dll
0x00007ff98be70000 - 0x00007ff98beb9000 	C:\Windows\System32\cfgmgr32.dll
0x0000000074020000 - 0x000000007402f000 	C:\Program Files\Java\jre1.8.0_181\bin\verify.dll
0x0000000073ff0000 - 0x0000000074019000 	C:\Program Files\Java\jre1.8.0_181\bin\java.dll
0x0000000073fd0000 - 0x0000000073fe6000 	C:\Program Files\Java\jre1.8.0_181\bin\zip.dll
0x00007ff98d9a0000 - 0x00007ff98edd8000 	C:\Windows\System32\SHELL32.dll
0x00007ff98f0e0000 - 0x00007ff98f18a000 	C:\Windows\System32\shcore.dll
0x00007ff98c210000 - 0x00007ff98c901000 	C:\Windows\System32\windows.storage.dll
0x00007ff98cf70000 - 0x00007ff98cfc1000 	C:\Windows\System32\shlwapi.dll
0x00007ff98be10000 - 0x00007ff98be21000 	C:\Windows\System32\kernel.appcore.dll
0x00007ff98bdc0000 - 0x00007ff98be0c000 	C:\Windows\System32\powrprof.dll
0x00007ff98be30000 - 0x00007ff98be45000 	C:\Windows\System32\profapi.dll
0x0000000002d50000 - 0x0000000002d53000 	C:\Program Files\Java\jre1.8.0_181\bin\api-ms-win-core-console-l1-1-0.dll
0x0000000002d60000 - 0x0000000002d63000 	C:\Program Files\Java\jre1.8.0_181\bin\api-ms-win-core-datetime-l1-1-0.dll
0x0000000002d70000 - 0x0000000002d73000 	C:\Program Files\Java\jre1.8.0_181\bin\api-ms-win-core-debug-l1-1-0.dll
0x0000000002d80000 - 0x0000000002d83000 	C:\Program Files\Java\jre1.8.0_181\bin\api-ms-win-core-errorhandling-l1-1-0.dll
0x0000000002d90000 - 0x0000000002d94000 	C:\Program Files\Java\jre1.8.0_181\bin\api-ms-win-core-file-l1-1-0.dll
0x0000000002da0000 - 0x0000000002da3000 	C:\Program Files\Java\jre1.8.0_181\bin\api-ms-win-core-file-l1-2-0.dll
0x0000000002db0000 - 0x0000000002db3000 	C:\Program Files\Java\jre1.8.0_181\bin\api-ms-win-core-file-l2-1-0.dll
0x0000000002dd0000 - 0x0000000002dd3000 	C:\Program Files\Java\jre1.8.0_181\bin\api-ms-win-core-handle-l1-1-0.dll
0x0000000002de0000 - 0x0000000002de3000 	C:\Program Files\Java\jre1.8.0_181\bin\api-ms-win-core-heap-l1-1-0.dll
0x0000000002f00000 - 0x0000000002f03000 	C:\Program Files\Java\jre1.8.0_181\bin\api-ms-win-core-interlocked-l1-1-0.dll
0x0000000002f10000 - 0x0000000002f13000 	C:\Program Files\Java\jre1.8.0_181\bin\api-ms-win-core-libraryloader-l1-1-0.dll
0x0000000002f20000 - 0x0000000002f23000 	C:\Program Files\Java\jre1.8.0_181\bin\api-ms-win-core-localization-l1-2-0.dll
0x0000000002f30000 - 0x0000000002f33000 	C:\Program Files\Java\jre1.8.0_181\bin\api-ms-win-core-memory-l1-1-0.dll
0x0000000002f40000 - 0x0000000002f43000 	C:\Program Files\Java\jre1.8.0_181\bin\api-ms-win-core-namedpipe-l1-1-0.dll
0x0000000002f50000 - 0x0000000002f53000 	C:\Program Files\Java\jre1.8.0_181\bin\api-ms-win-core-processenvironment-l1-1-0.dll
0x0000000002f60000 - 0x0000000002f63000 	C:\Program Files\Java\jre1.8.0_181\bin\api-ms-win-core-processthreads-l1-1-0.dll
0x0000000002f70000 - 0x0000000002f73000 	C:\Program Files\Java\jre1.8.0_181\bin\api-ms-win-core-processthreads-l1-1-1.dll
0x0000000002f80000 - 0x0000000002f83000 	C:\Program Files\Java\jre1.8.0_181\bin\api-ms-win-core-profile-l1-1-0.dll
0x0000000002f90000 - 0x0000000002f93000 	C:\Program Files\Java\jre1.8.0_181\bin\api-ms-win-core-rtlsupport-l1-1-0.dll
0x0000000002fa0000 - 0x0000000002fa3000 	C:\Program Files\Java\jre1.8.0_181\bin\api-ms-win-core-string-l1-1-0.dll
0x0000000002fb0000 - 0x0000000002fb3000 	C:\Program Files\Java\jre1.8.0_181\bin\api-ms-win-core-synch-l1-1-0.dll
0x0000000002fc0000 - 0x0000000002fc3000 	C:\Program Files\Java\jre1.8.0_181\bin\api-ms-win-core-synch-l1-2-0.dll
0x0000000002fd0000 - 0x0000000002fd3000 	C:\Program Files\Java\jre1.8.0_181\bin\api-ms-win-core-sysinfo-l1-1-0.dll
0x0000000002fe0000 - 0x0000000002fe3000 	C:\Program Files\Java\jre1.8.0_181\bin\api-ms-win-core-timezone-l1-1-0.dll
0x0000000019b20000 - 0x0000000019b23000 	C:\Program Files\Java\jre1.8.0_181\bin\api-ms-win-core-util-l1-1-0.dll
0x0000000019b30000 - 0x0000000019b33000 	C:\Program Files\Java\jre1.8.0_181\bin\api-ms-win-crt-conio-l1-1-0.dll
0x0000000019b40000 - 0x0000000019b44000 	C:\Program Files\Java\jre1.8.0_181\bin\api-ms-win-crt-convert-l1-1-0.dll
0x0000000019b50000 - 0x0000000019b53000 	C:\Program Files\Java\jre1.8.0_181\bin\api-ms-win-crt-environment-l1-1-0.dll
0x0000000019b60000 - 0x0000000019b63000 	C:\Program Files\Java\jre1.8.0_181\bin\api-ms-win-crt-filesystem-l1-1-0.dll
0x0000000019b70000 - 0x0000000019b73000 	C:\Program Files\Java\jre1.8.0_181\bin\api-ms-win-crt-heap-l1-1-0.dll
0x0000000019b80000 - 0x0000000019b83000 	C:\Program Files\Java\jre1.8.0_181\bin\api-ms-win-crt-locale-l1-1-0.dll
0x0000000019b90000 - 0x0000000019b95000 	C:\Program Files\Java\jre1.8.0_181\bin\api-ms-win-crt-math-l1-1-0.dll
0x0000000019ba0000 - 0x0000000019ba5000 	C:\Program Files\Java\jre1.8.0_181\bin\api-ms-win-crt-multibyte-l1-1-0.dll
0x0000000019bb0000 - 0x0000000019bc0000 	C:\Program Files\Java\jre1.8.0_181\bin\api-ms-win-crt-private-l1-1-0.dll
0x0000000019bc0000 - 0x0000000019bc3000 	C:\Program Files\Java\jre1.8.0_181\bin\api-ms-win-crt-process-l1-1-0.dll
0x0000000019bd0000 - 0x0000000019bd4000 	C:\Program Files\Java\jre1.8.0_181\bin\api-ms-win-crt-runtime-l1-1-0.dll
0x0000000019be0000 - 0x0000000019be4000 	C:\Program Files\Java\jre1.8.0_181\bin\api-ms-win-crt-stdio-l1-1-0.dll
0x0000000019bf0000 - 0x0000000019bf4000 	C:\Program Files\Java\jre1.8.0_181\bin\api-ms-win-crt-string-l1-1-0.dll
0x0000000019c00000 - 0x0000000019c03000 	C:\Program Files\Java\jre1.8.0_181\bin\api-ms-win-crt-time-l1-1-0.dll
0x0000000019c10000 - 0x0000000019c13000 	C:\Program Files\Java\jre1.8.0_181\bin\api-ms-win-crt-utility-l1-1-0.dll
0x00007ff962da0000 - 0x00007ff962e96000 	C:\Program Files\Java\jre1.8.0_181\bin\ucrtbase.dll
0x00007ff975460000 - 0x00007ff975476000 	C:\Program Files\Java\jre1.8.0_181\bin\vcruntime140.dll
0x00007ff970900000 - 0x00007ff97099c000 	C:\Program Files\Java\jre1.8.0_181\bin\msvcp140.dll
0x00007ff974b30000 - 0x00007ff974b81000 	C:\Program Files\Java\jre1.8.0_181\bin\concrt140.dll
0x0000000073f10000 - 0x0000000073f33000 	C:\Program Files\Java\jre1.8.0_181\bin\prism_d3d.dll
0x00007ff9585e0000 - 0x00007ff958769000 	C:\Windows\system32\d3d9.dll
0x00007ff982120000 - 0x00007ff98214a000 	C:\Windows\SYSTEM32\dwmapi.dll
0x00007ff98a2c0000 - 0x00007ff98a355000 	C:\Windows\system32\uxtheme.dll
0x00007ff942750000 - 0x00007ff942927000 	C:\Windows\System32\DriverStore\FileRepository\ki127171.inf_amd64_368f8c7337214025\igdumdim64.dll
0x00007ff933f10000 - 0x00007ff936f0d000 	C:\Windows\System32\DriverStore\FileRepository\ki127171.inf_amd64_368f8c7337214025\igd9dxva64.dll
0x00007ff98d3e0000 - 0x00007ff98d525000 	C:\Windows\System32\ole32.dll
0x00007ff98ceb0000 - 0x00007ff98cf70000 	C:\Windows\System32\OLEAUT32.dll
0x0000000073220000 - 0x0000000073269000 	C:\Program Files\Java\jre1.8.0_181\bin\glass.dll
0x00007ff98d2d0000 - 0x00007ff98d3d8000 	C:\Windows\System32\COMDLG32.dll
0x00007ff98f210000 - 0x00007ff98f376000 	C:\Windows\System32\MSCTF.dll
0x00007ff9717a0000 - 0x00007ff973535000 	C:\Windows\System32\DriverStore\FileRepository\ki127171.inf_amd64_368f8c7337214025\igc64.dll
0x0000000070100000 - 0x000000007321d000 	C:\Program Files\Java\jre1.8.0_181\bin\jfxwebkit.dll
0x00007ff98b810000 - 0x00007ff98b827000 	C:\Windows\SYSTEM32\CRYPTSP.dll
0x00007ff98af50000 - 0x00007ff98af84000 	C:\Windows\system32\rsaenh.dll
0x00007ff98b980000 - 0x00007ff98b9a5000 	C:\Windows\SYSTEM32\bcrypt.dll
0x00007ff98b830000 - 0x00007ff98b83b000 	C:\Windows\SYSTEM32\CRYPTBASE.dll
0x00000000700e0000 - 0x00000000700f4000 	C:\Program Files\Java\jre1.8.0_181\bin\javafx_font.dll
0x00007ff975690000 - 0x00007ff97594f000 	C:\Windows\SYSTEM32\dwrite.dll
0x0000000073fb0000 - 0x0000000073fca000 	C:\Program Files\Java\jre1.8.0_181\bin\net.dll
0x00007ff98b670000 - 0x00007ff98b6cc000 	C:\Windows\system32\mswsock.dll
0x0000000073f90000 - 0x0000000073fa1000 	C:\Program Files\Java\jre1.8.0_181\bin\nio.dll
0x0000000073f60000 - 0x0000000073f84000 	C:\Program Files\Java\jre1.8.0_181\bin\sunec.dll
0x00007ff98b410000 - 0x00007ff98b447000 	C:\Windows\SYSTEM32\IPHLPAPI.DLL
0x00007ff98d980000 - 0x00007ff98d988000 	C:\Windows\System32\NSI.dll
0x00007ff986f30000 - 0x00007ff986f46000 	C:\Windows\SYSTEM32\dhcpcsvc6.DLL
0x00007ff986f10000 - 0x00007ff986f2a000 	C:\Windows\SYSTEM32\dhcpcsvc.DLL
0x00007ff98f4d0000 - 0x00007ff98f56e000 	C:\Windows\System32\clbcatq.dll
0x00007ff975cd0000 - 0x00007ff975e7c000 	C:\Windows\SYSTEM32\WindowsCodecs.dll
0x00007ff964ca0000 - 0x00007ff964ce7000 	C:\Windows\system32\dataexchange.dll
0x00007ff988f90000 - 0x00007ff98926f000 	C:\Windows\system32\d3d11.dll
0x00007ff989910000 - 0x00007ff989a33000 	C:\Windows\system32\dcomp.dll
0x00007ff98aa90000 - 0x00007ff98ab34000 	C:\Windows\system32\dxgi.dll
0x00007ff98a570000 - 0x00007ff98a6e0000 	C:\Windows\system32\twinapi.appcore.dll
0x00007ff974df0000 - 0x00007ff974e21000 	C:\Program Files\Common Files\Microsoft Shared\Ink\rtscom.dll
0x00007ff9844d0000 - 0x00007ff984551000 	C:\Windows\System32\TextInputFramework.dll
0x00007ff975e80000 - 0x00007ff976153000 	C:\Windows\System32\CoreUIComponents.dll
0x00007ff989270000 - 0x00007ff989354000 	C:\Windows\System32\CoreMessaging.dll
0x00007ff98ab40000 - 0x00007ff98ab71000 	C:\Windows\SYSTEM32\ntmarta.dll
0x00007ff987bd0000 - 0x00007ff987d09000 	C:\Windows\SYSTEM32\wintypes.dll
0x00007ff989e60000 - 0x00007ff989e75000 	C:\Windows\SYSTEM32\usermgrcli.dll
0x00007ff98bcf0000 - 0x00007ff98bd19000 	C:\Windows\SYSTEM32\USERENV.dll

VM Arguments:
jvm_args: -Dfile.encoding=Cp1252 
java_command: com.fical.Main
java_class_path (initial): C:\Program Files\Java\jre1.8.0_181\lib\resources.jar;C:\Program Files\Java\jre1.8.0_181\lib\rt.jar;C:\Program Files\Java\jre1.8.0_181\lib\jsse.jar;C:\Program Files\Java\jre1.8.0_181\lib\jce.jar;C:\Program Files\Java\jre1.8.0_181\lib\charsets.jar;C:\Program Files\Java\jre1.8.0_181\lib\jfr.jar;C:\Program Files\Java\jre1.8.0_181\lib\ext\access-bridge-64.jar;C:\Program Files\Java\jre1.8.0_181\lib\ext\cldrdata.jar;C:\Program Files\Java\jre1.8.0_181\lib\ext\dnsns.jar;C:\Program Files\Java\jre1.8.0_181\lib\ext\jaccess.jar;C:\Program Files\Java\jre1.8.0_181\lib\ext\jfxrt.jar;C:\Program Files\Java\jre1.8.0_181\lib\ext\localedata.jar;C:\Program Files\Java\jre1.8.0_181\lib\ext\nashorn.jar;C:\Program Files\Java\jre1.8.0_181\lib\ext\sunec.jar;C:\Program Files\Java\jre1.8.0_181\lib\ext\sunjce_provider.jar;C:\Program Files\Java\jre1.8.0_181\lib\ext\sunmscapi.jar;C:\Program Files\Java\jre1.8.0_181\lib\ext\sunpkcs11.jar;C:\Program Files\Java\jre1.8.0_181\lib\ext\zipfs.jar;C:\Users\fabricio.barrozo\eclipse-workspace\com.fical\target\classes
Launcher Type: SUN_STANDARD

Environment Variables:
PATH=C:/Program Files/Java/jre1.8.0_181/bin/server;C:/Program Files/Java/jre1.8.0_181/bin;C:/Program Files/Java/jre1.8.0_181/lib/amd64;C:\Program Files (x86)\Common Files\Oracle\Java\javapath;C:\ProgramData\Oracle\Java\javapath;C:\Program Files (x86)\Intel\iCLS Client\;C:\Program Files\Intel\iCLS Client\;C:\Windows\system32;C:\Windows;C:\Windows\System32\Wbem;C:\Windows\System32\WindowsPowerShell\v1.0\;C:\Program Files (x86)\Intel\Intel(R) Management Engine Components\DAL;C:\Program Files\Intel\Intel(R) Management Engine Components\DAL;C:\Program Files (x86)\Intel\Intel(R) Management Engine Components\IPT;C:\Program Files\Intel\Intel(R) Management Engine Components\IPT;C:\Program Files\Intel\WiFi\bin\;C:\Program Files\Common Files\Intel\WirelessCommon\;c:\Program Files\Microsoft SQL Server\110\Tools\Binn\;c:\Program Files (x86)\Microsoft SQL Server\110\Tools\Binn\ManagementStudio\;c:\Program Files (x86)\Microsoft SQL Server\110\Tools\Binn\;c:\Program Files (x86)\Microsoft SQL Server\110\DTS\Binn\;C:\Users\fabricio.barrozo\AppData\Local\Microsoft\WindowsApps;;C:\Windows\System32;
USERNAME=fabricio.barrozo
OS=Windows_NT
PROCESSOR_IDENTIFIER=Intel64 Family 6 Model 94 Stepping 3, GenuineIntel



---------------  S Y S T E M  ---------------

OS: Windows 10.0 , 64 bit Build 15063 (10.0.15063.1058)

CPU:total 4 (initial active 4) (4 cores per cpu, 1 threads per core) family 6 model 94 stepping 3, cmov, cx8, fxsr, mmx, sse, sse2, sse3, ssse3, sse4.1, sse4.2, popcnt, avx, avx2, aes, clmul, erms, rtm, 3dnowpref, lzcnt, tsc, tscinvbit, bmi1, bmi2, adx

Memory: 4k page, physical 8249056k(2085716k free), swap 10196704k(4716k free)

vm_info: Java HotSpot(TM) 64-Bit Server VM (25.181-b13) for windows-amd64 JRE (1.8.0_181-b13), built on Jul  7 2018 04:01:33 by "java_re" with MS VC++ 10.0 (VS2010)

time: Fri Sep 28 11:47:47 2018
elapsed time: 1 seconds (0d 0h 0m 1s)

