#
# There is insufficient memory for the Java Runtime Environment to continue.
# Native memory allocation (malloc) failed to allocate 32744 bytes for ChunkPool::allocate
# Possible reasons:
#   The system is out of physical RAM or swap space
#   In 32 bit mode, the process size limit was hit
# Possible solutions:
#   Reduce memory load on the system
#   Increase physical memory or swap space
#   Check if swap backing store is full
#   Use 64 bit Java on a 64 bit OS
#   Decrease Java heap size (-Xmx/-Xms)
#   Decrease number of Java threads
#   Decrease Java thread stack sizes (-Xss)
#   Set larger code cache with -XX:ReservedCodeCacheSize=
# This output file may be truncated or incomplete.
#
#  Out of Memory Error (allocation.cpp:273), pid=532, tid=0x0000000000003944
#
# JRE version: Java(TM) SE Runtime Environment (8.0_191-b12) (build 1.8.0_191-b12)
# Java VM: Java HotSpot(TM) 64-Bit Server VM (25.191-b12 mixed mode windows-amd64 compressed oops)
# Failed to write core dump. Minidumps are not enabled by default on client versions of Windows
#

---------------  T H R E A D  ---------------

Current thread (0x0000000017959000):  JavaThread "C2 CompilerThread1" daemon [_thread_in_native, id=14660, stack(0x00000000190b0000,0x00000000191b0000)]

Stack: [0x00000000190b0000,0x00000000191b0000]
[error occurred during error reporting (printing stack bounds), id 0xc0000005]

Native frames: (J=compiled Java code, j=interpreted, Vv=VM code, C=native code)


Current CompileTask:
C2:  19809 7271       4       javafx.scene.web.WebView$$Lambda$109/1364429681::pulse (8 bytes)


---------------  P R O C E S S  ---------------

Java Threads: ( => current thread )
  0x0000000022774800 JavaThread "C3P0PooledConnectionPoolManager[identityToken->1bqoq4ia0cknjutd8in0t|12e2d49]-HelperThread-#2" daemon [_thread_blocked, id=2100, stack(0x00000000341e0000,0x00000000342e0000)]
  0x0000000022774000 JavaThread "C3P0PooledConnectionPoolManager[identityToken->1bqoq4ia0cknjutd8in0t|12e2d49]-HelperThread-#1" daemon [_thread_blocked, id=8292, stack(0x00000000340e0000,0x00000000341e0000)]
  0x0000000022773000 JavaThread "C3P0PooledConnectionPoolManager[identityToken->1bqoq4ia0cknjutd8in0t|12e2d49]-HelperThread-#0" daemon [_thread_blocked, id=992, stack(0x0000000033fe0000,0x00000000340e0000)]
  0x000000002276e000 JavaThread "C3P0PooledConnectionPoolManager[identityToken->1bqoq4ia0cknjutd8in0t|12e2d49]-AdminTaskTimer" daemon [_thread_blocked, id=11852, stack(0x0000000033ee0000,0x0000000033fe0000)]
  0x0000000022771800 JavaThread "Abandoned connection cleanup thread" daemon [_thread_blocked, id=8068, stack(0x0000000033770000,0x0000000033870000)]
  0x000000001934d800 JavaThread "Disposer" daemon [_thread_blocked, id=4980, stack(0x0000000024570000,0x0000000024670000)]
  0x000000001934c000 JavaThread "Prism Font Disposer" daemon [_thread_blocked, id=6140, stack(0x0000000023c70000,0x0000000023d70000)]
  0x000000001934a800 JavaThread "Thread-3" daemon [_thread_in_native, id=7320, stack(0x00000000211d0000,0x00000000212d0000)]
  0x000000001934b000 JavaThread "JavaFX-Launcher" [_thread_blocked, id=5128, stack(0x00000000212d0000,0x00000000213d0000)]
  0x0000000019351000 JavaThread "JavaFX Application Thread" [_thread_in_native, id=1792, stack(0x000000001a8b0000,0x000000001a9b0000)]
  0x0000000019350800 JavaThread "Thread-1" daemon [_thread_blocked, id=9040, stack(0x000000001a7b0000,0x000000001a8b0000)]
  0x000000001934c800 JavaThread "QuantumRenderer-0" daemon [_thread_blocked, id=10984, stack(0x000000001a310000,0x000000001a410000)]
  0x00000000192dc000 JavaThread "Service Thread" daemon [_thread_blocked, id=8484, stack(0x00000000196b0000,0x00000000197b0000)]
  0x0000000017960000 JavaThread "C1 CompilerThread2" daemon [_thread_blocked, id=2220, stack(0x00000000191b0000,0x00000000192b0000)]
=>0x0000000017959000 JavaThread "C2 CompilerThread1" daemon [_thread_in_native, id=14660, stack(0x00000000190b0000,0x00000000191b0000)]
  0x0000000017954800 JavaThread "C2 CompilerThread0" daemon [_thread_blocked, id=3736, stack(0x0000000018fb0000,0x00000000190b0000)]
  0x0000000017952800 JavaThread "Attach Listener" daemon [_thread_blocked, id=9500, stack(0x0000000018eb0000,0x0000000018fb0000)]
  0x0000000017951800 JavaThread "Signal Dispatcher" daemon [_thread_blocked, id=11412, stack(0x0000000018db0000,0x0000000018eb0000)]
  0x0000000002e7e000 JavaThread "Finalizer" daemon [_thread_blocked, id=6540, stack(0x0000000018bb0000,0x0000000018cb0000)]
  0x0000000002e73000 JavaThread "Reference Handler" daemon [_thread_blocked, id=5568, stack(0x0000000018ab0000,0x0000000018bb0000)]
  0x0000000002d84000 JavaThread "main" [_thread_blocked, id=10040, stack(0x0000000002c40000,0x0000000002d40000)]

Other Threads:
  0x0000000017918000 VMThread [stack: 0x00000000189b0000,0x0000000018ab0000] [id=15644]
  0x00000000192f7000 WatcherThread [stack: 0x00000000197b0000,0x00000000198b0000] [id=9000]

VM state:not at safepoint (normal execution)

VM Mutex/Monitor currently owned by a thread: None

Heap:
 PSYoungGen      total 94208K, used 72578K [0x00000000d6100000, 0x00000000de680000, 0x0000000100000000)
  eden space 70656K, 88% used [0x00000000d6100000,0x00000000d9de22d8,0x00000000da600000)
  from space 23552K, 43% used [0x00000000da600000,0x00000000daffe600,0x00000000dbd00000)
  to   space 23040K, 0% used [0x00000000dd000000,0x00000000dd000000,0x00000000de680000)
 ParOldGen       total 137216K, used 45744K [0x0000000082200000, 0x000000008a800000, 0x00000000d6100000)
  object space 137216K, 33% used [0x0000000082200000,0x0000000084eac2f0,0x000000008a800000)
 Metaspace       used 48958K, capacity 50910K, committed 51328K, reserved 1093632K
  class space    used 6629K, capacity 6964K, committed 7040K, reserved 1048576K

Card table byte_map: [0x0000000012240000,0x0000000012630000] byte_map_base: 0x0000000011e2f000

Marking Bits: (ParMarkBitMap*) 0x0000000060113e30
 Begin Bits: [0x0000000012cd0000, 0x0000000014c48000)
 End Bits:   [0x0000000014c48000, 0x0000000016bc0000)

Polling page: 0x0000000000f50000

CodeCache: size=245760Kb used=19079Kb max_used=19165Kb free=226680Kb
 bounds [0x0000000002e80000, 0x0000000004150000, 0x0000000011e80000]
 total_blobs=7359 nmethods=6410 adapters=857
 compilation: enabled

Compilation events (10 events):
Event: 17.430 Thread 0x0000000017954800 nmethod 7266 0x000000000414b8d0 code [0x000000000414ba20, 0x000000000414bb78]
Event: 17.861 Thread 0x0000000017959000 7267       4       com.sun.javafx.tk.Toolkit$$Lambda$131/722416771::run (8 bytes)
Event: 17.862 Thread 0x0000000017959000 nmethod 7267 0x0000000004101190 code [0x00000000041012c0, 0x0000000004101338]
Event: 18.052 Thread 0x0000000017954800 7268       4       java.util.concurrent.locks.ReentrantLock$Sync::tryRelease (45 bytes)
Event: 18.053 Thread 0x0000000017954800 nmethod 7268 0x000000000312d610 code [0x000000000312d740, 0x000000000312d7f8]
Event: 18.468 Thread 0x0000000017959000 7269       4       java.util.concurrent.locks.ReentrantLock$NonfairSync::lock (25 bytes)
Event: 18.469 Thread 0x0000000017959000 nmethod 7269 0x0000000003259750 code [0x00000000032598c0, 0x0000000003259a48]
Event: 19.492 Thread 0x0000000017954800 7270       4       java.util.concurrent.locks.ReentrantLock$Sync::isHeldExclusively (16 bytes)
Event: 19.493 Thread 0x0000000017954800 nmethod 7270 0x000000000413b290 code [0x000000000413b3c0, 0x000000000413b438]
Event: 19.780 Thread 0x0000000017959000 7271       4       javafx.scene.web.WebView$$Lambda$109/1364429681::pulse (8 bytes)

GC Heap History (10 events):
Event: 3.330 GC heap before
{Heap before GC invocations=7 (full 1):
 PSYoungGen      total 47104K, used 47085K [0x00000000d6100000, 0x00000000daf80000, 0x0000000100000000)
  eden space 41984K, 100% used [0x00000000d6100000,0x00000000d8a00000,0x00000000d8a00000)
  from space 5120K, 99% used [0x00000000d8a00000,0x00000000d8efb568,0x00000000d8f00000)
  to   space 12800K, 0% used [0x00000000da300000,0x00000000da300000,0x00000000daf80000)
 ParOldGen       total 68096K, used 21979K [0x0000000082200000, 0x0000000086480000, 0x00000000d6100000)
  object space 68096K, 32% used [0x0000000082200000,0x0000000083776d48,0x0000000086480000)
 Metaspace       used 27694K, capacity 29504K, committed 29568K, reserved 1075200K
  class space    used 3871K, capacity 4209K, committed 4224K, reserved 1048576K
Event: 3.349 GC heap after
Heap after GC invocations=7 (full 1):
 PSYoungGen      total 64000K, used 12780K [0x00000000d6100000, 0x00000000dbb00000, 0x0000000100000000)
  eden space 51200K, 0% used [0x00000000d6100000,0x00000000d6100000,0x00000000d9300000)
  from space 12800K, 99% used [0x00000000da300000,0x00000000daf7b068,0x00000000daf80000)
  to   space 16384K, 0% used [0x00000000d9300000,0x00000000d9300000,0x00000000da300000)
 ParOldGen       total 68096K, used 25364K [0x0000000082200000, 0x0000000086480000, 0x00000000d6100000)
  object space 68096K, 37% used [0x0000000082200000,0x0000000083ac53c0,0x0000000086480000)
 Metaspace       used 27694K, capacity 29504K, committed 29568K, reserved 1075200K
  class space    used 3871K, capacity 4209K, committed 4224K, reserved 1048576K
}
Event: 5.402 GC heap before
{Heap before GC invocations=8 (full 1):
 PSYoungGen      total 64000K, used 63980K [0x00000000d6100000, 0x00000000dbb00000, 0x0000000100000000)
  eden space 51200K, 100% used [0x00000000d6100000,0x00000000d9300000,0x00000000d9300000)
  from space 12800K, 99% used [0x00000000da300000,0x00000000daf7b068,0x00000000daf80000)
  to   space 16384K, 0% used [0x00000000d9300000,0x00000000d9300000,0x00000000da300000)
 ParOldGen       total 68096K, used 25364K [0x0000000082200000, 0x0000000086480000, 0x00000000d6100000)
  object space 68096K, 37% used [0x0000000082200000,0x0000000083ac53c0,0x0000000086480000)
 Metaspace       used 30251K, capacity 32084K, committed 32256K, reserved 1077248K
  class space    used 4178K, capacity 4511K, committed 4608K, reserved 1048576K
Event: 5.424 GC heap after
Heap after GC invocations=8 (full 1):
 PSYoungGen      total 67584K, used 16366K [0x00000000d6100000, 0x00000000dd400000, 0x0000000100000000)
  eden space 51200K, 0% used [0x00000000d6100000,0x00000000d6100000,0x00000000d9300000)
  from space 16384K, 99% used [0x00000000d9300000,0x00000000da2fb958,0x00000000da300000)
  to   space 23552K, 0% used [0x00000000dbd00000,0x00000000dbd00000,0x00000000dd400000)
 ParOldGen       total 68096K, used 34200K [0x0000000082200000, 0x0000000086480000, 0x00000000d6100000)
  object space 68096K, 50% used [0x0000000082200000,0x0000000084366030,0x0000000086480000)
 Metaspace       used 30251K, capacity 32084K, committed 32256K, reserved 1077248K
  class space    used 4178K, capacity 4511K, committed 4608K, reserved 1048576K
}
Event: 5.622 GC heap before
{Heap before GC invocations=9 (full 1):
 PSYoungGen      total 67584K, used 35492K [0x00000000d6100000, 0x00000000dd400000, 0x0000000100000000)
  eden space 51200K, 37% used [0x00000000d6100000,0x00000000d73ad990,0x00000000d9300000)
  from space 16384K, 99% used [0x00000000d9300000,0x00000000da2fb958,0x00000000da300000)
  to   space 23552K, 0% used [0x00000000dbd00000,0x00000000dbd00000,0x00000000dd400000)
 ParOldGen       total 68096K, used 34200K [0x0000000082200000, 0x0000000086480000, 0x00000000d6100000)
  object space 68096K, 50% used [0x0000000082200000,0x0000000084366030,0x0000000086480000)
 Metaspace       used 33436K, capacity 35294K, committed 35416K, reserved 1079296K
  class space    used 4656K, capacity 4998K, committed 5120K, reserved 1048576K
Event: 5.636 GC heap after
Heap after GC invocations=9 (full 1):
 PSYoungGen      total 94208K, used 15778K [0x00000000d6100000, 0x00000000dda80000, 0x0000000100000000)
  eden space 70656K, 0% used [0x00000000d6100000,0x00000000d6100000,0x00000000da600000)
  from space 23552K, 66% used [0x00000000dbd00000,0x00000000dcc68b08,0x00000000dd400000)
  to   space 23552K, 0% used [0x00000000da600000,0x00000000da600000,0x00000000dbd00000)
 ParOldGen       total 68096K, used 37184K [0x0000000082200000, 0x0000000086480000, 0x00000000d6100000)
  object space 68096K, 54% used [0x0000000082200000,0x0000000084650080,0x0000000086480000)
 Metaspace       used 33436K, capacity 35294K, committed 35416K, reserved 1079296K
  class space    used 4656K, capacity 4998K, committed 5120K, reserved 1048576K
}
Event: 5.636 GC heap before
{Heap before GC invocations=10 (full 2):
 PSYoungGen      total 94208K, used 15778K [0x00000000d6100000, 0x00000000dda80000, 0x0000000100000000)
  eden space 70656K, 0% used [0x00000000d6100000,0x00000000d6100000,0x00000000da600000)
  from space 23552K, 66% used [0x00000000dbd00000,0x00000000dcc68b08,0x00000000dd400000)
  to   space 23552K, 0% used [0x00000000da600000,0x00000000da600000,0x00000000dbd00000)
 ParOldGen       total 68096K, used 37184K [0x0000000082200000, 0x0000000086480000, 0x00000000d6100000)
  object space 68096K, 54% used [0x0000000082200000,0x0000000084650080,0x0000000086480000)
 Metaspace       used 33436K, capacity 35294K, committed 35416K, reserved 1079296K
  class space    used 4656K, capacity 4998K, committed 5120K, reserved 1048576K
Event: 5.751 GC heap after
Heap after GC invocations=10 (full 2):
 PSYoungGen      total 94208K, used 0K [0x00000000d6100000, 0x00000000dda80000, 0x0000000100000000)
  eden space 70656K, 0% used [0x00000000d6100000,0x00000000d6100000,0x00000000da600000)
  from space 23552K, 0% used [0x00000000dbd00000,0x00000000dbd00000,0x00000000dd400000)
  to   space 23552K, 0% used [0x00000000da600000,0x00000000da600000,0x00000000dbd00000)
 ParOldGen       total 137216K, used 45736K [0x0000000082200000, 0x000000008a800000, 0x00000000d6100000)
  object space 137216K, 33% used [0x0000000082200000,0x0000000084eaa2f0,0x000000008a800000)
 Metaspace       used 33436K, capacity 35294K, committed 35416K, reserved 1079296K
  class space    used 4656K, capacity 4998K, committed 5120K, reserved 1048576K
}
Event: 6.539 GC heap before
{Heap before GC invocations=11 (full 2):
 PSYoungGen      total 94208K, used 70656K [0x00000000d6100000, 0x00000000dda80000, 0x0000000100000000)
  eden space 70656K, 100% used [0x00000000d6100000,0x00000000da600000,0x00000000da600000)
  from space 23552K, 0% used [0x00000000dbd00000,0x00000000dbd00000,0x00000000dd400000)
  to   space 23552K, 0% used [0x00000000da600000,0x00000000da600000,0x00000000dbd00000)
 ParOldGen       total 137216K, used 45736K [0x0000000082200000, 0x000000008a800000, 0x00000000d6100000)
  object space 137216K, 33% used [0x0000000082200000,0x0000000084eaa2f0,0x000000008a800000)
 Metaspace       used 43226K, capacity 45166K, committed 45568K, reserved 1089536K
  class space    used 5981K, capacity 6318K, committed 6400K, reserved 1048576K
Event: 6.545 GC heap after
Heap after GC invocations=11 (full 2):
 PSYoungGen      total 94208K, used 10233K [0x00000000d6100000, 0x00000000de680000, 0x0000000100000000)
  eden space 70656K, 0% used [0x00000000d6100000,0x00000000d6100000,0x00000000da600000)
  from space 23552K, 43% used [0x00000000da600000,0x00000000daffe600,0x00000000dbd00000)
  to   space 23040K, 0% used [0x00000000dd000000,0x00000000dd000000,0x00000000de680000)
 ParOldGen       total 137216K, used 45744K [0x0000000082200000, 0x000000008a800000, 0x00000000d6100000)
  object space 137216K, 33% used [0x0000000082200000,0x0000000084eac2f0,0x000000008a800000)
 Metaspace       used 43226K, capacity 45166K, committed 45568K, reserved 1089536K
  class space    used 5981K, capacity 6318K, committed 6400K, reserved 1048576K
}

Deoptimization events (10 events):
Event: 6.805 Thread 0x0000000019351000 Uncommon trap: reason=bimorphic action=maybe_recompile pc=0x0000000002fab604 method=java.util.regex.Pattern$Branch.match(Ljava/util/regex/Matcher;ILjava/lang/CharSequence;)Z @ 32
Event: 6.805 Thread 0x0000000019351000 Uncommon trap: reason=bimorphic action=maybe_recompile pc=0x0000000002fab604 method=java.util.regex.Pattern$Branch.match(Ljava/util/regex/Matcher;ILjava/lang/CharSequence;)Z @ 32
Event: 6.805 Thread 0x0000000019351000 Uncommon trap: reason=bimorphic action=maybe_recompile pc=0x0000000002fab604 method=java.util.regex.Pattern$Branch.match(Ljava/util/regex/Matcher;ILjava/lang/CharSequence;)Z @ 32
Event: 6.822 Thread 0x0000000019351000 Uncommon trap: reason=class_check action=maybe_recompile pc=0x000000000330344c method=java.util.regex.Pattern$Curly.match(Ljava/util/regex/Matcher;ILjava/lang/CharSequence;)Z @ 19
Event: 7.473 Thread 0x0000000019351000 Uncommon trap: reason=unstable_if action=reinterpret pc=0x000000000366bb6c method=java.util.HashMap$HashIterator.<init>(Ljava/util/HashMap;)V @ 45
Event: 7.473 Thread 0x0000000019351000 Uncommon trap: reason=unstable_if action=reinterpret pc=0x0000000003666c8c method=java.util.HashMap$HashIterator.<init>(Ljava/util/HashMap;)V @ 45
Event: 7.485 Thread 0x000000001934c800 Uncommon trap: reason=bimorphic action=maybe_recompile pc=0x00000000030e5228 method=java.util.WeakHashMap.eq(Ljava/lang/Object;Ljava/lang/Object;)Z @ 7
Event: 7.486 Thread 0x000000001934c800 Uncommon trap: reason=bimorphic action=maybe_recompile pc=0x00000000030e5228 method=java.util.WeakHashMap.eq(Ljava/lang/Object;Ljava/lang/Object;)Z @ 7
Event: 7.486 Thread 0x000000001934c800 Uncommon trap: reason=bimorphic action=maybe_recompile pc=0x00000000030e5228 method=java.util.WeakHashMap.eq(Ljava/lang/Object;Ljava/lang/Object;)Z @ 7
Event: 8.632 Thread 0x000000001934c800 Uncommon trap: reason=bimorphic action=maybe_recompile pc=0x00000000030e5228 method=java.util.WeakHashMap.eq(Ljava/lang/Object;Ljava/lang/Object;)Z @ 7

Classes redefined (0 events):
No events

Internal exceptions (10 events):
Event: 6.048 Thread 0x0000000019351000 Exception <a 'java/lang/ClassNotFoundException': java/lang/ObjectCustomizer> (0x00000000d7f1f7f8) thrown at [C:\re\workspace\8-2-build-windows-amd64-cygwin\jdk8u191\11896\hotspot\src\share\vm\classfile\systemDictionary.cpp, line 210]
Event: 6.048 Thread 0x0000000019351000 Exception <a 'java/lang/ClassNotFoundException': com/mchange/v2/c3p0/impl/AbstractIdentityTokenizedCustomizer> (0x00000000d7f350a0) thrown at [C:\re\workspace\8-2-build-windows-amd64-cygwin\jdk8u191\11896\hotspot\src\share\vm\classfile\systemDictionary.cp
Event: 6.049 Thread 0x0000000019351000 Exception <a 'java/lang/ClassNotFoundException': com/mchange/v2/c3p0/impl/IdentityTokenResolvableCustomizer> (0x00000000d7f47950) thrown at [C:\re\workspace\8-2-build-windows-amd64-cygwin\jdk8u191\11896\hotspot\src\share\vm\classfile\systemDictionary.cpp,
Event: 6.049 Thread 0x0000000019351000 Exception <a 'java/lang/ClassNotFoundException': com/mchange/v2/c3p0/impl/WrapperConnectionPoolDataSourceBaseCustomizer> (0x00000000d7f5b978) thrown at [C:\re\workspace\8-2-build-windows-amd64-cygwin\jdk8u191\11896\hotspot\src\share\vm\classfile\systemDic
Event: 6.050 Thread 0x0000000019351000 Exception <a 'java/lang/ClassNotFoundException': com/mchange/v2/c3p0/WrapperConnectionPoolDataSourceCustomizer> (0x00000000d7fdfd80) thrown at [C:\re\workspace\8-2-build-windows-amd64-cygwin\jdk8u191\11896\hotspot\src\share\vm\classfile\systemDictionary.c
Event: 6.051 Thread 0x0000000019351000 Exception <a 'java/lang/ClassNotFoundException': com/mchange/v2/c3p0/DriverManagerDataSourceBeanInfo> (0x00000000d8001440) thrown at [C:\re\workspace\8-2-build-windows-amd64-cygwin\jdk8u191\11896\hotspot\src\share\vm\classfile\systemDictionary.cpp, line 2
Event: 6.051 Thread 0x0000000019351000 Exception <a 'java/lang/ClassNotFoundException': com/mchange/v2/c3p0/impl/DriverManagerDataSourceBaseBeanInfo> (0x00000000d8012240) thrown at [C:\re\workspace\8-2-build-windows-amd64-cygwin\jdk8u191\11896\hotspot\src\share\vm\classfile\systemDictionary.cp
Event: 6.051 Thread 0x0000000019351000 Exception <a 'java/lang/ClassNotFoundException': com/mchange/v2/c3p0/impl/DriverManagerDataSourceBaseCustomizer> (0x00000000d80233e8) thrown at [C:\re\workspace\8-2-build-windows-amd64-cygwin\jdk8u191\11896\hotspot\src\share\vm\classfile\systemDictionary.
Event: 6.052 Thread 0x0000000019351000 Exception <a 'java/lang/ClassNotFoundException': com/mchange/v2/c3p0/DriverManagerDataSourceCustomizer> (0x00000000d804ddf0) thrown at [C:\re\workspace\8-2-build-windows-amd64-cygwin\jdk8u191\11896\hotspot\src\share\vm\classfile\systemDictionary.cpp, line
Event: 6.206 Thread 0x0000000019351000 Exception <a 'java/lang/NullPointerException'> (0x00000000d8be1f78) thrown at [C:\re\workspace\8-2-build-windows-amd64-cygwin\jdk8u191\11896\hotspot\src\share\vm\runtime\reflection.cpp, line 922]

Events (10 events):
Event: 18.053 Thread 0x0000000017954800 flushing nmethod 0x00000000031fb650
Event: 18.053 Thread 0x0000000017954800 flushing nmethod 0x0000000003232950
Event: 18.053 Thread 0x0000000017954800 flushing nmethod 0x0000000003259750
Event: 18.053 Thread 0x0000000017954800 flushing nmethod 0x000000000328b7d0
Event: 18.470 Thread 0x0000000017959000 flushing nmethod 0x00000000032c93d0
Event: 18.470 Thread 0x0000000017959000 flushing nmethod 0x0000000003316210
Event: 18.470 Thread 0x0000000017959000 flushing nmethod 0x000000000331a8d0
Event: 19.493 Thread 0x0000000017954800 flushing nmethod 0x00000000033f99d0
Event: 19.493 Thread 0x0000000017954800 flushing nmethod 0x0000000003402550
Event: 19.493 Thread 0x0000000017954800 flushing nmethod 0x000000000340fd90


Dynamic libraries:
0x00007ff750a90000 - 0x00007ff750ac7000 	C:\Program Files\Java\jre1.8.0_191\bin\javaw.exe
0x00007ff91d8b0000 - 0x00007ff91da8b000 	C:\Windows\SYSTEM32\ntdll.dll
0x00007ff91ba20000 - 0x00007ff91bace000 	C:\Windows\System32\KERNEL32.DLL
0x00007ff919fc0000 - 0x00007ff91a20a000 	C:\Windows\System32\KERNELBASE.dll
0x00007ff91d6a0000 - 0x00007ff91d741000 	C:\Windows\System32\ADVAPI32.dll
0x00007ff91b340000 - 0x00007ff91b3dd000 	C:\Windows\System32\msvcrt.dll
0x00007ff91b3e0000 - 0x00007ff91b439000 	C:\Windows\System32\sechost.dll
0x00007ff91bad0000 - 0x00007ff91bbf5000 	C:\Windows\System32\RPCRT4.dll
0x00007ff91b440000 - 0x00007ff91b58a000 	C:\Windows\System32\USER32.dll
0x00007ff919dd0000 - 0x00007ff919dee000 	C:\Windows\System32\win32u.dll
0x00007ff91b2b0000 - 0x00007ff91b2d7000 	C:\Windows\System32\GDI32.dll
0x00007ff91a9d0000 - 0x00007ff91ab58000 	C:\Windows\System32\gdi32full.dll
0x00007ff91ac70000 - 0x00007ff91ad0a000 	C:\Windows\System32\msvcp_win.dll
0x00007ff91ad10000 - 0x00007ff91ae06000 	C:\Windows\System32\ucrtbase.dll
0x00007ff90d6c0000 - 0x00007ff90d927000 	C:\Windows\WinSxS\amd64_microsoft.windows.common-controls_6595b64144ccf1df_6.0.15063.1155_none_40c7922129a7722b\COMCTL32.dll
0x00007ff91d200000 - 0x00007ff91d4f9000 	C:\Windows\System32\combase.dll
0x00007ff91a960000 - 0x00007ff91a9ca000 	C:\Windows\System32\bcryptPrimitives.dll
0x00007ff91d770000 - 0x00007ff91d79d000 	C:\Windows\System32\IMM32.DLL
0x00007ff8fda40000 - 0x00007ff8fdaef000 	C:\Program Files\McAfee\Endpoint Security\Threat Prevention\Ips\EpMPApi.dll
0x00007ff91ac10000 - 0x00007ff91ac67000 	C:\Windows\System32\WINTRUST.dll
0x00007ff919d60000 - 0x00007ff919d71000 	C:\Windows\System32\MSASN1.dll
0x00007ff919df0000 - 0x00007ff919fb9000 	C:\Windows\System32\CRYPT32.dll
0x00000000603e0000 - 0x00000000603ec000 	C:\Program Files\McAfee\Endpoint Security\Threat Prevention\Ips\EpMPThe.dll
0x0000000060510000 - 0x00000000605e2000 	C:\Program Files\Java\jre1.8.0_191\bin\msvcr100.dll
0x000000005f8f0000 - 0x0000000060194000 	C:\Program Files\Java\jre1.8.0_191\bin\server\jvm.dll
0x00007ff91b590000 - 0x00007ff91b598000 	C:\Windows\System32\PSAPI.DLL
0x00007ff905d50000 - 0x00007ff905d59000 	C:\Windows\SYSTEM32\WSOCK32.dll
0x00007ff91bc00000 - 0x00007ff91bc6c000 	C:\Windows\System32\WS2_32.dll
0x00007ff918000000 - 0x00007ff918023000 	C:\Windows\SYSTEM32\WINMM.dll
0x00007ff90b3f0000 - 0x00007ff90b3fa000 	C:\Windows\SYSTEM32\VERSION.dll
0x00007ff917fd0000 - 0x00007ff917ffb000 	C:\Windows\SYSTEM32\WINMMBASE.dll
0x00007ff91a910000 - 0x00007ff91a959000 	C:\Windows\System32\cfgmgr32.dll
0x00000000617e0000 - 0x00000000617ef000 	C:\Program Files\Java\jre1.8.0_191\bin\verify.dll
0x00000000617b0000 - 0x00000000617d9000 	C:\Program Files\Java\jre1.8.0_191\bin\java.dll
0x0000000061790000 - 0x00000000617a6000 	C:\Program Files\Java\jre1.8.0_191\bin\zip.dll
0x00007ff91bdc0000 - 0x00007ff91d1f8000 	C:\Windows\System32\SHELL32.dll
0x00007ff91bd10000 - 0x00007ff91bdba000 	C:\Windows\System32\shcore.dll
0x00007ff91a210000 - 0x00007ff91a901000 	C:\Windows\System32\windows.storage.dll
0x00007ff91b250000 - 0x00007ff91b2a1000 	C:\Windows\System32\shlwapi.dll
0x00007ff919d20000 - 0x00007ff919d31000 	C:\Windows\System32\kernel.appcore.dll
0x00007ff919d80000 - 0x00007ff919dcc000 	C:\Windows\System32\powrprof.dll
0x00007ff919d40000 - 0x00007ff919d55000 	C:\Windows\System32\profapi.dll
0x0000000002d50000 - 0x0000000002d53000 	C:\Program Files\Java\jre1.8.0_191\bin\api-ms-win-core-console-l1-1-0.dll
0x0000000002d60000 - 0x0000000002d63000 	C:\Program Files\Java\jre1.8.0_191\bin\api-ms-win-core-datetime-l1-1-0.dll
0x00000000198b0000 - 0x00000000198b3000 	C:\Program Files\Java\jre1.8.0_191\bin\api-ms-win-core-debug-l1-1-0.dll
0x00000000198c0000 - 0x00000000198c3000 	C:\Program Files\Java\jre1.8.0_191\bin\api-ms-win-core-errorhandling-l1-1-0.dll
0x00000000198d0000 - 0x00000000198d4000 	C:\Program Files\Java\jre1.8.0_191\bin\api-ms-win-core-file-l1-1-0.dll
0x00000000198e0000 - 0x00000000198e3000 	C:\Program Files\Java\jre1.8.0_191\bin\api-ms-win-core-file-l1-2-0.dll
0x00000000198f0000 - 0x00000000198f3000 	C:\Program Files\Java\jre1.8.0_191\bin\api-ms-win-core-file-l2-1-0.dll
0x0000000019900000 - 0x0000000019903000 	C:\Program Files\Java\jre1.8.0_191\bin\api-ms-win-core-handle-l1-1-0.dll
0x0000000019910000 - 0x0000000019913000 	C:\Program Files\Java\jre1.8.0_191\bin\api-ms-win-core-heap-l1-1-0.dll
0x0000000019920000 - 0x0000000019923000 	C:\Program Files\Java\jre1.8.0_191\bin\api-ms-win-core-interlocked-l1-1-0.dll
0x0000000019930000 - 0x0000000019933000 	C:\Program Files\Java\jre1.8.0_191\bin\api-ms-win-core-libraryloader-l1-1-0.dll
0x0000000019940000 - 0x0000000019943000 	C:\Program Files\Java\jre1.8.0_191\bin\api-ms-win-core-localization-l1-2-0.dll
0x0000000019950000 - 0x0000000019953000 	C:\Program Files\Java\jre1.8.0_191\bin\api-ms-win-core-memory-l1-1-0.dll
0x0000000019960000 - 0x0000000019963000 	C:\Program Files\Java\jre1.8.0_191\bin\api-ms-win-core-namedpipe-l1-1-0.dll
0x0000000019970000 - 0x0000000019973000 	C:\Program Files\Java\jre1.8.0_191\bin\api-ms-win-core-processenvironment-l1-1-0.dll
0x0000000019980000 - 0x0000000019983000 	C:\Program Files\Java\jre1.8.0_191\bin\api-ms-win-core-processthreads-l1-1-0.dll
0x0000000019990000 - 0x0000000019993000 	C:\Program Files\Java\jre1.8.0_191\bin\api-ms-win-core-processthreads-l1-1-1.dll
0x00000000199a0000 - 0x00000000199a3000 	C:\Program Files\Java\jre1.8.0_191\bin\api-ms-win-core-profile-l1-1-0.dll
0x00000000199b0000 - 0x00000000199b3000 	C:\Program Files\Java\jre1.8.0_191\bin\api-ms-win-core-rtlsupport-l1-1-0.dll
0x00000000199c0000 - 0x00000000199c3000 	C:\Program Files\Java\jre1.8.0_191\bin\api-ms-win-core-string-l1-1-0.dll
0x00000000199d0000 - 0x00000000199d3000 	C:\Program Files\Java\jre1.8.0_191\bin\api-ms-win-core-synch-l1-1-0.dll
0x00000000199e0000 - 0x00000000199e3000 	C:\Program Files\Java\jre1.8.0_191\bin\api-ms-win-core-synch-l1-2-0.dll
0x00000000199f0000 - 0x00000000199f3000 	C:\Program Files\Java\jre1.8.0_191\bin\api-ms-win-core-sysinfo-l1-1-0.dll
0x0000000019a00000 - 0x0000000019a03000 	C:\Program Files\Java\jre1.8.0_191\bin\api-ms-win-core-timezone-l1-1-0.dll
0x0000000019a10000 - 0x0000000019a13000 	C:\Program Files\Java\jre1.8.0_191\bin\api-ms-win-core-util-l1-1-0.dll
0x0000000019a20000 - 0x0000000019a23000 	C:\Program Files\Java\jre1.8.0_191\bin\api-ms-win-crt-conio-l1-1-0.dll
0x0000000019a30000 - 0x0000000019a34000 	C:\Program Files\Java\jre1.8.0_191\bin\api-ms-win-crt-convert-l1-1-0.dll
0x0000000019a40000 - 0x0000000019a43000 	C:\Program Files\Java\jre1.8.0_191\bin\api-ms-win-crt-environment-l1-1-0.dll
0x0000000019a50000 - 0x0000000019a53000 	C:\Program Files\Java\jre1.8.0_191\bin\api-ms-win-crt-filesystem-l1-1-0.dll
0x0000000019a60000 - 0x0000000019a63000 	C:\Program Files\Java\jre1.8.0_191\bin\api-ms-win-crt-heap-l1-1-0.dll
0x0000000019a70000 - 0x0000000019a73000 	C:\Program Files\Java\jre1.8.0_191\bin\api-ms-win-crt-locale-l1-1-0.dll
0x0000000019a80000 - 0x0000000019a85000 	C:\Program Files\Java\jre1.8.0_191\bin\api-ms-win-crt-math-l1-1-0.dll
0x0000000019a90000 - 0x0000000019a95000 	C:\Program Files\Java\jre1.8.0_191\bin\api-ms-win-crt-multibyte-l1-1-0.dll
0x0000000019aa0000 - 0x0000000019ab0000 	C:\Program Files\Java\jre1.8.0_191\bin\api-ms-win-crt-private-l1-1-0.dll
0x0000000019ab0000 - 0x0000000019ab3000 	C:\Program Files\Java\jre1.8.0_191\bin\api-ms-win-crt-process-l1-1-0.dll
0x0000000019ac0000 - 0x0000000019ac4000 	C:\Program Files\Java\jre1.8.0_191\bin\api-ms-win-crt-runtime-l1-1-0.dll
0x0000000019ad0000 - 0x0000000019ad4000 	C:\Program Files\Java\jre1.8.0_191\bin\api-ms-win-crt-stdio-l1-1-0.dll
0x0000000019ae0000 - 0x0000000019ae4000 	C:\Program Files\Java\jre1.8.0_191\bin\api-ms-win-crt-string-l1-1-0.dll
0x0000000019af0000 - 0x0000000019af3000 	C:\Program Files\Java\jre1.8.0_191\bin\api-ms-win-crt-time-l1-1-0.dll
0x0000000019b00000 - 0x0000000019b03000 	C:\Program Files\Java\jre1.8.0_191\bin\api-ms-win-crt-utility-l1-1-0.dll
0x00007ff9013d0000 - 0x00007ff9014c6000 	C:\Program Files\Java\jre1.8.0_191\bin\ucrtbase.dll
0x00007ff914ee0000 - 0x00007ff914ef6000 	C:\Program Files\Java\jre1.8.0_191\bin\vcruntime140.dll
0x00007ff913280000 - 0x00007ff91331c000 	C:\Program Files\Java\jre1.8.0_191\bin\msvcp140.dll
0x00007ff913050000 - 0x00007ff9130a1000 	C:\Program Files\Java\jre1.8.0_191\bin\concrt140.dll
0x00000000616d0000 - 0x00000000616f3000 	C:\Program Files\Java\jre1.8.0_191\bin\prism_d3d.dll
0x00007ff8e4500000 - 0x00007ff8e4689000 	C:\Windows\system32\d3d9.dll
0x00007ff917f70000 - 0x00007ff917f9a000 	C:\Windows\SYSTEM32\dwmapi.dll
0x00007ff918220000 - 0x00007ff9182b5000 	C:\Windows\system32\uxtheme.dll
0x00007ff8f4370000 - 0x00007ff8f4547000 	C:\Windows\System32\DriverStore\FileRepository\ki127171.inf_amd64_368f8c7337214025\igdumdim64.dll
0x00007ff8c3a10000 - 0x00007ff8c6a0d000 	C:\Windows\System32\DriverStore\FileRepository\ki127171.inf_amd64_368f8c7337214025\igd9dxva64.dll
0x00007ff91b660000 - 0x00007ff91b7a5000 	C:\Windows\System32\ole32.dll
0x00007ff91b5a0000 - 0x00007ff91b660000 	C:\Windows\System32\OLEAUT32.dll
0x0000000061680000 - 0x00000000616c9000 	C:\Program Files\Java\jre1.8.0_191\bin\glass.dll
0x000000001a5e0000 - 0x000000001a6e8000 	C:\Windows\System32\COMDLG32.dll
0x00007ff91b7b0000 - 0x00007ff91b916000 	C:\Windows\System32\MSCTF.dll
0x00007ff9108f0000 - 0x00007ff912685000 	C:\Windows\System32\DriverStore\FileRepository\ki127171.inf_amd64_368f8c7337214025\igc64.dll
0x0000000060f00000 - 0x0000000060f14000 	C:\Program Files\Java\jre1.8.0_191\bin\javafx_font.dll
0x00007ff90fe10000 - 0x00007ff9100cf000 	C:\Windows\SYSTEM32\dwrite.dll
0x000000005bda0000 - 0x000000005f45a000 	C:\Program Files\Java\jre1.8.0_191\bin\jfxwebkit.dll
0x00007ff919770000 - 0x00007ff919787000 	C:\Windows\SYSTEM32\CRYPTSP.dll
0x00007ff918eb0000 - 0x00007ff918ee4000 	C:\Windows\system32\rsaenh.dll
0x00007ff9198e0000 - 0x00007ff919905000 	C:\Windows\SYSTEM32\bcrypt.dll
0x00007ff919c50000 - 0x00007ff919c79000 	C:\Windows\SYSTEM32\USERENV.dll
0x00007ff919790000 - 0x00007ff91979b000 	C:\Windows\SYSTEM32\CRYPTBASE.dll
0x0000000061770000 - 0x000000006178a000 	C:\Program Files\Java\jre1.8.0_191\bin\net.dll
0x00007ff9195d0000 - 0x00007ff91962c000 	C:\Windows\system32\mswsock.dll
0x00007ff919370000 - 0x00007ff9193a7000 	C:\Windows\SYSTEM32\IPHLPAPI.DLL
0x00007ff91ba10000 - 0x00007ff91ba18000 	C:\Windows\System32\NSI.dll
0x00007ff914ec0000 - 0x00007ff914ed6000 	C:\Windows\SYSTEM32\dhcpcsvc6.DLL
0x00007ff914ea0000 - 0x00007ff914eba000 	C:\Windows\SYSTEM32\dhcpcsvc.DLL
0x0000000061750000 - 0x0000000061761000 	C:\Program Files\Java\jre1.8.0_191\bin\nio.dll
0x0000000061720000 - 0x0000000061744000 	C:\Program Files\Java\jre1.8.0_191\bin\sunec.dll
0x00007ff91bc70000 - 0x00007ff91bd0e000 	C:\Windows\System32\clbcatq.dll
0x00007ff915ca0000 - 0x00007ff915e4c000 	C:\Windows\SYSTEM32\WindowsCodecs.dll
0x00007ff90c0a0000 - 0x00007ff90c0e7000 	C:\Windows\system32\dataexchange.dll
0x00007ff917630000 - 0x00007ff91790f000 	C:\Windows\system32\d3d11.dll
0x00007ff917a00000 - 0x00007ff917b23000 	C:\Windows\system32\dcomp.dll
0x00007ff918a60000 - 0x00007ff918b04000 	C:\Windows\system32\dxgi.dll
0x00007ff918500000 - 0x00007ff918670000 	C:\Windows\system32\twinapi.appcore.dll
0x00007ff913410000 - 0x00007ff913441000 	C:\Program Files\Common Files\Microsoft Shared\Ink\rtscom.dll
0x00007ff913600000 - 0x00007ff913681000 	C:\Windows\System32\TextInputFramework.dll
0x00007ff9151f0000 - 0x00007ff9154c3000 	C:\Windows\System32\CoreUIComponents.dll
0x00007ff917910000 - 0x00007ff9179f4000 	C:\Windows\System32\CoreMessaging.dll
0x00007ff9189f0000 - 0x00007ff918a21000 	C:\Windows\SYSTEM32\ntmarta.dll
0x00007ff916390000 - 0x00007ff9164c9000 	C:\Windows\SYSTEM32\wintypes.dll
0x00007ff9161d0000 - 0x00007ff9161e5000 	C:\Windows\SYSTEM32\usermgrcli.dll

VM Arguments:
jvm_args: -Dfile.encoding=UTF-8 
java_command: principal.Principal
java_class_path (initial): C:\Program Files\Java\jre1.8.0_191\lib\resources.jar;C:\Program Files\Java\jre1.8.0_191\lib\rt.jar;C:\Program Files\Java\jre1.8.0_191\lib\jsse.jar;C:\Program Files\Java\jre1.8.0_191\lib\jce.jar;C:\Program Files\Java\jre1.8.0_191\lib\charsets.jar;C:\Program Files\Java\jre1.8.0_191\lib\jfr.jar;C:\Program Files\Java\jre1.8.0_191\lib\ext\access-bridge-64.jar;C:\Program Files\Java\jre1.8.0_191\lib\ext\cldrdata.jar;C:\Program Files\Java\jre1.8.0_191\lib\ext\dnsns.jar;C:\Program Files\Java\jre1.8.0_191\lib\ext\jaccess.jar;C:\Program Files\Java\jre1.8.0_191\lib\ext\jfxrt.jar;C:\Program Files\Java\jre1.8.0_191\lib\ext\localedata.jar;C:\Program Files\Java\jre1.8.0_191\lib\ext\nashorn.jar;C:\Program Files\Java\jre1.8.0_191\lib\ext\sunec.jar;C:\Program Files\Java\jre1.8.0_191\lib\ext\sunjce_provider.jar;C:\Program Files\Java\jre1.8.0_191\lib\ext\sunmscapi.jar;C:\Program Files\Java\jre1.8.0_191\lib\ext\sunpkcs11.jar;C:\Program Files\Java\jre1.8.0_191\lib\ext\zipfs.jar;C:\Users\fabricio.barrozo\git\srh.adasa\target\classes;C:\Users\fabricio.barrozo\.m2\repository\com\vividsolutions\jts\1.13\jts-1.13.jar;C:\Users\fabricio.barrozo\.m2\repository\org\hibernate\hibernate-spatial\5.1.0.Final\hibernate-spatial-5.1.0.Final.jar;C:\Users\fabricio.barrozo\.m2\repository\org\hibernate\hibernate-core\5.1.0.Final\hibernate-core-5.1.0.Final.jar;C:\Users\fabricio.barrozo\.m2\repository\org\apache\geronimo\specs\geronimo-jta_1.1_spec\1.1.1\geronimo-jta_1.1_spec-1.1.1.jar;C:\Users\fabricio.barrozo\.m2\repository\org\jboss\jandex\2.0.0.Final\jandex-2.0.0.Final.jar;C:\Users\fabricio.barrozo\.m2\repository\com\fasterxml\classmate\1.3.0\classmate-1.3.0.jar;C:\Users\fabricio.barrozo\.m2\repository\org\postgresql\postgresql\9.4-1200-jdbc41\postgresql-9.4-1200-jdbc41.jar;C:\Users\fabricio.barrozo\.m2\repository\com\github\dblock\waffle\waffle-jna\1.7\waffle-jna-1.7.jar;C:\Users\fabricio.barrozo\.m2\repository\net\java\dev\jna\jna\4.1.0\jna-4.1.0.jar;C:\Users\fabricio.barrozo
Launcher Type: SUN_STANDARD

Environment Variables:
JAVA_HOME=C:\Program Files\Java\jdk1.8.0_191
PATH=C:/Program Files/Java/jre1.8.0_191/bin/server;C:/Program Files/Java/jre1.8.0_191/bin;C:/Program Files/Java/jre1.8.0_191/lib/amd64;C:\Program Files (x86)\Common Files\Oracle\Java\javapath;C:\ProgramData\Oracle\Java\javapath;C:\Program Files (x86)\Intel\iCLS Client\;C:\Program Files\Intel\iCLS Client\;C:\Windows\system32;C:\Windows;C:\Windows\System32\Wbem;C:\Windows\System32\WindowsPowerShell\v1.0\;C:\Program Files (x86)\Intel\Intel(R) Management Engine Components\DAL;C:\Program Files\Intel\Intel(R) Management Engine Components\DAL;C:\Program Files (x86)\Intel\Intel(R) Management Engine Components\IPT;C:\Program Files\Intel\Intel(R) Management Engine Components\IPT;C:\Program Files\Intel\WiFi\bin\;C:\Program Files\Common Files\Intel\WirelessCommon\;c:\Program Files\Microsoft SQL Server\110\Tools\Binn\;c:\Program Files (x86)\Microsoft SQL Server\110\Tools\Binn\ManagementStudio\;c:\Program Files (x86)\Microsoft SQL Server\110\Tools\Binn\;c:\Program Files (x86)\Microsoft SQL Server\110\DTS\Binn\;C:\apache-maven-3.6.0\bin;C:\Users\fabricio.barrozo\AppData\Local\Microsoft\WindowsApps;;C:\Windows\System32;
USERNAME=fabricio.barrozo
OS=Windows_NT
PROCESSOR_IDENTIFIER=Intel64 Family 6 Model 94 Stepping 3, GenuineIntel



---------------  S Y S T E M  ---------------

OS: Windows 10.0 , 64 bit Build 15063 (10.0.15063.1058)

CPU:total 4 (initial active 4) (4 cores per cpu, 1 threads per core) family 6 model 94 stepping 3, cmov, cx8, fxsr, mmx, sse, sse2, sse3, ssse3, sse4.1, sse4.2, popcnt, avx, avx2, aes, clmul, erms, rtm, 3dnowpref, lzcnt, tsc, tscinvbit, bmi1, bmi2, adx

Memory: 4k page, physical 8249056k(1209812k free), swap 10196704k(4680k free)

vm_info: Java HotSpot(TM) 64-Bit Server VM (25.191-b12) for windows-amd64 JRE (1.8.0_191-b12), built on Oct  6 2018 09:29:03 by "java_re" with MS VC++ 10.0 (VS2010)

time: Tue Jan 08 09:55:25 2019
elapsed time: 19 seconds (0d 0h 0m 19s)

