#
# There is insufficient memory for the Java Runtime Environment to continue.
# Native memory allocation (malloc) failed to allocate 540896 bytes for Chunk::new
# Possible reasons:
#   The system is out of physical RAM or swap space
#   In 32 bit mode, the process size limit was hit
# Possible solutions:
#   Reduce memory load on the system
#   Increase physical memory or swap space
#   Check if swap backing store is full
#   Use 64 bit Java on a 64 bit OS
#   Decrease Java heap size (-Xmx/-Xms)
#   Decrease number of Java threads
#   Decrease Java thread stack sizes (-Xss)
#   Set larger code cache with -XX:ReservedCodeCacheSize=
# This output file may be truncated or incomplete.
#
#  Out of Memory Error (allocation.cpp:390), pid=14152, tid=0x0000000000002540
#
# JRE version: Java(TM) SE Runtime Environment (8.0_181-b13) (build 1.8.0_181-b13)
# Java VM: Java HotSpot(TM) 64-Bit Server VM (25.181-b13 mixed mode windows-amd64 compressed oops)
# Failed to write core dump. Minidumps are not enabled by default on client versions of Windows
#

---------------  T H R E A D  ---------------

Current thread (0x0000000017fbb800):  JavaThread "C2 CompilerThread0" daemon [_thread_in_native, id=9536, stack(0x0000000019620000,0x0000000019720000)]

Stack: [0x0000000019620000,0x0000000019720000]
[error occurred during error reporting (printing stack bounds), id 0xc0000005]

Native frames: (J=compiled Java code, j=interpreted, Vv=VM code, C=native code)


Current CompileTask:
C2:  55868 4163   !   4       com.sun.javafx.tk.Toolkit::firePulse (279 bytes)


---------------  P R O C E S S  ---------------

Java Threads: ( => current thread )
  0x000000001a3e3800 JavaThread "Disposer" daemon [_thread_blocked, id=8804, stack(0x0000000023f10000,0x0000000024010000)]
  0x000000001a4e4800 JavaThread "Prism Font Disposer" daemon [_thread_blocked, id=13740, stack(0x00000000235d0000,0x00000000236d0000)]
  0x000000001a090800 JavaThread "Thread-3" daemon [_thread_in_native, id=12056, stack(0x0000000021680000,0x0000000021780000)]
  0x0000000019fff000 JavaThread "JavaFX-Launcher" [_thread_blocked, id=15312, stack(0x0000000021780000,0x0000000021880000)]
  0x0000000019fd3000 JavaThread "JavaFX Application Thread" [_thread_in_native, id=1140, stack(0x000000001ad80000,0x000000001ae80000)]
  0x0000000019fc7800 JavaThread "Thread-1" daemon [_thread_blocked, id=14400, stack(0x000000001ac80000,0x000000001ad80000)]
  0x0000000019cf0800 JavaThread "QuantumRenderer-0" daemon [_thread_blocked, id=12384, stack(0x000000001a7c0000,0x000000001a8c0000)]
  0x000000001801d800 JavaThread "Service Thread" daemon [_thread_blocked, id=12368, stack(0x0000000019d20000,0x0000000019e20000)]
  0x0000000017fcc800 JavaThread "C1 CompilerThread2" daemon [_thread_blocked, id=6268, stack(0x0000000019820000,0x0000000019920000)]
  0x0000000017fc0800 JavaThread "C2 CompilerThread1" daemon [_thread_blocked, id=10164, stack(0x0000000019720000,0x0000000019820000)]
=>0x0000000017fbb800 JavaThread "C2 CompilerThread0" daemon [_thread_in_native, id=9536, stack(0x0000000019620000,0x0000000019720000)]
  0x0000000017fc7800 JavaThread "Attach Listener" daemon [_thread_blocked, id=4496, stack(0x0000000019520000,0x0000000019620000)]
  0x0000000017fc6000 JavaThread "Signal Dispatcher" daemon [_thread_blocked, id=13444, stack(0x0000000019420000,0x0000000019520000)]
  0x00000000034eb800 JavaThread "Finalizer" daemon [_thread_blocked, id=5112, stack(0x0000000019220000,0x0000000019320000)]
  0x00000000034e1000 JavaThread "Reference Handler" daemon [_thread_blocked, id=14996, stack(0x0000000019120000,0x0000000019220000)]
  0x00000000033ee800 JavaThread "main" [_thread_blocked, id=6628, stack(0x0000000003230000,0x0000000003330000)]

Other Threads:
  0x0000000017f87800 VMThread [stack: 0x0000000019020000,0x0000000019120000] [id=9732]
  0x0000000019976800 WatcherThread [stack: 0x0000000019e20000,0x0000000019f20000] [id=14668]

VM state:not at safepoint (normal execution)

VM Mutex/Monitor currently owned by a thread: None

Heap:
 PSYoungGen      total 70656K, used 65804K [0x00000000d6100000, 0x00000000de400000, 0x0000000100000000)
  eden space 65536K, 92% used [0x00000000d6100000,0x00000000d9c46930,0x00000000da100000)
  from space 5120K, 99% used [0x00000000da100000,0x00000000da5fc740,0x00000000da600000)
  to   space 14848K, 0% used [0x00000000dd580000,0x00000000dd580000,0x00000000de400000)
 ParOldGen       total 54272K, used 22359K [0x0000000082200000, 0x0000000085700000, 0x00000000d6100000)
  object space 54272K, 41% used [0x0000000082200000,0x00000000837d5f48,0x0000000085700000)
 Metaspace       used 24578K, capacity 25902K, committed 25984K, reserved 1071104K
  class space    used 3356K, capacity 3648K, committed 3712K, reserved 1048576K

Card table byte_map: [0x00000000128b0000,0x0000000012ca0000] byte_map_base: 0x000000001249f000

Marking Bits: (ParMarkBitMap*) 0x0000000057002d00
 Begin Bits: [0x0000000013340000, 0x00000000152b8000)
 End Bits:   [0x00000000152b8000, 0x0000000017230000)

Polling page: 0x00000000014a0000

CodeCache: size=245760Kb used=11325Kb max_used=11336Kb free=234434Kb
 bounds [0x00000000034f0000, 0x0000000004020000, 0x00000000124f0000]
 total_blobs=4470 nmethods=3695 adapters=687
 compilation: enabled

Compilation events (10 events):
Event: 36.689 Thread 0x0000000017fc0800 nmethod 4156 0x0000000004013410 code [0x00000000040136a0, 0x0000000004014c08]
Event: 37.703 Thread 0x0000000017fbb800 4159       4       com.sun.glass.ui.InvokeLaterDispatcher$Future::<init> (20 bytes)
Event: 37.703 Thread 0x0000000017fc0800 4160   !   4       com.sun.glass.ui.InvokeLaterDispatcher$Future::run (91 bytes)
Event: 37.704 Thread 0x0000000017fbb800 nmethod 4159 0x0000000003a9e050 code [0x0000000003a9e180, 0x0000000003a9e1f8]
Event: 37.708 Thread 0x0000000017fc0800 nmethod 4160 0x0000000003c17a90 code [0x0000000003c17c00, 0x0000000003c18278]
Event: 37.911 Thread 0x0000000017fbb800 4161  s    4       com.sun.webkit.Timer::getTimer (39 bytes)
Event: 37.914 Thread 0x0000000017fbb800 nmethod 4161 0x0000000003c3ba90 code [0x0000000003c3bbe0, 0x0000000003c3be18]
Event: 44.327 Thread 0x0000000017fc0800 4162       4       com.sun.scenario.animation.AbstractMasterTimer::nanos (37 bytes)
Event: 44.329 Thread 0x0000000017fc0800 nmethod 4162 0x0000000004003310 code [0x0000000004003440, 0x00000000040034f8]
Event: 55.831 Thread 0x0000000017fbb800 4163   !   4       com.sun.javafx.tk.Toolkit::firePulse (279 bytes)

GC Heap History (10 events):
Event: 1.736 GC heap before
{Heap before GC invocations=2 (full 0):
 PSYoungGen      total 37888K, used 18539K [0x00000000d6100000, 0x00000000d8b00000, 0x0000000100000000)
  eden space 32768K, 41% used [0x00000000d6100000,0x00000000d6e5bab8,0x00000000d8100000)
  from space 5120K, 94% used [0x00000000d8100000,0x00000000d85bf4c8,0x00000000d8600000)
  to   space 5120K, 0% used [0x00000000d8600000,0x00000000d8600000,0x00000000d8b00000)
 ParOldGen       total 86016K, used 80K [0x0000000082200000, 0x0000000087600000, 0x00000000d6100000)
  object space 86016K, 0% used [0x0000000082200000,0x0000000082214010,0x0000000087600000)
 Metaspace       used 20022K, capacity 21212K, committed 21504K, reserved 1067008K
  class space    used 2960K, capacity 3221K, committed 3328K, reserved 1048576K
Event: 1.743 GC heap after
Heap after GC invocations=2 (full 0):
 PSYoungGen      total 37888K, used 5097K [0x00000000d6100000, 0x00000000dab00000, 0x0000000100000000)
  eden space 32768K, 0% used [0x00000000d6100000,0x00000000d6100000,0x00000000d8100000)
  from space 5120K, 99% used [0x00000000d8600000,0x00000000d8afa588,0x00000000d8b00000)
  to   space 5120K, 0% used [0x00000000d8100000,0x00000000d8100000,0x00000000d8600000)
 ParOldGen       total 86016K, used 1722K [0x0000000082200000, 0x0000000087600000, 0x00000000d6100000)
  object space 86016K, 2% used [0x0000000082200000,0x00000000823ae8c8,0x0000000087600000)
 Metaspace       used 20022K, capacity 21212K, committed 21504K, reserved 1067008K
  class space    used 2960K, capacity 3221K, committed 3328K, reserved 1048576K
}
Event: 1.763 GC heap before
{Heap before GC invocations=3 (full 0):
 PSYoungGen      total 37888K, used 10433K [0x00000000d6100000, 0x00000000dab00000, 0x0000000100000000)
  eden space 32768K, 16% used [0x00000000d6100000,0x00000000d6636110,0x00000000d8100000)
  from space 5120K, 99% used [0x00000000d8600000,0x00000000d8afa588,0x00000000d8b00000)
  to   space 5120K, 0% used [0x00000000d8100000,0x00000000d8100000,0x00000000d8600000)
 ParOldGen       total 86016K, used 1722K [0x0000000082200000, 0x0000000087600000, 0x00000000d6100000)
  object space 86016K, 2% used [0x0000000082200000,0x00000000823ae8c8,0x0000000087600000)
 Metaspace       used 20400K, capacity 21512K, committed 21628K, reserved 1067008K
  class space    used 3005K, capacity 3257K, committed 3328K, reserved 1048576K
Event: 1.768 GC heap after
Heap after GC invocations=3 (full 0):
 PSYoungGen      total 37888K, used 5097K [0x00000000d6100000, 0x00000000dab00000, 0x0000000100000000)
  eden space 32768K, 0% used [0x00000000d6100000,0x00000000d6100000,0x00000000d8100000)
  from space 5120K, 99% used [0x00000000d8100000,0x00000000d85fa548,0x00000000d8600000)
  to   space 5120K, 0% used [0x00000000da600000,0x00000000da600000,0x00000000dab00000)
 ParOldGen       total 86016K, used 6714K [0x0000000082200000, 0x0000000087600000, 0x00000000d6100000)
  object space 86016K, 7% used [0x0000000082200000,0x000000008288e948,0x0000000087600000)
 Metaspace       used 20400K, capacity 21512K, committed 21628K, reserved 1067008K
  class space    used 3005K, capacity 3257K, committed 3328K, reserved 1048576K
}
Event: 1.769 GC heap before
{Heap before GC invocations=4 (full 1):
 PSYoungGen      total 37888K, used 5097K [0x00000000d6100000, 0x00000000dab00000, 0x0000000100000000)
  eden space 32768K, 0% used [0x00000000d6100000,0x00000000d6100000,0x00000000d8100000)
  from space 5120K, 99% used [0x00000000d8100000,0x00000000d85fa548,0x00000000d8600000)
  to   space 5120K, 0% used [0x00000000da600000,0x00000000da600000,0x00000000dab00000)
 ParOldGen       total 86016K, used 6714K [0x0000000082200000, 0x0000000087600000, 0x00000000d6100000)
  object space 86016K, 7% used [0x0000000082200000,0x000000008288e948,0x0000000087600000)
 Metaspace       used 20400K, capacity 21512K, committed 21628K, reserved 1067008K
  class space    used 3005K, capacity 3257K, committed 3328K, reserved 1048576K
Event: 1.792 GC heap after
Heap after GC invocations=4 (full 1):
 PSYoungGen      total 37888K, used 0K [0x00000000d6100000, 0x00000000dab00000, 0x0000000100000000)
  eden space 32768K, 0% used [0x00000000d6100000,0x00000000d6100000,0x00000000d8100000)
  from space 5120K, 0% used [0x00000000d8100000,0x00000000d8100000,0x00000000d8600000)
  to   space 5120K, 0% used [0x00000000da600000,0x00000000da600000,0x00000000dab00000)
 ParOldGen       total 54272K, used 9745K [0x0000000082200000, 0x0000000085700000, 0x00000000d6100000)
  object space 54272K, 17% used [0x0000000082200000,0x0000000082b84638,0x0000000085700000)
 Metaspace       used 20400K, capacity 21512K, committed 21628K, reserved 1067008K
  class space    used 3005K, capacity 3257K, committed 3328K, reserved 1048576K
}
Event: 3.285 GC heap before
{Heap before GC invocations=5 (full 1):
 PSYoungGen      total 37888K, used 32768K [0x00000000d6100000, 0x00000000dab00000, 0x0000000100000000)
  eden space 32768K, 100% used [0x00000000d6100000,0x00000000d8100000,0x00000000d8100000)
  from space 5120K, 0% used [0x00000000d8100000,0x00000000d8100000,0x00000000d8600000)
  to   space 5120K, 0% used [0x00000000da600000,0x00000000da600000,0x00000000dab00000)
 ParOldGen       total 54272K, used 9745K [0x0000000082200000, 0x0000000085700000, 0x00000000d6100000)
  object space 54272K, 17% used [0x0000000082200000,0x0000000082b84638,0x0000000085700000)
 Metaspace       used 23357K, capacity 24566K, committed 24960K, reserved 1071104K
  class space    used 3315K, capacity 3596K, committed 3712K, reserved 1048576K
Event: 3.289 GC heap after
Heap after GC invocations=5 (full 1):
 PSYoungGen      total 64512K, used 4900K [0x00000000d6100000, 0x00000000dab00000, 0x0000000100000000)
  eden space 59392K, 0% used [0x00000000d6100000,0x00000000d6100000,0x00000000d9b00000)
  from space 5120K, 95% used [0x00000000da600000,0x00000000daac92a0,0x00000000dab00000)
  to   space 5120K, 0% used [0x00000000da100000,0x00000000da100000,0x00000000da600000)
 ParOldGen       total 54272K, used 13849K [0x0000000082200000, 0x0000000085700000, 0x00000000d6100000)
  object space 54272K, 25% used [0x0000000082200000,0x0000000082f86658,0x0000000085700000)
 Metaspace       used 23357K, capacity 24566K, committed 24960K, reserved 1071104K
  class space    used 3315K, capacity 3596K, committed 3712K, reserved 1048576K
}
Event: 16.881 GC heap before
{Heap before GC invocations=6 (full 1):
 PSYoungGen      total 64512K, used 64237K [0x00000000d6100000, 0x00000000dab00000, 0x0000000100000000)
  eden space 59392K, 99% used [0x00000000d6100000,0x00000000d9af2518,0x00000000d9b00000)
  from space 5120K, 95% used [0x00000000da600000,0x00000000daac92a0,0x00000000dab00000)
  to   space 5120K, 0% used [0x00000000da100000,0x00000000da100000,0x00000000da600000)
 ParOldGen       total 54272K, used 13913K [0x0000000082200000, 0x0000000085700000, 0x00000000d6100000)
  object space 54272K, 25% used [0x0000000082200000,0x0000000082f96668,0x0000000085700000)
 Metaspace       used 24400K, capacity 25646K, committed 25728K, reserved 1071104K
  class space    used 3355K, capacity 3648K, committed 3712K, reserved 1048576K
Event: 16.887 GC heap after
Heap after GC invocations=6 (full 1):
 PSYoungGen      total 70656K, used 5105K [0x00000000d6100000, 0x00000000de400000, 0x0000000100000000)
  eden space 65536K, 0% used [0x00000000d6100000,0x00000000d6100000,0x00000000da100000)
  from space 5120K, 99% used [0x00000000da100000,0x00000000da5fc740,0x00000000da600000)
  to   space 14848K, 0% used [0x00000000dd580000,0x00000000dd580000,0x00000000de400000)
 ParOldGen       total 54272K, used 22359K [0x0000000082200000, 0x0000000085700000, 0x00000000d6100000)
  object space 54272K, 41% used [0x0000000082200000,0x00000000837d5f48,0x0000000085700000)
 Metaspace       used 24400K, capacity 25646K, committed 25728K, reserved 1071104K
  class space    used 3355K, capacity 3648K, committed 3712K, reserved 1048576K
}

Deoptimization events (10 events):
Event: 11.464 Thread 0x0000000019fd3000 Uncommon trap: reason=bimorphic action=maybe_recompile pc=0x0000000003ce7e7c method=java.io.FilterInputStream.read([B)I @ 5
Event: 11.464 Thread 0x0000000019fd3000 Uncommon trap: reason=bimorphic action=maybe_recompile pc=0x0000000003ce7e7c method=java.io.FilterInputStream.read([B)I @ 5
Event: 11.464 Thread 0x0000000019fd3000 Uncommon trap: reason=bimorphic action=maybe_recompile pc=0x0000000003ce7e7c method=java.io.FilterInputStream.read([B)I @ 5
Event: 11.464 Thread 0x0000000019fd3000 Uncommon trap: reason=class_check action=maybe_recompile pc=0x0000000003dbe56c method=java.io.SequenceInputStream.read()I @ 11
Event: 11.465 Thread 0x0000000019fd3000 Uncommon trap: reason=class_check action=maybe_recompile pc=0x0000000003dbe56c method=java.io.SequenceInputStream.read()I @ 11
Event: 11.465 Thread 0x0000000019fd3000 Uncommon trap: reason=class_check action=maybe_recompile pc=0x0000000003dbe56c method=java.io.SequenceInputStream.read()I @ 11
Event: 11.465 Thread 0x0000000019fd3000 Uncommon trap: reason=class_check action=maybe_recompile pc=0x0000000003dbe56c method=java.io.SequenceInputStream.read()I @ 11
Event: 11.465 Thread 0x0000000019fd3000 Uncommon trap: reason=unstable_if action=reinterpret pc=0x0000000003cff78c method=com.sun.javafx.iio.png.PNGImageLoader2.copy([B[BIII)V @ 10
Event: 32.527 Thread 0x0000000019fd3000 Uncommon trap: reason=unstable_if action=reinterpret pc=0x0000000003a29b68 method=javafx.scene.layout.Region.impl_pickNodeLocal(Lcom/sun/javafx/geom/PickRay;Lcom/sun/javafx/scene/input/PickResultChooser;)V @ 32
Event: 32.590 Thread 0x0000000019fd3000 Uncommon trap: reason=unstable_if action=reinterpret pc=0x00000000037e29ac method=javafx.scene.Node.impl_intersectsBounds(Lcom/sun/javafx/geom/PickRay;)D @ 95

Classes redefined (0 events):
No events

Internal exceptions (10 events):
Event: 1.184 Thread 0x000000001a3ca800 Implicit null exception at 0x00000000036fb617 to 0x00000000036fba1d
Event: 1.215 Thread 0x0000000019fd3000 Exception <a 'java/io/FileNotFoundException'> (0x00000000d7e8db50) thrown at [C:\re\workspace\8-2-build-windows-amd64-cygwin\jdk8u181\11358\hotspot\src\share\vm\prims\jni.cpp, line 709]
Event: 1.394 Thread 0x0000000019fd3000 Implicit null exception at 0x00000000037a13f5 to 0x00000000037a1611
Event: 1.394 Thread 0x0000000019fd3000 Implicit null exception at 0x0000000003831098 to 0x0000000003831126
Event: 1.558 Thread 0x0000000019fd3000 Exception <a 'java/io/FileNotFoundException'> (0x00000000d697f6f8) thrown at [C:\re\workspace\8-2-build-windows-amd64-cygwin\jdk8u181\11358\hotspot\src\share\vm\prims\jni.cpp, line 709]
Event: 1.558 Thread 0x0000000019fd3000 Exception <a 'java/io/FileNotFoundException'> (0x00000000d6980ae0) thrown at [C:\re\workspace\8-2-build-windows-amd64-cygwin\jdk8u181\11358\hotspot\src\share\vm\prims\jni.cpp, line 709]
Event: 1.570 Thread 0x0000000019fd3000 Exception <a 'java/io/FileNotFoundException'> (0x00000000d69866b0) thrown at [C:\re\workspace\8-2-build-windows-amd64-cygwin\jdk8u181\11358\hotspot\src\share\vm\prims\jni.cpp, line 709]
Event: 1.570 Thread 0x0000000019fd3000 Exception <a 'java/io/FileNotFoundException'> (0x00000000d69879b0) thrown at [C:\re\workspace\8-2-build-windows-amd64-cygwin\jdk8u181\11358\hotspot\src\share\vm\prims\jni.cpp, line 709]
Event: 2.754 Thread 0x0000000019fd3000 Exception <a 'java/lang/ClassNotFoundException': sun/net/www/protocol/about/Handler> (0x00000000d652f118) thrown at [C:\re\workspace\8-2-build-windows-amd64-cygwin\jdk8u181\11358\hotspot\src\share\vm\classfile\systemDictionary.cpp, line 210]
Event: 2.782 Thread 0x0000000019fd3000 Exception <a 'java/lang/ClassNotFoundException': sun/net/www/protocol/about/Handler> (0x00000000d6549198) thrown at [C:\re\workspace\8-2-build-windows-amd64-cygwin\jdk8u181\11358\hotspot\src\share\vm\classfile\systemDictionary.cpp, line 210]

Events (10 events):
Event: 34.733 Executing VM operation: RevokeBias done
Event: 34.733 Thread 0x000000001a6a0800 Thread exited: 0x000000001a6a0800
Event: 35.637 Executing VM operation: RevokeBias
Event: 35.638 Executing VM operation: RevokeBias done
Event: 35.638 Thread 0x000000001a6a7800 Thread exited: 0x000000001a6a7800
Event: 35.687 Executing VM operation: RevokeBias
Event: 35.687 Executing VM operation: RevokeBias done
Event: 35.687 Thread 0x000000001a6a1800 Thread exited: 0x000000001a6a1800
Event: 42.655 Thread 0x0000000025aaa000 Thread added: 0x0000000025aaa000
Event: 42.655 Thread 0x0000000025aaa000 Thread exited: 0x0000000025aaa000


Dynamic libraries:
0x00007ff673210000 - 0x00007ff673247000 	C:\Program Files\Java\jre1.8.0_181\bin\javaw.exe
0x00007ff8ba460000 - 0x00007ff8ba63b000 	C:\Windows\SYSTEM32\ntdll.dll
0x00007ff8b7d00000 - 0x00007ff8b7dae000 	C:\Windows\System32\KERNEL32.DLL
0x00007ff8b6c50000 - 0x00007ff8b6e9a000 	C:\Windows\System32\KERNELBASE.dll
0x00007ff8b79e0000 - 0x00007ff8b7a81000 	C:\Windows\System32\ADVAPI32.dll
0x00007ff8b8b80000 - 0x00007ff8b8c1d000 	C:\Windows\System32\msvcrt.dll
0x00007ff8b8050000 - 0x00007ff8b80a9000 	C:\Windows\System32\sechost.dll
0x00007ff8b8c20000 - 0x00007ff8b8d45000 	C:\Windows\System32\RPCRT4.dll
0x00007ff8ba2e0000 - 0x00007ff8ba42a000 	C:\Windows\System32\USER32.dll
0x00007ff8b6b10000 - 0x00007ff8b6b2e000 	C:\Windows\System32\win32u.dll
0x00007ff8ba430000 - 0x00007ff8ba457000 	C:\Windows\System32\GDI32.dll
0x00007ff8b6980000 - 0x00007ff8b6b08000 	C:\Windows\System32\gdi32full.dll
0x00007ff8b78c0000 - 0x00007ff8b795a000 	C:\Windows\System32\msvcp_win.dll
0x00007ff8b7070000 - 0x00007ff8b7166000 	C:\Windows\System32\ucrtbase.dll
0x00007ff8ab2f0000 - 0x00007ff8ab557000 	C:\Windows\WinSxS\amd64_microsoft.windows.common-controls_6595b64144ccf1df_6.0.15063.1155_none_40c7922129a7722b\COMCTL32.dll
0x00007ff8b8570000 - 0x00007ff8b8869000 	C:\Windows\System32\combase.dll
0x00007ff8b6b30000 - 0x00007ff8b6b9a000 	C:\Windows\System32\bcryptPrimitives.dll
0x00007ff8b89e0000 - 0x00007ff8b8a0d000 	C:\Windows\System32\IMM32.DLL
0x00007ff8989b0000 - 0x00007ff898a5f000 	C:\Program Files\McAfee\Endpoint Security\Threat Prevention\Ips\EpMPApi.dll
0x00007ff8b7960000 - 0x00007ff8b79b7000 	C:\Windows\System32\WINTRUST.dll
0x00007ff8b6940000 - 0x00007ff8b6951000 	C:\Windows\System32\MSASN1.dll
0x00007ff8b6ea0000 - 0x00007ff8b7069000 	C:\Windows\System32\CRYPT32.dll
0x00000000572d0000 - 0x00000000572dc000 	C:\Program Files\McAfee\Endpoint Security\Threat Prevention\Ips\EpMPThe.dll
0x0000000056620000 - 0x00000000566f2000 	C:\Program Files\Java\jre1.8.0_181\bin\msvcr100.dll
0x00000000567e0000 - 0x0000000057082000 	C:\Program Files\Java\jre1.8.0_181\bin\server\jvm.dll
0x00007ff8b79c0000 - 0x00007ff8b79c8000 	C:\Windows\System32\PSAPI.DLL
0x00007ff8b4bb0000 - 0x00007ff8b4bd3000 	C:\Windows\SYSTEM32\WINMM.dll
0x00007ff8a22c0000 - 0x00007ff8a22c9000 	C:\Windows\SYSTEM32\WSOCK32.dll
0x00007ff8a6f60000 - 0x00007ff8a6f6a000 	C:\Windows\SYSTEM32\VERSION.dll
0x00007ff8b7e10000 - 0x00007ff8b7e7c000 	C:\Windows\System32\WS2_32.dll
0x00007ff8b4b50000 - 0x00007ff8b4b7b000 	C:\Windows\SYSTEM32\WINMMBASE.dll
0x00007ff8b7170000 - 0x00007ff8b71b9000 	C:\Windows\System32\cfgmgr32.dll
0x00000000567d0000 - 0x00000000567df000 	C:\Program Files\Java\jre1.8.0_181\bin\verify.dll
0x00000000567a0000 - 0x00000000567c9000 	C:\Program Files\Java\jre1.8.0_181\bin\java.dll
0x0000000056780000 - 0x0000000056796000 	C:\Program Files\Java\jre1.8.0_181\bin\zip.dll
0x00007ff8b8d50000 - 0x00007ff8ba188000 	C:\Windows\System32\SHELL32.dll
0x00007ff8b8930000 - 0x00007ff8b89da000 	C:\Windows\System32\shcore.dll
0x00007ff8b71c0000 - 0x00007ff8b78b1000 	C:\Windows\System32\windows.storage.dll
0x00007ff8b7ff0000 - 0x00007ff8b8041000 	C:\Windows\System32\shlwapi.dll
0x00007ff8b6960000 - 0x00007ff8b6971000 	C:\Windows\System32\kernel.appcore.dll
0x00007ff8b68d0000 - 0x00007ff8b691c000 	C:\Windows\System32\powrprof.dll
0x00007ff8b6920000 - 0x00007ff8b6935000 	C:\Windows\System32\profapi.dll
0x0000000001940000 - 0x0000000001943000 	C:\Program Files\Java\jre1.8.0_181\bin\api-ms-win-core-console-l1-1-0.dll
0x0000000001950000 - 0x0000000001953000 	C:\Program Files\Java\jre1.8.0_181\bin\api-ms-win-core-datetime-l1-1-0.dll
0x0000000001960000 - 0x0000000001963000 	C:\Program Files\Java\jre1.8.0_181\bin\api-ms-win-core-debug-l1-1-0.dll
0x0000000001970000 - 0x0000000001973000 	C:\Program Files\Java\jre1.8.0_181\bin\api-ms-win-core-errorhandling-l1-1-0.dll
0x0000000001980000 - 0x0000000001984000 	C:\Program Files\Java\jre1.8.0_181\bin\api-ms-win-core-file-l1-1-0.dll
0x0000000003140000 - 0x0000000003143000 	C:\Program Files\Java\jre1.8.0_181\bin\api-ms-win-core-file-l1-2-0.dll
0x0000000003150000 - 0x0000000003153000 	C:\Program Files\Java\jre1.8.0_181\bin\api-ms-win-core-file-l2-1-0.dll
0x0000000003160000 - 0x0000000003163000 	C:\Program Files\Java\jre1.8.0_181\bin\api-ms-win-core-handle-l1-1-0.dll
0x0000000003170000 - 0x0000000003173000 	C:\Program Files\Java\jre1.8.0_181\bin\api-ms-win-core-heap-l1-1-0.dll
0x0000000003180000 - 0x0000000003183000 	C:\Program Files\Java\jre1.8.0_181\bin\api-ms-win-core-interlocked-l1-1-0.dll
0x0000000003190000 - 0x0000000003193000 	C:\Program Files\Java\jre1.8.0_181\bin\api-ms-win-core-libraryloader-l1-1-0.dll
0x00000000031a0000 - 0x00000000031a3000 	C:\Program Files\Java\jre1.8.0_181\bin\api-ms-win-core-localization-l1-2-0.dll
0x00000000031b0000 - 0x00000000031b3000 	C:\Program Files\Java\jre1.8.0_181\bin\api-ms-win-core-memory-l1-1-0.dll
0x00000000031c0000 - 0x00000000031c3000 	C:\Program Files\Java\jre1.8.0_181\bin\api-ms-win-core-namedpipe-l1-1-0.dll
0x00000000031d0000 - 0x00000000031d3000 	C:\Program Files\Java\jre1.8.0_181\bin\api-ms-win-core-processenvironment-l1-1-0.dll
0x00000000031e0000 - 0x00000000031e3000 	C:\Program Files\Java\jre1.8.0_181\bin\api-ms-win-core-processthreads-l1-1-0.dll
0x00000000031f0000 - 0x00000000031f3000 	C:\Program Files\Java\jre1.8.0_181\bin\api-ms-win-core-processthreads-l1-1-1.dll
0x0000000003200000 - 0x0000000003203000 	C:\Program Files\Java\jre1.8.0_181\bin\api-ms-win-core-profile-l1-1-0.dll
0x0000000003210000 - 0x0000000003213000 	C:\Program Files\Java\jre1.8.0_181\bin\api-ms-win-core-rtlsupport-l1-1-0.dll
0x0000000003330000 - 0x0000000003333000 	C:\Program Files\Java\jre1.8.0_181\bin\api-ms-win-core-string-l1-1-0.dll
0x0000000003340000 - 0x0000000003343000 	C:\Program Files\Java\jre1.8.0_181\bin\api-ms-win-core-synch-l1-1-0.dll
0x0000000003350000 - 0x0000000003353000 	C:\Program Files\Java\jre1.8.0_181\bin\api-ms-win-core-synch-l1-2-0.dll
0x0000000003360000 - 0x0000000003363000 	C:\Program Files\Java\jre1.8.0_181\bin\api-ms-win-core-sysinfo-l1-1-0.dll
0x0000000003370000 - 0x0000000003373000 	C:\Program Files\Java\jre1.8.0_181\bin\api-ms-win-core-timezone-l1-1-0.dll
0x0000000003380000 - 0x0000000003383000 	C:\Program Files\Java\jre1.8.0_181\bin\api-ms-win-core-util-l1-1-0.dll
0x0000000003390000 - 0x0000000003393000 	C:\Program Files\Java\jre1.8.0_181\bin\api-ms-win-crt-conio-l1-1-0.dll
0x00000000033a0000 - 0x00000000033a4000 	C:\Program Files\Java\jre1.8.0_181\bin\api-ms-win-crt-convert-l1-1-0.dll
0x00000000033b0000 - 0x00000000033b3000 	C:\Program Files\Java\jre1.8.0_181\bin\api-ms-win-crt-environment-l1-1-0.dll
0x00000000033c0000 - 0x00000000033c3000 	C:\Program Files\Java\jre1.8.0_181\bin\api-ms-win-crt-filesystem-l1-1-0.dll
0x00000000033d0000 - 0x00000000033d3000 	C:\Program Files\Java\jre1.8.0_181\bin\api-ms-win-crt-heap-l1-1-0.dll
0x0000000019f20000 - 0x0000000019f23000 	C:\Program Files\Java\jre1.8.0_181\bin\api-ms-win-crt-locale-l1-1-0.dll
0x0000000019f30000 - 0x0000000019f35000 	C:\Program Files\Java\jre1.8.0_181\bin\api-ms-win-crt-math-l1-1-0.dll
0x0000000019f40000 - 0x0000000019f45000 	C:\Program Files\Java\jre1.8.0_181\bin\api-ms-win-crt-multibyte-l1-1-0.dll
0x0000000019f50000 - 0x0000000019f60000 	C:\Program Files\Java\jre1.8.0_181\bin\api-ms-win-crt-private-l1-1-0.dll
0x0000000019f60000 - 0x0000000019f63000 	C:\Program Files\Java\jre1.8.0_181\bin\api-ms-win-crt-process-l1-1-0.dll
0x0000000019f70000 - 0x0000000019f74000 	C:\Program Files\Java\jre1.8.0_181\bin\api-ms-win-crt-runtime-l1-1-0.dll
0x0000000019f80000 - 0x0000000019f84000 	C:\Program Files\Java\jre1.8.0_181\bin\api-ms-win-crt-stdio-l1-1-0.dll
0x0000000019f90000 - 0x0000000019f94000 	C:\Program Files\Java\jre1.8.0_181\bin\api-ms-win-crt-string-l1-1-0.dll
0x0000000019fa0000 - 0x0000000019fa3000 	C:\Program Files\Java\jre1.8.0_181\bin\api-ms-win-crt-time-l1-1-0.dll
0x0000000019fb0000 - 0x0000000019fb3000 	C:\Program Files\Java\jre1.8.0_181\bin\api-ms-win-crt-utility-l1-1-0.dll
0x00007ff88b780000 - 0x00007ff88b876000 	C:\Program Files\Java\jre1.8.0_181\bin\ucrtbase.dll
0x00007ff8b2020000 - 0x00007ff8b2036000 	C:\Program Files\Java\jre1.8.0_181\bin\vcruntime140.dll
0x00007ff88b6e0000 - 0x00007ff88b77c000 	C:\Program Files\Java\jre1.8.0_181\bin\msvcp140.dll
0x00007ff89a9e0000 - 0x00007ff89aa31000 	C:\Program Files\Java\jre1.8.0_181\bin\concrt140.dll
0x00000000565f0000 - 0x0000000056613000 	C:\Program Files\Java\jre1.8.0_181\bin\prism_d3d.dll
0x00007ff8736d0000 - 0x00007ff873859000 	C:\Windows\system32\d3d9.dll
0x00007ff8b4a20000 - 0x00007ff8b4a4a000 	C:\Windows\SYSTEM32\dwmapi.dll
0x00007ff8b4dd0000 - 0x00007ff8b4e65000 	C:\Windows\system32\uxtheme.dll
0x00007ff896990000 - 0x00007ff896b67000 	C:\Windows\System32\DriverStore\FileRepository\ki127171.inf_amd64_368f8c7337214025\igdumdim64.dll
0x00007ff8682a0000 - 0x00007ff86b29d000 	C:\Windows\System32\DriverStore\FileRepository\ki127171.inf_amd64_368f8c7337214025\igd9dxva64.dll
0x00007ff8b8870000 - 0x00007ff8b8930000 	C:\Windows\System32\OLEAUT32.dll
0x000000001a8d0000 - 0x000000001aa15000 	C:\Windows\System32\ole32.dll
0x00000000565a0000 - 0x00000000565e9000 	C:\Program Files\Java\jre1.8.0_181\bin\glass.dll
0x00007ff8b8a10000 - 0x00007ff8b8b18000 	C:\Windows\System32\COMDLG32.dll
0x00007ff8b7e80000 - 0x00007ff8b7fe6000 	C:\Windows\System32\MSCTF.dll
0x00007ff8abc40000 - 0x00007ff8ad9d5000 	C:\Windows\System32\DriverStore\FileRepository\ki127171.inf_amd64_368f8c7337214025\igc64.dll
0x0000000056580000 - 0x0000000056594000 	C:\Program Files\Java\jre1.8.0_181\bin\javafx_font.dll
0x00007ff88c410000 - 0x00007ff88c6cf000 	C:\Windows\SYSTEM32\dwrite.dll
0x00007ff8b6320000 - 0x00007ff8b6337000 	C:\Windows\SYSTEM32\CRYPTSP.dll
0x00007ff8b5a60000 - 0x00007ff8b5a94000 	C:\Windows\system32\rsaenh.dll
0x00007ff8b6490000 - 0x00007ff8b64b5000 	C:\Windows\SYSTEM32\bcrypt.dll
0x00007ff8b6800000 - 0x00007ff8b6829000 	C:\Windows\SYSTEM32\USERENV.dll
0x0000000053430000 - 0x000000005654d000 	C:\Program Files\Java\jre1.8.0_181\bin\jfxwebkit.dll
0x00007ff8b6340000 - 0x00007ff8b634b000 	C:\Windows\SYSTEM32\CRYPTBASE.dll
0x0000000056760000 - 0x000000005677a000 	C:\Program Files\Java\jre1.8.0_181\bin\net.dll
0x00007ff8b6180000 - 0x00007ff8b61dc000 	C:\Windows\system32\mswsock.dll
0x00007ff8b5f20000 - 0x00007ff8b5f57000 	C:\Windows\SYSTEM32\IPHLPAPI.DLL
0x00007ff8b7b30000 - 0x00007ff8b7b38000 	C:\Windows\System32\NSI.dll
0x00007ff8ab660000 - 0x00007ff8ab676000 	C:\Windows\SYSTEM32\dhcpcsvc6.DLL
0x00007ff8ab640000 - 0x00007ff8ab65a000 	C:\Windows\SYSTEM32\dhcpcsvc.DLL
0x0000000056740000 - 0x0000000056751000 	C:\Program Files\Java\jre1.8.0_181\bin\nio.dll
0x00007ff8b7a90000 - 0x00007ff8b7b2e000 	C:\Windows\System32\clbcatq.dll
0x00007ff8b15f0000 - 0x00007ff8b179c000 	C:\Windows\SYSTEM32\WindowsCodecs.dll
0x00007ff8b4c70000 - 0x00007ff8b4cb7000 	C:\Windows\system32\dataexchange.dll
0x00007ff8b41c0000 - 0x00007ff8b42e3000 	C:\Windows\system32\dcomp.dll
0x00007ff8b3840000 - 0x00007ff8b3b1f000 	C:\Windows\system32\d3d11.dll
0x00007ff8b55a0000 - 0x00007ff8b5644000 	C:\Windows\system32\dxgi.dll
0x00007ff8b50b0000 - 0x00007ff8b5220000 	C:\Windows\system32\twinapi.appcore.dll
0x00007ff8a9fa0000 - 0x00007ff8a9fd1000 	C:\Program Files\Common Files\Microsoft Shared\Ink\rtscom.dll
0x00007ff8b0b10000 - 0x00007ff8b0b91000 	C:\Windows\System32\TextInputFramework.dll
0x00007ff8b1210000 - 0x00007ff8b14e3000 	C:\Windows\System32\CoreUIComponents.dll
0x00007ff8b40d0000 - 0x00007ff8b41b4000 	C:\Windows\System32\CoreMessaging.dll
0x00007ff8b5700000 - 0x00007ff8b5731000 	C:\Windows\SYSTEM32\ntmarta.dll
0x00007ff8b2420000 - 0x00007ff8b2559000 	C:\Windows\SYSTEM32\wintypes.dll
0x00007ff8b47a0000 - 0x00007ff8b47b5000 	C:\Windows\SYSTEM32\usermgrcli.dll
0x0000000056710000 - 0x0000000056734000 	C:\Program Files\Java\jre1.8.0_181\bin\sunec.dll

VM Arguments:
jvm_args: -Dfile.encoding=Cp1252 
java_command: principal.Principal
java_class_path (initial): C:\Program Files\Java\jre1.8.0_181\lib\resources.jar;C:\Program Files\Java\jre1.8.0_181\lib\rt.jar;C:\Program Files\Java\jre1.8.0_181\lib\jsse.jar;C:\Program Files\Java\jre1.8.0_181\lib\jce.jar;C:\Program Files\Java\jre1.8.0_181\lib\charsets.jar;C:\Program Files\Java\jre1.8.0_181\lib\jfr.jar;C:\Program Files\Java\jre1.8.0_181\lib\ext\access-bridge-64.jar;C:\Program Files\Java\jre1.8.0_181\lib\ext\cldrdata.jar;C:\Program Files\Java\jre1.8.0_181\lib\ext\dnsns.jar;C:\Program Files\Java\jre1.8.0_181\lib\ext\jaccess.jar;C:\Program Files\Java\jre1.8.0_181\lib\ext\jfxrt.jar;C:\Program Files\Java\jre1.8.0_181\lib\ext\localedata.jar;C:\Program Files\Java\jre1.8.0_181\lib\ext\nashorn.jar;C:\Program Files\Java\jre1.8.0_181\lib\ext\sunec.jar;C:\Program Files\Java\jre1.8.0_181\lib\ext\sunjce_provider.jar;C:\Program Files\Java\jre1.8.0_181\lib\ext\sunmscapi.jar;C:\Program Files\Java\jre1.8.0_181\lib\ext\sunpkcs11.jar;C:\Program Files\Java\jre1.8.0_181\lib\ext\zipfs.jar;C:\Users\fabricio.barrozo\git\srh.adasa\target\classes;C:\Users\fabricio.barrozo\.m2\repository\de\jensd\fontawesomefx\8.9\fontawesomefx-8.9.jar
Launcher Type: SUN_STANDARD

Environment Variables:
PATH=C:/Program Files/Java/jre1.8.0_181/bin/server;C:/Program Files/Java/jre1.8.0_181/bin;C:/Program Files/Java/jre1.8.0_181/lib/amd64;C:\Program Files (x86)\Common Files\Oracle\Java\javapath;C:\ProgramData\Oracle\Java\javapath;C:\Program Files (x86)\Intel\iCLS Client\;C:\Program Files\Intel\iCLS Client\;C:\Windows\system32;C:\Windows;C:\Windows\System32\Wbem;C:\Windows\System32\WindowsPowerShell\v1.0\;C:\Program Files (x86)\Intel\Intel(R) Management Engine Components\DAL;C:\Program Files\Intel\Intel(R) Management Engine Components\DAL;C:\Program Files (x86)\Intel\Intel(R) Management Engine Components\IPT;C:\Program Files\Intel\Intel(R) Management Engine Components\IPT;C:\Program Files\Intel\WiFi\bin\;C:\Program Files\Common Files\Intel\WirelessCommon\;c:\Program Files\Microsoft SQL Server\110\Tools\Binn\;c:\Program Files (x86)\Microsoft SQL Server\110\Tools\Binn\ManagementStudio\;c:\Program Files (x86)\Microsoft SQL Server\110\Tools\Binn\;c:\Program Files (x86)\Microsoft SQL Server\110\DTS\Binn\;C:\Users\fabricio.barrozo\AppData\Local\Microsoft\WindowsApps;;C:\Windows\system32;
USERNAME=fabricio.barrozo
OS=Windows_NT
PROCESSOR_IDENTIFIER=Intel64 Family 6 Model 94 Stepping 3, GenuineIntel



---------------  S Y S T E M  ---------------

OS: Windows 10.0 , 64 bit Build 15063 (10.0.15063.1058)

CPU:total 4 (initial active 4) (4 cores per cpu, 1 threads per core) family 6 model 94 stepping 3, cmov, cx8, fxsr, mmx, sse, sse2, sse3, ssse3, sse4.1, sse4.2, popcnt, avx, avx2, aes, clmul, erms, rtm, 3dnowpref, lzcnt, tsc, tscinvbit, bmi1, bmi2, adx

Memory: 4k page, physical 8249056k(3142436k free), swap 10196704k(5180k free)

vm_info: Java HotSpot(TM) 64-Bit Server VM (25.181-b13) for windows-amd64 JRE (1.8.0_181-b13), built on Jul  7 2018 04:01:33 by "java_re" with MS VC++ 10.0 (VS2010)

time: Wed Nov 07 16:02:14 2018
elapsed time: 55 seconds (0d 0h 0m 55s)

