#
# There is insufficient memory for the Java Runtime Environment to continue.
# Native memory allocation (malloc) failed to allocate 500656 bytes for Chunk::new
# Possible reasons:
#   The system is out of physical RAM or swap space
#   In 32 bit mode, the process size limit was hit
# Possible solutions:
#   Reduce memory load on the system
#   Increase physical memory or swap space
#   Check if swap backing store is full
#   Use 64 bit Java on a 64 bit OS
#   Decrease Java heap size (-Xmx/-Xms)
#   Decrease number of Java threads
#   Decrease Java thread stack sizes (-Xss)
#   Set larger code cache with -XX:ReservedCodeCacheSize=
# This output file may be truncated or incomplete.
#
#  Out of Memory Error (allocation.cpp:390), pid=828, tid=0x0000000000003010
#
# JRE version: Java(TM) SE Runtime Environment (8.0_191-b12) (build 1.8.0_191-b12)
# Java VM: Java HotSpot(TM) 64-Bit Server VM (25.191-b12 mixed mode windows-amd64 compressed oops)
# Failed to write core dump. Minidumps are not enabled by default on client versions of Windows
#

---------------  T H R E A D  ---------------

Current thread (0x0000000017817800):  JavaThread "C2 CompilerThread1" daemon [_thread_in_native, id=12304, stack(0x0000000018f60000,0x0000000019060000)]

Stack: [0x0000000018f60000,0x0000000019060000]
[error occurred during error reporting (printing stack bounds), id 0xc0000005]

Native frames: (J=compiled Java code, j=interpreted, Vv=VM code, C=native code)


Current CompileTask:
C2:   5291 4932   !   4       java.util.jar.Attributes::read (380 bytes)


---------------  P R O C E S S  ---------------

Java Threads: ( => current thread )
  0x00000000237df800 JavaThread "Abandoned connection cleanup thread" daemon [_thread_blocked, id=4920, stack(0x0000000032720000,0x0000000032820000)]
  0x00000000237dc000 JavaThread "URL-Loader-20" daemon [_thread_blocked, id=12608, stack(0x000000002cbe0000,0x000000002cce0000)]
  0x00000000237d9800 JavaThread "URL-Loader-19" daemon [_thread_blocked, id=2276, stack(0x000000002c9e0000,0x000000002cae0000)]
  0x00000000237d4800 JavaThread "URL-Loader-18" daemon [_thread_blocked, id=14128, stack(0x000000002b910000,0x000000002ba10000)]
  0x00000000237da800 JavaThread "URL-Loader-17" daemon [_thread_blocked, id=12520, stack(0x000000002b810000,0x000000002b910000)]
  0x00000000237db000 JavaThread "URL-Loader-16" daemon [_thread_blocked, id=9912, stack(0x000000002b710000,0x000000002b810000)]
  0x00000000237d9000 JavaThread "URL-Loader-15" daemon [_thread_blocked, id=3820, stack(0x000000002b310000,0x000000002b410000)]
  0x00000000237d8000 JavaThread "URL-Loader-14" daemon [_thread_blocked, id=3012, stack(0x000000002b110000,0x000000002b210000)]
  0x00000000237d7800 JavaThread "URL-Loader-13" daemon [_thread_blocked, id=13384, stack(0x000000002b010000,0x000000002b110000)]
  0x00000000237d6800 JavaThread "URL-Loader-12" daemon [_thread_blocked, id=7864, stack(0x000000002af10000,0x000000002b010000)]
  0x0000000019dfe000 JavaThread "URL-Loader-11" daemon [_thread_blocked, id=6720, stack(0x000000002ae10000,0x000000002af10000)]
  0x0000000019dfd000 JavaThread "URL-Loader-10" daemon [_thread_blocked, id=4980, stack(0x000000002ad10000,0x000000002ae10000)]
  0x0000000019dfc800 JavaThread "Keep-Alive-Timer" daemon [_thread_blocked, id=10836, stack(0x000000002aa10000,0x000000002ab10000)]
  0x0000000019dfb800 JavaThread "URL-Loader-9" daemon [_thread_blocked, id=13800, stack(0x0000000025220000,0x0000000025320000)]
  0x0000000019e01800 JavaThread "URL-Loader-8" daemon [_thread_blocked, id=5372, stack(0x0000000025120000,0x0000000025220000)]
  0x0000000019e02800 JavaThread "URL-Loader-7" daemon [_thread_blocked, id=9656, stack(0x0000000025020000,0x0000000025120000)]
  0x0000000019e00000 JavaThread "URL-Loader-6" daemon [_thread_blocked, id=13568, stack(0x0000000024f20000,0x0000000025020000)]
  0x0000000019e01000 JavaThread "URL-Loader-5" daemon [_thread_blocked, id=11208, stack(0x0000000024e20000,0x0000000024f20000)]
  0x0000000019dff800 JavaThread "URL-Loader-4" daemon [_thread_blocked, id=8684, stack(0x0000000024d20000,0x0000000024e20000)]
  0x0000000019dfe800 JavaThread "URL-Loader-3" daemon [_thread_blocked, id=1212, stack(0x0000000024c20000,0x0000000024d20000)]
  0x0000000019e77000 JavaThread "URL-Loader-2" daemon [_thread_blocked, id=9896, stack(0x0000000024b20000,0x0000000024c20000)]
  0x0000000019e29000 JavaThread "URL-Loader-1" daemon [_thread_blocked, id=2568, stack(0x00000000249b0000,0x0000000024ab0000)]
  0x0000000019d73000 JavaThread "Disposer" daemon [_thread_blocked, id=944, stack(0x00000000232b0000,0x00000000233b0000)]
  0x0000000019d59000 JavaThread "Prism Font Disposer" daemon [_thread_blocked, id=8040, stack(0x00000000229b0000,0x0000000022ab0000)]
  0x00000000199bd800 JavaThread "Thread-3" daemon [_thread_in_native, id=2600, stack(0x0000000020ee0000,0x0000000020fe0000)]
  0x000000001955c000 JavaThread "JavaFX-Launcher" [_thread_blocked, id=3340, stack(0x0000000020fe0000,0x00000000210e0000)]
  0x0000000019931800 JavaThread "JavaFX Application Thread" [_thread_in_vm, id=12372, stack(0x000000001a540000,0x000000001a640000)]
  0x0000000019930800 JavaThread "Thread-1" daemon [_thread_blocked, id=2652, stack(0x000000001a440000,0x000000001a540000)]
  0x0000000019543800 JavaThread "QuantumRenderer-0" daemon [_thread_blocked, id=13700, stack(0x000000001a120000,0x000000001a220000)]
  0x000000001786e800 JavaThread "Service Thread" daemon [_thread_blocked, id=9104, stack(0x0000000019560000,0x0000000019660000)]
  0x000000001781b000 JavaThread "C1 CompilerThread2" daemon [_thread_blocked, id=2360, stack(0x0000000019060000,0x0000000019160000)]
=>0x0000000017817800 JavaThread "C2 CompilerThread1" daemon [_thread_in_native, id=12304, stack(0x0000000018f60000,0x0000000019060000)]
  0x0000000017813800 JavaThread "C2 CompilerThread0" daemon [_thread_in_native, id=6412, stack(0x0000000018e60000,0x0000000018f60000)]
  0x0000000017811800 JavaThread "Attach Listener" daemon [_thread_blocked, id=5460, stack(0x0000000018d60000,0x0000000018e60000)]
  0x0000000017810800 JavaThread "Signal Dispatcher" daemon [_thread_blocked, id=9796, stack(0x0000000018c60000,0x0000000018d60000)]
  0x00000000177fa800 JavaThread "Finalizer" daemon [_thread_blocked, id=10396, stack(0x0000000018a60000,0x0000000018b60000)]
  0x0000000002d33000 JavaThread "Reference Handler" daemon [_thread_blocked, id=10216, stack(0x0000000018960000,0x0000000018a60000)]
  0x0000000002c43800 JavaThread "main" [_thread_blocked, id=5804, stack(0x0000000002a70000,0x0000000002b70000)]

Other Threads:
  0x00000000177d7800 VMThread [stack: 0x0000000018860000,0x0000000018960000] [id=11940]
  0x00000000191c0800 WatcherThread [stack: 0x0000000019660000,0x0000000019760000] [id=12784]

VM state:not at safepoint (normal execution)

VM Mutex/Monitor currently owned by a thread: None

Heap:
 PSYoungGen      total 67584K, used 9007K [0x00000000d6100000, 0x00000000dcc00000, 0x0000000100000000)
  eden space 52736K, 17% used [0x00000000d6100000,0x00000000d69cbc08,0x00000000d9480000)
  from space 14848K, 0% used [0x00000000d9480000,0x00000000d9480000,0x00000000da300000)
  to   space 14336K, 0% used [0x00000000dbe00000,0x00000000dbe00000,0x00000000dcc00000)
 ParOldGen       total 66048K, used 29982K [0x0000000082200000, 0x0000000086280000, 0x00000000d6100000)
  object space 66048K, 45% used [0x0000000082200000,0x0000000083f478c0,0x0000000086280000)
 Metaspace       used 34124K, capacity 35908K, committed 36224K, reserved 1081344K
  class space    used 4844K, capacity 5197K, committed 5248K, reserved 1048576K

Card table byte_map: [0x0000000012100000,0x00000000124f0000] byte_map_base: 0x0000000011cef000

Marking Bits: (ParMarkBitMap*) 0x0000000060bc3e30
 Begin Bits: [0x0000000012b90000, 0x0000000014b08000)
 End Bits:   [0x0000000014b08000, 0x0000000016a80000)

Polling page: 0x0000000000d70000

CodeCache: size=245760Kb used=15887Kb max_used=15887Kb free=229872Kb
 bounds [0x0000000002d40000, 0x0000000003cd0000, 0x0000000011d40000]
 total_blobs=5727 nmethods=4922 adapters=716
 compilation: enabled

Compilation events (10 events):
Event: 5.268 Thread 0x000000001781b000 nmethod 4953 0x0000000003cc3390 code [0x0000000003cc3540, 0x0000000003cc3b88]
Event: 5.268 Thread 0x000000001781b000 4954       3       java.util.ResourceBundle::getObject (82 bytes)
Event: 5.268 Thread 0x000000001781b000 nmethod 4954 0x0000000003cc3d90 code [0x0000000003cc4000, 0x0000000003cc50b8]
Event: 5.269 Thread 0x0000000017813800 4955   !   4       java.lang.StringCoding::decode (120 bytes)
Event: 5.274 Thread 0x000000001781b000 4958       3       java.util.HashMap::<init> (17 bytes)
Event: 5.275 Thread 0x000000001781b000 nmethod 4958 0x0000000003cba6d0 code [0x0000000003cba840, 0x0000000003cbab28]
Event: 5.275 Thread 0x000000001781b000 4959       3       java.util.jar.Attributes::clone (9 bytes)
Event: 5.275 Thread 0x000000001781b000 nmethod 4959 0x0000000003cc2ad0 code [0x0000000003cc2c60, 0x0000000003cc3148]
Event: 5.275 Thread 0x000000001781b000 4960       3       java.util.jar.Attributes::<init> (17 bytes)
Event: 5.275 Thread 0x000000001781b000 nmethod 4960 0x0000000003cc5750 code [0x0000000003cc58e0, 0x0000000003cc5d08]

GC Heap History (10 events):
Event: 2.601 GC heap before
{Heap before GC invocations=5 (full 1):
 PSYoungGen      total 37888K, used 37886K [0x00000000d6100000, 0x00000000d9400000, 0x0000000100000000)
  eden space 32768K, 100% used [0x00000000d6100000,0x00000000d8100000,0x00000000d8100000)
  from space 5120K, 99% used [0x00000000d8100000,0x00000000d85ffa28,0x00000000d8600000)
  to   space 5120K, 0% used [0x00000000d8f00000,0x00000000d8f00000,0x00000000d9400000)
 ParOldGen       total 66048K, used 9953K [0x0000000082200000, 0x0000000086280000, 0x00000000d6100000)
  object space 66048K, 15% used [0x0000000082200000,0x0000000082bb8648,0x0000000086280000)
 Metaspace       used 26328K, capacity 27986K, committed 28160K, reserved 1073152K
  class space    used 3706K, capacity 4016K, committed 4096K, reserved 1048576K
Event: 2.607 GC heap after
Heap after GC invocations=5 (full 1):
 PSYoungGen      total 47104K, used 5117K [0x00000000d6100000, 0x00000000d9400000, 0x0000000100000000)
  eden space 41984K, 0% used [0x00000000d6100000,0x00000000d6100000,0x00000000d8a00000)
  from space 5120K, 99% used [0x00000000d8f00000,0x00000000d93ff5c0,0x00000000d9400000)
  to   space 5120K, 0% used [0x00000000d8a00000,0x00000000d8a00000,0x00000000d8f00000)
 ParOldGen       total 66048K, used 17406K [0x0000000082200000, 0x0000000086280000, 0x00000000d6100000)
  object space 66048K, 26% used [0x0000000082200000,0x00000000832ff8b0,0x0000000086280000)
 Metaspace       used 26328K, capacity 27986K, committed 28160K, reserved 1073152K
  class space    used 3706K, capacity 4016K, committed 4096K, reserved 1048576K
}
Event: 4.703 GC heap before
{Heap before GC invocations=6 (full 1):
 PSYoungGen      total 47104K, used 47101K [0x00000000d6100000, 0x00000000d9400000, 0x0000000100000000)
  eden space 41984K, 100% used [0x00000000d6100000,0x00000000d8a00000,0x00000000d8a00000)
  from space 5120K, 99% used [0x00000000d8f00000,0x00000000d93ff5c0,0x00000000d9400000)
  to   space 5120K, 0% used [0x00000000d8a00000,0x00000000d8a00000,0x00000000d8f00000)
 ParOldGen       total 66048K, used 19146K [0x0000000082200000, 0x0000000086280000, 0x00000000d6100000)
  object space 66048K, 28% used [0x0000000082200000,0x00000000834b2bc8,0x0000000086280000)
 Metaspace       used 27023K, capacity 28724K, committed 28928K, reserved 1075200K
  class space    used 3747K, capacity 4069K, committed 4096K, reserved 1048576K
Event: 4.708 GC heap after
Heap after GC invocations=6 (full 1):
 PSYoungGen      total 47104K, used 5114K [0x00000000d6100000, 0x00000000db200000, 0x0000000100000000)
  eden space 41984K, 0% used [0x00000000d6100000,0x00000000d6100000,0x00000000d8a00000)
  from space 5120K, 99% used [0x00000000d8a00000,0x00000000d8efebf8,0x00000000d8f00000)
  to   space 15360K, 0% used [0x00000000da300000,0x00000000da300000,0x00000000db200000)
 ParOldGen       total 66048K, used 26932K [0x0000000082200000, 0x0000000086280000, 0x00000000d6100000)
  object space 66048K, 40% used [0x0000000082200000,0x0000000083c4d248,0x0000000086280000)
 Metaspace       used 27023K, capacity 28724K, committed 28928K, reserved 1075200K
  class space    used 3747K, capacity 4069K, committed 4096K, reserved 1048576K
}
Event: 5.086 GC heap before
{Heap before GC invocations=7 (full 1):
 PSYoungGen      total 47104K, used 47098K [0x00000000d6100000, 0x00000000db200000, 0x0000000100000000)
  eden space 41984K, 100% used [0x00000000d6100000,0x00000000d8a00000,0x00000000d8a00000)
  from space 5120K, 99% used [0x00000000d8a00000,0x00000000d8efebf8,0x00000000d8f00000)
  to   space 15360K, 0% used [0x00000000da300000,0x00000000da300000,0x00000000db200000)
 ParOldGen       total 66048K, used 26932K [0x0000000082200000, 0x0000000086280000, 0x00000000d6100000)
  object space 66048K, 40% used [0x0000000082200000,0x0000000083c4d248,0x0000000086280000)
 Metaspace       used 32876K, capacity 34564K, committed 34688K, reserved 1079296K
  class space    used 4630K, capacity 4941K, committed 4992K, reserved 1048576K
Event: 5.091 GC heap after
Heap after GC invocations=7 (full 1):
 PSYoungGen      total 68096K, used 9778K [0x00000000d6100000, 0x00000000db200000, 0x0000000100000000)
  eden space 52736K, 0% used [0x00000000d6100000,0x00000000d6100000,0x00000000d9480000)
  from space 15360K, 63% used [0x00000000da300000,0x00000000dac8cbf8,0x00000000db200000)
  to   space 14848K, 0% used [0x00000000d9480000,0x00000000d9480000,0x00000000da300000)
 ParOldGen       total 66048K, used 26932K [0x0000000082200000, 0x0000000086280000, 0x00000000d6100000)
  object space 66048K, 40% used [0x0000000082200000,0x0000000083c4d248,0x0000000086280000)
 Metaspace       used 32876K, capacity 34564K, committed 34688K, reserved 1079296K
  class space    used 4630K, capacity 4941K, committed 4992K, reserved 1048576K
}
Event: 5.141 GC heap before
{Heap before GC invocations=8 (full 1):
 PSYoungGen      total 68096K, used 14381K [0x00000000d6100000, 0x00000000db200000, 0x0000000100000000)
  eden space 52736K, 8% used [0x00000000d6100000,0x00000000d657e988,0x00000000d9480000)
  from space 15360K, 63% used [0x00000000da300000,0x00000000dac8cbf8,0x00000000db200000)
  to   space 14848K, 0% used [0x00000000d9480000,0x00000000d9480000,0x00000000da300000)
 ParOldGen       total 66048K, used 26932K [0x0000000082200000, 0x0000000086280000, 0x00000000d6100000)
  object space 66048K, 40% used [0x0000000082200000,0x0000000083c4d248,0x0000000086280000)
 Metaspace       used 33557K, capacity 35300K, committed 35416K, reserved 1079296K
  class space    used 4767K, capacity 5101K, committed 5120K, reserved 1048576K
Event: 5.147 GC heap after
Heap after GC invocations=8 (full 1):
 PSYoungGen      total 67584K, used 7173K [0x00000000d6100000, 0x00000000dcc00000, 0x0000000100000000)
  eden space 52736K, 0% used [0x00000000d6100000,0x00000000d6100000,0x00000000d9480000)
  from space 14848K, 48% used [0x00000000d9480000,0x00000000d9b815a0,0x00000000da300000)
  to   space 14336K, 0% used [0x00000000dbe00000,0x00000000dbe00000,0x00000000dcc00000)
 ParOldGen       total 66048K, used 26940K [0x0000000082200000, 0x0000000086280000, 0x00000000d6100000)
  object space 66048K, 40% used [0x0000000082200000,0x0000000083c4f248,0x0000000086280000)
 Metaspace       used 33557K, capacity 35300K, committed 35416K, reserved 1079296K
  class space    used 4767K, capacity 5101K, committed 5120K, reserved 1048576K
}
Event: 5.147 GC heap before
{Heap before GC invocations=9 (full 2):
 PSYoungGen      total 67584K, used 7173K [0x00000000d6100000, 0x00000000dcc00000, 0x0000000100000000)
  eden space 52736K, 0% used [0x00000000d6100000,0x00000000d6100000,0x00000000d9480000)
  from space 14848K, 48% used [0x00000000d9480000,0x00000000d9b815a0,0x00000000da300000)
  to   space 14336K, 0% used [0x00000000dbe00000,0x00000000dbe00000,0x00000000dcc00000)
 ParOldGen       total 66048K, used 26940K [0x0000000082200000, 0x0000000086280000, 0x00000000d6100000)
  object space 66048K, 40% used [0x0000000082200000,0x0000000083c4f248,0x0000000086280000)
 Metaspace       used 33557K, capacity 35300K, committed 35416K, reserved 1079296K
  class space    used 4767K, capacity 5101K, committed 5120K, reserved 1048576K
Event: 5.229 GC heap after
Heap after GC invocations=9 (full 2):
 PSYoungGen      total 67584K, used 0K [0x00000000d6100000, 0x00000000dcc00000, 0x0000000100000000)
  eden space 52736K, 0% used [0x00000000d6100000,0x00000000d6100000,0x00000000d9480000)
  from space 14848K, 0% used [0x00000000d9480000,0x00000000d9480000,0x00000000da300000)
  to   space 14336K, 0% used [0x00000000dbe00000,0x00000000dbe00000,0x00000000dcc00000)
 ParOldGen       total 66048K, used 29982K [0x0000000082200000, 0x0000000086280000, 0x00000000d6100000)
  object space 66048K, 45% used [0x0000000082200000,0x0000000083f478c0,0x0000000086280000)
 Metaspace       used 33557K, capacity 35300K, committed 35416K, reserved 1079296K
  class space    used 4767K, capacity 5101K, committed 5120K, reserved 1048576K
}

Deoptimization events (10 events):
Event: 4.976 Thread 0x0000000019931800 Uncommon trap: reason=bimorphic action=maybe_recompile pc=0x000000000323a46c method=java.io.DataInputStream.readFully([BII)V @ 34
Event: 4.976 Thread 0x0000000019931800 Uncommon trap: reason=bimorphic action=maybe_recompile pc=0x000000000323a46c method=java.io.DataInputStream.readFully([BII)V @ 34
Event: 4.976 Thread 0x0000000019931800 Uncommon trap: reason=bimorphic action=maybe_recompile pc=0x000000000323a46c method=java.io.DataInputStream.readFully([BII)V @ 34
Event: 4.976 Thread 0x0000000019931800 Uncommon trap: reason=bimorphic action=maybe_recompile pc=0x000000000323a46c method=java.io.DataInputStream.readFully([BII)V @ 34
Event: 4.976 Thread 0x0000000019931800 Uncommon trap: reason=predicate action=maybe_recompile pc=0x0000000003c60ce4 method=java.lang.String.regionMatches(ZILjava/lang/String;II)Z @ 63
Event: 5.017 Thread 0x0000000019931800 Uncommon trap: reason=unstable_if action=reinterpret pc=0x0000000003ade878 method=java.util.AbstractCollection.addAll(Ljava/util/Collection;)Z @ 32
Event: 5.051 Thread 0x0000000019931800 Uncommon trap: reason=unstable_if action=reinterpret pc=0x00000000033960c8 method=java.lang.ThreadLocal$ThreadLocalMap.getEntry(Ljava/lang/ThreadLocal;)Ljava/lang/ThreadLocal$ThreadLocalMap$Entry; @ 29
Event: 5.094 Thread 0x0000000019931800 Uncommon trap: reason=unstable_if action=reinterpret pc=0x00000000039d553c method=java.util.ArrayList.remove(I)Ljava/lang/Object; @ 31
Event: 5.272 Thread 0x00000000237df800 Uncommon trap: reason=unstable_if action=reinterpret pc=0x000000000317af04 method=java.util.zip.ZipCoder.getBytes(Ljava/lang/String;)[B @ 32
Event: 5.273 Thread 0x00000000237df800 Uncommon trap: reason=unstable_if action=reinterpret pc=0x0000000003c7042c method=java.net.URL.<init>(Ljava/net/URL;Ljava/lang/String;Ljava/net/URLStreamHandler;)V @ 57

Classes redefined (0 events):
No events

Internal exceptions (10 events):
Event: 3.984 Thread 0x0000000019543800 Implicit null exception at 0x0000000003a4bc29 to 0x0000000003a4cac1
Event: 4.846 Thread 0x0000000019931800 Exception <a 'java/lang/ClassNotFoundException': com/sun/org/glassfish/hk2/osgiresourcelocator/ServiceLoader> (0x00000000d768acb8) thrown at [C:\re\workspace\8-2-build-windows-amd64-cygwin\jdk8u191\11896\hotspot\src\share\vm\classfile\systemDictionary.cpp
Event: 4.874 Thread 0x0000000019931800 Exception <a 'java/lang/NullPointerException'> (0x00000000d79ab520) thrown at [C:\re\workspace\8-2-build-windows-amd64-cygwin\jdk8u191\11896\hotspot\src\share\vm\interpreter\linkResolver.cpp, line 1287]
Event: 4.929 Thread 0x0000000019931800 Exception <a 'java/lang/ArrayIndexOutOfBoundsException': 67> (0x00000000d7eca930) thrown at [C:\re\workspace\8-2-build-windows-amd64-cygwin\jdk8u191\11896\hotspot\src\share\vm\interpreter\interpreterRuntime.cpp, line 366]
Event: 4.929 Thread 0x0000000019931800 Exception <a 'java/lang/ArrayIndexOutOfBoundsException': 65> (0x00000000d7ecc3e8) thrown at [C:\re\workspace\8-2-build-windows-amd64-cygwin\jdk8u191\11896\hotspot\src\share\vm\interpreter\interpreterRuntime.cpp, line 366]
Event: 4.937 Thread 0x0000000019931800 Exception <a 'java/lang/ArrayIndexOutOfBoundsException': 79> (0x00000000d7f37908) thrown at [C:\re\workspace\8-2-build-windows-amd64-cygwin\jdk8u191\11896\hotspot\src\share\vm\interpreter\interpreterRuntime.cpp, line 366]
Event: 4.937 Thread 0x0000000019931800 Exception <a 'java/lang/ArrayIndexOutOfBoundsException': 81> (0x00000000d7f39048) thrown at [C:\re\workspace\8-2-build-windows-amd64-cygwin\jdk8u191\11896\hotspot\src\share\vm\interpreter\interpreterRuntime.cpp, line 366]
Event: 4.937 Thread 0x0000000019931800 Exception <a 'java/lang/ArrayIndexOutOfBoundsException': 83> (0x00000000d7f3a5d0) thrown at [C:\re\workspace\8-2-build-windows-amd64-cygwin\jdk8u191\11896\hotspot\src\share\vm\interpreter\interpreterRuntime.cpp, line 366]
Event: 4.937 Thread 0x0000000019931800 Exception <a 'java/lang/ArrayIndexOutOfBoundsException': 78> (0x00000000d7f3bb30) thrown at [C:\re\workspace\8-2-build-windows-amd64-cygwin\jdk8u191\11896\hotspot\src\share\vm\interpreter\interpreterRuntime.cpp, line 366]
Event: 4.937 Thread 0x0000000019931800 Exception <a 'java/lang/ArrayIndexOutOfBoundsException': 38> (0x00000000d7f3cc70) thrown at [C:\re\workspace\8-2-build-windows-amd64-cygwin\jdk8u191\11896\hotspot\src\share\vm\interpreter\interpreterRuntime.cpp, line 366]

Events (10 events):
Event: 5.275 Thread 0x0000000019931800 DEOPT PACKING pc=0x00000000032afbc9 sp=0x000000001a638f50
Event: 5.275 Thread 0x0000000019931800 DEOPT UNPACKING pc=0x0000000002d87890 sp=0x000000001a638c50 mode 0
Event: 5.275 Thread 0x0000000019931800 DEOPT PACKING pc=0x00000000032afbc9 sp=0x000000001a638f50
Event: 5.275 Thread 0x0000000019931800 DEOPT UNPACKING pc=0x0000000002d87890 sp=0x000000001a638c50 mode 0
Event: 5.275 Thread 0x0000000019931800 DEOPT PACKING pc=0x00000000032afbc9 sp=0x000000001a638f50
Event: 5.275 Thread 0x0000000019931800 DEOPT UNPACKING pc=0x0000000002d87890 sp=0x000000001a638c50 mode 0
Event: 5.275 Thread 0x0000000019931800 DEOPT PACKING pc=0x00000000032afbc9 sp=0x000000001a638f50
Event: 5.275 Thread 0x0000000019931800 DEOPT UNPACKING pc=0x0000000002d87890 sp=0x000000001a638c50 mode 0
Event: 5.276 Thread 0x0000000019931800 DEOPT PACKING pc=0x00000000032afbc9 sp=0x000000001a638f50
Event: 5.276 Thread 0x0000000019931800 DEOPT UNPACKING pc=0x0000000002d87890 sp=0x000000001a638c50 mode 0


Dynamic libraries:
0x00007ff61b9b0000 - 0x00007ff61b9e7000 	C:\Program Files\Java\jre1.8.0_191\bin\javaw.exe
0x00007ffb8c890000 - 0x00007ffb8ca6b000 	C:\Windows\SYSTEM32\ntdll.dll
0x00007ffb89e10000 - 0x00007ffb89ebe000 	C:\Windows\System32\KERNEL32.DLL
0x00007ffb897b0000 - 0x00007ffb899fa000 	C:\Windows\System32\KERNELBASE.dll
0x00007ffb8a620000 - 0x00007ffb8a6c1000 	C:\Windows\System32\ADVAPI32.dll
0x00007ffb8a2a0000 - 0x00007ffb8a33d000 	C:\Windows\System32\msvcrt.dll
0x00007ffb89fb0000 - 0x00007ffb8a009000 	C:\Windows\System32\sechost.dll
0x00007ffb8a0b0000 - 0x00007ffb8a1d5000 	C:\Windows\System32\RPCRT4.dll
0x00007ffb8a460000 - 0x00007ffb8a5aa000 	C:\Windows\System32\USER32.dll
0x00007ffb88f40000 - 0x00007ffb88f5e000 	C:\Windows\System32\win32u.dll
0x00007ffb89ec0000 - 0x00007ffb89ee7000 	C:\Windows\System32\GDI32.dll
0x00007ffb88db0000 - 0x00007ffb88f38000 	C:\Windows\System32\gdi32full.dll
0x00007ffb88f60000 - 0x00007ffb88ffa000 	C:\Windows\System32\msvcp_win.dll
0x00007ffb89bd0000 - 0x00007ffb89cc6000 	C:\Windows\System32\ucrtbase.dll
0x00007ffb7d170000 - 0x00007ffb7d3d7000 	C:\Windows\WinSxS\amd64_microsoft.windows.common-controls_6595b64144ccf1df_6.0.15063.1155_none_40c7922129a7722b\COMCTL32.dll
0x00007ffb8bc80000 - 0x00007ffb8bf79000 	C:\Windows\System32\combase.dll
0x00007ffb89d80000 - 0x00007ffb89dea000 	C:\Windows\System32\bcryptPrimitives.dll
0x00007ffb8bf80000 - 0x00007ffb8bfad000 	C:\Windows\System32\IMM32.DLL
0x00007ffb718e0000 - 0x00007ffb7198f000 	C:\Program Files\McAfee\Endpoint Security\Threat Prevention\Ips\EpMPApi.dll
0x00007ffb89750000 - 0x00007ffb897a7000 	C:\Windows\System32\WINTRUST.dll
0x00007ffb88d90000 - 0x00007ffb88da1000 	C:\Windows\System32\MSASN1.dll
0x00007ffb89a00000 - 0x00007ffb89bc9000 	C:\Windows\System32\CRYPT32.dll
0x0000000060fb0000 - 0x0000000060fbc000 	C:\Program Files\McAfee\Endpoint Security\Threat Prevention\Ips\EpMPThe.dll
0x00000000601d0000 - 0x00000000602a2000 	C:\Program Files\Java\jre1.8.0_191\bin\msvcr100.dll
0x00000000603a0000 - 0x0000000060c44000 	C:\Program Files\Java\jre1.8.0_191\bin\server\jvm.dll
0x00007ffb8a290000 - 0x00007ffb8a298000 	C:\Windows\System32\PSAPI.DLL
0x00007ffb86fe0000 - 0x00007ffb87003000 	C:\Windows\SYSTEM32\WINMM.dll
0x00007ffb76600000 - 0x00007ffb76609000 	C:\Windows\SYSTEM32\WSOCK32.dll
0x00007ffb79580000 - 0x00007ffb7958a000 	C:\Windows\SYSTEM32\VERSION.dll
0x00007ffb8a5b0000 - 0x00007ffb8a61c000 	C:\Windows\System32\WS2_32.dll
0x00007ffb86fb0000 - 0x00007ffb86fdb000 	C:\Windows\SYSTEM32\winmmbase.dll
0x00007ffb89700000 - 0x00007ffb89749000 	C:\Windows\System32\cfgmgr32.dll
0x0000000060390000 - 0x000000006039f000 	C:\Program Files\Java\jre1.8.0_191\bin\verify.dll
0x0000000060360000 - 0x0000000060389000 	C:\Program Files\Java\jre1.8.0_191\bin\java.dll
0x0000000060340000 - 0x0000000060356000 	C:\Program Files\Java\jre1.8.0_191\bin\zip.dll
0x00007ffb8a840000 - 0x00007ffb8bc78000 	C:\Windows\System32\SHELL32.dll
0x00007ffb8a1e0000 - 0x00007ffb8a28a000 	C:\Windows\System32\shcore.dll
0x00007ffb89000000 - 0x00007ffb896f1000 	C:\Windows\System32\windows.storage.dll
0x00007ffb89f50000 - 0x00007ffb89fa1000 	C:\Windows\System32\shlwapi.dll
0x00007ffb88d70000 - 0x00007ffb88d81000 	C:\Windows\System32\kernel.appcore.dll
0x00007ffb88d00000 - 0x00007ffb88d4c000 	C:\Windows\System32\powrprof.dll
0x00007ffb88d50000 - 0x00007ffb88d65000 	C:\Windows\System32\profapi.dll
0x0000000000db0000 - 0x0000000000db3000 	C:\Program Files\Java\jre1.8.0_191\bin\api-ms-win-core-console-l1-1-0.dll
0x0000000002b80000 - 0x0000000002b83000 	C:\Program Files\Java\jre1.8.0_191\bin\api-ms-win-core-datetime-l1-1-0.dll
0x0000000002b90000 - 0x0000000002b93000 	C:\Program Files\Java\jre1.8.0_191\bin\api-ms-win-core-debug-l1-1-0.dll
0x0000000002ba0000 - 0x0000000002ba3000 	C:\Program Files\Java\jre1.8.0_191\bin\api-ms-win-core-errorhandling-l1-1-0.dll
0x0000000002bb0000 - 0x0000000002bb4000 	C:\Program Files\Java\jre1.8.0_191\bin\api-ms-win-core-file-l1-1-0.dll
0x0000000002bc0000 - 0x0000000002bc3000 	C:\Program Files\Java\jre1.8.0_191\bin\api-ms-win-core-file-l1-2-0.dll
0x0000000002bd0000 - 0x0000000002bd3000 	C:\Program Files\Java\jre1.8.0_191\bin\api-ms-win-core-file-l2-1-0.dll
0x0000000002be0000 - 0x0000000002be3000 	C:\Program Files\Java\jre1.8.0_191\bin\api-ms-win-core-handle-l1-1-0.dll
0x0000000002bf0000 - 0x0000000002bf3000 	C:\Program Files\Java\jre1.8.0_191\bin\api-ms-win-core-heap-l1-1-0.dll
0x0000000002c00000 - 0x0000000002c03000 	C:\Program Files\Java\jre1.8.0_191\bin\api-ms-win-core-interlocked-l1-1-0.dll
0x0000000002c10000 - 0x0000000002c13000 	C:\Program Files\Java\jre1.8.0_191\bin\api-ms-win-core-libraryloader-l1-1-0.dll
0x0000000002c20000 - 0x0000000002c23000 	C:\Program Files\Java\jre1.8.0_191\bin\api-ms-win-core-localization-l1-2-0.dll
0x0000000019760000 - 0x0000000019763000 	C:\Program Files\Java\jre1.8.0_191\bin\api-ms-win-core-memory-l1-1-0.dll
0x0000000019770000 - 0x0000000019773000 	C:\Program Files\Java\jre1.8.0_191\bin\api-ms-win-core-namedpipe-l1-1-0.dll
0x0000000019780000 - 0x0000000019783000 	C:\Program Files\Java\jre1.8.0_191\bin\api-ms-win-core-processenvironment-l1-1-0.dll
0x0000000019790000 - 0x0000000019793000 	C:\Program Files\Java\jre1.8.0_191\bin\api-ms-win-core-processthreads-l1-1-0.dll
0x00000000197a0000 - 0x00000000197a3000 	C:\Program Files\Java\jre1.8.0_191\bin\api-ms-win-core-processthreads-l1-1-1.dll
0x00000000197b0000 - 0x00000000197b3000 	C:\Program Files\Java\jre1.8.0_191\bin\api-ms-win-core-profile-l1-1-0.dll
0x00000000197c0000 - 0x00000000197c3000 	C:\Program Files\Java\jre1.8.0_191\bin\api-ms-win-core-rtlsupport-l1-1-0.dll
0x00000000197d0000 - 0x00000000197d3000 	C:\Program Files\Java\jre1.8.0_191\bin\api-ms-win-core-string-l1-1-0.dll
0x00000000197e0000 - 0x00000000197e3000 	C:\Program Files\Java\jre1.8.0_191\bin\api-ms-win-core-synch-l1-1-0.dll
0x00000000197f0000 - 0x00000000197f3000 	C:\Program Files\Java\jre1.8.0_191\bin\api-ms-win-core-synch-l1-2-0.dll
0x0000000019800000 - 0x0000000019803000 	C:\Program Files\Java\jre1.8.0_191\bin\api-ms-win-core-sysinfo-l1-1-0.dll
0x0000000019810000 - 0x0000000019813000 	C:\Program Files\Java\jre1.8.0_191\bin\api-ms-win-core-timezone-l1-1-0.dll
0x0000000019820000 - 0x0000000019823000 	C:\Program Files\Java\jre1.8.0_191\bin\api-ms-win-core-util-l1-1-0.dll
0x0000000019830000 - 0x0000000019833000 	C:\Program Files\Java\jre1.8.0_191\bin\api-ms-win-crt-conio-l1-1-0.dll
0x0000000019840000 - 0x0000000019844000 	C:\Program Files\Java\jre1.8.0_191\bin\api-ms-win-crt-convert-l1-1-0.dll
0x0000000019850000 - 0x0000000019853000 	C:\Program Files\Java\jre1.8.0_191\bin\api-ms-win-crt-environment-l1-1-0.dll
0x0000000019860000 - 0x0000000019863000 	C:\Program Files\Java\jre1.8.0_191\bin\api-ms-win-crt-filesystem-l1-1-0.dll
0x0000000019870000 - 0x0000000019873000 	C:\Program Files\Java\jre1.8.0_191\bin\api-ms-win-crt-heap-l1-1-0.dll
0x0000000019880000 - 0x0000000019883000 	C:\Program Files\Java\jre1.8.0_191\bin\api-ms-win-crt-locale-l1-1-0.dll
0x0000000019890000 - 0x0000000019895000 	C:\Program Files\Java\jre1.8.0_191\bin\api-ms-win-crt-math-l1-1-0.dll
0x00000000198a0000 - 0x00000000198a5000 	C:\Program Files\Java\jre1.8.0_191\bin\api-ms-win-crt-multibyte-l1-1-0.dll
0x00000000198b0000 - 0x00000000198c0000 	C:\Program Files\Java\jre1.8.0_191\bin\api-ms-win-crt-private-l1-1-0.dll
0x00000000198c0000 - 0x00000000198c3000 	C:\Program Files\Java\jre1.8.0_191\bin\api-ms-win-crt-process-l1-1-0.dll
0x00000000198d0000 - 0x00000000198d4000 	C:\Program Files\Java\jre1.8.0_191\bin\api-ms-win-crt-runtime-l1-1-0.dll
0x00000000198e0000 - 0x00000000198e4000 	C:\Program Files\Java\jre1.8.0_191\bin\api-ms-win-crt-stdio-l1-1-0.dll
0x00000000198f0000 - 0x00000000198f4000 	C:\Program Files\Java\jre1.8.0_191\bin\api-ms-win-crt-string-l1-1-0.dll
0x0000000019900000 - 0x0000000019903000 	C:\Program Files\Java\jre1.8.0_191\bin\api-ms-win-crt-time-l1-1-0.dll
0x0000000019910000 - 0x0000000019913000 	C:\Program Files\Java\jre1.8.0_191\bin\api-ms-win-crt-utility-l1-1-0.dll
0x00007ffb73f50000 - 0x00007ffb74046000 	C:\Program Files\Java\jre1.8.0_191\bin\ucrtbase.dll
0x00007ffb86ef0000 - 0x00007ffb86f06000 	C:\Program Files\Java\jre1.8.0_191\bin\vcruntime140.dll
0x00007ffb7a100000 - 0x00007ffb7a19c000 	C:\Program Files\Java\jre1.8.0_191\bin\msvcp140.dll
0x00007ffb7c4e0000 - 0x00007ffb7c531000 	C:\Program Files\Java\jre1.8.0_191\bin\concrt140.dll
0x00000000601a0000 - 0x00000000601c3000 	C:\Program Files\Java\jre1.8.0_191\bin\prism_d3d.dll
0x00007ffb46750000 - 0x00007ffb468d9000 	C:\Windows\system32\d3d9.dll
0x00007ffb86f50000 - 0x00007ffb86f7a000 	C:\Windows\SYSTEM32\dwmapi.dll
0x00007ffb87200000 - 0x00007ffb87295000 	C:\Windows\system32\uxtheme.dll
0x00007ffb68d80000 - 0x00007ffb68f57000 	C:\Windows\System32\DriverStore\FileRepository\ki127171.inf_amd64_368f8c7337214025\igdumdim64.dll
0x00007ffb380e0000 - 0x00007ffb3b0dd000 	C:\Windows\System32\DriverStore\FileRepository\ki127171.inf_amd64_368f8c7337214025\igd9dxva64.dll
0x00007ffb8c010000 - 0x00007ffb8c155000 	C:\Windows\System32\ole32.dll
0x00007ffb8c310000 - 0x00007ffb8c3d0000 	C:\Windows\System32\OLEAUT32.dll
0x0000000060150000 - 0x0000000060199000 	C:\Program Files\Java\jre1.8.0_191\bin\glass.dll
0x00007ffb8a340000 - 0x00007ffb8a448000 	C:\Windows\System32\COMDLG32.dll
0x00007ffb8a6d0000 - 0x00007ffb8a836000 	C:\Windows\System32\MSCTF.dll
0x00007ffb7fb90000 - 0x00007ffb81925000 	C:\Windows\System32\DriverStore\FileRepository\ki127171.inf_amd64_368f8c7337214025\igc64.dll
0x0000000060130000 - 0x0000000060144000 	C:\Program Files\Java\jre1.8.0_191\bin\javafx_font.dll
0x00007ffb7dbd0000 - 0x00007ffb7de8f000 	C:\Windows\SYSTEM32\dwrite.dll
0x000000005ca70000 - 0x000000006012a000 	C:\Program Files\Java\jre1.8.0_191\bin\jfxwebkit.dll
0x00007ffb887b0000 - 0x00007ffb887c7000 	C:\Windows\SYSTEM32\CRYPTSP.dll
0x00007ffb87e90000 - 0x00007ffb87ec4000 	C:\Windows\system32\rsaenh.dll
0x00007ffb888c0000 - 0x00007ffb888e5000 	C:\Windows\SYSTEM32\bcrypt.dll
0x00007ffb88c30000 - 0x00007ffb88c59000 	C:\Windows\SYSTEM32\USERENV.dll
0x00007ffb887d0000 - 0x00007ffb887db000 	C:\Windows\SYSTEM32\CRYPTBASE.dll
0x0000000060320000 - 0x000000006033a000 	C:\Program Files\Java\jre1.8.0_191\bin\net.dll
0x00007ffb88610000 - 0x00007ffb8866c000 	C:\Windows\system32\mswsock.dll
0x00007ffb883b0000 - 0x00007ffb883e7000 	C:\Windows\SYSTEM32\IPHLPAPI.DLL
0x00007ffb8c160000 - 0x00007ffb8c168000 	C:\Windows\System32\NSI.dll
0x00007ffb7e120000 - 0x00007ffb7e136000 	C:\Windows\SYSTEM32\dhcpcsvc6.DLL
0x00007ffb7e100000 - 0x00007ffb7e11a000 	C:\Windows\SYSTEM32\dhcpcsvc.DLL
0x0000000060300000 - 0x0000000060311000 	C:\Program Files\Java\jre1.8.0_191\bin\nio.dll
0x00000000602d0000 - 0x00000000602f4000 	C:\Program Files\Java\jre1.8.0_191\bin\sunec.dll
0x00007ffb8a010000 - 0x00007ffb8a0ae000 	C:\Windows\System32\clbcatq.dll
0x00007ffb84090000 - 0x00007ffb8423c000 	C:\Windows\SYSTEM32\WindowsCodecs.dll
0x00007ffb65140000 - 0x00007ffb65187000 	C:\Windows\system32\dataexchange.dll
0x00007ffb85a20000 - 0x00007ffb85cff000 	C:\Windows\system32\d3d11.dll
0x00007ffb86660000 - 0x00007ffb86783000 	C:\Windows\system32\dcomp.dll
0x00007ffb879d0000 - 0x00007ffb87a74000 	C:\Windows\system32\dxgi.dll
0x00007ffb874b0000 - 0x00007ffb87620000 	C:\Windows\system32\twinapi.appcore.dll
0x00007ffb86eb0000 - 0x00007ffb86ee1000 	C:\Program Files\Common Files\Microsoft Shared\Ink\rtscom.dll
0x00007ffb81a00000 - 0x00007ffb81a81000 	C:\Windows\System32\TextInputFramework.dll
0x00007ffb839b0000 - 0x00007ffb83c83000 	C:\Windows\System32\CoreUIComponents.dll
0x00007ffb862b0000 - 0x00007ffb86394000 	C:\Windows\System32\CoreMessaging.dll
0x00007ffb87b30000 - 0x00007ffb87b61000 	C:\Windows\SYSTEM32\ntmarta.dll
0x00007ffb84950000 - 0x00007ffb84a89000 	C:\Windows\SYSTEM32\wintypes.dll
0x00007ffb86bd0000 - 0x00007ffb86be5000 	C:\Windows\SYSTEM32\usermgrcli.dll

VM Arguments:
jvm_args: -Dfile.encoding=UTF-8 
java_command: principal.Principal
java_class_path (initial): C:\Program Files\Java\jre1.8.0_191\lib\resources.jar;C:\Program Files\Java\jre1.8.0_191\lib\rt.jar;C:\Program Files\Java\jre1.8.0_191\lib\jsse.jar;C:\Program Files\Java\jre1.8.0_191\lib\jce.jar;C:\Program Files\Java\jre1.8.0_191\lib\charsets.jar;C:\Program Files\Java\jre1.8.0_191\lib\jfr.jar;C:\Program Files\Java\jre1.8.0_191\lib\ext\access-bridge-64.jar;C:\Program Files\Java\jre1.8.0_191\lib\ext\cldrdata.jar;C:\Program Files\Java\jre1.8.0_191\lib\ext\dnsns.jar;C:\Program Files\Java\jre1.8.0_191\lib\ext\jaccess.jar;C:\Program Files\Java\jre1.8.0_191\lib\ext\jfxrt.jar;C:\Program Files\Java\jre1.8.0_191\lib\ext\localedata.jar;C:\Program Files\Java\jre1.8.0_191\lib\ext\nashorn.jar;C:\Program Files\Java\jre1.8.0_191\lib\ext\sunec.jar;C:\Program Files\Java\jre1.8.0_191\lib\ext\sunjce_provider.jar;C:\Program Files\Java\jre1.8.0_191\lib\ext\sunmscapi.jar;C:\Program Files\Java\jre1.8.0_191\lib\ext\sunpkcs11.jar;C:\Program Files\Java\jre1.8.0_191\lib\ext\zipfs.jar;C:\Users\fabricio.barrozo\git\srh.adasa\target\classes;C:\Users\fabricio.barrozo\.m2\repository\org\hibernate\hibernate-entitymanager\5.1.0.Final\hibernate-entitymanager-5.1.0.Final.jar;C:\Users\fabricio.barrozo\.m2\repository\org\hibernate\hibernate-core\5.1.0.Final\hibernate-core-5.1.0.Final.jar;C:\Users\fabricio.barrozo\.m2\repository\org\jboss\jandex\2.0.0.Final\jandex-2.0.0.Final.jar;C:\Users\fabricio.barrozo\.m2\repository\com\fasterxml\classmate\1.3.0\classmate-1.3.0.jar;C:\Users\fabricio.barrozo\.m2\repository\org\jboss\logging\jboss-logging\3.3.0.Final\jboss-logging-3.3.0.Final.jar;C:\Users\fabricio.barrozo\.m2\repository\org\javassist\javassist\3.20.0-GA\javassist-3.20.0-GA.jar;C:\Users\fabricio.barrozo\.m2\repository\commons-collections\commons-collections\2.1\commons-collections-2.1.jar;C:\Users\fabricio.barrozo\.m2\repository\commons-logging\commons-logging\1.0.4\commons-logging-1.0.4.jar;C:\Users\fabricio.barrozo\.m2\repository\dom4j\dom4j\1.6.1\dom4j-1.6.1.jar;C:\Users\fa
Launcher Type: SUN_STANDARD

Environment Variables:
JAVA_HOME=C:\Program Files\Java\jdk1.8.0_191
PATH=C:/Program Files/Java/jre1.8.0_191/bin/server;C:/Program Files/Java/jre1.8.0_191/bin;C:/Program Files/Java/jre1.8.0_191/lib/amd64;C:\Program Files (x86)\Common Files\Oracle\Java\javapath;C:\ProgramData\Oracle\Java\javapath;C:\Program Files (x86)\Intel\iCLS Client\;C:\Program Files\Intel\iCLS Client\;C:\Windows\system32;C:\Windows;C:\Windows\System32\Wbem;C:\Windows\System32\WindowsPowerShell\v1.0\;C:\Program Files (x86)\Intel\Intel(R) Management Engine Components\DAL;C:\Program Files\Intel\Intel(R) Management Engine Components\DAL;C:\Program Files (x86)\Intel\Intel(R) Management Engine Components\IPT;C:\Program Files\Intel\Intel(R) Management Engine Components\IPT;C:\Program Files\Intel\WiFi\bin\;C:\Program Files\Common Files\Intel\WirelessCommon\;c:\Program Files\Microsoft SQL Server\110\Tools\Binn\;c:\Program Files (x86)\Microsoft SQL Server\110\Tools\Binn\ManagementStudio\;c:\Program Files (x86)\Microsoft SQL Server\110\Tools\Binn\;c:\Program Files (x86)\Microsoft SQL Server\110\DTS\Binn\;C:\apache-maven-3.6.0\bin;C:\Users\fabricio.barrozo\AppData\Local\Microsoft\WindowsApps;;C:\Windows\system32;
USERNAME=fabricio.barrozo
OS=Windows_NT
PROCESSOR_IDENTIFIER=Intel64 Family 6 Model 94 Stepping 3, GenuineIntel



---------------  S Y S T E M  ---------------

OS: Windows 10.0 , 64 bit Build 15063 (10.0.15063.1058)

CPU:total 4 (initial active 4) (4 cores per cpu, 1 threads per core) family 6 model 94 stepping 3, cmov, cx8, fxsr, mmx, sse, sse2, sse3, ssse3, sse4.1, sse4.2, popcnt, avx, avx2, aes, clmul, erms, rtm, 3dnowpref, lzcnt, tsc, tscinvbit, bmi1, bmi2, adx

Memory: 4k page, physical 8249056k(1201548k free), swap 10196704k(3232k free)

vm_info: Java HotSpot(TM) 64-Bit Server VM (25.191-b12) for windows-amd64 JRE (1.8.0_191-b12), built on Oct  6 2018 09:29:03 by "java_re" with MS VC++ 10.0 (VS2010)

time: Mon Dec 03 12:17:33 2018
elapsed time: 5 seconds (0d 0h 0m 5s)

