#
# There is insufficient memory for the Java Runtime Environment to continue.
# Native memory allocation (malloc) failed to allocate 32744 bytes for ChunkPool::allocate
# Possible reasons:
#   The system is out of physical RAM or swap space
#   In 32 bit mode, the process size limit was hit
# Possible solutions:
#   Reduce memory load on the system
#   Increase physical memory or swap space
#   Check if swap backing store is full
#   Use 64 bit Java on a 64 bit OS
#   Decrease Java heap size (-Xmx/-Xms)
#   Decrease number of Java threads
#   Decrease Java thread stack sizes (-Xss)
#   Set larger code cache with -XX:ReservedCodeCacheSize=
# This output file may be truncated or incomplete.
#
#  Out of Memory Error (allocation.cpp:273), pid=9280, tid=0x0000000000002624
#
# JRE version: Java(TM) SE Runtime Environment (8.0_181-b13) (build 1.8.0_181-b13)
# Java VM: Java HotSpot(TM) 64-Bit Server VM (25.181-b13 mixed mode windows-amd64 compressed oops)
# Failed to write core dump. Minidumps are not enabled by default on client versions of Windows
#

---------------  T H R E A D  ---------------

Current thread (0x0000000017962000):  JavaThread "C2 CompilerThread0" daemon [_thread_in_native, id=9764, stack(0x0000000018fd0000,0x00000000190d0000)]

Stack: [0x0000000018fd0000,0x00000000190d0000]
[error occurred during error reporting (printing stack bounds), id 0xc0000005]

Native frames: (J=compiled Java code, j=interpreted, Vv=VM code, C=native code)


Current CompileTask:
C2: 322322 4465       4       javafx.scene.CssStyleHelper::resolveLookups (521 bytes)


---------------  P R O C E S S  ---------------

Java Threads: ( => current thread )
  0x00000000253e2000 JavaThread "URL-Loader-41" daemon [_thread_blocked, id=14868, stack(0x0000000038350000,0x0000000038450000)]
  0x00000000253e4000 JavaThread "URL-Loader-40" daemon [_thread_blocked, id=12444, stack(0x0000000038250000,0x0000000038350000)]
  0x00000000253e5000 JavaThread "URL-Loader-39" daemon [_thread_blocked, id=3640, stack(0x0000000038150000,0x0000000038250000)]
  0x000000002564a000 JavaThread "URL-Loader-38" daemon [_thread_blocked, id=13964, stack(0x0000000038050000,0x0000000038150000)]
  0x000000002564a800 JavaThread "URL-Loader-37" daemon [_thread_blocked, id=6300, stack(0x0000000037f50000,0x0000000038050000)]
  0x0000000025649000 JavaThread "URL-Loader-36" daemon [_thread_blocked, id=1416, stack(0x0000000037e50000,0x0000000037f50000)]
  0x0000000025647800 JavaThread "URL-Loader-35" daemon [_thread_blocked, id=9696, stack(0x0000000037d50000,0x0000000037e50000)]
  0x000000002564b800 JavaThread "URL-Loader-34" daemon [_thread_blocked, id=11636, stack(0x0000000037c50000,0x0000000037d50000)]
  0x000000002564d000 JavaThread "URL-Loader-33" daemon [_thread_blocked, id=12948, stack(0x0000000037b50000,0x0000000037c50000)]
  0x0000000025648800 JavaThread "URL-Loader-32" daemon [_thread_blocked, id=10748, stack(0x0000000037a50000,0x0000000037b50000)]
  0x000000002564c000 JavaThread "URL-Loader-31" daemon [_thread_blocked, id=14004, stack(0x0000000037950000,0x0000000037a50000)]
  0x000000002564d800 JavaThread "URL-Loader-30" daemon [_thread_blocked, id=6296, stack(0x0000000037850000,0x0000000037950000)]
  0x000000002563f000 JavaThread "URL-Loader-29" daemon [_thread_blocked, id=15200, stack(0x0000000037750000,0x0000000037850000)]
  0x0000000025646000 JavaThread "URL-Loader-28" daemon [_thread_blocked, id=11068, stack(0x0000000037650000,0x0000000037750000)]
  0x0000000025645000 JavaThread "URL-Loader-27" daemon [_thread_blocked, id=8104, stack(0x0000000037550000,0x0000000037650000)]
  0x0000000025643800 JavaThread "Keep-Alive-Timer" daemon [_thread_blocked, id=14968, stack(0x0000000037450000,0x0000000037550000)]
  0x0000000025642000 JavaThread "URL-Loader-26" daemon [_thread_blocked, id=5800, stack(0x0000000036e50000,0x0000000036f50000)]
  0x0000000025644800 JavaThread "URL-Loader-25" daemon [_thread_blocked, id=4488, stack(0x0000000036d50000,0x0000000036e50000)]
  0x0000000025640800 JavaThread "URL-Loader-24" daemon [_thread_blocked, id=12040, stack(0x0000000036c50000,0x0000000036d50000)]
  0x0000000025643000 JavaThread "URL-Loader-23" daemon [_thread_blocked, id=14724, stack(0x0000000036b50000,0x0000000036c50000)]
  0x0000000025641800 JavaThread "URL-Loader-22" daemon [_thread_blocked, id=8928, stack(0x0000000036a50000,0x0000000036b50000)]
  0x0000000025640000 JavaThread "Keep-Alive-SocketCleaner" daemon [_thread_blocked, id=7644, stack(0x0000000034980000,0x0000000034a80000)]
  0x0000000025646800 JavaThread "Thread-9" daemon [_thread_in_native, id=10948, stack(0x0000000032d60000,0x0000000032e60000)]
  0x0000000019d04000 JavaThread "Disposer" daemon [_thread_blocked, id=10804, stack(0x00000000233d0000,0x00000000234d0000)]
  0x0000000019d00000 JavaThread "Prism Font Disposer" daemon [_thread_blocked, id=13164, stack(0x0000000022ad0000,0x0000000022bd0000)]
  0x0000000019b07800 JavaThread "Thread-3" daemon [_thread_in_native, id=11092, stack(0x0000000020fb0000,0x00000000210b0000)]
  0x0000000019ab3000 JavaThread "JavaFX-Launcher" [_thread_blocked, id=15312, stack(0x00000000210b0000,0x00000000211b0000)]
  0x0000000019a88000 JavaThread "JavaFX Application Thread" [_thread_in_native, id=7400, stack(0x000000001a660000,0x000000001a760000)]
  0x0000000019a86800 JavaThread "Thread-1" daemon [_thread_blocked, id=12632, stack(0x000000001a560000,0x000000001a660000)]
  0x00000000196c3000 JavaThread "QuantumRenderer-0" daemon [_thread_blocked, id=15300, stack(0x000000001a250000,0x000000001a350000)]
  0x00000000192eb000 JavaThread "Service Thread" daemon [_thread_blocked, id=1884, stack(0x00000000196d0000,0x00000000197d0000)]
  0x000000001798d000 JavaThread "C1 CompilerThread2" daemon [_thread_blocked, id=12176, stack(0x00000000191d0000,0x00000000192d0000)]
  0x0000000017969800 JavaThread "C2 CompilerThread1" daemon [_thread_blocked, id=5992, stack(0x00000000190d0000,0x00000000191d0000)]
=>0x0000000017962000 JavaThread "C2 CompilerThread0" daemon [_thread_in_native, id=9764, stack(0x0000000018fd0000,0x00000000190d0000)]
  0x000000001795e000 JavaThread "Attach Listener" daemon [_thread_blocked, id=8412, stack(0x0000000018ed0000,0x0000000018fd0000)]
  0x000000001795c800 JavaThread "Signal Dispatcher" daemon [_thread_blocked, id=6932, stack(0x0000000018dd0000,0x0000000018ed0000)]
  0x000000001794a800 JavaThread "Finalizer" daemon [_thread_blocked, id=14816, stack(0x0000000018bd0000,0x0000000018cd0000)]
  0x0000000002e81000 JavaThread "Reference Handler" daemon [_thread_blocked, id=13276, stack(0x0000000018ad0000,0x0000000018bd0000)]
  0x0000000002d5e800 JavaThread "main" [_thread_blocked, id=11736, stack(0x0000000002c30000,0x0000000002d30000)]

Other Threads:
  0x0000000017927800 VMThread [stack: 0x00000000189d0000,0x0000000018ad0000] [id=13104]
  0x0000000019317000 WatcherThread [stack: 0x00000000197d0000,0x00000000198d0000] [id=9908]

VM state:not at safepoint (normal execution)

VM Mutex/Monitor currently owned by a thread: None

Heap:
 PSYoungGen      total 141312K, used 58177K [0x00000000d6100000, 0x00000000df400000, 0x0000000100000000)
  eden space 132096K, 37% used [0x00000000d6100000,0x00000000d90d3b00,0x00000000de200000)
  from space 9216K, 99% used [0x00000000de200000,0x00000000deafca40,0x00000000deb00000)
  to   space 4608K, 0% used [0x00000000def80000,0x00000000def80000,0x00000000df400000)
 ParOldGen       total 66048K, used 19385K [0x0000000082200000, 0x0000000086280000, 0x00000000d6100000)
  object space 66048K, 29% used [0x0000000082200000,0x00000000834ee7d8,0x0000000086280000)
 Metaspace       used 24899K, capacity 26114K, committed 26240K, reserved 1071104K
  class space    used 3376K, capacity 3649K, committed 3712K, reserved 1048576K

Card table byte_map: [0x0000000012250000,0x0000000012640000] byte_map_base: 0x0000000011e3f000

Marking Bits: (ParMarkBitMap*) 0x000000005b052d00
 Begin Bits: [0x0000000012ce0000, 0x0000000014c58000)
 End Bits:   [0x0000000014c58000, 0x0000000016bd0000)

Polling page: 0x0000000000e80000

CodeCache: size=245760Kb used=12238Kb max_used=12238Kb free=233521Kb
 bounds [0x0000000002e90000, 0x0000000003aa0000, 0x0000000011e90000]
 total_blobs=4724 nmethods=3940 adapters=696
 compilation: enabled

Compilation events (10 events):
Event: 322.185 Thread 0x000000001798d000 4474       3       javafx.scene.Parent::updateBounds (44 bytes)
Event: 322.185 Thread 0x000000001798d000 nmethod 4474 0x0000000003a8e150 code [0x0000000003a8e300, 0x0000000003a8e878]
Event: 322.185 Thread 0x000000001798d000 4470       3       com.sun.javafx.util.Utils::deriveColor (327 bytes)
Event: 322.186 Thread 0x000000001798d000 nmethod 4470 0x0000000003a90550 code [0x0000000003a908c0, 0x0000000003a91b28]
Event: 322.186 Thread 0x000000001798d000 4475       1       com.sun.javafx.sg.prism.NGNode::renderForcedContent (1 bytes)
Event: 322.186 Thread 0x000000001798d000 nmethod 4475 0x0000000003a8ef50 code [0x0000000003a8f0a0, 0x0000000003a8f1b0]
Event: 322.186 Thread 0x000000001798d000 4471       3       com.sun.javafx.util.Utils::RGBtoHSB (227 bytes)
Event: 322.187 Thread 0x000000001798d000 nmethod 4471 0x0000000003a8d850 code [0x0000000003a8da20, 0x0000000003a8e050]
Event: 322.187 Thread 0x000000001798d000 4472       1       com.sun.javafx.css.SubCssMetaData::getStyleableProperty (2 bytes)
Event: 322.187 Thread 0x000000001798d000 nmethod 4472 0x0000000003a8d590 code [0x0000000003a8d6e0, 0x0000000003a8d7f0]

GC Heap History (10 events):
Event: 1.311 GC heap before
{Heap before GC invocations=6 (full 1):
 PSYoungGen      total 49152K, used 49112K [0x00000000d6100000, 0x00000000da200000, 0x0000000100000000)
  eden space 44032K, 99% used [0x00000000d6100000,0x00000000d8bff838,0x00000000d8c00000)
  from space 5120K, 99% used [0x00000000d9100000,0x00000000d95f69b0,0x00000000d9600000)
  to   space 5120K, 0% used [0x00000000d8c00000,0x00000000d8c00000,0x00000000d9100000)
 ParOldGen       total 66048K, used 12339K [0x0000000082200000, 0x0000000086280000, 0x00000000d6100000)
  object space 66048K, 18% used [0x0000000082200000,0x0000000082e0cc88,0x0000000086280000)
 Metaspace       used 22663K, capacity 23826K, committed 24064K, reserved 1069056K
  class space    used 3251K, capacity 3487K, committed 3584K, reserved 1048576K
Event: 1.313 GC heap after
Heap after GC invocations=6 (full 1):
 PSYoungGen      total 49152K, used 3167K [0x00000000d6100000, 0x00000000dbf00000, 0x0000000100000000)
  eden space 44032K, 0% used [0x00000000d6100000,0x00000000d6100000,0x00000000d8c00000)
  from space 5120K, 61% used [0x00000000d8c00000,0x00000000d8f17de0,0x00000000d9100000)
  to   space 9728K, 0% used [0x00000000db580000,0x00000000db580000,0x00000000dbf00000)
 ParOldGen       total 66048K, used 12347K [0x0000000082200000, 0x0000000086280000, 0x00000000d6100000)
  object space 66048K, 18% used [0x0000000082200000,0x0000000082e0ec88,0x0000000086280000)
 Metaspace       used 22663K, capacity 23826K, committed 24064K, reserved 1069056K
  class space    used 3251K, capacity 3487K, committed 3584K, reserved 1048576K
}
Event: 1.322 GC heap before
{Heap before GC invocations=7 (full 1):
 PSYoungGen      total 49152K, used 47174K [0x00000000d6100000, 0x00000000dbf00000, 0x0000000100000000)
  eden space 44032K, 99% used [0x00000000d6100000,0x00000000d8bf9a40,0x00000000d8c00000)
  from space 5120K, 61% used [0x00000000d8c00000,0x00000000d8f17de0,0x00000000d9100000)
  to   space 9728K, 0% used [0x00000000db580000,0x00000000db580000,0x00000000dbf00000)
 ParOldGen       total 66048K, used 12347K [0x0000000082200000, 0x0000000086280000, 0x00000000d6100000)
  object space 66048K, 18% used [0x0000000082200000,0x0000000082e0ec88,0x0000000086280000)
 Metaspace       used 22664K, capacity 23826K, committed 24064K, reserved 1069056K
  class space    used 3251K, capacity 3487K, committed 3584K, reserved 1048576K
Event: 1.325 GC heap after
Heap after GC invocations=7 (full 1):
 PSYoungGen      total 86528K, used 3204K [0x00000000d6100000, 0x00000000dc100000, 0x0000000100000000)
  eden space 76800K, 0% used [0x00000000d6100000,0x00000000d6100000,0x00000000dac00000)
  from space 9728K, 32% used [0x00000000db580000,0x00000000db8a1348,0x00000000dbf00000)
  to   space 9728K, 0% used [0x00000000dac00000,0x00000000dac00000,0x00000000db580000)
 ParOldGen       total 66048K, used 12347K [0x0000000082200000, 0x0000000086280000, 0x00000000d6100000)
  object space 66048K, 18% used [0x0000000082200000,0x0000000082e0ec88,0x0000000086280000)
 Metaspace       used 22664K, capacity 23826K, committed 24064K, reserved 1069056K
  class space    used 3251K, capacity 3487K, committed 3584K, reserved 1048576K
}
Event: 1.344 GC heap before
{Heap before GC invocations=8 (full 1):
 PSYoungGen      total 86528K, used 79832K [0x00000000d6100000, 0x00000000dc100000, 0x0000000100000000)
  eden space 76800K, 99% used [0x00000000d6100000,0x00000000dabd5058,0x00000000dac00000)
  from space 9728K, 32% used [0x00000000db580000,0x00000000db8a1348,0x00000000dbf00000)
  to   space 9728K, 0% used [0x00000000dac00000,0x00000000dac00000,0x00000000db580000)
 ParOldGen       total 66048K, used 12347K [0x0000000082200000, 0x0000000086280000, 0x00000000d6100000)
  object space 66048K, 18% used [0x0000000082200000,0x0000000082e0ec88,0x0000000086280000)
 Metaspace       used 22664K, capacity 23826K, committed 24064K, reserved 1069056K
  class space    used 3251K, capacity 3487K, committed 3584K, reserved 1048576K
Event: 1.346 GC heap after
Heap after GC invocations=8 (full 1):
 PSYoungGen      total 86528K, used 3225K [0x00000000d6100000, 0x00000000df900000, 0x0000000100000000)
  eden space 76800K, 0% used [0x00000000d6100000,0x00000000d6100000,0x00000000dac00000)
  from space 9728K, 33% used [0x00000000dac00000,0x00000000daf26630,0x00000000db580000)
  to   space 9728K, 0% used [0x00000000def80000,0x00000000def80000,0x00000000df900000)
 ParOldGen       total 66048K, used 12347K [0x0000000082200000, 0x0000000086280000, 0x00000000d6100000)
  object space 66048K, 18% used [0x0000000082200000,0x0000000082e0ec88,0x0000000086280000)
 Metaspace       used 22664K, capacity 23826K, committed 24064K, reserved 1069056K
  class space    used 3251K, capacity 3487K, committed 3584K, reserved 1048576K
}
Event: 1.970 GC heap before
{Heap before GC invocations=9 (full 1):
 PSYoungGen      total 86528K, used 80014K [0x00000000d6100000, 0x00000000df900000, 0x0000000100000000)
  eden space 76800K, 99% used [0x00000000d6100000,0x00000000dabfd4a8,0x00000000dac00000)
  from space 9728K, 33% used [0x00000000dac00000,0x00000000daf26630,0x00000000db580000)
  to   space 9728K, 0% used [0x00000000def80000,0x00000000def80000,0x00000000df900000)
 ParOldGen       total 66048K, used 12347K [0x0000000082200000, 0x0000000086280000, 0x00000000d6100000)
  object space 66048K, 18% used [0x0000000082200000,0x0000000082e0ec88,0x0000000086280000)
 Metaspace       used 23586K, capacity 24812K, committed 24960K, reserved 1071104K
  class space    used 3340K, capacity 3596K, committed 3712K, reserved 1048576K
Event: 1.974 GC heap after
Heap after GC invocations=9 (full 1):
 PSYoungGen      total 136704K, used 3386K [0x00000000d6100000, 0x00000000df400000, 0x0000000100000000)
  eden space 132096K, 0% used [0x00000000d6100000,0x00000000d6100000,0x00000000de200000)
  from space 4608K, 73% used [0x00000000def80000,0x00000000df2ce9e0,0x00000000df400000)
  to   space 9216K, 0% used [0x00000000de200000,0x00000000de200000,0x00000000deb00000)
 ParOldGen       total 66048K, used 15216K [0x0000000082200000, 0x0000000086280000, 0x00000000d6100000)
  object space 66048K, 23% used [0x0000000082200000,0x00000000830dc200,0x0000000086280000)
 Metaspace       used 23586K, capacity 24812K, committed 24960K, reserved 1071104K
  class space    used 3340K, capacity 3596K, committed 3712K, reserved 1048576K
}
Event: 319.280 GC heap before
{Heap before GC invocations=10 (full 1):
 PSYoungGen      total 136704K, used 135389K [0x00000000d6100000, 0x00000000df400000, 0x0000000100000000)
  eden space 132096K, 99% used [0x00000000d6100000,0x00000000de1e8d88,0x00000000de200000)
  from space 4608K, 73% used [0x00000000def80000,0x00000000df2ce9e0,0x00000000df400000)
  to   space 9216K, 0% used [0x00000000de200000,0x00000000de200000,0x00000000deb00000)
 ParOldGen       total 66048K, used 15216K [0x0000000082200000, 0x0000000086280000, 0x00000000d6100000)
  object space 66048K, 23% used [0x0000000082200000,0x00000000830dc200,0x0000000086280000)
 Metaspace       used 24629K, capacity 25854K, committed 25984K, reserved 1071104K
  class space    used 3376K, capacity 3649K, committed 3712K, reserved 1048576K
Event: 319.287 GC heap after
Heap after GC invocations=10 (full 1):
 PSYoungGen      total 141312K, used 9202K [0x00000000d6100000, 0x00000000df400000, 0x0000000100000000)
  eden space 132096K, 0% used [0x00000000d6100000,0x00000000d6100000,0x00000000de200000)
  from space 9216K, 99% used [0x00000000de200000,0x00000000deafca40,0x00000000deb00000)
  to   space 4608K, 0% used [0x00000000def80000,0x00000000def80000,0x00000000df400000)
 ParOldGen       total 66048K, used 19385K [0x0000000082200000, 0x0000000086280000, 0x00000000d6100000)
  object space 66048K, 29% used [0x0000000082200000,0x00000000834ee7d8,0x0000000086280000)
 Metaspace       used 24629K, capacity 25854K, committed 25984K, reserved 1071104K
  class space    used 3376K, capacity 3649K, committed 3712K, reserved 1048576K
}

Deoptimization events (10 events):
Event: 318.316 Thread 0x0000000019a88000 Uncommon trap: reason=unstable_if action=reinterpret pc=0x00000000039cf124 method=java.util.concurrent.locks.ReentrantLock$Sync.isHeldExclusively()Z @ 7
Event: 318.327 Thread 0x0000000019a88000 Uncommon trap: reason=unstable_if action=reinterpret pc=0x000000000309a6bc method=javafx.scene.Scene.isDirtyEmpty()Z @ 4
Event: 318.961 Thread 0x0000000019a88000 Uncommon trap: reason=unstable_if action=reinterpret pc=0x00000000039d9780 method=com.sun.scenario.animation.AbstractMasterTimer.timePulseImpl(J)V @ 50
Event: 319.148 Thread 0x0000000019a88000 Uncommon trap: reason=unstable_if action=reinterpret pc=0x00000000030a4380 method=java.lang.AbstractStringBuilder.append(Ljava/lang/String;)Ljava/lang/AbstractStringBuilder; @ 1
Event: 319.321 Thread 0x0000000019a88000 Uncommon trap: reason=unstable_if action=reinterpret pc=0x0000000003250dd0 method=java.util.concurrent.locks.AbstractQueuedSynchronizer.enq(Ljava/util/concurrent/locks/AbstractQueuedSynchronizer$Node;)Ljava/util/concurrent/locks/AbstractQueuedSynchronizer
Event: 321.373 Thread 0x0000000019a88000 Uncommon trap: reason=unstable_if action=reinterpret pc=0x000000000349fa94 method=com.sun.javafx.css.SimpleSelector.stateMatches(Ljavafx/css/Styleable;Ljava/util/Set;)Z @ 1
Event: 322.076 Thread 0x0000000019a88000 Uncommon trap: reason=unstable_if action=reinterpret pc=0x0000000002fe56d4 method=javafx.scene.Node.updateBounds()V @ 116
Event: 322.076 Thread 0x0000000019a88000 Uncommon trap: reason=unstable_if action=reinterpret pc=0x0000000002fe56d4 method=javafx.scene.Node.updateBounds()V @ 116
Event: 322.076 Thread 0x0000000019a88000 Uncommon trap: reason=unstable_if action=reinterpret pc=0x0000000002fe56d4 method=javafx.scene.Node.updateBounds()V @ 116
Event: 322.076 Thread 0x00000000196c3000 Uncommon trap: reason=unstable_if action=reinterpret pc=0x000000000389e530 method=java.lang.StrictMath.floorOrCeil(DDDD)D @ 115

Classes redefined (0 events):
No events

Internal exceptions (10 events):
Event: 0.622 Thread 0x0000000019a88000 Implicit null exception at 0x0000000003138e16 to 0x00000000031391a9
Event: 0.659 Thread 0x0000000019a88000 Exception <a 'java/io/FileNotFoundException'> (0x00000000d7cba448) thrown at [C:\re\workspace\8-2-build-windows-amd64-cygwin\jdk8u181\11358\hotspot\src\share\vm\prims\jni.cpp, line 709]
Event: 0.799 Thread 0x0000000019a88000 Implicit null exception at 0x00000000031499f5 to 0x0000000003149c11
Event: 0.799 Thread 0x0000000019a88000 Implicit null exception at 0x0000000003227798 to 0x0000000003227826
Event: 1.035 Thread 0x0000000019a88000 Exception <a 'java/io/FileNotFoundException'> (0x00000000d6355038) thrown at [C:\re\workspace\8-2-build-windows-amd64-cygwin\jdk8u181\11358\hotspot\src\share\vm\prims\jni.cpp, line 709]
Event: 1.035 Thread 0x0000000019a88000 Exception <a 'java/io/FileNotFoundException'> (0x00000000d63563d8) thrown at [C:\re\workspace\8-2-build-windows-amd64-cygwin\jdk8u181\11358\hotspot\src\share\vm\prims\jni.cpp, line 709]
Event: 1.036 Thread 0x0000000019a88000 Exception <a 'java/io/FileNotFoundException'> (0x00000000d649e570) thrown at [C:\re\workspace\8-2-build-windows-amd64-cygwin\jdk8u181\11358\hotspot\src\share\vm\prims\jni.cpp, line 709]
Event: 1.036 Thread 0x0000000019a88000 Exception <a 'java/io/FileNotFoundException'> (0x00000000d649f870) thrown at [C:\re\workspace\8-2-build-windows-amd64-cygwin\jdk8u181\11358\hotspot\src\share\vm\prims\jni.cpp, line 709]
Event: 319.148 Thread 0x0000000019a88000 Implicit null exception at 0x00000000030a3fd6 to 0x00000000030a4369
Event: 321.373 Thread 0x0000000019a88000 Implicit null exception at 0x000000000349f2fe to 0x000000000349fa69

Events (10 events):
Event: 322.076 Thread 0x0000000019a88000 DEOPT UNPACKING pc=0x0000000002ed583b sp=0x000000001a75dcc0 mode 2
Event: 322.076 Thread 0x0000000019a88000 Uncommon trap: trap_request=0xffffff65 fr.pc=0x0000000002fe56d4
Event: 322.076 Thread 0x0000000019a88000 DEOPT PACKING pc=0x0000000002fe56d4 sp=0x000000001a75ddc0
Event: 322.076 Thread 0x0000000019a88000 DEOPT UNPACKING pc=0x0000000002ed583b sp=0x000000001a75dd10 mode 2
Event: 322.076 Thread 0x0000000019a88000 Uncommon trap: trap_request=0xffffff65 fr.pc=0x0000000002fe56d4
Event: 322.076 Thread 0x0000000019a88000 DEOPT PACKING pc=0x0000000002fe56d4 sp=0x000000001a75de10
Event: 322.076 Thread 0x0000000019a88000 DEOPT UNPACKING pc=0x0000000002ed583b sp=0x000000001a75dd60 mode 2
Event: 322.076 Thread 0x00000000196c3000 Uncommon trap: trap_request=0xffffff65 fr.pc=0x000000000389e530
Event: 322.076 Thread 0x00000000196c3000 DEOPT PACKING pc=0x000000000389e530 sp=0x000000001a34edc0
Event: 322.076 Thread 0x00000000196c3000 DEOPT UNPACKING pc=0x0000000002ed583b sp=0x000000001a34ecf0 mode 2


Dynamic libraries:
0x00007ff7e6a30000 - 0x00007ff7e6a67000 	C:\Program Files\Java\jre1.8.0_181\bin\javaw.exe
0x00007ff875fd0000 - 0x00007ff8761ab000 	C:\Windows\SYSTEM32\ntdll.dll
0x00007ff875f20000 - 0x00007ff875fce000 	C:\Windows\System32\KERNEL32.DLL
0x00007ff872650000 - 0x00007ff87289a000 	C:\Windows\System32\KERNELBASE.dll
0x00007ff875050000 - 0x00007ff8750f1000 	C:\Windows\System32\ADVAPI32.dll
0x00007ff875830000 - 0x00007ff8758cd000 	C:\Windows\System32\msvcrt.dll
0x00007ff874c90000 - 0x00007ff874ce9000 	C:\Windows\System32\sechost.dll
0x00007ff875700000 - 0x00007ff875825000 	C:\Windows\System32\RPCRT4.dll
0x00007ff874f00000 - 0x00007ff87504a000 	C:\Windows\System32\USER32.dll
0x00007ff8728a0000 - 0x00007ff8728be000 	C:\Windows\System32\win32u.dll
0x00007ff8756c0000 - 0x00007ff8756e7000 	C:\Windows\System32\GDI32.dll
0x00007ff873010000 - 0x00007ff873198000 	C:\Windows\System32\gdi32full.dll
0x00007ff8731a0000 - 0x00007ff87323a000 	C:\Windows\System32\msvcp_win.dll
0x00007ff872550000 - 0x00007ff872646000 	C:\Windows\System32\ucrtbase.dll
0x00007ff86a050000 - 0x00007ff86a2b7000 	C:\Windows\WinSxS\amd64_microsoft.windows.common-controls_6595b64144ccf1df_6.0.15063.1155_none_40c7922129a7722b\COMCTL32.dll
0x00007ff874990000 - 0x00007ff874c89000 	C:\Windows\System32\combase.dll
0x00007ff8732f0000 - 0x00007ff87335a000 	C:\Windows\System32\bcryptPrimitives.dll
0x00007ff874da0000 - 0x00007ff874dcd000 	C:\Windows\System32\IMM32.DLL
0x00007ff856d50000 - 0x00007ff856dff000 	C:\Program Files\McAfee\Endpoint Security\Threat Prevention\Ips\EpMPApi.dll
0x00007ff8724f0000 - 0x00007ff872547000 	C:\Windows\System32\WINTRUST.dll
0x00007ff872460000 - 0x00007ff872471000 	C:\Windows\System32\MSASN1.dll
0x00007ff873360000 - 0x00007ff873529000 	C:\Windows\System32\CRYPT32.dll
0x000000005b320000 - 0x000000005b32c000 	C:\Program Files\McAfee\Endpoint Security\Threat Prevention\Ips\EpMPThe.dll
0x0000000059b80000 - 0x0000000059c52000 	C:\Program Files\Java\jre1.8.0_181\bin\msvcr100.dll
0x000000005a830000 - 0x000000005b0d2000 	C:\Program Files\Java\jre1.8.0_181\bin\server\jvm.dll
0x00007ff874980000 - 0x00007ff874988000 	C:\Windows\System32\PSAPI.DLL
0x00007ff870720000 - 0x00007ff870743000 	C:\Windows\SYSTEM32\WINMM.dll
0x00007ff85df00000 - 0x00007ff85df09000 	C:\Windows\SYSTEM32\WSOCK32.dll
0x00007ff875a10000 - 0x00007ff875a7c000 	C:\Windows\System32\WS2_32.dll
0x00007ff863430000 - 0x00007ff86343a000 	C:\Windows\SYSTEM32\VERSION.dll
0x00007ff8706f0000 - 0x00007ff87071b000 	C:\Windows\SYSTEM32\winmmbase.dll
0x00007ff8728c0000 - 0x00007ff872909000 	C:\Windows\System32\cfgmgr32.dll
0x000000005a820000 - 0x000000005a82f000 	C:\Program Files\Java\jre1.8.0_181\bin\verify.dll
0x000000005a7f0000 - 0x000000005a819000 	C:\Program Files\Java\jre1.8.0_181\bin\java.dll
0x000000005a7d0000 - 0x000000005a7e6000 	C:\Program Files\Java\jre1.8.0_181\bin\zip.dll
0x00007ff873530000 - 0x00007ff874968000 	C:\Windows\System32\SHELL32.dll
0x00007ff874cf0000 - 0x00007ff874d9a000 	C:\Windows\System32\shcore.dll
0x00007ff872910000 - 0x00007ff873001000 	C:\Windows\System32\windows.storage.dll
0x00007ff8753f0000 - 0x00007ff875441000 	C:\Windows\System32\shlwapi.dll
0x00007ff872480000 - 0x00007ff872491000 	C:\Windows\System32\kernel.appcore.dll
0x00007ff8724a0000 - 0x00007ff8724ec000 	C:\Windows\System32\powrprof.dll
0x00007ff872440000 - 0x00007ff872455000 	C:\Windows\System32\profapi.dll
0x00000000013b0000 - 0x00000000013b3000 	C:\Program Files\Java\jre1.8.0_181\bin\api-ms-win-core-console-l1-1-0.dll
0x00000000013c0000 - 0x00000000013c3000 	C:\Program Files\Java\jre1.8.0_181\bin\api-ms-win-core-datetime-l1-1-0.dll
0x00000000013d0000 - 0x00000000013d3000 	C:\Program Files\Java\jre1.8.0_181\bin\api-ms-win-core-debug-l1-1-0.dll
0x00000000013e0000 - 0x00000000013e3000 	C:\Program Files\Java\jre1.8.0_181\bin\api-ms-win-core-errorhandling-l1-1-0.dll
0x00000000013f0000 - 0x00000000013f4000 	C:\Program Files\Java\jre1.8.0_181\bin\api-ms-win-core-file-l1-1-0.dll
0x0000000001400000 - 0x0000000001403000 	C:\Program Files\Java\jre1.8.0_181\bin\api-ms-win-core-file-l1-2-0.dll
0x0000000001410000 - 0x0000000001413000 	C:\Program Files\Java\jre1.8.0_181\bin\api-ms-win-core-file-l2-1-0.dll
0x0000000001420000 - 0x0000000001423000 	C:\Program Files\Java\jre1.8.0_181\bin\api-ms-win-core-handle-l1-1-0.dll
0x0000000001430000 - 0x0000000001433000 	C:\Program Files\Java\jre1.8.0_181\bin\api-ms-win-core-heap-l1-1-0.dll
0x0000000001440000 - 0x0000000001443000 	C:\Program Files\Java\jre1.8.0_181\bin\api-ms-win-core-interlocked-l1-1-0.dll
0x0000000001450000 - 0x0000000001453000 	C:\Program Files\Java\jre1.8.0_181\bin\api-ms-win-core-libraryloader-l1-1-0.dll
0x0000000001470000 - 0x0000000001473000 	C:\Program Files\Java\jre1.8.0_181\bin\api-ms-win-core-localization-l1-2-0.dll
0x0000000002d30000 - 0x0000000002d33000 	C:\Program Files\Java\jre1.8.0_181\bin\api-ms-win-core-memory-l1-1-0.dll
0x0000000002d40000 - 0x0000000002d43000 	C:\Program Files\Java\jre1.8.0_181\bin\api-ms-win-core-namedpipe-l1-1-0.dll
0x0000000002d60000 - 0x0000000002d63000 	C:\Program Files\Java\jre1.8.0_181\bin\api-ms-win-core-processenvironment-l1-1-0.dll
0x0000000002d70000 - 0x0000000002d73000 	C:\Program Files\Java\jre1.8.0_181\bin\api-ms-win-core-processthreads-l1-1-0.dll
0x00000000198d0000 - 0x00000000198d3000 	C:\Program Files\Java\jre1.8.0_181\bin\api-ms-win-core-processthreads-l1-1-1.dll
0x00000000198e0000 - 0x00000000198e3000 	C:\Program Files\Java\jre1.8.0_181\bin\api-ms-win-core-profile-l1-1-0.dll
0x00000000198f0000 - 0x00000000198f3000 	C:\Program Files\Java\jre1.8.0_181\bin\api-ms-win-core-rtlsupport-l1-1-0.dll
0x0000000019900000 - 0x0000000019903000 	C:\Program Files\Java\jre1.8.0_181\bin\api-ms-win-core-string-l1-1-0.dll
0x0000000019910000 - 0x0000000019913000 	C:\Program Files\Java\jre1.8.0_181\bin\api-ms-win-core-synch-l1-1-0.dll
0x0000000019920000 - 0x0000000019923000 	C:\Program Files\Java\jre1.8.0_181\bin\api-ms-win-core-synch-l1-2-0.dll
0x0000000019930000 - 0x0000000019933000 	C:\Program Files\Java\jre1.8.0_181\bin\api-ms-win-core-sysinfo-l1-1-0.dll
0x0000000019940000 - 0x0000000019943000 	C:\Program Files\Java\jre1.8.0_181\bin\api-ms-win-core-timezone-l1-1-0.dll
0x0000000019950000 - 0x0000000019953000 	C:\Program Files\Java\jre1.8.0_181\bin\api-ms-win-core-util-l1-1-0.dll
0x0000000019960000 - 0x0000000019963000 	C:\Program Files\Java\jre1.8.0_181\bin\api-ms-win-crt-conio-l1-1-0.dll
0x0000000019970000 - 0x0000000019974000 	C:\Program Files\Java\jre1.8.0_181\bin\api-ms-win-crt-convert-l1-1-0.dll
0x0000000019980000 - 0x0000000019983000 	C:\Program Files\Java\jre1.8.0_181\bin\api-ms-win-crt-environment-l1-1-0.dll
0x0000000019990000 - 0x0000000019993000 	C:\Program Files\Java\jre1.8.0_181\bin\api-ms-win-crt-filesystem-l1-1-0.dll
0x00000000199a0000 - 0x00000000199a3000 	C:\Program Files\Java\jre1.8.0_181\bin\api-ms-win-crt-heap-l1-1-0.dll
0x00000000199b0000 - 0x00000000199b3000 	C:\Program Files\Java\jre1.8.0_181\bin\api-ms-win-crt-locale-l1-1-0.dll
0x00000000199c0000 - 0x00000000199c5000 	C:\Program Files\Java\jre1.8.0_181\bin\api-ms-win-crt-math-l1-1-0.dll
0x00000000199d0000 - 0x00000000199d5000 	C:\Program Files\Java\jre1.8.0_181\bin\api-ms-win-crt-multibyte-l1-1-0.dll
0x00000000199e0000 - 0x00000000199f0000 	C:\Program Files\Java\jre1.8.0_181\bin\api-ms-win-crt-private-l1-1-0.dll
0x00000000199f0000 - 0x00000000199f3000 	C:\Program Files\Java\jre1.8.0_181\bin\api-ms-win-crt-process-l1-1-0.dll
0x0000000019a00000 - 0x0000000019a04000 	C:\Program Files\Java\jre1.8.0_181\bin\api-ms-win-crt-runtime-l1-1-0.dll
0x0000000019a10000 - 0x0000000019a14000 	C:\Program Files\Java\jre1.8.0_181\bin\api-ms-win-crt-stdio-l1-1-0.dll
0x0000000019a20000 - 0x0000000019a24000 	C:\Program Files\Java\jre1.8.0_181\bin\api-ms-win-crt-string-l1-1-0.dll
0x0000000019a30000 - 0x0000000019a33000 	C:\Program Files\Java\jre1.8.0_181\bin\api-ms-win-crt-time-l1-1-0.dll
0x0000000019a40000 - 0x0000000019a43000 	C:\Program Files\Java\jre1.8.0_181\bin\api-ms-win-crt-utility-l1-1-0.dll
0x00007ff8638d0000 - 0x00007ff8639c6000 	C:\Program Files\Java\jre1.8.0_181\bin\ucrtbase.dll
0x00007ff86b210000 - 0x00007ff86b226000 	C:\Program Files\Java\jre1.8.0_181\bin\vcruntime140.dll
0x00007ff8699a0000 - 0x00007ff869a3c000 	C:\Program Files\Java\jre1.8.0_181\bin\msvcp140.dll
0x00007ff86a5c0000 - 0x00007ff86a611000 	C:\Program Files\Java\jre1.8.0_181\bin\concrt140.dll
0x0000000059b50000 - 0x0000000059b73000 	C:\Program Files\Java\jre1.8.0_181\bin\prism_d3d.dll
0x00007ff8291a0000 - 0x00007ff829329000 	C:\Windows\system32\d3d9.dll
0x00007ff870690000 - 0x00007ff8706ba000 	C:\Windows\SYSTEM32\dwmapi.dll
0x00007ff870940000 - 0x00007ff8709d5000 	C:\Windows\system32\uxtheme.dll
0x00007ff82f780000 - 0x00007ff82f957000 	C:\Windows\System32\DriverStore\FileRepository\ki127171.inf_amd64_368f8c7337214025\igdumdim64.dll
0x00007ff825fa0000 - 0x00007ff828f9d000 	C:\Windows\System32\DriverStore\FileRepository\ki127171.inf_amd64_368f8c7337214025\igd9dxva64.dll
0x00007ff875100000 - 0x00007ff875245000 	C:\Windows\System32\ole32.dll
0x00007ff875950000 - 0x00007ff875a10000 	C:\Windows\System32\OLEAUT32.dll
0x0000000059b00000 - 0x0000000059b49000 	C:\Program Files\Java\jre1.8.0_181\bin\glass.dll
0x00007ff874df0000 - 0x00007ff874ef8000 	C:\Windows\System32\COMDLG32.dll
0x00007ff8754f0000 - 0x00007ff875656000 	C:\Windows\System32\MSCTF.dll
0x00007ff8666f0000 - 0x00007ff868485000 	C:\Windows\System32\DriverStore\FileRepository\ki127171.inf_amd64_368f8c7337214025\igc64.dll
0x0000000059ae0000 - 0x0000000059af4000 	C:\Program Files\Java\jre1.8.0_181\bin\javafx_font.dll
0x00007ff846d50000 - 0x00007ff84700f000 	C:\Windows\SYSTEM32\dwrite.dll
0x00000000569c0000 - 0x0000000059add000 	C:\Program Files\Java\jre1.8.0_181\bin\jfxwebkit.dll
0x00007ff871e90000 - 0x00007ff871ea7000 	C:\Windows\SYSTEM32\CRYPTSP.dll
0x00007ff8715d0000 - 0x00007ff871604000 	C:\Windows\system32\rsaenh.dll
0x00007ff872000000 - 0x00007ff872025000 	C:\Windows\SYSTEM32\bcrypt.dll
0x00007ff872340000 - 0x00007ff872369000 	C:\Windows\SYSTEM32\USERENV.dll
0x00007ff871eb0000 - 0x00007ff871ebb000 	C:\Windows\SYSTEM32\CRYPTBASE.dll
0x000000005a7b0000 - 0x000000005a7ca000 	C:\Program Files\Java\jre1.8.0_181\bin\net.dll
0x00007ff871cf0000 - 0x00007ff871d4c000 	C:\Windows\system32\mswsock.dll
0x00007ff871a90000 - 0x00007ff871ac7000 	C:\Windows\SYSTEM32\IPHLPAPI.DLL
0x00007ff8756f0000 - 0x00007ff8756f8000 	C:\Windows\System32\NSI.dll
0x00007ff86a500000 - 0x00007ff86a516000 	C:\Windows\SYSTEM32\dhcpcsvc6.DLL
0x00007ff86a4e0000 - 0x00007ff86a4fa000 	C:\Windows\SYSTEM32\dhcpcsvc.DLL
0x000000005a790000 - 0x000000005a7a1000 	C:\Program Files\Java\jre1.8.0_181\bin\nio.dll
0x000000005a760000 - 0x000000005a784000 	C:\Program Files\Java\jre1.8.0_181\bin\sunec.dll
0x00007ff875450000 - 0x00007ff8754ee000 	C:\Windows\System32\clbcatq.dll
0x00007ff86d060000 - 0x00007ff86d20c000 	C:\Windows\SYSTEM32\WindowsCodecs.dll
0x00007ff86a320000 - 0x00007ff86a367000 	C:\Windows\system32\dataexchange.dll
0x00007ff86f130000 - 0x00007ff86f40f000 	C:\Windows\system32\d3d11.dll
0x00007ff86fb00000 - 0x00007ff86fc23000 	C:\Windows\system32\dcomp.dll
0x00007ff871110000 - 0x00007ff8711b4000 	C:\Windows\system32\dxgi.dll
0x00007ff870bf0000 - 0x00007ff870d60000 	C:\Windows\system32\twinapi.appcore.dll
0x00007ff86a760000 - 0x00007ff86a791000 	C:\Program Files\Common Files\Microsoft Shared\Ink\rtscom.dll
0x00007ff86c2a0000 - 0x00007ff86c321000 	C:\Windows\System32\TextInputFramework.dll
0x00007ff86f9c0000 - 0x00007ff86faa4000 	C:\Windows\System32\CoreMessaging.dll
0x00007ff86c930000 - 0x00007ff86cc03000 	C:\Windows\System32\CoreUIComponents.dll
0x00007ff871270000 - 0x00007ff8712a1000 	C:\Windows\SYSTEM32\ntmarta.dll
0x00007ff86dfe0000 - 0x00007ff86e119000 	C:\Windows\SYSTEM32\wintypes.dll
0x00007ff870310000 - 0x00007ff870325000 	C:\Windows\SYSTEM32\usermgrcli.dll

VM Arguments:
jvm_args: -Dfile.encoding=Cp1252 
java_command: com.srh.adasa.Main
java_class_path (initial): C:\Program Files\Java\jre1.8.0_181\lib\resources.jar;C:\Program Files\Java\jre1.8.0_181\lib\rt.jar;C:\Program Files\Java\jre1.8.0_181\lib\jsse.jar;C:\Program Files\Java\jre1.8.0_181\lib\jce.jar;C:\Program Files\Java\jre1.8.0_181\lib\charsets.jar;C:\Program Files\Java\jre1.8.0_181\lib\jfr.jar;C:\Program Files\Java\jre1.8.0_181\lib\ext\access-bridge-64.jar;C:\Program Files\Java\jre1.8.0_181\lib\ext\cldrdata.jar;C:\Program Files\Java\jre1.8.0_181\lib\ext\dnsns.jar;C:\Program Files\Java\jre1.8.0_181\lib\ext\jaccess.jar;C:\Program Files\Java\jre1.8.0_181\lib\ext\jfxrt.jar;C:\Program Files\Java\jre1.8.0_181\lib\ext\localedata.jar;C:\Program Files\Java\jre1.8.0_181\lib\ext\nashorn.jar;C:\Program Files\Java\jre1.8.0_181\lib\ext\sunec.jar;C:\Program Files\Java\jre1.8.0_181\lib\ext\sunjce_provider.jar;C:\Program Files\Java\jre1.8.0_181\lib\ext\sunmscapi.jar;C:\Program Files\Java\jre1.8.0_181\lib\ext\sunpkcs11.jar;C:\Program Files\Java\jre1.8.0_181\lib\ext\zipfs.jar;C:\Users\fabricio.barrozo\eclipse-workspace\com.srh.adasa\target\classes;C:\Users\fabricio.barrozo\.m2\repository\de\jensd\fontawesomefx\8.9\fontawesomefx-8.9.jar
Launcher Type: SUN_STANDARD

Environment Variables:
PATH=C:/Program Files/Java/jre1.8.0_181/bin/server;C:/Program Files/Java/jre1.8.0_181/bin;C:/Program Files/Java/jre1.8.0_181/lib/amd64;C:\Program Files (x86)\Common Files\Oracle\Java\javapath;C:\ProgramData\Oracle\Java\javapath;C:\Program Files (x86)\Intel\iCLS Client\;C:\Program Files\Intel\iCLS Client\;C:\Windows\system32;C:\Windows;C:\Windows\System32\Wbem;C:\Windows\System32\WindowsPowerShell\v1.0\;C:\Program Files (x86)\Intel\Intel(R) Management Engine Components\DAL;C:\Program Files\Intel\Intel(R) Management Engine Components\DAL;C:\Program Files (x86)\Intel\Intel(R) Management Engine Components\IPT;C:\Program Files\Intel\Intel(R) Management Engine Components\IPT;C:\Program Files\Intel\WiFi\bin\;C:\Program Files\Common Files\Intel\WirelessCommon\;c:\Program Files\Microsoft SQL Server\110\Tools\Binn\;c:\Program Files (x86)\Microsoft SQL Server\110\Tools\Binn\ManagementStudio\;c:\Program Files (x86)\Microsoft SQL Server\110\Tools\Binn\;c:\Program Files (x86)\Microsoft SQL Server\110\DTS\Binn\;C:\Users\fabricio.barrozo\AppData\Local\Microsoft\WindowsApps;;C:\Windows\system32;
USERNAME=fabricio.barrozo
OS=Windows_NT
PROCESSOR_IDENTIFIER=Intel64 Family 6 Model 94 Stepping 3, GenuineIntel



---------------  S Y S T E M  ---------------

OS: Windows 10.0 , 64 bit Build 15063 (10.0.15063.1058)

CPU:total 4 (initial active 4) (4 cores per cpu, 1 threads per core) family 6 model 94 stepping 3, cmov, cx8, fxsr, mmx, sse, sse2, sse3, ssse3, sse4.1, sse4.2, popcnt, avx, avx2, aes, clmul, erms, rtm, 3dnowpref, lzcnt, tsc, tscinvbit, bmi1, bmi2, adx

Memory: 4k page, physical 8249056k(2197568k free), swap 10196704k(5120k free)

vm_info: Java HotSpot(TM) 64-Bit Server VM (25.181-b13) for windows-amd64 JRE (1.8.0_181-b13), built on Jul  7 2018 04:01:33 by "java_re" with MS VC++ 10.0 (VS2010)

time: Wed Oct 17 16:40:10 2018
elapsed time: 322 seconds (0d 0h 5m 22s)

