#
# There is insufficient memory for the Java Runtime Environment to continue.
# Native memory allocation (malloc) failed to allocate 32744 bytes for ChunkPool::allocate
# Possible reasons:
#   The system is out of physical RAM or swap space
#   In 32 bit mode, the process size limit was hit
# Possible solutions:
#   Reduce memory load on the system
#   Increase physical memory or swap space
#   Check if swap backing store is full
#   Use 64 bit Java on a 64 bit OS
#   Decrease Java heap size (-Xmx/-Xms)
#   Decrease number of Java threads
#   Decrease Java thread stack sizes (-Xss)
#   Set larger code cache with -XX:ReservedCodeCacheSize=
# This output file may be truncated or incomplete.
#
#  Out of Memory Error (allocation.cpp:273), pid=10324, tid=0x00000000000006b0
#
# JRE version: Java(TM) SE Runtime Environment (8.0_191-b12) (build 1.8.0_191-b12)
# Java VM: Java HotSpot(TM) 64-Bit Server VM (25.191-b12 mixed mode windows-amd64 compressed oops)
# Failed to write core dump. Minidumps are not enabled by default on client versions of Windows
#

---------------  T H R E A D  ---------------

Current thread (0x0000000017966800):  JavaThread "C1 CompilerThread2" daemon [_thread_in_native, id=1712, stack(0x00000000191b0000,0x00000000192b0000)]

Stack: [0x00000000191b0000,0x00000000192b0000]
[error occurred during error reporting (printing stack bounds), id 0xc0000005]

Native frames: (J=compiled Java code, j=interpreted, Vv=VM code, C=native code)


Current CompileTask:
C1: 106165 6162       3       com.sun.javafx.geom.transform.Affine2D::setTransform (544 bytes)


---------------  P R O C E S S  ---------------

Java Threads: ( => current thread )
  0x00000000226ab800 JavaThread "C3P0PooledConnectionPoolManager[identityToken->1bqoq4i9zo0cawfhk6jtm|5869613c]-HelperThread-#2" daemon [_thread_blocked, id=13000, stack(0x00000000760f0000,0x00000000761f0000)]
  0x00000000226aa000 JavaThread "C3P0PooledConnectionPoolManager[identityToken->1bqoq4i9zo0cawfhk6jtm|5869613c]-HelperThread-#1" daemon [_thread_blocked, id=8592, stack(0x0000000075ff0000,0x00000000760f0000)]
  0x00000000226aa800 JavaThread "C3P0PooledConnectionPoolManager[identityToken->1bqoq4i9zo0cawfhk6jtm|5869613c]-HelperThread-#0" daemon [_thread_blocked, id=13720, stack(0x0000000075ef0000,0x0000000075ff0000)]
  0x00000000226a9000 JavaThread "C3P0PooledConnectionPoolManager[identityToken->1bqoq4i9zo0cawfhk6jtm|5869613c]-AdminTaskTimer" daemon [_thread_blocked, id=8312, stack(0x0000000075df0000,0x0000000075ef0000)]
  0x00000000226a8800 JavaThread "Abandoned connection cleanup thread" daemon [_thread_blocked, id=12992, stack(0x0000000075af0000,0x0000000075bf0000)]
  0x000000001a165000 JavaThread "Disposer" daemon [_thread_blocked, id=1424, stack(0x0000000064580000,0x0000000064680000)]
  0x000000001a07a800 JavaThread "Prism Font Disposer" daemon [_thread_blocked, id=8380, stack(0x0000000063c80000,0x0000000063d80000)]
  0x0000000019ba1000 JavaThread "Thread-3" daemon [_thread_in_native, id=1780, stack(0x0000000021110000,0x0000000021210000)]
  0x000000001969b800 JavaThread "JavaFX-Launcher" [_thread_blocked, id=7040, stack(0x0000000021210000,0x0000000021310000)]
  0x0000000019685000 JavaThread "JavaFX Application Thread" [_thread_in_native, id=8704, stack(0x000000001a840000,0x000000001a940000)]
  0x0000000019684000 JavaThread "Thread-1" daemon [_thread_blocked, id=11320, stack(0x000000001a740000,0x000000001a840000)]
  0x0000000019659800 JavaThread "QuantumRenderer-0" daemon [_thread_blocked, id=12432, stack(0x000000001a2e0000,0x000000001a3e0000)]
  0x00000000192e0800 JavaThread "Service Thread" daemon [_thread_blocked, id=11156, stack(0x00000000196b0000,0x00000000197b0000)]
=>0x0000000017966800 JavaThread "C1 CompilerThread2" daemon [_thread_in_native, id=1712, stack(0x00000000191b0000,0x00000000192b0000)]
  0x0000000017965800 JavaThread "C2 CompilerThread1" daemon [_thread_blocked, id=2260, stack(0x00000000190b0000,0x00000000191b0000)]
  0x0000000017961800 JavaThread "C2 CompilerThread0" daemon [_thread_blocked, id=10340, stack(0x0000000018fb0000,0x00000000190b0000)]
  0x000000001795f800 JavaThread "Attach Listener" daemon [_thread_blocked, id=6840, stack(0x0000000018eb0000,0x0000000018fb0000)]
  0x000000001795f000 JavaThread "Signal Dispatcher" daemon [_thread_blocked, id=2752, stack(0x0000000018db0000,0x0000000018eb0000)]
  0x000000001794a000 JavaThread "Finalizer" daemon [_thread_blocked, id=2632, stack(0x0000000018bb0000,0x0000000018cb0000)]
  0x0000000002e83800 JavaThread "Reference Handler" daemon [_thread_blocked, id=11728, stack(0x0000000018ab0000,0x0000000018bb0000)]
  0x0000000002d93800 JavaThread "main" [_thread_blocked, id=8928, stack(0x0000000002c00000,0x0000000002d00000)]

Other Threads:
  0x0000000017928800 VMThread [stack: 0x00000000189b0000,0x0000000018ab0000] [id=13836]
  0x0000000019309800 WatcherThread [stack: 0x00000000197b0000,0x00000000198b0000] [id=10192]

VM state:not at safepoint (normal execution)

VM Mutex/Monitor currently owned by a thread: None

Heap:
 PSYoungGen      total 95744K, used 63664K [0x00000000d6100000, 0x00000000dd000000, 0x0000000100000000)
  eden space 84992K, 65% used [0x00000000d6100000,0x00000000d9790f68,0x00000000db400000)
  from space 10752K, 72% used [0x00000000dc580000,0x00000000dcd1b170,0x00000000dd000000)
  to   space 14336K, 0% used [0x00000000db400000,0x00000000db400000,0x00000000dc200000)
 ParOldGen       total 64512K, used 28131K [0x0000000082200000, 0x0000000086100000, 0x00000000d6100000)
  object space 64512K, 43% used [0x0000000082200000,0x0000000083d78ec0,0x0000000086100000)
 Metaspace       used 47660K, capacity 49462K, committed 49664K, reserved 1091584K
  class space    used 6525K, capacity 6866K, committed 6912K, reserved 1048576K

Card table byte_map: [0x0000000012250000,0x0000000012640000] byte_map_base: 0x0000000011e3f000

Marking Bits: (ParMarkBitMap*) 0x000000006fed3e30
 Begin Bits: [0x0000000012ce0000, 0x0000000014c58000)
 End Bits:   [0x0000000014c58000, 0x0000000016bd0000)

Polling page: 0x0000000001400000

CodeCache: size=245760Kb used=17514Kb max_used=17584Kb free=228245Kb
 bounds [0x0000000002e90000, 0x0000000003fe0000, 0x0000000011e90000]
 total_blobs=6404 nmethods=5453 adapters=862
 compilation: enabled

Compilation events (10 events):
Event: 92.691 Thread 0x0000000017961800 nmethod 6157 0x00000000034d7210 code [0x00000000034d7340, 0x00000000034d73d8]
Event: 105.259 Thread 0x0000000017966800 6158       3       com.sun.javafx.PlatformUtil::isMac (4 bytes)
Event: 105.259 Thread 0x0000000017966800 nmethod 6158 0x00000000034d6f10 code [0x00000000034d7060, 0x00000000034d7190]
Event: 105.387 Thread 0x0000000017965800 6159       4       java.lang.ThreadLocal$ThreadLocalMap::access$000 (6 bytes)
Event: 105.390 Thread 0x0000000017965800 nmethod 6159 0x00000000034d6b10 code [0x00000000034d6c60, 0x00000000034d6d48]
Event: 106.027 Thread 0x0000000017961800 6160       4       com.sun.javafx.geom.transform.Translate2D::inverseDeltaTransform (19 bytes)
Event: 106.027 Thread 0x0000000017961800 nmethod 6160 0x0000000003c5ccd0 code [0x0000000003c5ce00, 0x0000000003c5ceb8]
Event: 106.116 Thread 0x0000000017965800 6161       4       java.util.ArrayList::listIterator (10 bytes)
Event: 106.116 Thread 0x0000000017966800 6162       3       com.sun.javafx.geom.transform.Affine2D::setTransform (544 bytes)
Event: 106.117 Thread 0x0000000017965800 nmethod 6161 0x0000000003c5c9d0 code [0x0000000003c5cb20, 0x0000000003c5cc18]

GC Heap History (10 events):
Event: 3.447 GC heap before
{Heap before GC invocations=6 (full 1):
 PSYoungGen      total 48128K, used 48058K [0x00000000d6100000, 0x00000000d9600000, 0x0000000100000000)
  eden space 43008K, 99% used [0x00000000d6100000,0x00000000d8af3a20,0x00000000d8b00000)
  from space 5120K, 99% used [0x00000000d9000000,0x00000000d94faf50,0x00000000d9500000)
  to   space 5120K, 0% used [0x00000000d8b00000,0x00000000d8b00000,0x00000000d9000000)
 ParOldGen       total 64512K, used 18343K [0x0000000082200000, 0x0000000086100000, 0x00000000d6100000)
  object space 64512K, 28% used [0x0000000082200000,0x00000000833e9e50,0x0000000086100000)
 Metaspace       used 26140K, capacity 27792K, committed 28160K, reserved 1073152K
  class space    used 3650K, capacity 3975K, committed 4096K, reserved 1048576K
Event: 3.451 GC heap after
Heap after GC invocations=6 (full 1):
 PSYoungGen      total 48128K, used 5115K [0x00000000d6100000, 0x00000000db080000, 0x0000000100000000)
  eden space 43008K, 0% used [0x00000000d6100000,0x00000000d6100000,0x00000000d8b00000)
  from space 5120K, 99% used [0x00000000d8b00000,0x00000000d8ffef50,0x00000000d9000000)
  to   space 12800K, 0% used [0x00000000da400000,0x00000000da400000,0x00000000db080000)
 ParOldGen       total 64512K, used 21632K [0x0000000082200000, 0x0000000086100000, 0x00000000d6100000)
  object space 64512K, 33% used [0x0000000082200000,0x00000000837201e8,0x0000000086100000)
 Metaspace       used 26140K, capacity 27792K, committed 28160K, reserved 1073152K
  class space    used 3650K, capacity 3975K, committed 4096K, reserved 1048576K
}
Event: 3.919 GC heap before
{Heap before GC invocations=7 (full 1):
 PSYoungGen      total 48128K, used 48123K [0x00000000d6100000, 0x00000000db080000, 0x0000000100000000)
  eden space 43008K, 100% used [0x00000000d6100000,0x00000000d8b00000,0x00000000d8b00000)
  from space 5120K, 99% used [0x00000000d8b00000,0x00000000d8ffef50,0x00000000d9000000)
  to   space 12800K, 0% used [0x00000000da400000,0x00000000da400000,0x00000000db080000)
 ParOldGen       total 64512K, used 21632K [0x0000000082200000, 0x0000000086100000, 0x00000000d6100000)
  object space 64512K, 33% used [0x0000000082200000,0x00000000837201e8,0x0000000086100000)
 Metaspace       used 33334K, capacity 34944K, committed 35072K, reserved 1079296K
  class space    used 4758K, capacity 5071K, committed 5120K, reserved 1048576K
Event: 3.929 GC heap after
Heap after GC invocations=7 (full 1):
 PSYoungGen      total 66048K, used 12788K [0x00000000d6100000, 0x00000000db700000, 0x0000000100000000)
  eden space 53248K, 0% used [0x00000000d6100000,0x00000000d6100000,0x00000000d9500000)
  from space 12800K, 99% used [0x00000000da400000,0x00000000db07d288,0x00000000db080000)
  to   space 15360K, 0% used [0x00000000d9500000,0x00000000d9500000,0x00000000da400000)
 ParOldGen       total 64512K, used 23057K [0x0000000082200000, 0x0000000086100000, 0x00000000d6100000)
  object space 64512K, 35% used [0x0000000082200000,0x0000000083884528,0x0000000086100000)
 Metaspace       used 33334K, capacity 34944K, committed 35072K, reserved 1079296K
  class space    used 4758K, capacity 5071K, committed 5120K, reserved 1048576K
}
Event: 3.963 GC heap before
{Heap before GC invocations=8 (full 1):
 PSYoungGen      total 66048K, used 16213K [0x00000000d6100000, 0x00000000db700000, 0x0000000100000000)
  eden space 53248K, 6% used [0x00000000d6100000,0x00000000d64584c8,0x00000000d9500000)
  from space 12800K, 99% used [0x00000000da400000,0x00000000db07d288,0x00000000db080000)
  to   space 15360K, 0% used [0x00000000d9500000,0x00000000d9500000,0x00000000da400000)
 ParOldGen       total 64512K, used 23057K [0x0000000082200000, 0x0000000086100000, 0x00000000d6100000)
  object space 64512K, 35% used [0x0000000082200000,0x0000000083884528,0x0000000086100000)
 Metaspace       used 33699K, capacity 35264K, committed 35456K, reserved 1079296K
  class space    used 4812K, capacity 5135K, committed 5248K, reserved 1048576K
Event: 3.969 GC heap after
Heap after GC invocations=8 (full 1):
 PSYoungGen      total 68608K, used 7809K [0x00000000d6100000, 0x00000000dd400000, 0x0000000100000000)
  eden space 53248K, 0% used [0x00000000d6100000,0x00000000d6100000,0x00000000d9500000)
  from space 15360K, 50% used [0x00000000d9500000,0x00000000d9ca06c8,0x00000000da400000)
  to   space 14848K, 0% used [0x00000000dc580000,0x00000000dc580000,0x00000000dd400000)
 ParOldGen       total 64512K, used 23065K [0x0000000082200000, 0x0000000086100000, 0x00000000d6100000)
  object space 64512K, 35% used [0x0000000082200000,0x0000000083886528,0x0000000086100000)
 Metaspace       used 33699K, capacity 35264K, committed 35456K, reserved 1079296K
  class space    used 4812K, capacity 5135K, committed 5248K, reserved 1048576K
}
Event: 3.969 GC heap before
{Heap before GC invocations=9 (full 2):
 PSYoungGen      total 68608K, used 7809K [0x00000000d6100000, 0x00000000dd400000, 0x0000000100000000)
  eden space 53248K, 0% used [0x00000000d6100000,0x00000000d6100000,0x00000000d9500000)
  from space 15360K, 50% used [0x00000000d9500000,0x00000000d9ca06c8,0x00000000da400000)
  to   space 14848K, 0% used [0x00000000dc580000,0x00000000dc580000,0x00000000dd400000)
 ParOldGen       total 64512K, used 23065K [0x0000000082200000, 0x0000000086100000, 0x00000000d6100000)
  object space 64512K, 35% used [0x0000000082200000,0x0000000083886528,0x0000000086100000)
 Metaspace       used 33699K, capacity 35264K, committed 35456K, reserved 1079296K
  class space    used 4812K, capacity 5135K, committed 5248K, reserved 1048576K
Event: 4.053 GC heap after
Heap after GC invocations=9 (full 2):
 PSYoungGen      total 68608K, used 0K [0x00000000d6100000, 0x00000000dd400000, 0x0000000100000000)
  eden space 53248K, 0% used [0x00000000d6100000,0x00000000d6100000,0x00000000d9500000)
  from space 15360K, 0% used [0x00000000d9500000,0x00000000d9500000,0x00000000da400000)
  to   space 14848K, 0% used [0x00000000dc580000,0x00000000dc580000,0x00000000dd400000)
 ParOldGen       total 64512K, used 28123K [0x0000000082200000, 0x0000000086100000, 0x00000000d6100000)
  object space 64512K, 43% used [0x0000000082200000,0x0000000083d76ec0,0x0000000086100000)
 Metaspace       used 33699K, capacity 35264K, committed 35456K, reserved 1079296K
  class space    used 4812K, capacity 5135K, committed 5248K, reserved 1048576K
}
Event: 4.710 GC heap before
{Heap before GC invocations=10 (full 2):
 PSYoungGen      total 68608K, used 53248K [0x00000000d6100000, 0x00000000dd400000, 0x0000000100000000)
  eden space 53248K, 100% used [0x00000000d6100000,0x00000000d9500000,0x00000000d9500000)
  from space 15360K, 0% used [0x00000000d9500000,0x00000000d9500000,0x00000000da400000)
  to   space 14848K, 0% used [0x00000000dc580000,0x00000000dc580000,0x00000000dd400000)
 ParOldGen       total 64512K, used 28123K [0x0000000082200000, 0x0000000086100000, 0x00000000d6100000)
  object space 64512K, 43% used [0x0000000082200000,0x0000000083d76ec0,0x0000000086100000)
 Metaspace       used 42055K, capacity 43678K, committed 43904K, reserved 1087488K
  class space    used 5842K, capacity 6164K, committed 6272K, reserved 1048576K
Event: 4.717 GC heap after
Heap after GC invocations=10 (full 2):
 PSYoungGen      total 95744K, used 7788K [0x00000000d6100000, 0x00000000dd000000, 0x0000000100000000)
  eden space 84992K, 0% used [0x00000000d6100000,0x00000000d6100000,0x00000000db400000)
  from space 10752K, 72% used [0x00000000dc580000,0x00000000dcd1b170,0x00000000dd000000)
  to   space 14336K, 0% used [0x00000000db400000,0x00000000db400000,0x00000000dc200000)
 ParOldGen       total 64512K, used 28131K [0x0000000082200000, 0x0000000086100000, 0x00000000d6100000)
  object space 64512K, 43% used [0x0000000082200000,0x0000000083d78ec0,0x0000000086100000)
 Metaspace       used 42055K, capacity 43678K, committed 43904K, reserved 1087488K
  class space    used 5842K, capacity 6164K, committed 6272K, reserved 1048576K
}

Deoptimization events (10 events):
Event: 5.841 Thread 0x0000000019659800 Uncommon trap: reason=unstable_if action=reinterpret pc=0x0000000003acc054 method=java.lang.Math.round(F)I @ 23
Event: 7.397 Thread 0x0000000019685000 Uncommon trap: reason=unstable_if action=reinterpret pc=0x000000000397ceac method=com.sun.javafx.text.TextRun.getPosX(I)F @ 75
Event: 10.928 Thread 0x0000000019685000 Uncommon trap: reason=class_check action=maybe_recompile pc=0x0000000003912c10 method=javafx.scene.CssStyleHelper.createStyleHelper(Ljavafx/scene/Node;)Ljavafx/scene/CssStyleHelper; @ 151
Event: 10.928 Thread 0x0000000019685000 Uncommon trap: reason=class_check action=maybe_recompile pc=0x0000000003912c10 method=javafx.scene.CssStyleHelper.createStyleHelper(Ljavafx/scene/Node;)Ljavafx/scene/CssStyleHelper; @ 151
Event: 10.938 Thread 0x0000000019685000 Uncommon trap: reason=unstable_if action=reinterpret pc=0x00000000039129d8 method=javafx.scene.CssStyleHelper.canReuseStyleHelper(Ljavafx/scene/Node;Lcom/sun/javafx/css/StyleMap;)Z @ 178
Event: 10.938 Thread 0x0000000019685000 Uncommon trap: reason=unstable_if action=reinterpret pc=0x00000000036e1ba0 method=javafx.scene.CssStyleHelper.lookup(Ljavafx/css/Styleable;Ljavafx/css/CssMetaData;Lcom/sun/javafx/css/StyleMap;Ljava/util/Set;Ljavafx/css/Styleable;Lcom/sun/javafx/css/Calcul
Event: 10.970 Thread 0x0000000019659800 Uncommon trap: reason=unstable_if action=reinterpret pc=0x0000000003a2b9ac method=com.sun.javafx.font.CompositeStrike.getStrikeSlot(I)Lcom/sun/javafx/font/FontStrike; @ 8
Event: 20.249 Thread 0x0000000019659800 Uncommon trap: reason=unstable_if action=reinterpret pc=0x0000000003ac3a18 method=com.sun.prism.d3d.D3DContext.updateClipRect(Lcom/sun/javafx/geom/Rectangle;)V @ 1
Event: 25.395 Thread 0x0000000019685000 Uncommon trap: reason=unstable_if action=reinterpret pc=0x000000000367c234 method=javafx.scene.Node$MiscProperties.isMouseTransparent()Z @ 4
Event: 25.404 Thread 0x0000000019685000 Uncommon trap: reason=unstable_if action=reinterpret pc=0x00000000032bc95c method=javafx.scene.Node$MiscProperties.isMouseTransparent()Z @ 4

Classes redefined (0 events):
No events

Internal exceptions (10 events):
Event: 4.137 Thread 0x0000000019685000 Exception <a 'java/lang/ClassNotFoundException': com/mchange/v2/c3p0/impl/WrapperConnectionPoolDataSourceBaseCustomizer> (0x00000000d69cf100) thrown at [C:\re\workspace\8-2-build-windows-amd64-cygwin\jdk8u191\11896\hotspot\src\share\vm\classfile\systemDic
Event: 4.138 Thread 0x0000000019685000 Exception <a 'java/lang/ClassNotFoundException': com/mchange/v2/c3p0/WrapperConnectionPoolDataSourceCustomizer> (0x00000000d6a508e0) thrown at [C:\re\workspace\8-2-build-windows-amd64-cygwin\jdk8u191\11896\hotspot\src\share\vm\classfile\systemDictionary.c
Event: 4.139 Thread 0x0000000019685000 Exception <a 'java/lang/ClassNotFoundException': com/mchange/v2/c3p0/DriverManagerDataSourceBeanInfo> (0x00000000d6a6fa48) thrown at [C:\re\workspace\8-2-build-windows-amd64-cygwin\jdk8u191\11896\hotspot\src\share\vm\classfile\systemDictionary.cpp, line 2
Event: 4.139 Thread 0x0000000019685000 Exception <a 'java/lang/ClassNotFoundException': com/mchange/v2/c3p0/impl/DriverManagerDataSourceBaseBeanInfo> (0x00000000d6a7dd88) thrown at [C:\re\workspace\8-2-build-windows-amd64-cygwin\jdk8u191\11896\hotspot\src\share\vm\classfile\systemDictionary.cp
Event: 4.139 Thread 0x0000000019685000 Exception <a 'java/lang/ClassNotFoundException': com/mchange/v2/c3p0/impl/DriverManagerDataSourceBaseCustomizer> (0x00000000d6a8c400) thrown at [C:\re\workspace\8-2-build-windows-amd64-cygwin\jdk8u191\11896\hotspot\src\share\vm\classfile\systemDictionary.
Event: 4.140 Thread 0x0000000019685000 Exception <a 'java/lang/ClassNotFoundException': com/mchange/v2/c3p0/DriverManagerDataSourceCustomizer> (0x00000000d6ab4708) thrown at [C:\re\workspace\8-2-build-windows-amd64-cygwin\jdk8u191\11896\hotspot\src\share\vm\classfile\systemDictionary.cpp, line
Event: 4.294 Thread 0x0000000019685000 Exception <a 'java/lang/NullPointerException'> (0x00000000d7563ab0) thrown at [C:\re\workspace\8-2-build-windows-amd64-cygwin\jdk8u191\11896\hotspot\src\share\vm\runtime\reflection.cpp, line 922]
Event: 5.840 Thread 0x0000000019685000 Implicit null exception at 0x000000000348ed14 to 0x000000000348f5a1
Event: 10.916 Thread 0x0000000019685000 Exception <a 'java/lang/NoSuchMethodError': java.lang.Object.lambda$comparing$77a9974f$1(Ljava/util/function/Function;Ljava/lang/Object;Ljava/lang/Object;)I> (0x00000000d8a49f60) thrown at [C:\re\workspace\8-2-build-windows-amd64-cygwin\jdk8u191\11896\hot
Event: 20.249 Thread 0x0000000019659800 Implicit null exception at 0x0000000003ac2b69 to 0x0000000003ac3a01

Events (10 events):
Event: 64.159 Executing VM operation: RevokeBias done
Event: 64.159 loading class com/mchange/v2/resourcepool/BasicResourcePool$AsyncTestIdleResourceTask
Event: 64.159 loading class com/mchange/v2/resourcepool/BasicResourcePool$AsyncTestIdleResourceTask done
Event: 64.161 Executing VM operation: RevokeBias
Event: 64.161 Executing VM operation: RevokeBias done
Event: 66.355 Thread 0x0000000017965800 flushing nmethod 0x0000000003013b90
Event: 80.819 Thread 0x0000000017965800 flushing nmethod 0x00000000034d6b10
Event: 88.197 Thread 0x0000000017965800 flushing nmethod 0x0000000003c51f10
Event: 88.197 Thread 0x0000000017965800 flushing nmethod 0x0000000003c5bc90
Event: 88.197 Thread 0x0000000017965800 flushing nmethod 0x0000000003c65d10


Dynamic libraries:
0x00007ff7b7080000 - 0x00007ff7b70b7000 	C:\Program Files\Java\jre1.8.0_191\bin\javaw.exe
0x00007ffe48700000 - 0x00007ffe488db000 	C:\Windows\SYSTEM32\ntdll.dll
0x00007ffe45c60000 - 0x00007ffe45d0e000 	C:\Windows\System32\KERNEL32.DLL
0x00007ffe45070000 - 0x00007ffe452ba000 	C:\Windows\System32\KERNELBASE.dll
0x00007ffe48560000 - 0x00007ffe48601000 	C:\Windows\System32\ADVAPI32.dll
0x00007ffe45ed0000 - 0x00007ffe45f6d000 	C:\Windows\System32\msvcrt.dll
0x00007ffe48610000 - 0x00007ffe48669000 	C:\Windows\System32\sechost.dll
0x00007ffe478d0000 - 0x00007ffe479f5000 	C:\Windows\System32\RPCRT4.dll
0x00007ffe45d50000 - 0x00007ffe45e9a000 	C:\Windows\System32\USER32.dll
0x00007ffe452c0000 - 0x00007ffe452de000 	C:\Windows\System32\win32u.dll
0x00007ffe45ea0000 - 0x00007ffe45ec7000 	C:\Windows\System32\GDI32.dll
0x00007ffe44cf0000 - 0x00007ffe44e78000 	C:\Windows\System32\gdi32full.dll
0x00007ffe44e80000 - 0x00007ffe44f1a000 	C:\Windows\System32\msvcp_win.dll
0x00007ffe44f70000 - 0x00007ffe45066000 	C:\Windows\System32\ucrtbase.dll
0x00007ffe38f20000 - 0x00007ffe39187000 	C:\Windows\WinSxS\amd64_microsoft.windows.common-controls_6595b64144ccf1df_6.0.15063.1155_none_40c7922129a7722b\COMCTL32.dll
0x00007ffe45f70000 - 0x00007ffe46269000 	C:\Windows\System32\combase.dll
0x00007ffe44c20000 - 0x00007ffe44c8a000 	C:\Windows\System32\bcryptPrimitives.dll
0x00007ffe48670000 - 0x00007ffe4869d000 	C:\Windows\System32\IMM32.DLL
0x00007ffe2d260000 - 0x00007ffe2d30f000 	C:\Program Files\McAfee\Endpoint Security\Threat Prevention\Ips\EpMPApi.dll
0x00007ffe44c90000 - 0x00007ffe44ce7000 	C:\Windows\System32\WINTRUST.dll
0x00007ffe44b70000 - 0x00007ffe44b81000 	C:\Windows\System32\MSASN1.dll
0x00007ffe452e0000 - 0x00007ffe454a9000 	C:\Windows\System32\CRYPT32.dll
0x0000000070470000 - 0x000000007047c000 	C:\Program Files\McAfee\Endpoint Security\Threat Prevention\Ips\EpMPThe.dll
0x000000006eab0000 - 0x000000006eb82000 	C:\Program Files\Java\jre1.8.0_191\bin\msvcr100.dll
0x000000006f6b0000 - 0x000000006ff54000 	C:\Program Files\Java\jre1.8.0_191\bin\server\jvm.dll
0x00007ffe45d30000 - 0x00007ffe45d38000 	C:\Windows\System32\PSAPI.DLL
0x00007ffe32210000 - 0x00007ffe32219000 	C:\Windows\SYSTEM32\WSOCK32.dll
0x00007ffe482e0000 - 0x00007ffe4834c000 	C:\Windows\System32\WS2_32.dll
0x00007ffe36290000 - 0x00007ffe3629a000 	C:\Windows\SYSTEM32\VERSION.dll
0x00007ffe42e50000 - 0x00007ffe42e73000 	C:\Windows\SYSTEM32\WINMM.dll
0x00007ffe42e20000 - 0x00007ffe42e4b000 	C:\Windows\SYSTEM32\WINMMBASE.dll
0x00007ffe44f20000 - 0x00007ffe44f69000 	C:\Windows\System32\cfgmgr32.dll
0x000000006f6a0000 - 0x000000006f6af000 	C:\Program Files\Java\jre1.8.0_191\bin\verify.dll
0x000000006f670000 - 0x000000006f699000 	C:\Program Files\Java\jre1.8.0_191\bin\java.dll
0x000000006f650000 - 0x000000006f666000 	C:\Program Files\Java\jre1.8.0_191\bin\zip.dll
0x00007ffe46270000 - 0x00007ffe476a8000 	C:\Windows\System32\SHELL32.dll
0x00007ffe47820000 - 0x00007ffe478ca000 	C:\Windows\System32\shcore.dll
0x00007ffe454b0000 - 0x00007ffe45ba1000 	C:\Windows\System32\windows.storage.dll
0x00007ffe486a0000 - 0x00007ffe486f1000 	C:\Windows\System32\shlwapi.dll
0x00007ffe44bb0000 - 0x00007ffe44bc1000 	C:\Windows\System32\kernel.appcore.dll
0x00007ffe44bd0000 - 0x00007ffe44c1c000 	C:\Windows\System32\powrprof.dll
0x00007ffe44b90000 - 0x00007ffe44ba5000 	C:\Windows\System32\profapi.dll
0x0000000001440000 - 0x0000000001443000 	C:\Program Files\Java\jre1.8.0_191\bin\api-ms-win-core-console-l1-1-0.dll
0x0000000002d40000 - 0x0000000002d43000 	C:\Program Files\Java\jre1.8.0_191\bin\api-ms-win-core-datetime-l1-1-0.dll
0x0000000002d50000 - 0x0000000002d53000 	C:\Program Files\Java\jre1.8.0_191\bin\api-ms-win-core-debug-l1-1-0.dll
0x0000000002d60000 - 0x0000000002d63000 	C:\Program Files\Java\jre1.8.0_191\bin\api-ms-win-core-errorhandling-l1-1-0.dll
0x0000000002d70000 - 0x0000000002d74000 	C:\Program Files\Java\jre1.8.0_191\bin\api-ms-win-core-file-l1-1-0.dll
0x00000000198b0000 - 0x00000000198b3000 	C:\Program Files\Java\jre1.8.0_191\bin\api-ms-win-core-file-l1-2-0.dll
0x00000000198c0000 - 0x00000000198c3000 	C:\Program Files\Java\jre1.8.0_191\bin\api-ms-win-core-file-l2-1-0.dll
0x00000000198d0000 - 0x00000000198d3000 	C:\Program Files\Java\jre1.8.0_191\bin\api-ms-win-core-handle-l1-1-0.dll
0x00000000198e0000 - 0x00000000198e3000 	C:\Program Files\Java\jre1.8.0_191\bin\api-ms-win-core-heap-l1-1-0.dll
0x00000000198f0000 - 0x00000000198f3000 	C:\Program Files\Java\jre1.8.0_191\bin\api-ms-win-core-interlocked-l1-1-0.dll
0x0000000019900000 - 0x0000000019903000 	C:\Program Files\Java\jre1.8.0_191\bin\api-ms-win-core-libraryloader-l1-1-0.dll
0x0000000019910000 - 0x0000000019913000 	C:\Program Files\Java\jre1.8.0_191\bin\api-ms-win-core-localization-l1-2-0.dll
0x0000000019920000 - 0x0000000019923000 	C:\Program Files\Java\jre1.8.0_191\bin\api-ms-win-core-memory-l1-1-0.dll
0x0000000019930000 - 0x0000000019933000 	C:\Program Files\Java\jre1.8.0_191\bin\api-ms-win-core-namedpipe-l1-1-0.dll
0x0000000019940000 - 0x0000000019943000 	C:\Program Files\Java\jre1.8.0_191\bin\api-ms-win-core-processenvironment-l1-1-0.dll
0x0000000019950000 - 0x0000000019953000 	C:\Program Files\Java\jre1.8.0_191\bin\api-ms-win-core-processthreads-l1-1-0.dll
0x0000000019960000 - 0x0000000019963000 	C:\Program Files\Java\jre1.8.0_191\bin\api-ms-win-core-processthreads-l1-1-1.dll
0x0000000019970000 - 0x0000000019973000 	C:\Program Files\Java\jre1.8.0_191\bin\api-ms-win-core-profile-l1-1-0.dll
0x0000000019980000 - 0x0000000019983000 	C:\Program Files\Java\jre1.8.0_191\bin\api-ms-win-core-rtlsupport-l1-1-0.dll
0x0000000019990000 - 0x0000000019993000 	C:\Program Files\Java\jre1.8.0_191\bin\api-ms-win-core-string-l1-1-0.dll
0x00000000199a0000 - 0x00000000199a3000 	C:\Program Files\Java\jre1.8.0_191\bin\api-ms-win-core-synch-l1-1-0.dll
0x00000000199b0000 - 0x00000000199b3000 	C:\Program Files\Java\jre1.8.0_191\bin\api-ms-win-core-synch-l1-2-0.dll
0x00000000199c0000 - 0x00000000199c3000 	C:\Program Files\Java\jre1.8.0_191\bin\api-ms-win-core-sysinfo-l1-1-0.dll
0x00000000199d0000 - 0x00000000199d3000 	C:\Program Files\Java\jre1.8.0_191\bin\api-ms-win-core-timezone-l1-1-0.dll
0x00000000199e0000 - 0x00000000199e3000 	C:\Program Files\Java\jre1.8.0_191\bin\api-ms-win-core-util-l1-1-0.dll
0x00000000199f0000 - 0x00000000199f3000 	C:\Program Files\Java\jre1.8.0_191\bin\api-ms-win-crt-conio-l1-1-0.dll
0x0000000019a00000 - 0x0000000019a04000 	C:\Program Files\Java\jre1.8.0_191\bin\api-ms-win-crt-convert-l1-1-0.dll
0x0000000019a10000 - 0x0000000019a13000 	C:\Program Files\Java\jre1.8.0_191\bin\api-ms-win-crt-environment-l1-1-0.dll
0x0000000019a20000 - 0x0000000019a23000 	C:\Program Files\Java\jre1.8.0_191\bin\api-ms-win-crt-filesystem-l1-1-0.dll
0x0000000019a30000 - 0x0000000019a33000 	C:\Program Files\Java\jre1.8.0_191\bin\api-ms-win-crt-heap-l1-1-0.dll
0x0000000019a40000 - 0x0000000019a43000 	C:\Program Files\Java\jre1.8.0_191\bin\api-ms-win-crt-locale-l1-1-0.dll
0x0000000019a50000 - 0x0000000019a55000 	C:\Program Files\Java\jre1.8.0_191\bin\api-ms-win-crt-math-l1-1-0.dll
0x0000000019a60000 - 0x0000000019a65000 	C:\Program Files\Java\jre1.8.0_191\bin\api-ms-win-crt-multibyte-l1-1-0.dll
0x0000000019a70000 - 0x0000000019a80000 	C:\Program Files\Java\jre1.8.0_191\bin\api-ms-win-crt-private-l1-1-0.dll
0x0000000019a80000 - 0x0000000019a83000 	C:\Program Files\Java\jre1.8.0_191\bin\api-ms-win-crt-process-l1-1-0.dll
0x0000000019a90000 - 0x0000000019a94000 	C:\Program Files\Java\jre1.8.0_191\bin\api-ms-win-crt-runtime-l1-1-0.dll
0x0000000019aa0000 - 0x0000000019aa4000 	C:\Program Files\Java\jre1.8.0_191\bin\api-ms-win-crt-stdio-l1-1-0.dll
0x0000000019ab0000 - 0x0000000019ab4000 	C:\Program Files\Java\jre1.8.0_191\bin\api-ms-win-crt-string-l1-1-0.dll
0x0000000019ac0000 - 0x0000000019ac3000 	C:\Program Files\Java\jre1.8.0_191\bin\api-ms-win-crt-time-l1-1-0.dll
0x0000000019ad0000 - 0x0000000019ad3000 	C:\Program Files\Java\jre1.8.0_191\bin\api-ms-win-crt-utility-l1-1-0.dll
0x00007ffe31840000 - 0x00007ffe31936000 	C:\Program Files\Java\jre1.8.0_191\bin\ucrtbase.dll
0x00007ffe406f0000 - 0x00007ffe40706000 	C:\Program Files\Java\jre1.8.0_191\bin\vcruntime140.dll
0x00007ffe29db0000 - 0x00007ffe29e4c000 	C:\Program Files\Java\jre1.8.0_191\bin\msvcp140.dll
0x00007ffe2b010000 - 0x00007ffe2b061000 	C:\Program Files\Java\jre1.8.0_191\bin\concrt140.dll
0x000000006ea80000 - 0x000000006eaa3000 	C:\Program Files\Java\jre1.8.0_191\bin\prism_d3d.dll
0x00007ffe185b0000 - 0x00007ffe18739000 	C:\Windows\system32\d3d9.dll
0x00007ffe42cc0000 - 0x00007ffe42cea000 	C:\Windows\SYSTEM32\dwmapi.dll
0x00007ffe43070000 - 0x00007ffe43105000 	C:\Windows\system32\uxtheme.dll
0x00007ffe17ec0000 - 0x00007ffe18097000 	C:\Windows\System32\DriverStore\FileRepository\ki127171.inf_amd64_368f8c7337214025\igdumdim64.dll
0x00007ffe07e50000 - 0x00007ffe0ae4d000 	C:\Windows\System32\DriverStore\FileRepository\ki127171.inf_amd64_368f8c7337214025\igd9dxva64.dll
0x00007ffe48350000 - 0x00007ffe48410000 	C:\Windows\System32\OLEAUT32.dll
0x000000001a3f0000 - 0x000000001a535000 	C:\Windows\System32\ole32.dll
0x000000006ea30000 - 0x000000006ea79000 	C:\Program Files\Java\jre1.8.0_191\bin\glass.dll
0x00007ffe476b0000 - 0x00007ffe477b8000 	C:\Windows\System32\COMDLG32.dll
0x00007ffe47fe0000 - 0x00007ffe48146000 	C:\Windows\System32\MSCTF.dll
0x00007ffe3a220000 - 0x00007ffe3bfb5000 	C:\Windows\System32\DriverStore\FileRepository\ki127171.inf_amd64_368f8c7337214025\igc64.dll
0x000000006ea10000 - 0x000000006ea24000 	C:\Program Files\Java\jre1.8.0_191\bin\javafx_font.dll
0x00007ffe1a250000 - 0x00007ffe1a50f000 	C:\Windows\SYSTEM32\dwrite.dll
0x000000006b350000 - 0x000000006ea0a000 	C:\Program Files\Java\jre1.8.0_191\bin\jfxwebkit.dll
0x00007ffe445c0000 - 0x00007ffe445d7000 	C:\Windows\SYSTEM32\CRYPTSP.dll
0x00007ffe43d00000 - 0x00007ffe43d34000 	C:\Windows\system32\rsaenh.dll
0x00007ffe44730000 - 0x00007ffe44755000 	C:\Windows\SYSTEM32\bcrypt.dll
0x00007ffe44aa0000 - 0x00007ffe44ac9000 	C:\Windows\SYSTEM32\USERENV.dll
0x00007ffe445e0000 - 0x00007ffe445eb000 	C:\Windows\SYSTEM32\CRYPTBASE.dll
0x000000006f630000 - 0x000000006f64a000 	C:\Program Files\Java\jre1.8.0_191\bin\net.dll
0x00007ffe44420000 - 0x00007ffe4447c000 	C:\Windows\system32\mswsock.dll
0x00007ffe441c0000 - 0x00007ffe441f7000 	C:\Windows\SYSTEM32\IPHLPAPI.DLL
0x00007ffe45d40000 - 0x00007ffe45d48000 	C:\Windows\System32\NSI.dll
0x00007ffe39800000 - 0x00007ffe39816000 	C:\Windows\SYSTEM32\dhcpcsvc6.DLL
0x00007ffe39760000 - 0x00007ffe3977a000 	C:\Windows\SYSTEM32\dhcpcsvc.DLL
0x000000006f610000 - 0x000000006f621000 	C:\Program Files\Java\jre1.8.0_191\bin\nio.dll
0x000000006f5e0000 - 0x000000006f604000 	C:\Program Files\Java\jre1.8.0_191\bin\sunec.dll
0x00007ffe48160000 - 0x00007ffe481fe000 	C:\Windows\System32\clbcatq.dll
0x00007ffe3f490000 - 0x00007ffe3f63c000 	C:\Windows\SYSTEM32\WindowsCodecs.dll
0x00007ffe39470000 - 0x00007ffe394b7000 	C:\Windows\system32\dataexchange.dll
0x00007ffe417c0000 - 0x00007ffe41a9f000 	C:\Windows\system32\d3d11.dll
0x00007ffe41e30000 - 0x00007ffe41f53000 	C:\Windows\system32\dcomp.dll
0x00007ffe43840000 - 0x00007ffe438e4000 	C:\Windows\system32\dxgi.dll
0x00007ffe43350000 - 0x00007ffe434c0000 	C:\Windows\system32\twinapi.appcore.dll
0x00007ffe20060000 - 0x00007ffe20091000 	C:\Program Files\Common Files\Microsoft Shared\Ink\rtscom.dll
0x00007ffe3e770000 - 0x00007ffe3e7f1000 	C:\Windows\System32\TextInputFramework.dll
0x00007ffe3f0b0000 - 0x00007ffe3f383000 	C:\Windows\System32\CoreUIComponents.dll
0x00007ffe41b60000 - 0x00007ffe41c44000 	C:\Windows\System32\CoreMessaging.dll
0x00007ffe439a0000 - 0x00007ffe439d1000 	C:\Windows\SYSTEM32\ntmarta.dll
0x00007ffe40710000 - 0x00007ffe40849000 	C:\Windows\SYSTEM32\wintypes.dll
0x00007ffe42a30000 - 0x00007ffe42a45000 	C:\Windows\SYSTEM32\usermgrcli.dll

VM Arguments:
jvm_args: -Dfile.encoding=UTF-8 
java_command: principal.Principal
java_class_path (initial): C:\Program Files\Java\jre1.8.0_191\lib\resources.jar;C:\Program Files\Java\jre1.8.0_191\lib\rt.jar;C:\Program Files\Java\jre1.8.0_191\lib\jsse.jar;C:\Program Files\Java\jre1.8.0_191\lib\jce.jar;C:\Program Files\Java\jre1.8.0_191\lib\charsets.jar;C:\Program Files\Java\jre1.8.0_191\lib\jfr.jar;C:\Program Files\Java\jre1.8.0_191\lib\ext\access-bridge-64.jar;C:\Program Files\Java\jre1.8.0_191\lib\ext\cldrdata.jar;C:\Program Files\Java\jre1.8.0_191\lib\ext\dnsns.jar;C:\Program Files\Java\jre1.8.0_191\lib\ext\jaccess.jar;C:\Program Files\Java\jre1.8.0_191\lib\ext\jfxrt.jar;C:\Program Files\Java\jre1.8.0_191\lib\ext\localedata.jar;C:\Program Files\Java\jre1.8.0_191\lib\ext\nashorn.jar;C:\Program Files\Java\jre1.8.0_191\lib\ext\sunec.jar;C:\Program Files\Java\jre1.8.0_191\lib\ext\sunjce_provider.jar;C:\Program Files\Java\jre1.8.0_191\lib\ext\sunmscapi.jar;C:\Program Files\Java\jre1.8.0_191\lib\ext\sunpkcs11.jar;C:\Program Files\Java\jre1.8.0_191\lib\ext\zipfs.jar;C:\Users\fabricio.barrozo\git\srh.adasa\target\classes;C:\Users\fabricio.barrozo\.m2\repository\org\hibernate\hibernate-entitymanager\5.1.0.Final\hibernate-entitymanager-5.1.0.Final.jar;C:\Users\fabricio.barrozo\.m2\repository\org\hibernate\hibernate-core\5.1.0.Final\hibernate-core-5.1.0.Final.jar;C:\Users\fabricio.barrozo\.m2\repository\org\jboss\jandex\2.0.0.Final\jandex-2.0.0.Final.jar;C:\Users\fabricio.barrozo\.m2\repository\com\fasterxml\classmate\1.3.0\classmate-1.3.0.jar;C:\Users\fabricio.barrozo\.m2\repository\org\jboss\logging\jboss-logging\3.3.0.Final\jboss-logging-3.3.0.Final.jar;C:\Users\fabricio.barrozo\.m2\repository\org\javassist\javassist\3.20.0-GA\javassist-3.20.0-GA.jar;C:\Users\fabricio.barrozo\.m2\repository\commons-collections\commons-collections\2.1\commons-collections-2.1.jar;C:\Users\fabricio.barrozo\.m2\repository\commons-logging\commons-logging\1.0.4\commons-logging-1.0.4.jar;C:\Users\fabricio.barrozo\.m2\repository\dom4j\dom4j\1.6.1\dom4j-1.6.1.jar;C:\Users\fa
Launcher Type: SUN_STANDARD

Environment Variables:
JAVA_HOME=C:\Program Files\Java\jdk1.8.0_191
PATH=C:/Program Files/Java/jre1.8.0_191/bin/server;C:/Program Files/Java/jre1.8.0_191/bin;C:/Program Files/Java/jre1.8.0_191/lib/amd64;C:\Program Files (x86)\Common Files\Oracle\Java\javapath;C:\ProgramData\Oracle\Java\javapath;C:\Program Files (x86)\Intel\iCLS Client\;C:\Program Files\Intel\iCLS Client\;C:\Windows\system32;C:\Windows;C:\Windows\System32\Wbem;C:\Windows\System32\WindowsPowerShell\v1.0\;C:\Program Files (x86)\Intel\Intel(R) Management Engine Components\DAL;C:\Program Files\Intel\Intel(R) Management Engine Components\DAL;C:\Program Files (x86)\Intel\Intel(R) Management Engine Components\IPT;C:\Program Files\Intel\Intel(R) Management Engine Components\IPT;C:\Program Files\Intel\WiFi\bin\;C:\Program Files\Common Files\Intel\WirelessCommon\;c:\Program Files\Microsoft SQL Server\110\Tools\Binn\;c:\Program Files (x86)\Microsoft SQL Server\110\Tools\Binn\ManagementStudio\;c:\Program Files (x86)\Microsoft SQL Server\110\Tools\Binn\;c:\Program Files (x86)\Microsoft SQL Server\110\DTS\Binn\;C:\apache-maven-3.6.0\bin;C:\Users\fabricio.barrozo\AppData\Local\Microsoft\WindowsApps;;C:\Windows\system32;
USERNAME=fabricio.barrozo
OS=Windows_NT
PROCESSOR_IDENTIFIER=Intel64 Family 6 Model 94 Stepping 3, GenuineIntel



---------------  S Y S T E M  ---------------

OS: Windows 10.0 , 64 bit Build 15063 (10.0.15063.1058)

CPU:total 4 (initial active 4) (4 cores per cpu, 1 threads per core) family 6 model 94 stepping 3, cmov, cx8, fxsr, mmx, sse, sse2, sse3, ssse3, sse4.1, sse4.2, popcnt, avx, avx2, aes, clmul, erms, rtm, 3dnowpref, lzcnt, tsc, tscinvbit, bmi1, bmi2, adx

Memory: 4k page, physical 8249056k(1147776k free), swap 10196704k(2640k free)

vm_info: Java HotSpot(TM) 64-Bit Server VM (25.191-b12) for windows-amd64 JRE (1.8.0_191-b12), built on Oct  6 2018 09:29:03 by "java_re" with MS VC++ 10.0 (VS2010)

time: Tue Nov 27 16:58:43 2018
elapsed time: 106 seconds (0d 0h 1m 46s)

