#
# There is insufficient memory for the Java Runtime Environment to continue.
# Native memory allocation (malloc) failed to allocate 1096816 bytes for Chunk::new
# Possible reasons:
#   The system is out of physical RAM or swap space
#   In 32 bit mode, the process size limit was hit
# Possible solutions:
#   Reduce memory load on the system
#   Increase physical memory or swap space
#   Check if swap backing store is full
#   Use 64 bit Java on a 64 bit OS
#   Decrease Java heap size (-Xmx/-Xms)
#   Decrease number of Java threads
#   Decrease Java thread stack sizes (-Xss)
#   Set larger code cache with -XX:ReservedCodeCacheSize=
# This output file may be truncated or incomplete.
#
#  Out of Memory Error (allocation.cpp:390), pid=8880, tid=0x0000000000003d04
#
# JRE version: Java(TM) SE Runtime Environment (8.0_191-b12) (build 1.8.0_191-b12)
# Java VM: Java HotSpot(TM) 64-Bit Server VM (25.191-b12 mixed mode windows-amd64 compressed oops)
# Failed to write core dump. Minidumps are not enabled by default on client versions of Windows
#

---------------  T H R E A D  ---------------

Current thread (0x00000000171b3800):  JavaThread "C2 CompilerThread0" daemon [_thread_in_native, id=15620, stack(0x0000000018810000,0x0000000018910000)]

Stack: [0x0000000018810000,0x0000000018910000]
[error occurred during error reporting (printing stack bounds), id 0xc0000005]

Native frames: (J=compiled Java code, j=interpreted, Vv=VM code, C=native code)


Current CompileTask:
C2:   3093 3853   !   4       com.sun.javafx.css.StyleManager::findMatchingStyles (1260 bytes)


---------------  P R O C E S S  ---------------

Java Threads: ( => current thread )
  0x000000002321c800 JavaThread "URL-Loader-20" daemon [_thread_blocked, id=3392, stack(0x000000002df00000,0x000000002e000000)]
  0x0000000023219000 JavaThread "URL-Loader-19" daemon [_thread_blocked, id=11356, stack(0x000000002be60000,0x000000002bf60000)]
  0x000000002321c000 JavaThread "URL-Loader-18" daemon [_thread_blocked, id=13148, stack(0x000000002bd60000,0x000000002be60000)]
  0x000000002321f800 JavaThread "URL-Loader-17" daemon [_thread_blocked, id=13812, stack(0x000000002bb60000,0x000000002bc60000)]
  0x000000002321f000 JavaThread "URL-Loader-16" daemon [_thread_blocked, id=8004, stack(0x000000002aa90000,0x000000002ab90000)]
  0x0000000023218000 JavaThread "URL-Loader-15" daemon [_thread_blocked, id=12280, stack(0x000000002a590000,0x000000002a690000)]
  0x000000002321b000 JavaThread "URL-Loader-14" daemon [_thread_blocked, id=15728, stack(0x000000002a490000,0x000000002a590000)]
  0x000000002321a800 JavaThread "URL-Loader-13" daemon [_thread_blocked, id=12524, stack(0x000000002a390000,0x000000002a490000)]
  0x000000002321e000 JavaThread "URL-Loader-12" daemon [_thread_blocked, id=11256, stack(0x000000002a290000,0x000000002a390000)]
  0x0000000019782000 JavaThread "URL-Loader-11" daemon [_thread_blocked, id=10668, stack(0x000000002a190000,0x000000002a290000)]
  0x0000000019781800 JavaThread "URL-Loader-10" daemon [_thread_blocked, id=3312, stack(0x000000002a090000,0x000000002a190000)]
  0x0000000019783000 JavaThread "Keep-Alive-Timer" daemon [_thread_blocked, id=5780, stack(0x00000000281f0000,0x00000000282f0000)]
  0x0000000019780000 JavaThread "URL-Loader-9" daemon [_thread_blocked, id=1796, stack(0x00000000247e0000,0x00000000248e0000)]
  0x000000001977f000 JavaThread "URL-Loader-8" daemon [_thread_blocked, id=6232, stack(0x00000000246e0000,0x00000000247e0000)]
  0x0000000019783800 JavaThread "URL-Loader-7" daemon [_thread_blocked, id=4568, stack(0x00000000245e0000,0x00000000246e0000)]
  0x000000001977e800 JavaThread "URL-Loader-6" daemon [_thread_blocked, id=11088, stack(0x00000000244e0000,0x00000000245e0000)]
  0x0000000019785000 JavaThread "URL-Loader-5" daemon [_thread_blocked, id=11632, stack(0x00000000243e0000,0x00000000244e0000)]
  0x0000000019780800 JavaThread "URL-Loader-4" daemon [_thread_blocked, id=15000, stack(0x00000000242e0000,0x00000000243e0000)]
  0x0000000019784800 JavaThread "URL-Loader-3" daemon [_thread_blocked, id=6040, stack(0x00000000241e0000,0x00000000242e0000)]
  0x00000000198ae800 JavaThread "URL-Loader-2" daemon [_thread_blocked, id=14380, stack(0x00000000240e0000,0x00000000241e0000)]
  0x00000000196df800 JavaThread "URL-Loader-1" daemon [_thread_blocked, id=8384, stack(0x0000000023de0000,0x0000000023ee0000)]
  0x000000001977d800 JavaThread "Disposer" daemon [_thread_blocked, id=12312, stack(0x0000000022d10000,0x0000000022e10000)]
  0x0000000019763000 JavaThread "Prism Font Disposer" daemon [_thread_blocked, id=11980, stack(0x0000000022410000,0x0000000022510000)]
  0x00000000192b5800 JavaThread "Thread-3" daemon [_thread_in_native, id=12984, stack(0x0000000020910000,0x0000000020a10000)]
  0x0000000019297000 JavaThread "JavaFX-Launcher" [_thread_blocked, id=5420, stack(0x0000000020a10000,0x0000000020b10000)]
  0x0000000018f0e000 JavaThread "JavaFX Application Thread" [_thread_in_Java, id=15364, stack(0x0000000019f90000,0x000000001a090000)]
  0x0000000018efd000 JavaThread "Thread-1" daemon [_thread_blocked, id=1960, stack(0x0000000019e90000,0x0000000019f90000)]
  0x0000000018eec000 JavaThread "QuantumRenderer-0" daemon [_thread_blocked, id=8740, stack(0x0000000019a70000,0x0000000019b70000)]
  0x0000000018b38800 JavaThread "Service Thread" daemon [_thread_blocked, id=1424, stack(0x0000000018f10000,0x0000000019010000)]
  0x00000000171c4800 JavaThread "C1 CompilerThread2" daemon [_thread_in_native, id=10916, stack(0x0000000018a10000,0x0000000018b10000)]
  0x00000000171ba000 JavaThread "C2 CompilerThread1" daemon [_thread_in_native, id=1900, stack(0x0000000018910000,0x0000000018a10000)]
=>0x00000000171b3800 JavaThread "C2 CompilerThread0" daemon [_thread_in_native, id=15620, stack(0x0000000018810000,0x0000000018910000)]
  0x00000000171b2000 JavaThread "Attach Listener" daemon [_thread_blocked, id=4448, stack(0x0000000018710000,0x0000000018810000)]
  0x00000000171b0800 JavaThread "Signal Dispatcher" daemon [_thread_blocked, id=11244, stack(0x0000000018610000,0x0000000018710000)]
  0x00000000026de000 JavaThread "Finalizer" daemon [_thread_blocked, id=11180, stack(0x0000000018410000,0x0000000018510000)]
  0x00000000026d3000 JavaThread "Reference Handler" daemon [_thread_blocked, id=14428, stack(0x0000000018310000,0x0000000018410000)]
  0x00000000025e4000 JavaThread "main" [_thread_blocked, id=9112, stack(0x00000000024b0000,0x00000000025b0000)]

Other Threads:
  0x0000000017178000 VMThread [stack: 0x0000000018210000,0x0000000018310000] [id=14692]
  0x000000001720d000 WatcherThread [stack: 0x0000000019010000,0x0000000019110000] [id=14904]

VM state:not at safepoint (normal execution)

VM Mutex/Monitor currently owned by a thread: None

Heap:
 PSYoungGen      total 47104K, used 32277K [0x00000000d6100000, 0x00000000db200000, 0x0000000100000000)
  eden space 41984K, 64% used [0x00000000d6100000,0x00000000d7b85918,0x00000000d8a00000)
  from space 5120K, 99% used [0x00000000d8a00000,0x00000000d8effb68,0x00000000d8f00000)
  to   space 13312K, 0% used [0x00000000da500000,0x00000000da500000,0x00000000db200000)
 ParOldGen       total 69632K, used 22985K [0x0000000082200000, 0x0000000086600000, 0x00000000d6100000)
  object space 69632K, 33% used [0x0000000082200000,0x0000000083872490,0x0000000086600000)
 Metaspace       used 27414K, capacity 29250K, committed 29440K, reserved 1075200K
  class space    used 3881K, capacity 4254K, committed 4352K, reserved 1048576K

Card table byte_map: [0x0000000011aa0000,0x0000000011e90000] byte_map_base: 0x000000001168f000

Marking Bits: (ParMarkBitMap*) 0x0000000052053e30
 Begin Bits: [0x0000000012530000, 0x00000000144a8000)
 End Bits:   [0x00000000144a8000, 0x0000000016420000)

Polling page: 0x0000000000a80000

CodeCache: size=245760Kb used=13421Kb max_used=13421Kb free=232338Kb
 bounds [0x00000000026e0000, 0x0000000003410000, 0x00000000116e0000]
 total_blobs=5235 nmethods=4451 adapters=695
 compilation: enabled

Compilation events (10 events):
Event: 3.049 Thread 0x00000000171c4800 nmethod 4359 0x00000000033b5c90 code [0x00000000033b5f00, 0x00000000033b7038]
Event: 3.049 Thread 0x00000000171c4800 4361       3       com.sun.javafx.scene.control.skin.LabeledSkinBase::topLabelPadding (18 bytes)
Event: 3.049 Thread 0x00000000171ba000 nmethod 4354 0x00000000033a7250 code [0x00000000033a7380, 0x00000000033a7418]
Event: 3.049 Thread 0x00000000171ba000 3713       4       java.util.AbstractSet::<init> (5 bytes)
Event: 3.049 Thread 0x00000000171c4800 nmethod 4361 0x00000000033b4e10 code [0x00000000033b5000, 0x00000000033b5998]
Event: 3.049 Thread 0x00000000171c4800 4362       1       com.sun.javafx.geom.transform.Identity::getType (2 bytes)
Event: 3.049 Thread 0x00000000171c4800 nmethod 4362 0x00000000033b4b50 code [0x00000000033b4ca0, 0x00000000033b4db0]
Event: 3.049 Thread 0x00000000171c4800 4363       3       javafx.scene.Parent::layout (139 bytes)
Event: 3.049 Thread 0x00000000171ba000 nmethod 3713 0x00000000033b15d0 code [0x00000000033b1700, 0x00000000033b1758]
Event: 3.049 Thread 0x00000000171ba000 4245       4       java.util.regex.Pattern$Node::match (27 bytes)

GC Heap History (10 events):
Event: 1.204 GC heap before
{Heap before GC invocations=2 (full 0):
 PSYoungGen      total 37888K, used 35365K [0x00000000d6100000, 0x00000000d8b00000, 0x0000000100000000)
  eden space 32768K, 93% used [0x00000000d6100000,0x00000000d7ec6df0,0x00000000d8100000)
  from space 5120K, 95% used [0x00000000d8100000,0x00000000d85c2798,0x00000000d8600000)
  to   space 5120K, 0% used [0x00000000d8600000,0x00000000d8600000,0x00000000d8b00000)
 ParOldGen       total 86016K, used 16K [0x0000000082200000, 0x0000000087600000, 0x00000000d6100000)
  object space 86016K, 0% used [0x0000000082200000,0x0000000082204000,0x0000000087600000)
 Metaspace       used 20354K, capacity 21184K, committed 21248K, reserved 1067008K
  class space    used 2817K, capacity 3051K, committed 3072K, reserved 1048576K
Event: 1.211 GC heap after
Heap after GC invocations=2 (full 0):
 PSYoungGen      total 37888K, used 5100K [0x00000000d6100000, 0x00000000dab00000, 0x0000000100000000)
  eden space 32768K, 0% used [0x00000000d6100000,0x00000000d6100000,0x00000000d8100000)
  from space 5120K, 99% used [0x00000000d8600000,0x00000000d8afb048,0x00000000d8b00000)
  to   space 5120K, 0% used [0x00000000d8100000,0x00000000d8100000,0x00000000d8600000)
 ParOldGen       total 86016K, used 4086K [0x0000000082200000, 0x0000000087600000, 0x00000000d6100000)
  object space 86016K, 4% used [0x0000000082200000,0x00000000825fd8f8,0x0000000087600000)
 Metaspace       used 20354K, capacity 21184K, committed 21248K, reserved 1067008K
  class space    used 2817K, capacity 3051K, committed 3072K, reserved 1048576K
}
Event: 1.211 GC heap before
{Heap before GC invocations=3 (full 1):
 PSYoungGen      total 37888K, used 5100K [0x00000000d6100000, 0x00000000dab00000, 0x0000000100000000)
  eden space 32768K, 0% used [0x00000000d6100000,0x00000000d6100000,0x00000000d8100000)
  from space 5120K, 99% used [0x00000000d8600000,0x00000000d8afb048,0x00000000d8b00000)
  to   space 5120K, 0% used [0x00000000d8100000,0x00000000d8100000,0x00000000d8600000)
 ParOldGen       total 86016K, used 4086K [0x0000000082200000, 0x0000000087600000, 0x00000000d6100000)
  object space 86016K, 4% used [0x0000000082200000,0x00000000825fd8f8,0x0000000087600000)
 Metaspace       used 20354K, capacity 21184K, committed 21248K, reserved 1067008K
  class space    used 2817K, capacity 3051K, committed 3072K, reserved 1048576K
Event: 1.242 GC heap after
Heap after GC invocations=3 (full 1):
 PSYoungGen      total 37888K, used 0K [0x00000000d6100000, 0x00000000dab00000, 0x0000000100000000)
  eden space 32768K, 0% used [0x00000000d6100000,0x00000000d6100000,0x00000000d8100000)
  from space 5120K, 0% used [0x00000000d8600000,0x00000000d8600000,0x00000000d8b00000)
  to   space 5120K, 0% used [0x00000000d8100000,0x00000000d8100000,0x00000000d8600000)
 ParOldGen       total 69632K, used 8990K [0x0000000082200000, 0x0000000086600000, 0x00000000d6100000)
  object space 69632K, 12% used [0x0000000082200000,0x0000000082ac7b68,0x0000000086600000)
 Metaspace       used 20354K, capacity 21184K, committed 21248K, reserved 1067008K
  class space    used 2817K, capacity 3051K, committed 3072K, reserved 1048576K
}
Event: 1.994 GC heap before
{Heap before GC invocations=4 (full 1):
 PSYoungGen      total 37888K, used 32768K [0x00000000d6100000, 0x00000000dab00000, 0x0000000100000000)
  eden space 32768K, 100% used [0x00000000d6100000,0x00000000d8100000,0x00000000d8100000)
  from space 5120K, 0% used [0x00000000d8600000,0x00000000d8600000,0x00000000d8b00000)
  to   space 5120K, 0% used [0x00000000d8100000,0x00000000d8100000,0x00000000d8600000)
 ParOldGen       total 69632K, used 8990K [0x0000000082200000, 0x0000000086600000, 0x00000000d6100000)
  object space 69632K, 12% used [0x0000000082200000,0x0000000082ac7b68,0x0000000086600000)
 Metaspace       used 23710K, capacity 24890K, committed 25216K, reserved 1071104K
  class space    used 3353K, capacity 3638K, committed 3712K, reserved 1048576K
Event: 1.999 GC heap after
Heap after GC invocations=4 (full 1):
 PSYoungGen      total 37888K, used 5107K [0x00000000d6100000, 0x00000000d9400000, 0x0000000100000000)
  eden space 32768K, 0% used [0x00000000d6100000,0x00000000d6100000,0x00000000d8100000)
  from space 5120K, 99% used [0x00000000d8100000,0x00000000d85fcfc0,0x00000000d8600000)
  to   space 5120K, 0% used [0x00000000d8f00000,0x00000000d8f00000,0x00000000d9400000)
 ParOldGen       total 69632K, used 11304K [0x0000000082200000, 0x0000000086600000, 0x00000000d6100000)
  object space 69632K, 16% used [0x0000000082200000,0x0000000082d0a260,0x0000000086600000)
 Metaspace       used 23710K, capacity 24890K, committed 25216K, reserved 1071104K
  class space    used 3353K, capacity 3638K, committed 3712K, reserved 1048576K
}
Event: 2.257 GC heap before
{Heap before GC invocations=5 (full 1):
 PSYoungGen      total 37888K, used 37875K [0x00000000d6100000, 0x00000000d9400000, 0x0000000100000000)
  eden space 32768K, 100% used [0x00000000d6100000,0x00000000d8100000,0x00000000d8100000)
  from space 5120K, 99% used [0x00000000d8100000,0x00000000d85fcfc0,0x00000000d8600000)
  to   space 5120K, 0% used [0x00000000d8f00000,0x00000000d8f00000,0x00000000d9400000)
 ParOldGen       total 69632K, used 11304K [0x0000000082200000, 0x0000000086600000, 0x00000000d6100000)
  object space 69632K, 16% used [0x0000000082200000,0x0000000082d0a278,0x0000000086600000)
 Metaspace       used 23931K, capacity 25214K, committed 25472K, reserved 1071104K
  class space    used 3355K, capacity 3638K, committed 3712K, reserved 1048576K
Event: 2.263 GC heap after
Heap after GC invocations=5 (full 1):
 PSYoungGen      total 47104K, used 5091K [0x00000000d6100000, 0x00000000d9600000, 0x0000000100000000)
  eden space 41984K, 0% used [0x00000000d6100000,0x00000000d6100000,0x00000000d8a00000)
  from space 5120K, 99% used [0x00000000d8f00000,0x00000000d93f8ff0,0x00000000d9400000)
  to   space 5120K, 0% used [0x00000000d8a00000,0x00000000d8a00000,0x00000000d8f00000)
 ParOldGen       total 69632K, used 16956K [0x0000000082200000, 0x0000000086600000, 0x00000000d6100000)
  object space 69632K, 24% used [0x0000000082200000,0x000000008328f3d0,0x0000000086600000)
 Metaspace       used 23931K, capacity 25214K, committed 25472K, reserved 1071104K
  class space    used 3355K, capacity 3638K, committed 3712K, reserved 1048576K
}
Event: 2.794 GC heap before
{Heap before GC invocations=6 (full 1):
 PSYoungGen      total 47104K, used 47075K [0x00000000d6100000, 0x00000000d9600000, 0x0000000100000000)
  eden space 41984K, 100% used [0x00000000d6100000,0x00000000d8a00000,0x00000000d8a00000)
  from space 5120K, 99% used [0x00000000d8f00000,0x00000000d93f8ff0,0x00000000d9400000)
  to   space 5120K, 0% used [0x00000000d8a00000,0x00000000d8a00000,0x00000000d8f00000)
 ParOldGen       total 69632K, used 16959K [0x0000000082200000, 0x0000000086600000, 0x00000000d6100000)
  object space 69632K, 24% used [0x0000000082200000,0x000000008328fd08,0x0000000086600000)
 Metaspace       used 26530K, capacity 28166K, committed 28416K, reserved 1073152K
  class space    used 3726K, capacity 4056K, committed 4096K, reserved 1048576K
Event: 2.800 GC heap after
Heap after GC invocations=6 (full 1):
 PSYoungGen      total 47104K, used 5118K [0x00000000d6100000, 0x00000000db200000, 0x0000000100000000)
  eden space 41984K, 0% used [0x00000000d6100000,0x00000000d6100000,0x00000000d8a00000)
  from space 5120K, 99% used [0x00000000d8a00000,0x00000000d8effb68,0x00000000d8f00000)
  to   space 13312K, 0% used [0x00000000da500000,0x00000000da500000,0x00000000db200000)
 ParOldGen       total 69632K, used 22985K [0x0000000082200000, 0x0000000086600000, 0x00000000d6100000)
  object space 69632K, 33% used [0x0000000082200000,0x0000000083872490,0x0000000086600000)
 Metaspace       used 26530K, capacity 28166K, committed 28416K, reserved 1073152K
  class space    used 3726K, capacity 4056K, committed 4096K, reserved 1048576K
}

Deoptimization events (10 events):
Event: 2.951 Thread 0x0000000018f0e000 Uncommon trap: reason=class_check action=maybe_recompile pc=0x0000000003077d6c method=java.io.SequenceInputStream.read()I @ 11
Event: 3.002 Thread 0x0000000018f0e000 Uncommon trap: reason=unstable_if action=reinterpret pc=0x0000000002fe5a98 method=java.lang.StrictMath.floorOrCeil(DDDD)D @ 115
Event: 3.002 Thread 0x0000000018f0e000 Uncommon trap: reason=unstable_if action=reinterpret pc=0x00000000030c1fbc method=java.util.ArrayList.remove(I)Ljava/lang/Object; @ 31
Event: 3.030 Thread 0x0000000018f0e000 Uncommon trap: reason=unstable_if action=reinterpret pc=0x0000000002de8e94 method=javafx.scene.CssStyleHelper.lookup(Ljavafx/css/Styleable;Ljavafx/css/CssMetaData;Lcom/sun/javafx/css/StyleMap;Ljava/util/Set;Ljavafx/css/Styleable;Lcom/sun/javafx/css/Calcul
Event: 3.040 Thread 0x0000000018f0e000 Uncommon trap: reason=unstable_if action=reinterpret pc=0x00000000032b3aa0 method=javafx.scene.CssStyleHelper.updateParentTriggerStates(Ljavafx/css/Styleable;I[Lcom/sun/javafx/css/PseudoClassState;)V @ 20
Event: 3.041 Thread 0x0000000018f0e000 Uncommon trap: reason=bimorphic action=maybe_recompile pc=0x0000000003145d28 method=javafx.beans.property.BooleanPropertyBase.get()Z @ 23
Event: 3.041 Thread 0x0000000018f0e000 Uncommon trap: reason=bimorphic action=maybe_recompile pc=0x0000000003145d28 method=javafx.beans.property.BooleanPropertyBase.get()Z @ 23
Event: 3.042 Thread 0x0000000018f0e000 Uncommon trap: reason=bimorphic action=maybe_recompile pc=0x0000000003145d28 method=javafx.beans.property.BooleanPropertyBase.get()Z @ 23
Event: 3.042 Thread 0x0000000018f0e000 Uncommon trap: reason=unstable_if action=reinterpret pc=0x0000000003294080 method=javafx.scene.CssStyleHelper.resolveRef(Ljavafx/css/Styleable;Ljava/lang/String;Lcom/sun/javafx/css/StyleMap;Ljava/util/Set;)Lcom/sun/javafx/css/CascadingStyle; @ 66
Event: 3.046 Thread 0x0000000018f0e000 Uncommon trap: reason=class_check action=maybe_recompile pc=0x0000000003201994 method=java.util.WeakHashMap.eq(Ljava/lang/Object;Ljava/lang/Object;)Z @ 7

Classes redefined (0 events):
No events

Internal exceptions (10 events):
Event: 2.564 Thread 0x0000000018f0e000 Exception <a 'sun/nio/fs/WindowsException'> (0x00000000d7c7d7b0) thrown at [C:\re\workspace\8-2-build-windows-amd64-cygwin\jdk8u191\11896\hotspot\src\share\vm\prims\jni.cpp, line 709]
Event: 2.566 Thread 0x0000000018f0e000 Exception <a 'sun/nio/fs/WindowsException'> (0x00000000d7c7f350) thrown at [C:\re\workspace\8-2-build-windows-amd64-cygwin\jdk8u191\11896\hotspot\src\share\vm\prims\jni.cpp, line 709]
Event: 2.579 Thread 0x0000000018f0e000 Exception <a 'sun/nio/fs/WindowsException'> (0x00000000d7d8b5b8) thrown at [C:\re\workspace\8-2-build-windows-amd64-cygwin\jdk8u191\11896\hotspot\src\share\vm\prims\jni.cpp, line 709]
Event: 2.580 Thread 0x0000000018f0e000 Exception <a 'sun/nio/fs/WindowsException'> (0x00000000d7d8ce50) thrown at [C:\re\workspace\8-2-build-windows-amd64-cygwin\jdk8u191\11896\hotspot\src\share\vm\prims\jni.cpp, line 709]
Event: 2.596 Thread 0x0000000018f0e000 Exception <a 'java/lang/ArrayIndexOutOfBoundsException'> (0x00000000d7ebdc90) thrown at [C:\re\workspace\8-2-build-windows-amd64-cygwin\jdk8u191\11896\hotspot\src\share\vm\runtime\sharedRuntime.cpp, line 605]
Event: 2.596 Thread 0x0000000018f0e000 Exception <a 'java/lang/ArrayIndexOutOfBoundsException'> (0x00000000d7ebf318) thrown at [C:\re\workspace\8-2-build-windows-amd64-cygwin\jdk8u191\11896\hotspot\src\share\vm\runtime\sharedRuntime.cpp, line 605]
Event: 2.596 Thread 0x0000000018f0e000 Implicit null exception at 0x0000000002d389d6 to 0x0000000002d38bc2
Event: 2.597 Thread 0x0000000018f0e000 Exception <a 'java/lang/ArrayIndexOutOfBoundsException'> (0x00000000d7eca190) thrown at [C:\re\workspace\8-2-build-windows-amd64-cygwin\jdk8u191\11896\hotspot\src\share\vm\runtime\sharedRuntime.cpp, line 605]
Event: 2.598 Thread 0x0000000018f0e000 Exception <a 'java/lang/ArrayIndexOutOfBoundsException'> (0x00000000d7ecd8b0) thrown at [C:\re\workspace\8-2-build-windows-amd64-cygwin\jdk8u191\11896\hotspot\src\share\vm\runtime\sharedRuntime.cpp, line 605]
Event: 2.694 Thread 0x0000000018f0e000 Exception <a 'java/io/FileNotFoundException'> (0x00000000d80fff98) thrown at [C:\re\workspace\8-2-build-windows-amd64-cygwin\jdk8u191\11896\hotspot\src\share\vm\prims\jni.cpp, line 709]

Events (10 events):
Event: 3.045 loading class javafx/scene/effect/InnerShadow$1 done
Event: 3.045 loading class javafx/scene/effect/InnerShadow$4
Event: 3.045 loading class javafx/scene/effect/InnerShadow$4 done
Event: 3.045 loading class javafx/scene/effect/InnerShadow$6
Event: 3.045 loading class javafx/scene/effect/InnerShadow$6 done
Event: 3.045 loading class javafx/scene/effect/InnerShadow$8
Event: 3.045 loading class javafx/scene/effect/InnerShadow$8 done
Event: 3.046 Thread 0x0000000018f0e000 Uncommon trap: trap_request=0xffffffde fr.pc=0x0000000003201994
Event: 3.046 Thread 0x0000000018f0e000 DEOPT PACKING pc=0x0000000003201994 sp=0x000000001a08c690
Event: 3.046 Thread 0x0000000018f0e000 DEOPT UNPACKING pc=0x000000000272583b sp=0x000000001a08c5b8 mode 2


Dynamic libraries:
0x00007ff69d440000 - 0x00007ff69d477000 	C:\Program Files\Java\jre1.8.0_191\bin\javaw.exe
0x00007ffbf29c0000 - 0x00007ffbf2b9b000 	C:\Windows\SYSTEM32\ntdll.dll
0x00007ffbf1c10000 - 0x00007ffbf1cbe000 	C:\Windows\System32\KERNEL32.DLL
0x00007ffbefa00000 - 0x00007ffbefc4a000 	C:\Windows\System32\KERNELBASE.dll
0x00007ffbf2040000 - 0x00007ffbf20e1000 	C:\Windows\System32\ADVAPI32.dll
0x00007ffbf20f0000 - 0x00007ffbf218d000 	C:\Windows\System32\msvcrt.dll
0x00007ffbf05e0000 - 0x00007ffbf0639000 	C:\Windows\System32\sechost.dll
0x00007ffbf0640000 - 0x00007ffbf0765000 	C:\Windows\System32\RPCRT4.dll
0x00007ffbf2870000 - 0x00007ffbf29ba000 	C:\Windows\System32\USER32.dll
0x00007ffbef8e0000 - 0x00007ffbef8fe000 	C:\Windows\System32\win32u.dll
0x00007ffbf2840000 - 0x00007ffbf2867000 	C:\Windows\System32\GDI32.dll
0x00007ffbeef90000 - 0x00007ffbef118000 	C:\Windows\System32\gdi32full.dll
0x00007ffbef960000 - 0x00007ffbef9fa000 	C:\Windows\System32\msvcp_win.dll
0x00007ffbefc50000 - 0x00007ffbefd46000 	C:\Windows\System32\ucrtbase.dll
0x00007ffbdf3d0000 - 0x00007ffbdf637000 	C:\Windows\WinSxS\amd64_microsoft.windows.common-controls_6595b64144ccf1df_6.0.15063.1155_none_40c7922129a7722b\COMCTL32.dll
0x00007ffbf2190000 - 0x00007ffbf2489000 	C:\Windows\System32\combase.dll
0x00007ffbef120000 - 0x00007ffbef18a000 	C:\Windows\System32\bcryptPrimitives.dll
0x00007ffbf2580000 - 0x00007ffbf25ad000 	C:\Windows\System32\IMM32.DLL
0x00007ffbd7a40000 - 0x00007ffbd7af1000 	C:\Program Files\McAfee\Endpoint Security\Threat Prevention\Ips\EpMPApi.dll
0x00007ffbef900000 - 0x00007ffbef957000 	C:\Windows\System32\WINTRUST.dll
0x00007ffbeeec0000 - 0x00007ffbeeed1000 	C:\Windows\System32\MSASN1.dll
0x00007ffbefd50000 - 0x00007ffbeff19000 	C:\Windows\System32\CRYPT32.dll
0x0000000052580000 - 0x000000005258c000 	C:\Program Files\McAfee\Endpoint Security\Threat Prevention\Ips\EpMPThe.dll
0x0000000051660000 - 0x0000000051732000 	C:\Program Files\Java\jre1.8.0_191\bin\msvcr100.dll
0x0000000051830000 - 0x00000000520d4000 	C:\Program Files\Java\jre1.8.0_191\bin\server\jvm.dll
0x00007ffbf2510000 - 0x00007ffbf2518000 	C:\Windows\System32\PSAPI.DLL
0x00007ffbed110000 - 0x00007ffbed133000 	C:\Windows\SYSTEM32\WINMM.dll
0x00007ffbdd7d0000 - 0x00007ffbdd7d9000 	C:\Windows\SYSTEM32\WSOCK32.dll
0x00007ffbdef00000 - 0x00007ffbdef0a000 	C:\Windows\SYSTEM32\VERSION.dll
0x00007ffbf1d70000 - 0x00007ffbf1ddc000 	C:\Windows\System32\WS2_32.dll
0x00007ffbed0b0000 - 0x00007ffbed0db000 	C:\Windows\SYSTEM32\WINMMBASE.dll
0x00007ffbef890000 - 0x00007ffbef8d9000 	C:\Windows\System32\cfgmgr32.dll
0x0000000051820000 - 0x000000005182f000 	C:\Program Files\Java\jre1.8.0_191\bin\verify.dll
0x00000000517f0000 - 0x0000000051819000 	C:\Program Files\Java\jre1.8.0_191\bin\java.dll
0x00000000517d0000 - 0x00000000517e6000 	C:\Program Files\Java\jre1.8.0_191\bin\zip.dll
0x00007ffbf0770000 - 0x00007ffbf1ba8000 	C:\Windows\System32\SHELL32.dll
0x00007ffbeff20000 - 0x00007ffbeffca000 	C:\Windows\System32\shcore.dll
0x00007ffbef190000 - 0x00007ffbef881000 	C:\Windows\System32\windows.storage.dll
0x00007ffbf2520000 - 0x00007ffbf2571000 	C:\Windows\System32\shlwapi.dll
0x00007ffbeeea0000 - 0x00007ffbeeeb1000 	C:\Windows\System32\kernel.appcore.dll
0x00007ffbeee50000 - 0x00007ffbeee9c000 	C:\Windows\System32\powrprof.dll
0x00007ffbeee30000 - 0x00007ffbeee45000 	C:\Windows\System32\profapi.dll
0x0000000000ae0000 - 0x0000000000ae3000 	C:\Program Files\Java\jre1.8.0_191\bin\api-ms-win-core-console-l1-1-0.dll
0x0000000000af0000 - 0x0000000000af3000 	C:\Program Files\Java\jre1.8.0_191\bin\api-ms-win-core-datetime-l1-1-0.dll
0x0000000000b00000 - 0x0000000000b03000 	C:\Program Files\Java\jre1.8.0_191\bin\api-ms-win-core-debug-l1-1-0.dll
0x00000000023c0000 - 0x00000000023c3000 	C:\Program Files\Java\jre1.8.0_191\bin\api-ms-win-core-errorhandling-l1-1-0.dll
0x00000000023d0000 - 0x00000000023d4000 	C:\Program Files\Java\jre1.8.0_191\bin\api-ms-win-core-file-l1-1-0.dll
0x00000000023e0000 - 0x00000000023e3000 	C:\Program Files\Java\jre1.8.0_191\bin\api-ms-win-core-file-l1-2-0.dll
0x00000000023f0000 - 0x00000000023f3000 	C:\Program Files\Java\jre1.8.0_191\bin\api-ms-win-core-file-l2-1-0.dll
0x0000000002400000 - 0x0000000002403000 	C:\Program Files\Java\jre1.8.0_191\bin\api-ms-win-core-handle-l1-1-0.dll
0x0000000002410000 - 0x0000000002413000 	C:\Program Files\Java\jre1.8.0_191\bin\api-ms-win-core-heap-l1-1-0.dll
0x0000000002420000 - 0x0000000002423000 	C:\Program Files\Java\jre1.8.0_191\bin\api-ms-win-core-interlocked-l1-1-0.dll
0x0000000002430000 - 0x0000000002433000 	C:\Program Files\Java\jre1.8.0_191\bin\api-ms-win-core-libraryloader-l1-1-0.dll
0x0000000002440000 - 0x0000000002443000 	C:\Program Files\Java\jre1.8.0_191\bin\api-ms-win-core-localization-l1-2-0.dll
0x0000000002450000 - 0x0000000002453000 	C:\Program Files\Java\jre1.8.0_191\bin\api-ms-win-core-memory-l1-1-0.dll
0x0000000002460000 - 0x0000000002463000 	C:\Program Files\Java\jre1.8.0_191\bin\api-ms-win-core-namedpipe-l1-1-0.dll
0x0000000002470000 - 0x0000000002473000 	C:\Program Files\Java\jre1.8.0_191\bin\api-ms-win-core-processenvironment-l1-1-0.dll
0x0000000002490000 - 0x0000000002493000 	C:\Program Files\Java\jre1.8.0_191\bin\api-ms-win-core-processthreads-l1-1-0.dll
0x00000000025b0000 - 0x00000000025b3000 	C:\Program Files\Java\jre1.8.0_191\bin\api-ms-win-core-processthreads-l1-1-1.dll
0x00000000025c0000 - 0x00000000025c3000 	C:\Program Files\Java\jre1.8.0_191\bin\api-ms-win-core-profile-l1-1-0.dll
0x0000000019110000 - 0x0000000019113000 	C:\Program Files\Java\jre1.8.0_191\bin\api-ms-win-core-rtlsupport-l1-1-0.dll
0x0000000019120000 - 0x0000000019123000 	C:\Program Files\Java\jre1.8.0_191\bin\api-ms-win-core-string-l1-1-0.dll
0x0000000019130000 - 0x0000000019133000 	C:\Program Files\Java\jre1.8.0_191\bin\api-ms-win-core-synch-l1-1-0.dll
0x0000000019140000 - 0x0000000019143000 	C:\Program Files\Java\jre1.8.0_191\bin\api-ms-win-core-synch-l1-2-0.dll
0x0000000019150000 - 0x0000000019153000 	C:\Program Files\Java\jre1.8.0_191\bin\api-ms-win-core-sysinfo-l1-1-0.dll
0x0000000019160000 - 0x0000000019163000 	C:\Program Files\Java\jre1.8.0_191\bin\api-ms-win-core-timezone-l1-1-0.dll
0x0000000019170000 - 0x0000000019173000 	C:\Program Files\Java\jre1.8.0_191\bin\api-ms-win-core-util-l1-1-0.dll
0x0000000019180000 - 0x0000000019183000 	C:\Program Files\Java\jre1.8.0_191\bin\api-ms-win-crt-conio-l1-1-0.dll
0x0000000019190000 - 0x0000000019194000 	C:\Program Files\Java\jre1.8.0_191\bin\api-ms-win-crt-convert-l1-1-0.dll
0x00000000191a0000 - 0x00000000191a3000 	C:\Program Files\Java\jre1.8.0_191\bin\api-ms-win-crt-environment-l1-1-0.dll
0x00000000191b0000 - 0x00000000191b3000 	C:\Program Files\Java\jre1.8.0_191\bin\api-ms-win-crt-filesystem-l1-1-0.dll
0x00000000191c0000 - 0x00000000191c3000 	C:\Program Files\Java\jre1.8.0_191\bin\api-ms-win-crt-heap-l1-1-0.dll
0x00000000191d0000 - 0x00000000191d3000 	C:\Program Files\Java\jre1.8.0_191\bin\api-ms-win-crt-locale-l1-1-0.dll
0x00000000191e0000 - 0x00000000191e5000 	C:\Program Files\Java\jre1.8.0_191\bin\api-ms-win-crt-math-l1-1-0.dll
0x00000000191f0000 - 0x00000000191f5000 	C:\Program Files\Java\jre1.8.0_191\bin\api-ms-win-crt-multibyte-l1-1-0.dll
0x0000000019200000 - 0x0000000019210000 	C:\Program Files\Java\jre1.8.0_191\bin\api-ms-win-crt-private-l1-1-0.dll
0x0000000019210000 - 0x0000000019213000 	C:\Program Files\Java\jre1.8.0_191\bin\api-ms-win-crt-process-l1-1-0.dll
0x0000000019220000 - 0x0000000019224000 	C:\Program Files\Java\jre1.8.0_191\bin\api-ms-win-crt-runtime-l1-1-0.dll
0x0000000019230000 - 0x0000000019234000 	C:\Program Files\Java\jre1.8.0_191\bin\api-ms-win-crt-stdio-l1-1-0.dll
0x0000000019240000 - 0x0000000019244000 	C:\Program Files\Java\jre1.8.0_191\bin\api-ms-win-crt-string-l1-1-0.dll
0x0000000019250000 - 0x0000000019253000 	C:\Program Files\Java\jre1.8.0_191\bin\api-ms-win-crt-time-l1-1-0.dll
0x0000000019260000 - 0x0000000019263000 	C:\Program Files\Java\jre1.8.0_191\bin\api-ms-win-crt-utility-l1-1-0.dll
0x00007ffbbbc30000 - 0x00007ffbbbd26000 	C:\Program Files\Java\jre1.8.0_191\bin\ucrtbase.dll
0x00007ffbd0790000 - 0x00007ffbd07a6000 	C:\Program Files\Java\jre1.8.0_191\bin\vcruntime140.dll
0x00007ffbd0570000 - 0x00007ffbd060c000 	C:\Program Files\Java\jre1.8.0_191\bin\msvcp140.dll
0x00007ffbca770000 - 0x00007ffbca7c1000 	C:\Program Files\Java\jre1.8.0_191\bin\concrt140.dll
0x0000000051630000 - 0x0000000051653000 	C:\Program Files\Java\jre1.8.0_191\bin\prism_d3d.dll
0x00007ffbad2c0000 - 0x00007ffbad449000 	C:\Windows\system32\d3d9.dll
0x00007ffbed080000 - 0x00007ffbed0aa000 	C:\Windows\SYSTEM32\dwmapi.dll
0x00007ffbed330000 - 0x00007ffbed3c5000 	C:\Windows\system32\uxtheme.dll
0x00007ffbbba50000 - 0x00007ffbbbc27000 	C:\Windows\System32\DriverStore\FileRepository\ki127171.inf_amd64_368f8c7337214025\igdumdim64.dll
0x00007ffb9bd50000 - 0x00007ffb9ed4d000 	C:\Windows\System32\DriverStore\FileRepository\ki127171.inf_amd64_368f8c7337214025\igd9dxva64.dll
0x00007ffbf0490000 - 0x00007ffbf05d5000 	C:\Windows\System32\ole32.dll
0x00007ffbf1de0000 - 0x00007ffbf1ea0000 	C:\Windows\System32\OLEAUT32.dll
0x00000000515e0000 - 0x0000000051629000 	C:\Program Files\Java\jre1.8.0_191\bin\glass.dll
0x0000000019cc0000 - 0x0000000019dc8000 	C:\Windows\System32\COMDLG32.dll
0x00007ffbf25b0000 - 0x00007ffbf2716000 	C:\Windows\System32\MSCTF.dll
0x00007ffbe6020000 - 0x00007ffbe7db5000 	C:\Windows\System32\DriverStore\FileRepository\ki127171.inf_amd64_368f8c7337214025\igc64.dll
0x00000000515c0000 - 0x00000000515d4000 	C:\Program Files\Java\jre1.8.0_191\bin\javafx_font.dll
0x0000000074940000 - 0x0000000077ffa000 	C:\Program Files\Java\jre1.8.0_191\bin\jfxwebkit.dll
0x00007ffbe3a30000 - 0x00007ffbe3cef000 	C:\Windows\SYSTEM32\dwrite.dll
0x00007ffbee890000 - 0x00007ffbee8a7000 	C:\Windows\SYSTEM32\CRYPTSP.dll
0x00007ffbedfc0000 - 0x00007ffbedff4000 	C:\Windows\system32\rsaenh.dll
0x00007ffbee9f0000 - 0x00007ffbeea15000 	C:\Windows\SYSTEM32\bcrypt.dll
0x00007ffbee880000 - 0x00007ffbee88b000 	C:\Windows\SYSTEM32\CRYPTBASE.dll
0x00007ffbeed60000 - 0x00007ffbeed89000 	C:\Windows\SYSTEM32\USERENV.dll
0x00000000517b0000 - 0x00000000517ca000 	C:\Program Files\Java\jre1.8.0_191\bin\net.dll
0x00007ffbee6e0000 - 0x00007ffbee73c000 	C:\Windows\system32\mswsock.dll
0x00007ffbee480000 - 0x00007ffbee4b7000 	C:\Windows\SYSTEM32\IPHLPAPI.DLL
0x00007ffbf1cc0000 - 0x00007ffbf1cc8000 	C:\Windows\System32\NSI.dll
0x00007ffbe8350000 - 0x00007ffbe8366000 	C:\Windows\System32\GDI32.dll
0x00007ffbe7df0000 - 0x00007ffbe7e0a000 	C:\Windows\System32\bcryptPrimitives.dll
0x0000000051790000 - 0x00000000517a1000 	C:\Windows\System32\CRYPT32.dll
0x0000000051760000 - 0x0000000051784000 	C:\Windows\SYSTEM32\WINMM.dll
0x00007ffbf1cd0000 - 0x00007ffbf1d6e000 	C:\Windows\System32\WS2_32.dll
0x00007ffbe9eb0000 - 0x00007ffbea05c000 	C:\Program Files\Java\jre1.8.0_191\bin\java.dll
0x00007ffbc32c0000 - 0x00007ffbc3307000 	C:\Windows\system32\dataexchange.dll
0x00007ffbebb90000 - 0x00007ffbebe6f000 	C:\Windows\System32\RPCRT4.dll
0x00007ffbec570000 - 0x00007ffbec693000 	C:\Windows\System32\combase.dll
0x00007ffbedb70000 - 0x00007ffbedc14000 	C:\Windows\System32\MSASN1.dll
0x00007ffbed610000 - 0x00007ffbed780000 	C:\Windows\System32\PSAPI.DLL
0x00007ffbca730000 - 0x00007ffbca761000 	C:\Windows\System32\WS2_32.dll
0x0000000051750000 - 0x000000005175b000 	C:\Program Files\Java\jre1.8.0_191\bin\java.dll
0x00007ffbee4c0000 - 0x00007ffbee564000 	C:\Windows\SYSTEM32\DNSAPI.dll
0x00007ffbe3300000 - 0x00007ffbe330a000 	C:\Windows\System32\gdi32full.dll
0x00007ffbe97b0000 - 0x00007ffbe981b000 	C:\Program Files\McAfee\Endpoint Security\Threat Prevention\Ips\EpMPApi.dll
0x00007ffbe54c0000 - 0x00007ffbe5541000 	C:\Program Files\Java\jre1.8.0_191\bin\msvcr100.dll
0x00007ffbec420000 - 0x00007ffbec504000 	C:\Windows\SYSTEM32\VERSION.dll

VM Arguments:
jvm_args: -Dfile.encoding=UTF-8 
java_command: principal.Principal
java_class_path (initial): C:\Program Files\Java\jre1.8.0_191\lib\resources.jar;C:\Program Files\Java\jre1.8.0_191\lib\rt.jar;C:\Program Files\Java\jre1.8.0_191\lib\jsse.jar;C:\Program Files\Java\jre1.8.0_191\lib\jce.jar;C:\Program Files\Java\jre1.8.0_191\lib\charsets.jar;C:\Program Files\Java\jre1.8.0_191\lib\jfr.jar;C:\Program Files\Java\jre1.8.0_191\lib\ext\access-bridge-64.jar;C:\Program Files\Java\jre1.8.0_191\lib\ext\cldrdata.jar;C:\Program Files\Java\jre1.8.0_191\lib\ext\dnsns.jar;C:\Program Files\Java\jre1.8.0_191\lib\ext\jaccess.jar;C:\Program Files\Java\jre1.8.0_191\lib\ext\jfxrt.jar;C:\Program Files\Java\jre1.8.0_191\lib\ext\localedata.jar;C:\Program Files\Java\jre1.8.0_191\lib\ext\nashorn.jar;C:\Program Files\Java\jre1.8.0_191\lib\ext\sunec.jar;C:\Program Files\Java\jre1.8.0_191\lib\ext\sunjce_provider.jar;C:\Program Files\Java\jre1.8.0_191\lib\ext\sunmscapi.jar;C:\Program Files\Java\jre1.8.0_191\lib\ext\sunpkcs11.jar;C:\Program Files\Java\jre1.8.0_191\lib\ext\zipfs.jar;C:\Users\fabricio.barrozo\git\srh.adasa\target\classes;C:\Users\fabricio.barrozo\.m2\repository\com\vividsolutions\jts\1.13\jts-1.13.jar;C:\Users\fabricio.barrozo\.m2\repository\org\hibernate\hibernate-spatial\5.1.0.Final\hibernate-spatial-5.1.0.Final.jar;C:\Users\fabricio.barrozo\.m2\repository\org\hibernate\hibernate-core\5.1.0.Final\hibernate-core-5.1.0.Final.jar;C:\Users\fabricio.barrozo\.m2\repository\org\apache\geronimo\specs\geronimo-jta_1.1_spec\1.1.1\geronimo-jta_1.1_spec-1.1.1.jar;C:\Users\fabricio.barrozo\.m2\repository\org\jboss\jandex\2.0.0.Final\jandex-2.0.0.Final.jar;C:\Users\fabricio.barrozo\.m2\repository\com\fasterxml\classmate\1.3.0\classmate-1.3.0.jar;C:\Users\fabricio.barrozo\.m2\repository\org\postgresql\postgresql\9.4-1200-jdbc41\postgresql-9.4-1200-jdbc41.jar;C:\Users\fabricio.barrozo\.m2\repository\com\github\dblock\waffle\waffle-jna\1.7\waffle-jna-1.7.jar;C:\Users\fabricio.barrozo\.m2\repository\net\java\dev\jna\jna\4.1.0\jna-4.1.0.jar;C:\Users\fabricio.barrozo
Launcher Type: SUN_STANDARD

Environment Variables:
JAVA_HOME=C:\Program Files\Java\jdk1.8.0_191
PATH=C:/Program Files/Java/jre1.8.0_191/bin/server;C:/Program Files/Java/jre1.8.0_191/bin;C:/Program Files/Java/jre1.8.0_191/lib/amd64;C:\Program Files (x86)\Common Files\Oracle\Java\javapath;C:\ProgramData\Oracle\Java\javapath;C:\Program Files (x86)\Intel\iCLS Client\;C:\Program Files\Intel\iCLS Client\;C:\Windows\system32;C:\Windows;C:\Windows\System32\Wbem;C:\Windows\System32\WindowsPowerShell\v1.0\;C:\Program Files (x86)\Intel\Intel(R) Management Engine Components\DAL;C:\Program Files\Intel\Intel(R) Management Engine Components\DAL;C:\Program Files (x86)\Intel\Intel(R) Management Engine Components\IPT;C:\Program Files\Intel\Intel(R) Management Engine Components\IPT;C:\Program Files\Intel\WiFi\bin\;C:\Program Files\Common Files\Intel\WirelessCommon\;c:\Program Files\Microsoft SQL Server\110\Tools\Binn\;c:\Program Files (x86)\Microsoft SQL Server\110\Tools\Binn\ManagementStudio\;c:\Program Files (x86)\Microsoft SQL Server\110\Tools\Binn\;c:\Program Files (x86)\Microsoft SQL Server\110\DTS\Binn\;C:\apache-maven-3.6.0\bin;C:\Users\fabricio.barrozo\AppData\Local\Microsoft\WindowsApps;;C:\Windows\system32;
USERNAME=fabricio.barrozo
OS=Windows_NT
PROCESSOR_IDENTIFIER=Intel64 Family 6 Model 94 Stepping 3, GenuineIntel



---------------  S Y S T E M  ---------------

OS: Windows 10.0 , 64 bit Build 15063 (10.0.15063.1058)

CPU:total 4 (initial active 4) (4 cores per cpu, 1 threads per core) family 6 model 94 stepping 3, cmov, cx8, fxsr, mmx, sse, sse2, sse3, ssse3, sse4.1, sse4.2, popcnt, avx, avx2, aes, clmul, erms, rtm, 3dnowpref, lzcnt, tsc, tscinvbit, bmi1, bmi2, adx

Memory: 4k page, physical 8249056k(975640k free), swap 10196696k(4188k free)

vm_info: Java HotSpot(TM) 64-Bit Server VM (25.191-b12) for windows-amd64 JRE (1.8.0_191-b12), built on Oct  6 2018 09:29:03 by "java_re" with MS VC++ 10.0 (VS2010)

time: Fri Feb 22 18:03:36 2019
elapsed time: 3 seconds (0d 0h 0m 3s)

