#
# There is insufficient memory for the Java Runtime Environment to continue.
# Native memory allocation (malloc) failed to allocate 1101296 bytes for Chunk::new
# Possible reasons:
#   The system is out of physical RAM or swap space
#   In 32 bit mode, the process size limit was hit
# Possible solutions:
#   Reduce memory load on the system
#   Increase physical memory or swap space
#   Check if swap backing store is full
#   Use 64 bit Java on a 64 bit OS
#   Decrease Java heap size (-Xmx/-Xms)
#   Decrease number of Java threads
#   Decrease Java thread stack sizes (-Xss)
#   Set larger code cache with -XX:ReservedCodeCacheSize=
# This output file may be truncated or incomplete.
#
#  Out of Memory Error (allocation.cpp:390), pid=5012, tid=0x00000000000038e8
#
# JRE version: Java(TM) SE Runtime Environment (8.0_191-b12) (build 1.8.0_191-b12)
# Java VM: Java HotSpot(TM) 64-Bit Server VM (25.191-b12 mixed mode windows-amd64 compressed oops)
# Failed to write core dump. Minidumps are not enabled by default on client versions of Windows
#

---------------  T H R E A D  ---------------

Current thread (0x0000000017117000):  JavaThread "C2 CompilerThread1" daemon [_thread_in_native, id=14568, stack(0x0000000018870000,0x0000000018970000)]

Stack: [0x0000000018870000,0x0000000018970000]
[error occurred during error reporting (printing stack bounds), id 0xc0000005]

Native frames: (J=compiled Java code, j=interpreted, Vv=VM code, C=native code)


Current CompileTask:
C2:   3098 4246       4       com.sun.javafx.css.StyleManager$Cache::getStyleMap (400 bytes)


---------------  P R O C E S S  ---------------

Java Threads: ( => current thread )
  0x000000002498a000 JavaThread "Thread-14" daemon [_thread_in_native, id=15352, stack(0x000000002dbc0000,0x000000002dcc0000)]
  0x0000000024997000 JavaThread "Thread-15" daemon [_thread_in_native, id=8112, stack(0x00000000299a0000,0x0000000029aa0000)]
  0x0000000024997800 JavaThread "Thread-13" daemon [_thread_in_native, id=1404, stack(0x0000000025770000,0x0000000025870000)]
  0x0000000024991800 JavaThread "Thread-12" daemon [_thread_in_native, id=11824, stack(0x0000000029b20000,0x0000000029c20000)]
  0x0000000024991000 JavaThread "Thread-11" daemon [_thread_in_native, id=3820, stack(0x0000000025870000,0x0000000025970000)]
  0x0000000024989800 JavaThread "URL-Loader-20" daemon [_thread_blocked, id=11104, stack(0x000000002c5f0000,0x000000002c6f0000)]
  0x0000000024990000 JavaThread "URL-Loader-19" daemon [_thread_in_native, id=14324, stack(0x000000002c3f0000,0x000000002c4f0000)]
  0x000000002498c800 JavaThread "URL-Loader-18" daemon [_thread_in_native, id=4012, stack(0x000000002b320000,0x000000002b420000)]
  0x000000002498b000 JavaThread "URL-Loader-17" daemon [_thread_blocked, id=4940, stack(0x000000002b220000,0x000000002b320000)]
  0x0000000024988800 JavaThread "URL-Loader-16" daemon [_thread_blocked, id=1772, stack(0x000000002b120000,0x000000002b220000)]
  0x000000002498f800 JavaThread "URL-Loader-15" daemon [_thread_blocked, id=12980, stack(0x000000002b020000,0x000000002b120000)]
  0x000000002498d000 JavaThread "URL-Loader-14" daemon [_thread_blocked, id=6040, stack(0x000000002ab20000,0x000000002ac20000)]
  0x000000002498b800 JavaThread "URL-Loader-13" daemon [_thread_blocked, id=10776, stack(0x000000002aa20000,0x000000002ab20000)]
  0x000000002498e000 JavaThread "URL-Loader-12" daemon [_thread_blocked, id=12500, stack(0x000000002a920000,0x000000002aa20000)]
  0x000000002498e800 JavaThread "URL-Loader-11" daemon [_thread_blocked, id=8640, stack(0x000000002a820000,0x000000002a920000)]
  0x0000000019913800 JavaThread "URL-Loader-10" daemon [_thread_blocked, id=12008, stack(0x000000002a720000,0x000000002a820000)]
  0x0000000019912000 JavaThread "Keep-Alive-Timer" daemon [_thread_blocked, id=14068, stack(0x0000000029c20000,0x0000000029d20000)]
  0x0000000019910800 JavaThread "URL-Loader-9" daemon [_thread_blocked, id=8492, stack(0x0000000023c80000,0x0000000023d80000)]
  0x0000000019916800 JavaThread "URL-Loader-8" daemon [_thread_blocked, id=12584, stack(0x0000000023b80000,0x0000000023c80000)]
  0x0000000019915000 JavaThread "URL-Loader-7" daemon [_thread_blocked, id=3320, stack(0x0000000023a80000,0x0000000023b80000)]
  0x0000000019912800 JavaThread "URL-Loader-6" daemon [_thread_blocked, id=3704, stack(0x0000000023980000,0x0000000023a80000)]
  0x0000000019914000 JavaThread "URL-Loader-5" daemon [_thread_blocked, id=10412, stack(0x0000000023880000,0x0000000023980000)]
  0x0000000019915800 JavaThread "URL-Loader-4" daemon [_thread_blocked, id=160, stack(0x0000000023780000,0x0000000023880000)]
  0x0000000019911000 JavaThread "URL-Loader-3" daemon [_thread_blocked, id=4420, stack(0x0000000023680000,0x0000000023780000)]
  0x00000000197f9000 JavaThread "URL-Loader-2" daemon [_thread_blocked, id=3384, stack(0x0000000023580000,0x0000000023680000)]
  0x000000001971e000 JavaThread "URL-Loader-1" daemon [_thread_in_native, id=7080, stack(0x00000000231f0000,0x00000000232f0000)]
  0x0000000019723000 JavaThread "Disposer" daemon [_thread_blocked, id=7088, stack(0x0000000022cc0000,0x0000000022dc0000)]
  0x0000000019719000 JavaThread "Prism Font Disposer" daemon [_thread_blocked, id=13708, stack(0x00000000223c0000,0x00000000224c0000)]
  0x0000000019282800 JavaThread "Thread-3" daemon [_thread_in_native, id=2300, stack(0x0000000020870000,0x0000000020970000)]
  0x0000000019280800 JavaThread "JavaFX-Launcher" [_thread_blocked, id=6116, stack(0x0000000020970000,0x0000000020a70000)]
  0x0000000019274000 JavaThread "JavaFX Application Thread" [_thread_blocked, id=11612, stack(0x0000000019fa0000,0x000000001a0a0000)]
  0x0000000019273000 JavaThread "Thread-1" daemon [_thread_blocked, id=3804, stack(0x0000000019ea0000,0x0000000019fa0000)]
  0x0000000018e66800 JavaThread "QuantumRenderer-0" daemon [_thread_in_vm, id=8632, stack(0x0000000019a40000,0x0000000019b40000)]
  0x0000000018a93000 JavaThread "Service Thread" daemon [_thread_blocked, id=12300, stack(0x0000000018e70000,0x0000000018f70000)]
  0x000000001711c000 JavaThread "C1 CompilerThread2" daemon [_thread_blocked, id=5668, stack(0x0000000018970000,0x0000000018a70000)]
=>0x0000000017117000 JavaThread "C2 CompilerThread1" daemon [_thread_in_native, id=14568, stack(0x0000000018870000,0x0000000018970000)]
  0x0000000017113000 JavaThread "C2 CompilerThread0" daemon [_thread_in_native, id=13524, stack(0x0000000018770000,0x0000000018870000)]
  0x0000000017111800 JavaThread "Attach Listener" daemon [_thread_blocked, id=11368, stack(0x0000000018670000,0x0000000018770000)]
  0x000000001710e800 JavaThread "Signal Dispatcher" daemon [_thread_blocked, id=6004, stack(0x0000000018570000,0x0000000018670000)]
  0x000000000263e000 JavaThread "Finalizer" daemon [_thread_blocked, id=12376, stack(0x0000000018370000,0x0000000018470000)]
  0x0000000002633000 JavaThread "Reference Handler" daemon [_thread_blocked, id=3100, stack(0x0000000018270000,0x0000000018370000)]
  0x0000000002544000 JavaThread "main" [_thread_blocked, id=8352, stack(0x0000000002440000,0x0000000002540000)]

Other Threads:
  0x00000000170d8000 VMThread [stack: 0x0000000018170000,0x0000000018270000] [id=6992]
  0x0000000018ab4800 WatcherThread [stack: 0x0000000018f70000,0x0000000019070000] [id=11388]

VM state:not at safepoint (normal execution)

VM Mutex/Monitor currently owned by a thread:  ([mutex/lock_event])
[0x00000000025415d0] AdapterHandlerLibrary_lock - owner thread: 0x0000000018e66800

Heap:
 PSYoungGen      total 46592K, used 19579K [0x00000000d6100000, 0x00000000dbb00000, 0x0000000100000000)
  eden space 41472K, 34% used [0x00000000d6100000,0x00000000d6f1f4a8,0x00000000d8980000)
  from space 5120K, 99% used [0x00000000d8980000,0x00000000d8e7f7e0,0x00000000d8e80000)
  to   space 16384K, 0% used [0x00000000dab00000,0x00000000dab00000,0x00000000dbb00000)
 ParOldGen       total 68608K, used 26484K [0x0000000082200000, 0x0000000086500000, 0x00000000d6100000)
  object space 68608K, 38% used [0x0000000082200000,0x0000000083bdd3e8,0x0000000086500000)
 Metaspace       used 27386K, capacity 29234K, committed 29312K, reserved 1075200K
  class space    used 3875K, capacity 4224K, committed 4224K, reserved 1048576K

Card table byte_map: [0x0000000011a00000,0x0000000011df0000] byte_map_base: 0x00000000115ef000

Marking Bits: (ParMarkBitMap*) 0x00000000609e3e30
 Begin Bits: [0x0000000012490000, 0x0000000014408000)
 End Bits:   [0x0000000014408000, 0x0000000016380000)

Polling page: 0x0000000002300000

CodeCache: size=245760Kb used=12984Kb max_used=12984Kb free=232775Kb
 bounds [0x0000000002640000, 0x0000000003300000, 0x0000000011640000]
 total_blobs=5286 nmethods=4504 adapters=694
 compilation: enabled

Compilation events (10 events):
Event: 3.085 Thread 0x000000001711c000 4517       1       javafx.scene.control.ComboBox::itemsProperty (5 bytes)
Event: 3.085 Thread 0x000000001711c000 nmethod 4517 0x00000000032e2b10 code [0x00000000032e2c60, 0x00000000032e2d70]
Event: 3.085 Thread 0x000000001711c000 4518       2       javafx.scene.control.ComboBox::setItems (9 bytes)
Event: 3.085 Thread 0x000000001711c000 nmethod 4518 0x00000000032e2dd0 code [0x00000000032e2f40, 0x00000000032e30c8]
Event: 3.085 Thread 0x000000001711c000 4520       2       java.lang.StringBuilder::append (8 bytes)
Event: 3.085 Thread 0x000000001711c000 nmethod 4520 0x00000000032e3150 code [0x00000000032e32c0, 0x00000000032e3448]
Event: 3.085 Thread 0x000000001711c000 4521       2       java.lang.AbstractStringBuilder::append (70 bytes)
Event: 3.085 Thread 0x000000001711c000 nmethod 4521 0x00000000032e34d0 code [0x00000000032e3680, 0x00000000032e3ad8]
Event: 3.085 Thread 0x000000001711c000 4519       2       com.sun.webkit.WebPage::getPage (5 bytes)
Event: 3.085 Thread 0x000000001711c000 nmethod 4519 0x00000000032e3d10 code [0x00000000032e3e60, 0x00000000032e3fb0]

GC Heap History (10 events):
Event: 1.088 GC heap before
{Heap before GC invocations=2 (full 0):
 PSYoungGen      total 37888K, used 33011K [0x00000000d6100000, 0x00000000d8b00000, 0x0000000100000000)
  eden space 32768K, 85% used [0x00000000d6100000,0x00000000d7c3f148,0x00000000d8100000)
  from space 5120K, 99% used [0x00000000d8100000,0x00000000d85fdce0,0x00000000d8600000)
  to   space 5120K, 0% used [0x00000000d8600000,0x00000000d8600000,0x00000000d8b00000)
 ParOldGen       total 86016K, used 80K [0x0000000082200000, 0x0000000087600000, 0x00000000d6100000)
  object space 86016K, 0% used [0x0000000082200000,0x0000000082214010,0x0000000087600000)
 Metaspace       used 20217K, capacity 21240K, committed 21248K, reserved 1067008K
  class space    used 2835K, capacity 3069K, committed 3072K, reserved 1048576K
Event: 1.095 GC heap after
Heap after GC invocations=2 (full 0):
 PSYoungGen      total 37888K, used 5088K [0x00000000d6100000, 0x00000000dab00000, 0x0000000100000000)
  eden space 32768K, 0% used [0x00000000d6100000,0x00000000d6100000,0x00000000d8100000)
  from space 5120K, 99% used [0x00000000d8600000,0x00000000d8af8280,0x00000000d8b00000)
  to   space 5120K, 0% used [0x00000000d8100000,0x00000000d8100000,0x00000000d8600000)
 ParOldGen       total 86016K, used 3366K [0x0000000082200000, 0x0000000087600000, 0x00000000d6100000)
  object space 86016K, 3% used [0x0000000082200000,0x00000000825499d8,0x0000000087600000)
 Metaspace       used 20217K, capacity 21240K, committed 21248K, reserved 1067008K
  class space    used 2835K, capacity 3069K, committed 3072K, reserved 1048576K
}
Event: 1.095 GC heap before
{Heap before GC invocations=3 (full 1):
 PSYoungGen      total 37888K, used 5088K [0x00000000d6100000, 0x00000000dab00000, 0x0000000100000000)
  eden space 32768K, 0% used [0x00000000d6100000,0x00000000d6100000,0x00000000d8100000)
  from space 5120K, 99% used [0x00000000d8600000,0x00000000d8af8280,0x00000000d8b00000)
  to   space 5120K, 0% used [0x00000000d8100000,0x00000000d8100000,0x00000000d8600000)
 ParOldGen       total 86016K, used 3366K [0x0000000082200000, 0x0000000087600000, 0x00000000d6100000)
  object space 86016K, 3% used [0x0000000082200000,0x00000000825499d8,0x0000000087600000)
 Metaspace       used 20217K, capacity 21240K, committed 21248K, reserved 1067008K
  class space    used 2835K, capacity 3069K, committed 3072K, reserved 1048576K
Event: 1.126 GC heap after
Heap after GC invocations=3 (full 1):
 PSYoungGen      total 37888K, used 0K [0x00000000d6100000, 0x00000000dab00000, 0x0000000100000000)
  eden space 32768K, 0% used [0x00000000d6100000,0x00000000d6100000,0x00000000d8100000)
  from space 5120K, 0% used [0x00000000d8600000,0x00000000d8600000,0x00000000d8b00000)
  to   space 5120K, 0% used [0x00000000d8100000,0x00000000d8100000,0x00000000d8600000)
 ParOldGen       total 68608K, used 8284K [0x0000000082200000, 0x0000000086500000, 0x00000000d6100000)
  object space 68608K, 12% used [0x0000000082200000,0x0000000082a17080,0x0000000086500000)
 Metaspace       used 20217K, capacity 21240K, committed 21248K, reserved 1067008K
  class space    used 2835K, capacity 3069K, committed 3072K, reserved 1048576K
}
Event: 2.261 GC heap before
{Heap before GC invocations=4 (full 1):
 PSYoungGen      total 37888K, used 32768K [0x00000000d6100000, 0x00000000dab00000, 0x0000000100000000)
  eden space 32768K, 100% used [0x00000000d6100000,0x00000000d8100000,0x00000000d8100000)
  from space 5120K, 0% used [0x00000000d8600000,0x00000000d8600000,0x00000000d8b00000)
  to   space 5120K, 0% used [0x00000000d8100000,0x00000000d8100000,0x00000000d8600000)
 ParOldGen       total 68608K, used 8284K [0x0000000082200000, 0x0000000086500000, 0x00000000d6100000)
  object space 68608K, 12% used [0x0000000082200000,0x0000000082a17080,0x0000000086500000)
 Metaspace       used 24044K, capacity 25318K, committed 25472K, reserved 1071104K
  class space    used 3415K, capacity 3684K, committed 3712K, reserved 1048576K
Event: 2.266 GC heap after
Heap after GC invocations=4 (full 1):
 PSYoungGen      total 37888K, used 5094K [0x00000000d6100000, 0x00000000d9380000, 0x0000000100000000)
  eden space 32768K, 0% used [0x00000000d6100000,0x00000000d6100000,0x00000000d8100000)
  from space 5120K, 99% used [0x00000000d8100000,0x00000000d85f9b28,0x00000000d8600000)
  to   space 5120K, 0% used [0x00000000d8e80000,0x00000000d8e80000,0x00000000d9380000)
 ParOldGen       total 68608K, used 10823K [0x0000000082200000, 0x0000000086500000, 0x00000000d6100000)
  object space 68608K, 15% used [0x0000000082200000,0x0000000082c91fa0,0x0000000086500000)
 Metaspace       used 24044K, capacity 25318K, committed 25472K, reserved 1071104K
  class space    used 3415K, capacity 3684K, committed 3712K, reserved 1048576K
}
Event: 2.460 GC heap before
{Heap before GC invocations=5 (full 1):
 PSYoungGen      total 37888K, used 37862K [0x00000000d6100000, 0x00000000d9380000, 0x0000000100000000)
  eden space 32768K, 100% used [0x00000000d6100000,0x00000000d8100000,0x00000000d8100000)
  from space 5120K, 99% used [0x00000000d8100000,0x00000000d85f9b28,0x00000000d8600000)
  to   space 5120K, 0% used [0x00000000d8e80000,0x00000000d8e80000,0x00000000d9380000)
 ParOldGen       total 68608K, used 10823K [0x0000000082200000, 0x0000000086500000, 0x00000000d6100000)
  object space 68608K, 15% used [0x0000000082200000,0x0000000082c91fa0,0x0000000086500000)
 Metaspace       used 25656K, capacity 27076K, committed 27264K, reserved 1073152K
  class space    used 3637K, capacity 3909K, committed 3968K, reserved 1048576K
Event: 2.465 GC heap after
Heap after GC invocations=5 (full 1):
 PSYoungGen      total 46592K, used 5102K [0x00000000d6100000, 0x00000000d9600000, 0x0000000100000000)
  eden space 41472K, 0% used [0x00000000d6100000,0x00000000d6100000,0x00000000d8980000)
  from space 5120K, 99% used [0x00000000d8e80000,0x00000000d937bb78,0x00000000d9380000)
  to   space 5120K, 0% used [0x00000000d8980000,0x00000000d8980000,0x00000000d8e80000)
 ParOldGen       total 68608K, used 14938K [0x0000000082200000, 0x0000000086500000, 0x00000000d6100000)
  object space 68608K, 21% used [0x0000000082200000,0x0000000083096b68,0x0000000086500000)
 Metaspace       used 25656K, capacity 27076K, committed 27264K, reserved 1073152K
  class space    used 3637K, capacity 3909K, committed 3968K, reserved 1048576K
}
Event: 2.945 GC heap before
{Heap before GC invocations=6 (full 1):
 PSYoungGen      total 46592K, used 46574K [0x00000000d6100000, 0x00000000d9600000, 0x0000000100000000)
  eden space 41472K, 100% used [0x00000000d6100000,0x00000000d8980000,0x00000000d8980000)
  from space 5120K, 99% used [0x00000000d8e80000,0x00000000d937bb78,0x00000000d9380000)
  to   space 5120K, 0% used [0x00000000d8980000,0x00000000d8980000,0x00000000d8e80000)
 ParOldGen       total 68608K, used 14938K [0x0000000082200000, 0x0000000086500000, 0x00000000d6100000)
  object space 68608K, 21% used [0x0000000082200000,0x0000000083096b68,0x0000000086500000)
 Metaspace       used 27165K, capacity 29032K, committed 29312K, reserved 1075200K
  class space    used 3874K, capacity 4223K, committed 4224K, reserved 1048576K
Event: 2.966 GC heap after
Heap after GC invocations=6 (full 1):
 PSYoungGen      total 46592K, used 5117K [0x00000000d6100000, 0x00000000dbb00000, 0x0000000100000000)
  eden space 41472K, 0% used [0x00000000d6100000,0x00000000d6100000,0x00000000d8980000)
  from space 5120K, 99% used [0x00000000d8980000,0x00000000d8e7f7e0,0x00000000d8e80000)
  to   space 16384K, 0% used [0x00000000dab00000,0x00000000dab00000,0x00000000dbb00000)
 ParOldGen       total 68608K, used 26484K [0x0000000082200000, 0x0000000086500000, 0x00000000d6100000)
  object space 68608K, 38% used [0x0000000082200000,0x0000000083bdd3e8,0x0000000086500000)
 Metaspace       used 27165K, capacity 29032K, committed 29312K, reserved 1075200K
  class space    used 3874K, capacity 4223K, committed 4224K, reserved 1048576K
}

Deoptimization events (10 events):
Event: 2.780 Thread 0x0000000019274000 Uncommon trap: reason=bimorphic action=maybe_recompile pc=0x00000000030414e8 method=javafx.beans.property.BooleanPropertyBase.get()Z @ 23
Event: 2.780 Thread 0x0000000019274000 Uncommon trap: reason=bimorphic action=maybe_recompile pc=0x00000000031dd10c method=javafx.beans.property.StringPropertyBase.get()Ljava/lang/String; @ 23
Event: 2.780 Thread 0x0000000019274000 Uncommon trap: reason=unstable_if action=reinterpret pc=0x00000000030c2d30 method=javafx.scene.CssStyleHelper.resolveRef(Ljavafx/css/Styleable;Ljava/lang/String;Lcom/sun/javafx/css/StyleMap;Ljava/util/Set;)Lcom/sun/javafx/css/CascadingStyle; @ 66
Event: 2.784 Thread 0x0000000019274000 Uncommon trap: reason=class_check action=maybe_recompile pc=0x000000000305f588 method=java.util.WeakHashMap.eq(Ljava/lang/Object;Ljava/lang/Object;)Z @ 7
Event: 2.907 Thread 0x0000000019274000 Uncommon trap: reason=bimorphic action=maybe_recompile pc=0x00000000031dd10c method=javafx.beans.property.StringPropertyBase.get()Ljava/lang/String; @ 23
Event: 2.907 Thread 0x0000000019274000 Uncommon trap: reason=bimorphic action=maybe_recompile pc=0x00000000030414e8 method=javafx.beans.property.BooleanPropertyBase.get()Z @ 23
Event: 2.907 Thread 0x0000000019274000 Uncommon trap: reason=bimorphic action=maybe_recompile pc=0x00000000031dd10c method=javafx.beans.property.StringPropertyBase.get()Ljava/lang/String; @ 23
Event: 2.908 Thread 0x0000000019274000 Uncommon trap: reason=class_check action=maybe_recompile pc=0x000000000305f588 method=java.util.WeakHashMap.eq(Ljava/lang/Object;Ljava/lang/Object;)Z @ 7
Event: 2.927 Thread 0x0000000019274000 Uncommon trap: reason=class_check action=maybe_recompile pc=0x000000000305f588 method=java.util.WeakHashMap.eq(Ljava/lang/Object;Ljava/lang/Object;)Z @ 7
Event: 2.930 Thread 0x0000000019274000 Uncommon trap: reason=class_check action=maybe_recompile pc=0x000000000305f588 method=java.util.WeakHashMap.eq(Ljava/lang/Object;Ljava/lang/Object;)Z @ 7

Classes redefined (0 events):
No events

Internal exceptions (10 events):
Event: 0.964 Thread 0x0000000019274000 Implicit null exception at 0x00000000028e7535 to 0x00000000028e7711
Event: 0.964 Thread 0x0000000019274000 Implicit null exception at 0x0000000002979018 to 0x00000000029790a6
Event: 1.204 Thread 0x0000000019274000 Exception <a 'java/io/FileNotFoundException'> (0x00000000d66c2418) thrown at [C:\re\workspace\8-2-build-windows-amd64-cygwin\jdk8u191\11896\hotspot\src\share\vm\prims\jni.cpp, line 709]
Event: 1.204 Thread 0x0000000019274000 Exception <a 'java/io/FileNotFoundException'> (0x00000000d66c37b8) thrown at [C:\re\workspace\8-2-build-windows-amd64-cygwin\jdk8u191\11896\hotspot\src\share\vm\prims\jni.cpp, line 709]
Event: 1.205 Thread 0x0000000019274000 Exception <a 'java/io/FileNotFoundException'> (0x00000000d66c9468) thrown at [C:\re\workspace\8-2-build-windows-amd64-cygwin\jdk8u191\11896\hotspot\src\share\vm\prims\jni.cpp, line 709]
Event: 1.205 Thread 0x0000000019274000 Exception <a 'java/io/FileNotFoundException'> (0x00000000d66ca768) thrown at [C:\re\workspace\8-2-build-windows-amd64-cygwin\jdk8u191\11896\hotspot\src\share\vm\prims\jni.cpp, line 709]
Event: 1.760 Thread 0x0000000019274000 Implicit null exception at 0x0000000002c7fdf6 to 0x0000000002c80569
Event: 2.389 Thread 0x0000000019274000 Exception <a 'java/lang/ArrayIndexOutOfBoundsException'> (0x00000000d7ca5580) thrown at [C:\re\workspace\8-2-build-windows-amd64-cygwin\jdk8u191\11896\hotspot\src\share\vm\runtime\sharedRuntime.cpp, line 605]
Event: 2.389 Thread 0x0000000019274000 Exception <a 'java/lang/ArrayIndexOutOfBoundsException'> (0x00000000d7ca6c08) thrown at [C:\re\workspace\8-2-build-windows-amd64-cygwin\jdk8u191\11896\hotspot\src\share\vm\runtime\sharedRuntime.cpp, line 605]
Event: 2.439 Thread 0x0000000019274000 Exception <a 'java/io/FileNotFoundException'> (0x00000000d7eb1128) thrown at [C:\re\workspace\8-2-build-windows-amd64-cygwin\jdk8u191\11896\hotspot\src\share\vm\prims\jni.cpp, line 709]

Events (10 events):
Event: 2.930 Thread 0x0000000019274000 Uncommon trap: trap_request=0xffffffde fr.pc=0x000000000305f588
Event: 2.930 Thread 0x0000000019274000 DEOPT PACKING pc=0x000000000305f588 sp=0x000000001a09c260
Event: 2.930 Thread 0x0000000019274000 DEOPT UNPACKING pc=0x000000000268583b sp=0x000000001a09c188 mode 2
Event: 2.945 Executing VM operation: ParallelGCFailedAllocation
Event: 2.966 Executing VM operation: ParallelGCFailedAllocation done
Event: 3.063 loading class com/sun/prism/image/CachingCompoundImage
Event: 3.063 loading class com/sun/prism/image/CachingCompoundImage done
Event: 3.078 loading class com/sun/javafx/scene/web/skin/HTMLEditorSkin
Event: 3.078 loading class com/sun/javafx/scene/web/skin/HTMLEditorSkin done
Event: 3.084 Thread 0x0000000024991000 Thread added: 0x0000000024991000


Dynamic libraries:
0x00007ff756d50000 - 0x00007ff756d87000 	C:\Program Files\Java\jre1.8.0_191\bin\javaw.exe
0x00007ff96baa0000 - 0x00007ff96bc7b000 	C:\Windows\SYSTEM32\ntdll.dll
0x00007ff96a7b0000 - 0x00007ff96a85e000 	C:\Windows\System32\KERNEL32.DLL
0x00007ff968660000 - 0x00007ff9688aa000 	C:\Windows\System32\KERNELBASE.dll
0x00007ff96b090000 - 0x00007ff96b131000 	C:\Windows\System32\ADVAPI32.dll
0x00007ff96a860000 - 0x00007ff96a8fd000 	C:\Windows\System32\msvcrt.dll
0x00007ff96b430000 - 0x00007ff96b489000 	C:\Windows\System32\sechost.dll
0x00007ff96aee0000 - 0x00007ff96b005000 	C:\Windows\System32\RPCRT4.dll
0x00007ff969220000 - 0x00007ff96936a000 	C:\Windows\System32\USER32.dll
0x00007ff968370000 - 0x00007ff96838e000 	C:\Windows\System32\win32u.dll
0x00007ff96b4f0000 - 0x00007ff96b517000 	C:\Windows\System32\GDI32.dll
0x00007ff968140000 - 0x00007ff9682c8000 	C:\Windows\System32\gdi32full.dll
0x00007ff9682d0000 - 0x00007ff96836a000 	C:\Windows\System32\msvcp_win.dll
0x00007ff968390000 - 0x00007ff968486000 	C:\Windows\System32\ucrtbase.dll
0x00007ff95c220000 - 0x00007ff95c487000 	C:\Windows\WinSxS\amd64_microsoft.windows.common-controls_6595b64144ccf1df_6.0.15063.1155_none_40c7922129a7722b\COMCTL32.dll
0x00007ff96b530000 - 0x00007ff96b829000 	C:\Windows\System32\combase.dll
0x00007ff9680d0000 - 0x00007ff96813a000 	C:\Windows\System32\bcryptPrimitives.dll
0x00007ff96b930000 - 0x00007ff96b95d000 	C:\Windows\System32\IMM32.DLL
0x00007ff94d260000 - 0x00007ff94d30f000 	C:\Program Files\McAfee\Endpoint Security\Threat Prevention\Ips\EpMPApi.dll
0x00007ff967fc0000 - 0x00007ff968017000 	C:\Windows\System32\WINTRUST.dll
0x00007ff967f10000 - 0x00007ff967f21000 	C:\Windows\System32\MSASN1.dll
0x00007ff968490000 - 0x00007ff968659000 	C:\Windows\System32\CRYPT32.dll
0x0000000060c70000 - 0x0000000060c7c000 	C:\Program Files\McAfee\Endpoint Security\Threat Prevention\Ips\EpMPThe.dll
0x000000005fff0000 - 0x00000000600c2000 	C:\Program Files\Java\jre1.8.0_191\bin\msvcr100.dll
0x00000000601c0000 - 0x0000000060a64000 	C:\Program Files\Java\jre1.8.0_191\bin\server\jvm.dll
0x00007ff96b520000 - 0x00007ff96b528000 	C:\Windows\System32\PSAPI.DLL
0x00007ff952e30000 - 0x00007ff952e39000 	C:\Windows\SYSTEM32\WSOCK32.dll
0x00007ff9661f0000 - 0x00007ff966213000 	C:\Windows\SYSTEM32\WINMM.dll
0x00007ff96b3c0000 - 0x00007ff96b42c000 	C:\Windows\System32\WS2_32.dll
0x00007ff9596b0000 - 0x00007ff9596ba000 	C:\Windows\SYSTEM32\VERSION.dll
0x00007ff966190000 - 0x00007ff9661bb000 	C:\Windows\SYSTEM32\WINMMBASE.dll
0x00007ff9688b0000 - 0x00007ff9688f9000 	C:\Windows\System32\cfgmgr32.dll
0x00000000601b0000 - 0x00000000601bf000 	C:\Program Files\Java\jre1.8.0_191\bin\verify.dll
0x0000000060180000 - 0x00000000601a9000 	C:\Program Files\Java\jre1.8.0_191\bin\java.dll
0x0000000060160000 - 0x0000000060176000 	C:\Program Files\Java\jre1.8.0_191\bin\zip.dll
0x00007ff969370000 - 0x00007ff96a7a8000 	C:\Windows\System32\SHELL32.dll
0x00007ff96b140000 - 0x00007ff96b1ea000 	C:\Windows\System32\shcore.dll
0x00007ff968900000 - 0x00007ff968ff1000 	C:\Windows\System32\windows.storage.dll
0x00007ff96b8d0000 - 0x00007ff96b921000 	C:\Windows\System32\shlwapi.dll
0x00007ff967fa0000 - 0x00007ff967fb1000 	C:\Windows\System32\kernel.appcore.dll
0x00007ff967f30000 - 0x00007ff967f7c000 	C:\Windows\System32\powrprof.dll
0x00007ff967f80000 - 0x00007ff967f95000 	C:\Windows\System32\profapi.dll
0x0000000002330000 - 0x0000000002333000 	C:\Program Files\Java\jre1.8.0_191\bin\api-ms-win-core-console-l1-1-0.dll
0x0000000002380000 - 0x0000000002383000 	C:\Program Files\Java\jre1.8.0_191\bin\api-ms-win-core-datetime-l1-1-0.dll
0x0000000002390000 - 0x0000000002393000 	C:\Program Files\Java\jre1.8.0_191\bin\api-ms-win-core-debug-l1-1-0.dll
0x00000000023a0000 - 0x00000000023a3000 	C:\Program Files\Java\jre1.8.0_191\bin\api-ms-win-core-errorhandling-l1-1-0.dll
0x00000000023b0000 - 0x00000000023b4000 	C:\Program Files\Java\jre1.8.0_191\bin\api-ms-win-core-file-l1-1-0.dll
0x00000000023d0000 - 0x00000000023d3000 	C:\Program Files\Java\jre1.8.0_191\bin\api-ms-win-core-file-l1-2-0.dll
0x00000000023e0000 - 0x00000000023e3000 	C:\Program Files\Java\jre1.8.0_191\bin\api-ms-win-core-file-l2-1-0.dll
0x00000000023f0000 - 0x00000000023f3000 	C:\Program Files\Java\jre1.8.0_191\bin\api-ms-win-core-handle-l1-1-0.dll
0x0000000002400000 - 0x0000000002403000 	C:\Program Files\Java\jre1.8.0_191\bin\api-ms-win-core-heap-l1-1-0.dll
0x0000000002410000 - 0x0000000002413000 	C:\Program Files\Java\jre1.8.0_191\bin\api-ms-win-core-interlocked-l1-1-0.dll
0x0000000002420000 - 0x0000000002423000 	C:\Program Files\Java\jre1.8.0_191\bin\api-ms-win-core-libraryloader-l1-1-0.dll
0x0000000019070000 - 0x0000000019073000 	C:\Program Files\Java\jre1.8.0_191\bin\api-ms-win-core-localization-l1-2-0.dll
0x0000000019080000 - 0x0000000019083000 	C:\Program Files\Java\jre1.8.0_191\bin\api-ms-win-core-memory-l1-1-0.dll
0x0000000019090000 - 0x0000000019093000 	C:\Program Files\Java\jre1.8.0_191\bin\api-ms-win-core-namedpipe-l1-1-0.dll
0x00000000190a0000 - 0x00000000190a3000 	C:\Program Files\Java\jre1.8.0_191\bin\api-ms-win-core-processenvironment-l1-1-0.dll
0x00000000190b0000 - 0x00000000190b3000 	C:\Program Files\Java\jre1.8.0_191\bin\api-ms-win-core-processthreads-l1-1-0.dll
0x00000000190c0000 - 0x00000000190c3000 	C:\Program Files\Java\jre1.8.0_191\bin\api-ms-win-core-processthreads-l1-1-1.dll
0x00000000190d0000 - 0x00000000190d3000 	C:\Program Files\Java\jre1.8.0_191\bin\api-ms-win-core-profile-l1-1-0.dll
0x00000000190e0000 - 0x00000000190e3000 	C:\Program Files\Java\jre1.8.0_191\bin\api-ms-win-core-rtlsupport-l1-1-0.dll
0x00000000190f0000 - 0x00000000190f3000 	C:\Program Files\Java\jre1.8.0_191\bin\api-ms-win-core-string-l1-1-0.dll
0x0000000019100000 - 0x0000000019103000 	C:\Program Files\Java\jre1.8.0_191\bin\api-ms-win-core-synch-l1-1-0.dll
0x0000000019110000 - 0x0000000019113000 	C:\Program Files\Java\jre1.8.0_191\bin\api-ms-win-core-synch-l1-2-0.dll
0x0000000019120000 - 0x0000000019123000 	C:\Program Files\Java\jre1.8.0_191\bin\api-ms-win-core-sysinfo-l1-1-0.dll
0x0000000019130000 - 0x0000000019133000 	C:\Program Files\Java\jre1.8.0_191\bin\api-ms-win-core-timezone-l1-1-0.dll
0x0000000019140000 - 0x0000000019143000 	C:\Program Files\Java\jre1.8.0_191\bin\api-ms-win-core-util-l1-1-0.dll
0x0000000019150000 - 0x0000000019153000 	C:\Program Files\Java\jre1.8.0_191\bin\api-ms-win-crt-conio-l1-1-0.dll
0x0000000019160000 - 0x0000000019164000 	C:\Program Files\Java\jre1.8.0_191\bin\api-ms-win-crt-convert-l1-1-0.dll
0x0000000019170000 - 0x0000000019173000 	C:\Program Files\Java\jre1.8.0_191\bin\api-ms-win-crt-environment-l1-1-0.dll
0x0000000019180000 - 0x0000000019183000 	C:\Program Files\Java\jre1.8.0_191\bin\api-ms-win-crt-filesystem-l1-1-0.dll
0x0000000019190000 - 0x0000000019193000 	C:\Program Files\Java\jre1.8.0_191\bin\api-ms-win-crt-heap-l1-1-0.dll
0x00000000191a0000 - 0x00000000191a3000 	C:\Program Files\Java\jre1.8.0_191\bin\api-ms-win-crt-locale-l1-1-0.dll
0x00000000191b0000 - 0x00000000191b5000 	C:\Program Files\Java\jre1.8.0_191\bin\api-ms-win-crt-math-l1-1-0.dll
0x00000000191c0000 - 0x00000000191c5000 	C:\Program Files\Java\jre1.8.0_191\bin\api-ms-win-crt-multibyte-l1-1-0.dll
0x00000000191d0000 - 0x00000000191e0000 	C:\Program Files\Java\jre1.8.0_191\bin\api-ms-win-crt-private-l1-1-0.dll
0x00000000191e0000 - 0x00000000191e3000 	C:\Program Files\Java\jre1.8.0_191\bin\api-ms-win-crt-process-l1-1-0.dll
0x00000000191f0000 - 0x00000000191f4000 	C:\Program Files\Java\jre1.8.0_191\bin\api-ms-win-crt-runtime-l1-1-0.dll
0x0000000019200000 - 0x0000000019204000 	C:\Program Files\Java\jre1.8.0_191\bin\api-ms-win-crt-stdio-l1-1-0.dll
0x0000000019210000 - 0x0000000019214000 	C:\Program Files\Java\jre1.8.0_191\bin\api-ms-win-crt-string-l1-1-0.dll
0x0000000019220000 - 0x0000000019223000 	C:\Program Files\Java\jre1.8.0_191\bin\api-ms-win-crt-time-l1-1-0.dll
0x0000000019230000 - 0x0000000019233000 	C:\Program Files\Java\jre1.8.0_191\bin\api-ms-win-crt-utility-l1-1-0.dll
0x00007ff95df30000 - 0x00007ff95e026000 	C:\Program Files\Java\jre1.8.0_191\bin\ucrtbase.dll
0x00007ff95eb30000 - 0x00007ff95eb46000 	C:\Program Files\Java\jre1.8.0_191\bin\vcruntime140.dll
0x00007ff95e730000 - 0x00007ff95e7cc000 	C:\Program Files\Java\jre1.8.0_191\bin\msvcp140.dll
0x00007ff95e180000 - 0x00007ff95e1d1000 	C:\Program Files\Java\jre1.8.0_191\bin\concrt140.dll
0x000000005ffc0000 - 0x000000005ffe3000 	C:\Program Files\Java\jre1.8.0_191\bin\prism_d3d.dll
0x00007ff933890000 - 0x00007ff933a19000 	C:\Windows\system32\d3d9.dll
0x00007ff966160000 - 0x00007ff96618a000 	C:\Windows\SYSTEM32\dwmapi.dll
0x00007ff966410000 - 0x00007ff9664a5000 	C:\Windows\system32\uxtheme.dll
0x00007ff95dc30000 - 0x00007ff95de07000 	C:\Windows\System32\DriverStore\FileRepository\ki127171.inf_amd64_368f8c7337214025\igdumdim64.dll
0x00007ff916870000 - 0x00007ff91986d000 	C:\Windows\System32\DriverStore\FileRepository\ki127171.inf_amd64_368f8c7337214025\igd9dxva64.dll
0x00007ff9690d0000 - 0x00007ff969215000 	C:\Windows\System32\ole32.dll
0x00007ff969000000 - 0x00007ff9690c0000 	C:\Windows\System32\OLEAUT32.dll
0x000000005ff70000 - 0x000000005ffb9000 	C:\Program Files\Java\jre1.8.0_191\bin\glass.dll
0x0000000019cd0000 - 0x0000000019dd8000 	C:\Windows\System32\COMDLG32.dll
0x00007ff96b1f0000 - 0x00007ff96b356000 	C:\Windows\System32\MSCTF.dll
0x00007ff95f570000 - 0x00007ff961305000 	C:\Windows\System32\DriverStore\FileRepository\ki127171.inf_amd64_368f8c7337214025\igc64.dll
0x000000005ff50000 - 0x000000005ff64000 	C:\Program Files\Java\jre1.8.0_191\bin\javafx_font.dll
0x00007ff95a4a0000 - 0x00007ff95a75f000 	C:\Windows\SYSTEM32\dwrite.dll
0x000000005c890000 - 0x000000005ff4a000 	C:\Program Files\Java\jre1.8.0_191\bin\jfxwebkit.dll
0x00007ff967960000 - 0x00007ff967977000 	C:\Windows\SYSTEM32\CRYPTSP.dll
0x00007ff9670a0000 - 0x00007ff9670d4000 	C:\Windows\system32\rsaenh.dll
0x00007ff967ad0000 - 0x00007ff967af5000 	C:\Windows\SYSTEM32\bcrypt.dll
0x00007ff967e40000 - 0x00007ff967e69000 	C:\Windows\SYSTEM32\USERENV.dll
0x00007ff967980000 - 0x00007ff96798b000 	C:\Windows\SYSTEM32\CRYPTBASE.dll
0x0000000060140000 - 0x000000006015a000 	C:\Program Files\Java\jre1.8.0_191\bin\net.dll
0x00007ff9677c0000 - 0x00007ff96781c000 	C:\Windows\system32\mswsock.dll
0x00007ff967560000 - 0x00007ff967597000 	C:\Windows\SYSTEM32\IPHLPAPI.DLL
0x00007ff96b960000 - 0x00007ff96b968000 	C:\Windows\System32\NSI.dll
0x00007ff95eec0000 - 0x00007ff95eed6000 	C:\Windows\SYSTEM32\dhcpcsvc6.DLL
0x00007ff95eea0000 - 0x00007ff95eeba000 	C:\Windows\SYSTEM32\dhcpcsvc.DLL
0x0000000060120000 - 0x0000000060131000 	C:\Program Files\Java\jre1.8.0_191\bin\nio.dll
0x00000000600f0000 - 0x0000000060114000 	C:\Program Files\Java\jre1.8.0_191\bin\sunec.dll
0x00007ff96b830000 - 0x00007ff96b8ce000 	C:\Windows\System32\clbcatq.dll
0x00007ff962ef0000 - 0x00007ff96309c000 	C:\Windows\SYSTEM32\WindowsCodecs.dll
0x00007ff94f290000 - 0x00007ff94f2d7000 	C:\Windows\system32\dataexchange.dll
0x00007ff964a40000 - 0x00007ff964d1f000 	C:\Windows\system32\d3d11.dll
0x00007ff965810000 - 0x00007ff965933000 	C:\Windows\system32\dcomp.dll
0x00007ff966be0000 - 0x00007ff966c84000 	C:\Windows\system32\dxgi.dll
0x00007ff9666f0000 - 0x00007ff966860000 	C:\Windows\system32\twinapi.appcore.dll
0x00007ff95e480000 - 0x00007ff95e4b1000 	C:\Program Files\Common Files\Microsoft Shared\Ink\rtscom.dll
0x00007ff963590000 - 0x00007ff963611000 	C:\Windows\System32\TextInputFramework.dll
0x00007ff962a60000 - 0x00007ff962d33000 	C:\Windows\System32\CoreUIComponents.dll
0x00007ff965160000 - 0x00007ff965244000 	C:\Windows\System32\CoreMessaging.dll
0x00007ff963ab0000 - 0x00007ff963be9000 	C:\Windows\SYSTEM32\wintypes.dll
0x00007ff965eb0000 - 0x00007ff965ec5000 	C:\Windows\SYSTEM32\usermgrcli.dll
0x00007ff966d40000 - 0x00007ff966d71000 	C:\Windows\SYSTEM32\ntmarta.dll

VM Arguments:
jvm_args: -Dfile.encoding=UTF-8 
java_command: principal.Principal
java_class_path (initial): C:\Program Files\Java\jre1.8.0_191\lib\resources.jar;C:\Program Files\Java\jre1.8.0_191\lib\rt.jar;C:\Program Files\Java\jre1.8.0_191\lib\jsse.jar;C:\Program Files\Java\jre1.8.0_191\lib\jce.jar;C:\Program Files\Java\jre1.8.0_191\lib\charsets.jar;C:\Program Files\Java\jre1.8.0_191\lib\jfr.jar;C:\Program Files\Java\jre1.8.0_191\lib\ext\access-bridge-64.jar;C:\Program Files\Java\jre1.8.0_191\lib\ext\cldrdata.jar;C:\Program Files\Java\jre1.8.0_191\lib\ext\dnsns.jar;C:\Program Files\Java\jre1.8.0_191\lib\ext\jaccess.jar;C:\Program Files\Java\jre1.8.0_191\lib\ext\jfxrt.jar;C:\Program Files\Java\jre1.8.0_191\lib\ext\localedata.jar;C:\Program Files\Java\jre1.8.0_191\lib\ext\nashorn.jar;C:\Program Files\Java\jre1.8.0_191\lib\ext\sunec.jar;C:\Program Files\Java\jre1.8.0_191\lib\ext\sunjce_provider.jar;C:\Program Files\Java\jre1.8.0_191\lib\ext\sunmscapi.jar;C:\Program Files\Java\jre1.8.0_191\lib\ext\sunpkcs11.jar;C:\Program Files\Java\jre1.8.0_191\lib\ext\zipfs.jar;C:\Users\fabricio.barrozo\git\srh.adasa\target\classes;C:\Users\fabricio.barrozo\.m2\repository\com\vividsolutions\jts\1.13\jts-1.13.jar;C:\Users\fabricio.barrozo\.m2\repository\org\hibernate\hibernate-spatial\5.1.0.Final\hibernate-spatial-5.1.0.Final.jar;C:\Users\fabricio.barrozo\.m2\repository\org\hibernate\hibernate-core\5.1.0.Final\hibernate-core-5.1.0.Final.jar;C:\Users\fabricio.barrozo\.m2\repository\org\apache\geronimo\specs\geronimo-jta_1.1_spec\1.1.1\geronimo-jta_1.1_spec-1.1.1.jar;C:\Users\fabricio.barrozo\.m2\repository\org\jboss\jandex\2.0.0.Final\jandex-2.0.0.Final.jar;C:\Users\fabricio.barrozo\.m2\repository\com\fasterxml\classmate\1.3.0\classmate-1.3.0.jar;C:\Users\fabricio.barrozo\.m2\repository\org\postgresql\postgresql\9.4-1200-jdbc41\postgresql-9.4-1200-jdbc41.jar;C:\Users\fabricio.barrozo\.m2\repository\com\github\dblock\waffle\waffle-jna\1.7\waffle-jna-1.7.jar;C:\Users\fabricio.barrozo\.m2\repository\net\java\dev\jna\jna\4.1.0\jna-4.1.0.jar;C:\Users\fabricio.barrozo
Launcher Type: SUN_STANDARD

Environment Variables:
JAVA_HOME=C:\Program Files\Java\jdk1.8.0_191
PATH=C:/Program Files/Java/jre1.8.0_191/bin/server;C:/Program Files/Java/jre1.8.0_191/bin;C:/Program Files/Java/jre1.8.0_191/lib/amd64;C:\Program Files (x86)\Common Files\Oracle\Java\javapath;C:\ProgramData\Oracle\Java\javapath;C:\Program Files (x86)\Intel\iCLS Client\;C:\Program Files\Intel\iCLS Client\;C:\Windows\system32;C:\Windows;C:\Windows\System32\Wbem;C:\Windows\System32\WindowsPowerShell\v1.0\;C:\Program Files (x86)\Intel\Intel(R) Management Engine Components\DAL;C:\Program Files\Intel\Intel(R) Management Engine Components\DAL;C:\Program Files (x86)\Intel\Intel(R) Management Engine Components\IPT;C:\Program Files\Intel\Intel(R) Management Engine Components\IPT;C:\Program Files\Intel\WiFi\bin\;C:\Program Files\Common Files\Intel\WirelessCommon\;c:\Program Files\Microsoft SQL Server\110\Tools\Binn\;c:\Program Files (x86)\Microsoft SQL Server\110\Tools\Binn\ManagementStudio\;c:\Program Files (x86)\Microsoft SQL Server\110\Tools\Binn\;c:\Program Files (x86)\Microsoft SQL Server\110\DTS\Binn\;C:\apache-maven-3.6.0\bin;C:\Users\fabricio.barrozo\AppData\Local\Microsoft\WindowsApps;;C:\Windows\System32;
USERNAME=fabricio.barrozo
OS=Windows_NT
PROCESSOR_IDENTIFIER=Intel64 Family 6 Model 94 Stepping 3, GenuineIntel



---------------  S Y S T E M  ---------------

OS: Windows 10.0 , 64 bit Build 15063 (10.0.15063.1058)

CPU:total 4 (initial active 4) (4 cores per cpu, 1 threads per core) family 6 model 94 stepping 3, cmov, cx8, fxsr, mmx, sse, sse2, sse3, ssse3, sse4.1, sse4.2, popcnt, avx, avx2, aes, clmul, erms, rtm, 3dnowpref, lzcnt, tsc, tscinvbit, bmi1, bmi2, adx

Memory: 4k page, physical 8249056k(1152364k free), swap 10196704k(8608k free)

vm_info: Java HotSpot(TM) 64-Bit Server VM (25.191-b12) for windows-amd64 JRE (1.8.0_191-b12), built on Oct  6 2018 09:29:03 by "java_re" with MS VC++ 10.0 (VS2010)

time: Tue Jan 29 12:31:08 2019
elapsed time: 3 seconds (0d 0h 0m 3s)

