#
# A fatal error has been detected by the Java Runtime Environment:
#
#  EXCEPTION_ACCESS_VIOLATION (0xc0000005) at pc=0x00000000553962e1, pid=12788, tid=0x00000000000010cc
#
# JRE version: Java(TM) SE Runtime Environment (8.0_191-b12) (build 1.8.0_191-b12)
# Java VM: Java HotSpot(TM) 64-Bit Server VM (25.191-b12 mixed mode windows-amd64 compressed oops)
# Problematic frame:
# C  [jfxwebkit.dll+0x17362e1]
#
# Failed to write core dump. Minidumps are not enabled by default on client versions of Windows
#
# If you would like to submit a bug report, please visit:
#   http://bugreport.java.com/bugreport/crash.jsp
# The crash happened outside the Java Virtual Machine in native code.
# See problematic frame for where to report the bug.
#

---------------  T H R E A D  ---------------

Current thread (0x0000000019d95800):  JavaThread "JavaFX Application Thread" [_thread_in_native, id=4300, stack(0x000000001a9e0000,0x000000001aae0000)]

siginfo: ExceptionCode=0xc0000005, writing address 0x00000000bbadbeef

Registers:
RAX=0x0000000000000000, RBX=0x00000000212978f0, RCX=0xd0f37ef40d760000, RDX=0x0000000000000000
RSP=0x000000001aadd070, RBP=0x000000002fbdde00, RSI=0x0000000000000000, RDI=0x000000002fa69620
R8 =0x000000001aadb308, R9 =0x000000001aadc8c1, R10=0x0000000000000000, R11=0x000000001aadce70
R12=0x0000000027c8c000, R13=0x000000001aadd400, R14=0x0000000000000000, R15=0x0000000000000000
RIP=0x00000000553962e1, EFLAGS=0x0000000000010246

Top of Stack: (sp=0x000000001aadd070)
0x000000001aadd070:   00000000212978f0 0000000000000000
0x000000001aadd080:   00007ffa776d6c80 00007ffa7763fdd6
0x000000001aadd090:   000000000000000e 0000000000000000
0x000000001aadd0a0:   00000000553bdfb9 00000000553962ce
0x000000001aadd0b0:   0000000053d2ec8f 0000000054091e24
0x000000001aadd0c0:   000000005408c30b 000000005408c65d
0x000000001aadd0d0:   0000000053efb704 0000000053e72880
0x000000001aadd0e0:   0000000053e72b5b 000000005460e384
0x000000001aadd0f0:   000000005460e5b5 000000005457d1d5
0x000000001aadd100:   00000000544b9445 00000000031a8c67
0x000000001aadd110:   0000000000000000 0000000053d65b91
0x000000001aadd120:   000000002c1684b0 0000000053d9f4ba
0x000000001aadd130:   0000000000000000 0000d0f36459dd86
0x000000001aadd140:   0000000000000000 0000000000000000
0x000000001aadd150:   000000001aadd400 0000000053d9f2da
0x000000001aadd160:   000000002fbdde00 0000000053d24ec6 

Instructions: (pc=0x00000000553962e1)
0x00000000553962c1:   00 00 00 48 8d 4c 24 30 e8 d2 7c 02 00 8b 54 24
0x00000000553962d1:   20 48 8d 4c 24 40 83 c2 fe e8 e1 fe ff ff 33 c0
0x00000000553962e1:   a3 ef be ad bb 00 00 00 00 ff d0 48 8b 8c 24 40
0x00000000553962f1:   01 00 00 48 33 cc e8 04 28 1e 00 48 81 c4 58 01 


Register to memory mapping:

RAX=0x0000000000000000 is an unknown value
RBX=0x00000000212978f0 is an unknown value
RCX=0xd0f37ef40d760000 is an unknown value
RDX=0x0000000000000000 is an unknown value
RSP=0x000000001aadd070 is pointing into the stack for thread: 0x0000000019d95800
RBP=0x000000002fbdde00 is an unknown value
RSI=0x0000000000000000 is an unknown value
RDI=0x000000002fa69620 is an unknown value
R8 =0x000000001aadb308 is pointing into the stack for thread: 0x0000000019d95800
R9 =0x000000001aadc8c1 is pointing into the stack for thread: 0x0000000019d95800
R10=0x0000000000000000 is an unknown value
R11=0x000000001aadce70 is pointing into the stack for thread: 0x0000000019d95800
R12=0x0000000027c8c000 is an unknown value
R13=0x000000001aadd400 is pointing into the stack for thread: 0x0000000019d95800
R14=0x0000000000000000 is an unknown value
R15=0x0000000000000000 is an unknown value


Stack: [0x000000001a9e0000,0x000000001aae0000],  sp=0x000000001aadd070,  free space=1012k
Native frames: (J=compiled Java code, j=interpreted, Vv=VM code, C=native code)
C  [jfxwebkit.dll+0x17362e1]

Java frames: (J=compiled Java code, j=interpreted, Vv=VM code)
j  com.sun.webkit.Timer.twkFireTimerEvent()V+0
j  com.sun.webkit.Timer.fireTimerEvent(J)V+45
j  com.sun.webkit.Timer.notifyTick()V+25
j  javafx.scene.web.WebEngine$PulseTimer.lambda$null$49()V+3
j  javafx.scene.web.WebEngine$PulseTimer$$Lambda$137.run()V+0
J 3869 C1 com.sun.javafx.application.PlatformImpl$$Lambda$49.run()Ljava/lang/Object; (8 bytes) @ 0x0000000003d5d64c [0x0000000003d5d500+0x14c]
v  ~StubRoutines::call_stub
J 2488  java.security.AccessController.doPrivileged(Ljava/security/PrivilegedAction;Ljava/security/AccessControlContext;)Ljava/lang/Object; (0 bytes) @ 0x0000000003914366 [0x0000000003914300+0x66]
J 3628 C1 com.sun.javafx.application.PlatformImpl.lambda$runLater$173(Ljava/lang/Runnable;Ljava/security/AccessControlContext;)V (38 bytes) @ 0x0000000003ca4b94 [0x0000000003ca4780+0x414]
J 3627 C1 com.sun.javafx.application.PlatformImpl$$Lambda$47.run()V (12 bytes) @ 0x0000000003ca4404 [0x0000000003ca4380+0x84]
J 3710 C1 com.sun.glass.ui.InvokeLaterDispatcher$Future.run()V (91 bytes) @ 0x0000000003cecf0c [0x0000000003cece00+0x10c]
v  ~StubRoutines::call_stub
j  com.sun.glass.ui.win.WinApplication._runLoop(Ljava/lang/Runnable;)V+0
j  com.sun.glass.ui.win.WinApplication.lambda$null$147(ILjava/lang/Runnable;)V+8
j  com.sun.glass.ui.win.WinApplication$$Lambda$37.run()V+12
j  java.lang.Thread.run()V+11
v  ~StubRoutines::call_stub

---------------  P R O C E S S  ---------------

Java Threads: ( => current thread )
  0x00000000256e6800 JavaThread "URL-Loader-20" daemon [_thread_blocked, id=2384, stack(0x000000002d290000,0x000000002d390000)]
  0x00000000256e5000 JavaThread "URL-Loader-19" daemon [_thread_blocked, id=10868, stack(0x000000002d190000,0x000000002d290000)]
  0x00000000256ea800 JavaThread "URL-Loader-18" daemon [_thread_blocked, id=11796, stack(0x000000002cf90000,0x000000002d090000)]
  0x00000000256e6000 JavaThread "URL-Loader-17" daemon [_thread_blocked, id=2080, stack(0x000000002bec0000,0x000000002bfc0000)]
  0x00000000256e9800 JavaThread "URL-Loader-16" daemon [_thread_blocked, id=12980, stack(0x000000002bdc0000,0x000000002bec0000)]
  0x00000000256e2000 JavaThread "URL-Loader-15" daemon [_thread_blocked, id=3512, stack(0x000000002b8c0000,0x000000002b9c0000)]
  0x00000000256e9000 JavaThread "URL-Loader-14" daemon [_thread_blocked, id=12040, stack(0x000000002b7c0000,0x000000002b8c0000)]
  0x00000000256e1000 JavaThread "URL-Loader-13" daemon [_thread_blocked, id=10472, stack(0x000000002b6c0000,0x000000002b7c0000)]
  0x00000000256e3000 JavaThread "URL-Loader-12" daemon [_thread_blocked, id=2024, stack(0x000000002b5c0000,0x000000002b6c0000)]
  0x00000000256e8000 JavaThread "URL-Loader-11" daemon [_thread_blocked, id=1048, stack(0x000000002b4c0000,0x000000002b5c0000)]
  0x00000000256e7800 JavaThread "URL-Loader-10" daemon [_thread_in_native, id=12924, stack(0x000000002b3c0000,0x000000002b4c0000)]
  0x00000000252f0000 JavaThread "Keep-Alive-Timer" daemon [_thread_blocked, id=6288, stack(0x000000002a8c0000,0x000000002a9c0000)]
  0x00000000252ef000 JavaThread "URL-Loader-9" daemon [_thread_blocked, id=4704, stack(0x0000000027880000,0x0000000027980000)]
  0x00000000252ee800 JavaThread "URL-Loader-8" daemon [_thread_blocked, id=6684, stack(0x0000000027780000,0x0000000027880000)]
  0x00000000252f3800 JavaThread "URL-Loader-7" daemon [_thread_blocked, id=14068, stack(0x0000000027680000,0x0000000027780000)]
  0x00000000252f1800 JavaThread "URL-Loader-6" daemon [_thread_in_native, id=3984, stack(0x0000000027580000,0x0000000027680000)]
  0x00000000252f4800 JavaThread "URL-Loader-5" daemon [_thread_blocked, id=11356, stack(0x0000000027480000,0x0000000027580000)]
  0x00000000252f3000 JavaThread "URL-Loader-4" daemon [_thread_blocked, id=3952, stack(0x0000000027380000,0x0000000027480000)]
  0x00000000252f2000 JavaThread "URL-Loader-3" daemon [_thread_blocked, id=10880, stack(0x0000000027280000,0x0000000027380000)]
  0x00000000252f0800 JavaThread "URL-Loader-2" daemon [_thread_blocked, id=4324, stack(0x0000000027180000,0x0000000027280000)]
  0x000000001a30c000 JavaThread "URL-Loader-1" daemon [_thread_blocked, id=8688, stack(0x0000000023e10000,0x0000000023f10000)]
  0x000000001a19b800 JavaThread "Disposer" daemon [_thread_blocked, id=1432, stack(0x0000000023880000,0x0000000023980000)]
  0x000000001a1a0800 JavaThread "Prism Font Disposer" daemon [_thread_blocked, id=12744, stack(0x0000000022f80000,0x0000000023080000)]
  0x0000000019dc0000 JavaThread "Thread-3" daemon [_thread_in_native, id=14116, stack(0x0000000021430000,0x0000000021530000)]
  0x0000000019dca000 JavaThread "JavaFX-Launcher" [_thread_blocked, id=3296, stack(0x0000000021530000,0x0000000021630000)]
=>0x0000000019d95800 JavaThread "JavaFX Application Thread" [_thread_in_native, id=4300, stack(0x000000001a9e0000,0x000000001aae0000)]
  0x0000000019d91800 JavaThread "Thread-1" daemon [_thread_blocked, id=13256, stack(0x000000001a8e0000,0x000000001a9e0000)]
  0x000000001999d000 JavaThread "QuantumRenderer-0" daemon [_thread_blocked, id=13864, stack(0x000000001a570000,0x000000001a670000)]
  0x00000000195e0800 JavaThread "Service Thread" daemon [_thread_blocked, id=4492, stack(0x00000000199b0000,0x0000000019ab0000)]
  0x0000000017c6d800 JavaThread "C1 CompilerThread2" daemon [_thread_blocked, id=13744, stack(0x00000000194b0000,0x00000000195b0000)]
  0x0000000017c64000 JavaThread "C2 CompilerThread1" daemon [_thread_blocked, id=4536, stack(0x00000000193b0000,0x00000000194b0000)]
  0x0000000017c60000 JavaThread "C2 CompilerThread0" daemon [_thread_blocked, id=7592, stack(0x00000000192b0000,0x00000000193b0000)]
  0x0000000017c5e800 JavaThread "Attach Listener" daemon [_thread_blocked, id=2800, stack(0x00000000191b0000,0x00000000192b0000)]
  0x0000000017c5e000 JavaThread "Signal Dispatcher" daemon [_thread_blocked, id=6160, stack(0x00000000190b0000,0x00000000191b0000)]
  0x0000000017c4a000 JavaThread "Finalizer" daemon [_thread_blocked, id=3308, stack(0x0000000018eb0000,0x0000000018fb0000)]
  0x0000000003184000 JavaThread "Reference Handler" daemon [_thread_blocked, id=12492, stack(0x0000000018db0000,0x0000000018eb0000)]
  0x0000000003093800 JavaThread "main" [_thread_blocked, id=6896, stack(0x0000000002ec0000,0x0000000002fc0000)]

Other Threads:
  0x0000000017c28000 VMThread [stack: 0x0000000018cb0000,0x0000000018db0000] [id=11556]
  0x0000000019602000 WatcherThread [stack: 0x0000000019ab0000,0x0000000019bb0000] [id=6028]

VM state:not at safepoint (normal execution)

VM Mutex/Monitor currently owned by a thread: None

Heap:
 PSYoungGen      total 70656K, used 12044K [0x00000000d6100000, 0x00000000de280000, 0x0000000100000000)
  eden space 65536K, 10% used [0x00000000d6100000,0x00000000d67c6120,0x00000000da100000)
  from space 5120K, 99% used [0x00000000da100000,0x00000000da5fd030,0x00000000da600000)
  to   space 15872K, 0% used [0x00000000dd300000,0x00000000dd300000,0x00000000de280000)
 ParOldGen       total 55808K, used 22592K [0x0000000082200000, 0x0000000085880000, 0x00000000d6100000)
  object space 55808K, 40% used [0x0000000082200000,0x0000000083810068,0x0000000085880000)
 Metaspace       used 26388K, capacity 27970K, committed 28104K, reserved 1073152K
  class space    used 3673K, capacity 3976K, committed 4096K, reserved 1048576K

Card table byte_map: [0x0000000012550000,0x0000000012940000] byte_map_base: 0x000000001213f000

Marking Bits: (ParMarkBitMap*) 0x0000000057db3e30
 Begin Bits: [0x0000000012fe0000, 0x0000000014f58000)
 End Bits:   [0x0000000014f58000, 0x0000000016ed0000)

Polling page: 0x0000000002e40000

CodeCache: size=245760Kb used=12914Kb max_used=12914Kb free=232845Kb
 bounds [0x0000000003190000, 0x0000000003e40000, 0x0000000012190000]
 total_blobs=4857 nmethods=4077 adapters=692
 compilation: enabled

Compilation events (10 events):
Event: 3.448 Thread 0x0000000017c6d800 4065       3       com.sun.javafx.geom.Path2D::copyOf (19 bytes)
Event: 3.448 Thread 0x0000000017c6d800 nmethod 4065 0x0000000003e1fe10 code [0x0000000003e1ff80, 0x0000000003e202a8]
Event: 3.449 Thread 0x0000000017c6d800 4066       3       java.lang.StringBuilder::append (8 bytes)
Event: 3.449 Thread 0x0000000017c6d800 nmethod 4066 0x0000000003e1fa90 code [0x0000000003e1fc00, 0x0000000003e1fd88]
Event: 3.449 Thread 0x0000000017c6d800 4067       3       java.lang.AbstractStringBuilder::append (70 bytes)
Event: 3.450 Thread 0x0000000017c6d800 nmethod 4067 0x0000000003e23bd0 code [0x0000000003e23da0, 0x0000000003e244d8]
Event: 3.452 Thread 0x0000000017c6d800 4068       1       java.net.URI::access$2800 (4 bytes)
Event: 3.452 Thread 0x0000000017c6d800 nmethod 4068 0x0000000003db4590 code [0x0000000003db46e0, 0x0000000003db47d0]
Event: 3.457 Thread 0x0000000017c6d800 4069       3       javafx.scene.Scene::getCamera (22 bytes)
Event: 3.457 Thread 0x0000000017c6d800 nmethod 4069 0x0000000003e23610 code [0x0000000003e23780, 0x0000000003e23ae8]

GC Heap History (10 events):
Event: 1.299 GC heap before
{Heap before GC invocations=2 (full 0):
 PSYoungGen      total 37888K, used 25754K [0x00000000d6100000, 0x00000000d8b00000, 0x0000000100000000)
  eden space 32768K, 63% used [0x00000000d6100000,0x00000000d7529658,0x00000000d8100000)
  from space 5120K, 99% used [0x00000000d8100000,0x00000000d85fd1e8,0x00000000d8600000)
  to   space 5120K, 0% used [0x00000000d8600000,0x00000000d8600000,0x00000000d8b00000)
 ParOldGen       total 86016K, used 315K [0x0000000082200000, 0x0000000087600000, 0x00000000d6100000)
  object space 86016K, 0% used [0x0000000082200000,0x000000008224ec80,0x0000000087600000)
 Metaspace       used 20516K, capacity 21754K, committed 21960K, reserved 1069056K
  class space    used 3053K, capacity 3308K, committed 3328K, reserved 1048576K
Event: 1.309 GC heap after
Heap after GC invocations=2 (full 0):
 PSYoungGen      total 37888K, used 5099K [0x00000000d6100000, 0x00000000dab00000, 0x0000000100000000)
  eden space 32768K, 0% used [0x00000000d6100000,0x00000000d6100000,0x00000000d8100000)
  from space 5120K, 99% used [0x00000000d8600000,0x00000000d8afaf60,0x00000000d8b00000)
  to   space 5120K, 0% used [0x00000000d8100000,0x00000000d8100000,0x00000000d8600000)
 ParOldGen       total 86016K, used 5717K [0x0000000082200000, 0x0000000087600000, 0x00000000d6100000)
  object space 86016K, 6% used [0x0000000082200000,0x0000000082795538,0x0000000087600000)
 Metaspace       used 20516K, capacity 21754K, committed 21960K, reserved 1069056K
  class space    used 3053K, capacity 3308K, committed 3328K, reserved 1048576K
}
Event: 1.317 GC heap before
{Heap before GC invocations=3 (full 0):
 PSYoungGen      total 37888K, used 6307K [0x00000000d6100000, 0x00000000dab00000, 0x0000000100000000)
  eden space 32768K, 3% used [0x00000000d6100000,0x00000000d622dfa0,0x00000000d8100000)
  from space 5120K, 99% used [0x00000000d8600000,0x00000000d8afaf60,0x00000000d8b00000)
  to   space 5120K, 0% used [0x00000000d8100000,0x00000000d8100000,0x00000000d8600000)
 ParOldGen       total 86016K, used 5717K [0x0000000082200000, 0x0000000087600000, 0x00000000d6100000)
  object space 86016K, 6% used [0x0000000082200000,0x0000000082795538,0x0000000087600000)
 Metaspace       used 20672K, capacity 21882K, committed 21960K, reserved 1069056K
  class space    used 3068K, capacity 3308K, committed 3328K, reserved 1048576K
Event: 1.324 GC heap after
Heap after GC invocations=3 (full 0):
 PSYoungGen      total 37888K, used 5097K [0x00000000d6100000, 0x00000000dab00000, 0x0000000100000000)
  eden space 32768K, 0% used [0x00000000d6100000,0x00000000d6100000,0x00000000d8100000)
  from space 5120K, 99% used [0x00000000d8100000,0x00000000d85fa578,0x00000000d8600000)
  to   space 5120K, 0% used [0x00000000da600000,0x00000000da600000,0x00000000dab00000)
 ParOldGen       total 86016K, used 5741K [0x0000000082200000, 0x0000000087600000, 0x00000000d6100000)
  object space 86016K, 6% used [0x0000000082200000,0x000000008279b538,0x0000000087600000)
 Metaspace       used 20672K, capacity 21882K, committed 21960K, reserved 1069056K
  class space    used 3068K, capacity 3308K, committed 3328K, reserved 1048576K
}
Event: 1.324 GC heap before
{Heap before GC invocations=4 (full 1):
 PSYoungGen      total 37888K, used 5097K [0x00000000d6100000, 0x00000000dab00000, 0x0000000100000000)
  eden space 32768K, 0% used [0x00000000d6100000,0x00000000d6100000,0x00000000d8100000)
  from space 5120K, 99% used [0x00000000d8100000,0x00000000d85fa578,0x00000000d8600000)
  to   space 5120K, 0% used [0x00000000da600000,0x00000000da600000,0x00000000dab00000)
 ParOldGen       total 86016K, used 5741K [0x0000000082200000, 0x0000000087600000, 0x00000000d6100000)
  object space 86016K, 6% used [0x0000000082200000,0x000000008279b538,0x0000000087600000)
 Metaspace       used 20672K, capacity 21882K, committed 21960K, reserved 1069056K
  class space    used 3068K, capacity 3308K, committed 3328K, reserved 1048576K
Event: 1.368 GC heap after
Heap after GC invocations=4 (full 1):
 PSYoungGen      total 37888K, used 0K [0x00000000d6100000, 0x00000000dab00000, 0x0000000100000000)
  eden space 32768K, 0% used [0x00000000d6100000,0x00000000d6100000,0x00000000d8100000)
  from space 5120K, 0% used [0x00000000d8100000,0x00000000d8100000,0x00000000d8600000)
  to   space 5120K, 0% used [0x00000000da600000,0x00000000da600000,0x00000000dab00000)
 ParOldGen       total 55808K, used 10303K [0x0000000082200000, 0x0000000085880000, 0x00000000d6100000)
  object space 55808K, 18% used [0x0000000082200000,0x0000000082c0fd40,0x0000000085880000)
 Metaspace       used 20672K, capacity 21882K, committed 21960K, reserved 1069056K
  class space    used 3068K, capacity 3308K, committed 3328K, reserved 1048576K
}
Event: 2.494 GC heap before
{Heap before GC invocations=5 (full 1):
 PSYoungGen      total 37888K, used 32768K [0x00000000d6100000, 0x00000000dab00000, 0x0000000100000000)
  eden space 32768K, 100% used [0x00000000d6100000,0x00000000d8100000,0x00000000d8100000)
  from space 5120K, 0% used [0x00000000d8100000,0x00000000d8100000,0x00000000d8600000)
  to   space 5120K, 0% used [0x00000000da600000,0x00000000da600000,0x00000000dab00000)
 ParOldGen       total 55808K, used 10303K [0x0000000082200000, 0x0000000085880000, 0x00000000d6100000)
  object space 55808K, 18% used [0x0000000082200000,0x0000000082c0fd40,0x0000000085880000)
 Metaspace       used 24880K, capacity 26310K, committed 26568K, reserved 1073152K
  class space    used 3536K, capacity 3824K, committed 3840K, reserved 1048576K
Event: 2.500 GC heap after
Heap after GC invocations=5 (full 1):
 PSYoungGen      total 63488K, used 5095K [0x00000000d6100000, 0x00000000dab00000, 0x0000000100000000)
  eden space 58368K, 0% used [0x00000000d6100000,0x00000000d6100000,0x00000000d9a00000)
  from space 5120K, 99% used [0x00000000da600000,0x00000000daaf9cf0,0x00000000dab00000)
  to   space 5120K, 0% used [0x00000000da100000,0x00000000da100000,0x00000000da600000)
 ParOldGen       total 55808K, used 12167K [0x0000000082200000, 0x0000000085880000, 0x00000000d6100000)
  object space 55808K, 21% used [0x0000000082200000,0x0000000082de1dc0,0x0000000085880000)
 Metaspace       used 24880K, capacity 26310K, committed 26568K, reserved 1073152K
  class space    used 3536K, capacity 3824K, committed 3840K, reserved 1048576K
}
Event: 3.141 GC heap before
{Heap before GC invocations=6 (full 1):
 PSYoungGen      total 63488K, used 63463K [0x00000000d6100000, 0x00000000dab00000, 0x0000000100000000)
  eden space 58368K, 100% used [0x00000000d6100000,0x00000000d9a00000,0x00000000d9a00000)
  from space 5120K, 99% used [0x00000000da600000,0x00000000daaf9cf0,0x00000000dab00000)
  to   space 5120K, 0% used [0x00000000da100000,0x00000000da100000,0x00000000da600000)
 ParOldGen       total 55808K, used 12167K [0x0000000082200000, 0x0000000085880000, 0x00000000d6100000)
  object space 55808K, 21% used [0x0000000082200000,0x0000000082de1dc0,0x0000000085880000)
 Metaspace       used 26216K, capacity 27772K, committed 28104K, reserved 1073152K
  class space    used 3661K, capacity 3973K, committed 4096K, reserved 1048576K
Event: 3.148 GC heap after
Heap after GC invocations=6 (full 1):
 PSYoungGen      total 70656K, used 5108K [0x00000000d6100000, 0x00000000de280000, 0x0000000100000000)
  eden space 65536K, 0% used [0x00000000d6100000,0x00000000d6100000,0x00000000da100000)
  from space 5120K, 99% used [0x00000000da100000,0x00000000da5fd030,0x00000000da600000)
  to   space 15872K, 0% used [0x00000000dd300000,0x00000000dd300000,0x00000000de280000)
 ParOldGen       total 55808K, used 22592K [0x0000000082200000, 0x0000000085880000, 0x00000000d6100000)
  object space 55808K, 40% used [0x0000000082200000,0x0000000083810068,0x0000000085880000)
 Metaspace       used 26216K, capacity 27772K, committed 28104K, reserved 1073152K
  class space    used 3661K, capacity 3973K, committed 4096K, reserved 1048576K
}

Deoptimization events (10 events):
Event: 2.492 Thread 0x0000000019d95800 Uncommon trap: reason=class_check action=maybe_recompile pc=0x0000000003722b94 method=javafx.scene.CssStyleHelper.lookup(Ljavafx/css/Styleable;Ljavafx/css/CssMetaData;Lcom/sun/javafx/css/StyleMap;Ljava/util/Set;Ljavafx/css/Styleable;Lcom/sun/javafx/css/Ca
Event: 2.535 Thread 0x0000000019d95800 Uncommon trap: reason=array_check action=maybe_recompile pc=0x0000000003ae5308 method=com.sun.javafx.css.CompoundSelector.applies(Ljavafx/css/Styleable;[Ljava/util/Set;I)Z @ 128
Event: 2.535 Thread 0x0000000019d95800 Uncommon trap: reason=array_check action=maybe_recompile pc=0x0000000003ae5308 method=com.sun.javafx.css.CompoundSelector.applies(Ljavafx/css/Styleable;[Ljava/util/Set;I)Z @ 128
Event: 2.535 Thread 0x0000000019d95800 Uncommon trap: reason=array_check action=maybe_recompile pc=0x0000000003ae5308 method=com.sun.javafx.css.CompoundSelector.applies(Ljavafx/css/Styleable;[Ljava/util/Set;I)Z @ 128
Event: 2.535 Thread 0x0000000019d95800 Uncommon trap: reason=array_check action=maybe_recompile pc=0x0000000003ae5308 method=com.sun.javafx.css.CompoundSelector.applies(Ljavafx/css/Styleable;[Ljava/util/Set;I)Z @ 128
Event: 2.569 Thread 0x0000000019d95800 Uncommon trap: reason=class_check action=maybe_recompile pc=0x0000000003722b94 method=javafx.scene.CssStyleHelper.lookup(Ljavafx/css/Styleable;Ljavafx/css/CssMetaData;Lcom/sun/javafx/css/StyleMap;Ljava/util/Set;Ljavafx/css/Styleable;Lcom/sun/javafx/css/Ca
Event: 2.577 Thread 0x0000000019d95800 Uncommon trap: reason=class_check action=maybe_recompile pc=0x0000000003722b94 method=javafx.scene.CssStyleHelper.lookup(Ljavafx/css/Styleable;Ljavafx/css/CssMetaData;Lcom/sun/javafx/css/StyleMap;Ljava/util/Set;Ljavafx/css/Styleable;Lcom/sun/javafx/css/Ca
Event: 2.661 Thread 0x000000001999d000 Uncommon trap: reason=class_check action=maybe_recompile pc=0x00000000036e6f44 method=java.util.WeakHashMap.eq(Ljava/lang/Object;Ljava/lang/Object;)Z @ 7
Event: 2.661 Thread 0x000000001999d000 Uncommon trap: reason=class_check action=maybe_recompile pc=0x00000000036e6f44 method=java.util.WeakHashMap.eq(Ljava/lang/Object;Ljava/lang/Object;)Z @ 7
Event: 3.393 Thread 0x00000000252f1800 Uncommon trap: reason=unstable_if action=reinterpret pc=0x0000000003c20304 method=sun.net.www.ParseUtil.match(CJJ)Z @ 39

Classes redefined (0 events):
No events

Internal exceptions (10 events):
Event: 1.141 Thread 0x0000000019d95800 Exception <a 'java/io/FileNotFoundException'> (0x00000000d6bd70c8) thrown at [C:\re\workspace\8-2-build-windows-amd64-cygwin\jdk8u191\11896\hotspot\src\share\vm\prims\jni.cpp, line 709]
Event: 1.141 Thread 0x0000000019d95800 Exception <a 'java/io/FileNotFoundException'> (0x00000000d6bdcc98) thrown at [C:\re\workspace\8-2-build-windows-amd64-cygwin\jdk8u191\11896\hotspot\src\share\vm\prims\jni.cpp, line 709]
Event: 1.142 Thread 0x0000000019d95800 Exception <a 'java/io/FileNotFoundException'> (0x00000000d6bddf98) thrown at [C:\re\workspace\8-2-build-windows-amd64-cygwin\jdk8u191\11896\hotspot\src\share\vm\prims\jni.cpp, line 709]
Event: 2.183 Thread 0x0000000019d95800 Implicit null exception at 0x0000000003694836 to 0x0000000003694fa9
Event: 2.457 Thread 0x0000000019d95800 Exception <a 'java/lang/ArrayIndexOutOfBoundsException'> (0x00000000d7ddc2a8) thrown at [C:\re\workspace\8-2-build-windows-amd64-cygwin\jdk8u191\11896\hotspot\src\share\vm\runtime\sharedRuntime.cpp, line 605]
Event: 2.457 Thread 0x0000000019d95800 Exception <a 'java/lang/ArrayIndexOutOfBoundsException'> (0x00000000d7ddd490) thrown at [C:\re\workspace\8-2-build-windows-amd64-cygwin\jdk8u191\11896\hotspot\src\share\vm\runtime\sharedRuntime.cpp, line 605]
Event: 2.457 Thread 0x0000000019d95800 Exception <a 'java/lang/ArrayIndexOutOfBoundsException'> (0x00000000d7ddeee8) thrown at [C:\re\workspace\8-2-build-windows-amd64-cygwin\jdk8u191\11896\hotspot\src\share\vm\runtime\sharedRuntime.cpp, line 605]
Event: 2.463 Thread 0x0000000019d95800 Exception <a 'java/lang/ArrayIndexOutOfBoundsException'> (0x00000000d7e1f380) thrown at [C:\re\workspace\8-2-build-windows-amd64-cygwin\jdk8u191\11896\hotspot\src\share\vm\runtime\sharedRuntime.cpp, line 605]
Event: 2.463 Thread 0x0000000019d95800 Exception <a 'java/lang/ArrayIndexOutOfBoundsException'> (0x00000000d7e20a08) thrown at [C:\re\workspace\8-2-build-windows-amd64-cygwin\jdk8u191\11896\hotspot\src\share\vm\runtime\sharedRuntime.cpp, line 605]
Event: 2.475 Thread 0x0000000019d95800 Exception <a 'java/io/FileNotFoundException'> (0x00000000d7e8a1e8) thrown at [C:\re\workspace\8-2-build-windows-amd64-cygwin\jdk8u191\11896\hotspot\src\share\vm\prims\jni.cpp, line 709]

Events (10 events):
Event: 3.443 loading class com/sun/media/jfxmedia/MediaPlayer
Event: 3.443 loading class com/sun/media/jfxmedia/MediaPlayer done
Event: 3.444 loading class com/sun/media/jfxmedia/Media
Event: 3.444 loading class com/sun/media/jfxmedia/Media done
Event: 3.444 loading class com/sun/media/jfxmediaimpl/platform/gstreamer/GSTMedia
Event: 3.444 loading class com/sun/media/jfxmediaimpl/platform/gstreamer/GSTMedia done
Event: 3.444 loading class com/sun/media/jfxmediaimpl/NativeMedia
Event: 3.444 loading class com/sun/media/jfxmediaimpl/NativeMedia done
Event: 3.446 loading class com/sun/javafx/geom/Path2D$CopyIterator
Event: 3.446 loading class com/sun/javafx/geom/Path2D$CopyIterator done


Dynamic libraries:
0x00007ff7c7240000 - 0x00007ff7c7277000 	C:\Program Files\Java\jre1.8.0_191\bin\javaw.exe
0x00007ffa7aad0000 - 0x00007ffa7acab000 	C:\Windows\SYSTEM32\ntdll.dll
0x00007ffa784a0000 - 0x00007ffa7854e000 	C:\Windows\System32\KERNEL32.DLL
0x00007ffa77290000 - 0x00007ffa774da000 	C:\Windows\System32\KERNELBASE.dll
0x00007ffa7a610000 - 0x00007ffa7a6b1000 	C:\Windows\System32\ADVAPI32.dll
0x00007ffa78550000 - 0x00007ffa785ed000 	C:\Windows\System32\msvcrt.dll
0x00007ffa785f0000 - 0x00007ffa78649000 	C:\Windows\System32\sechost.dll
0x00007ffa788d0000 - 0x00007ffa789f5000 	C:\Windows\System32\RPCRT4.dll
0x00007ffa7a6f0000 - 0x00007ffa7a83a000 	C:\Windows\System32\USER32.dll
0x00007ffa77210000 - 0x00007ffa7722e000 	C:\Windows\System32\win32u.dll
0x00007ffa7a6c0000 - 0x00007ffa7a6e7000 	C:\Windows\System32\GDI32.dll
0x00007ffa776f0000 - 0x00007ffa77878000 	C:\Windows\System32\gdi32full.dll
0x00007ffa774e0000 - 0x00007ffa7757a000 	C:\Windows\System32\msvcp_win.dll
0x00007ffa775f0000 - 0x00007ffa776e6000 	C:\Windows\System32\ucrtbase.dll
0x00007ffa6b010000 - 0x00007ffa6b277000 	C:\Windows\WinSxS\amd64_microsoft.windows.common-controls_6595b64144ccf1df_6.0.15063.1155_none_40c7922129a7722b\COMCTL32.dll
0x00007ffa781a0000 - 0x00007ffa78499000 	C:\Windows\System32\combase.dll
0x00007ffa77580000 - 0x00007ffa775ea000 	C:\Windows\System32\bcryptPrimitives.dll
0x00007ffa7aa30000 - 0x00007ffa7aa5d000 	C:\Windows\System32\IMM32.DLL
0x00007ffa5cd10000 - 0x00007ffa5cdbf000 	C:\Program Files\McAfee\Endpoint Security\Threat Prevention\Ips\EpMPApi.dll
0x00007ffa77230000 - 0x00007ffa77287000 	C:\Windows\System32\WINTRUST.dll
0x00007ffa76f80000 - 0x00007ffa76f91000 	C:\Windows\System32\MSASN1.dll
0x00007ffa77040000 - 0x00007ffa77209000 	C:\Windows\System32\CRYPT32.dll
0x0000000058040000 - 0x000000005804c000 	C:\Program Files\McAfee\Endpoint Security\Threat Prevention\Ips\EpMPThe.dll
0x00000000573c0000 - 0x0000000057492000 	C:\Program Files\Java\jre1.8.0_191\bin\msvcr100.dll
0x0000000057590000 - 0x0000000057e34000 	C:\Program Files\Java\jre1.8.0_191\bin\server\jvm.dll
0x00007ffa7a2f0000 - 0x00007ffa7a2f8000 	C:\Windows\System32\PSAPI.DLL
0x00007ffa75220000 - 0x00007ffa75243000 	C:\Windows\SYSTEM32\WINMM.dll
0x00007ffa61510000 - 0x00007ffa61519000 	C:\Windows\SYSTEM32\WSOCK32.dll
0x00007ffa67bc0000 - 0x00007ffa67bca000 	C:\Windows\SYSTEM32\VERSION.dll
0x00007ffa7a280000 - 0x00007ffa7a2ec000 	C:\Windows\System32\WS2_32.dll
0x00007ffa751f0000 - 0x00007ffa7521b000 	C:\Windows\SYSTEM32\winmmbase.dll
0x00007ffa76ff0000 - 0x00007ffa77039000 	C:\Windows\System32\cfgmgr32.dll
0x0000000057580000 - 0x000000005758f000 	C:\Program Files\Java\jre1.8.0_191\bin\verify.dll
0x0000000057550000 - 0x0000000057579000 	C:\Program Files\Java\jre1.8.0_191\bin\java.dll
0x0000000057530000 - 0x0000000057546000 	C:\Program Files\Java\jre1.8.0_191\bin\zip.dll
0x00007ffa78a00000 - 0x00007ffa79e38000 	C:\Windows\System32\SHELL32.dll
0x00007ffa7a300000 - 0x00007ffa7a3aa000 	C:\Windows\System32\shcore.dll
0x00007ffa77880000 - 0x00007ffa77f71000 	C:\Windows\System32\windows.storage.dll
0x00007ffa7aa70000 - 0x00007ffa7aac1000 	C:\Windows\System32\shlwapi.dll
0x00007ffa76f60000 - 0x00007ffa76f71000 	C:\Windows\System32\kernel.appcore.dll
0x00007ffa76fa0000 - 0x00007ffa76fec000 	C:\Windows\System32\powrprof.dll
0x00007ffa76f40000 - 0x00007ffa76f55000 	C:\Windows\System32\profapi.dll
0x0000000002ea0000 - 0x0000000002ea3000 	C:\Program Files\Java\jre1.8.0_191\bin\api-ms-win-core-console-l1-1-0.dll
0x0000000002fc0000 - 0x0000000002fc3000 	C:\Program Files\Java\jre1.8.0_191\bin\api-ms-win-core-datetime-l1-1-0.dll
0x0000000002fd0000 - 0x0000000002fd3000 	C:\Program Files\Java\jre1.8.0_191\bin\api-ms-win-core-debug-l1-1-0.dll
0x0000000002fe0000 - 0x0000000002fe3000 	C:\Program Files\Java\jre1.8.0_191\bin\api-ms-win-core-errorhandling-l1-1-0.dll
0x0000000002ff0000 - 0x0000000002ff4000 	C:\Program Files\Java\jre1.8.0_191\bin\api-ms-win-core-file-l1-1-0.dll
0x0000000003000000 - 0x0000000003003000 	C:\Program Files\Java\jre1.8.0_191\bin\api-ms-win-core-file-l1-2-0.dll
0x0000000003020000 - 0x0000000003023000 	C:\Program Files\Java\jre1.8.0_191\bin\api-ms-win-core-file-l2-1-0.dll
0x0000000003030000 - 0x0000000003033000 	C:\Program Files\Java\jre1.8.0_191\bin\api-ms-win-core-handle-l1-1-0.dll
0x0000000003040000 - 0x0000000003043000 	C:\Program Files\Java\jre1.8.0_191\bin\api-ms-win-core-heap-l1-1-0.dll
0x0000000003050000 - 0x0000000003053000 	C:\Program Files\Java\jre1.8.0_191\bin\api-ms-win-core-interlocked-l1-1-0.dll
0x0000000003060000 - 0x0000000003063000 	C:\Program Files\Java\jre1.8.0_191\bin\api-ms-win-core-libraryloader-l1-1-0.dll
0x0000000003070000 - 0x0000000003073000 	C:\Program Files\Java\jre1.8.0_191\bin\api-ms-win-core-localization-l1-2-0.dll
0x0000000019bb0000 - 0x0000000019bb3000 	C:\Program Files\Java\jre1.8.0_191\bin\api-ms-win-core-memory-l1-1-0.dll
0x0000000019bc0000 - 0x0000000019bc3000 	C:\Program Files\Java\jre1.8.0_191\bin\api-ms-win-core-namedpipe-l1-1-0.dll
0x0000000019bd0000 - 0x0000000019bd3000 	C:\Program Files\Java\jre1.8.0_191\bin\api-ms-win-core-processenvironment-l1-1-0.dll
0x0000000019be0000 - 0x0000000019be3000 	C:\Program Files\Java\jre1.8.0_191\bin\api-ms-win-core-processthreads-l1-1-0.dll
0x0000000019bf0000 - 0x0000000019bf3000 	C:\Program Files\Java\jre1.8.0_191\bin\api-ms-win-core-processthreads-l1-1-1.dll
0x0000000019c00000 - 0x0000000019c03000 	C:\Program Files\Java\jre1.8.0_191\bin\api-ms-win-core-profile-l1-1-0.dll
0x0000000019c10000 - 0x0000000019c13000 	C:\Program Files\Java\jre1.8.0_191\bin\api-ms-win-core-rtlsupport-l1-1-0.dll
0x0000000019c20000 - 0x0000000019c23000 	C:\Program Files\Java\jre1.8.0_191\bin\api-ms-win-core-string-l1-1-0.dll
0x0000000019c30000 - 0x0000000019c33000 	C:\Program Files\Java\jre1.8.0_191\bin\api-ms-win-core-synch-l1-1-0.dll
0x0000000019c40000 - 0x0000000019c43000 	C:\Program Files\Java\jre1.8.0_191\bin\api-ms-win-core-synch-l1-2-0.dll
0x0000000019c50000 - 0x0000000019c53000 	C:\Program Files\Java\jre1.8.0_191\bin\api-ms-win-core-sysinfo-l1-1-0.dll
0x0000000019c60000 - 0x0000000019c63000 	C:\Program Files\Java\jre1.8.0_191\bin\api-ms-win-core-timezone-l1-1-0.dll
0x0000000019c70000 - 0x0000000019c73000 	C:\Program Files\Java\jre1.8.0_191\bin\api-ms-win-core-util-l1-1-0.dll
0x0000000019c80000 - 0x0000000019c83000 	C:\Program Files\Java\jre1.8.0_191\bin\api-ms-win-crt-conio-l1-1-0.dll
0x0000000019c90000 - 0x0000000019c94000 	C:\Program Files\Java\jre1.8.0_191\bin\api-ms-win-crt-convert-l1-1-0.dll
0x0000000019ca0000 - 0x0000000019ca3000 	C:\Program Files\Java\jre1.8.0_191\bin\api-ms-win-crt-environment-l1-1-0.dll
0x0000000019cb0000 - 0x0000000019cb3000 	C:\Program Files\Java\jre1.8.0_191\bin\api-ms-win-crt-filesystem-l1-1-0.dll
0x0000000019cc0000 - 0x0000000019cc3000 	C:\Program Files\Java\jre1.8.0_191\bin\api-ms-win-crt-heap-l1-1-0.dll
0x0000000019cd0000 - 0x0000000019cd3000 	C:\Program Files\Java\jre1.8.0_191\bin\api-ms-win-crt-locale-l1-1-0.dll
0x0000000019ce0000 - 0x0000000019ce5000 	C:\Program Files\Java\jre1.8.0_191\bin\api-ms-win-crt-math-l1-1-0.dll
0x0000000019cf0000 - 0x0000000019cf5000 	C:\Program Files\Java\jre1.8.0_191\bin\api-ms-win-crt-multibyte-l1-1-0.dll
0x0000000019d00000 - 0x0000000019d10000 	C:\Program Files\Java\jre1.8.0_191\bin\api-ms-win-crt-private-l1-1-0.dll
0x0000000019d10000 - 0x0000000019d13000 	C:\Program Files\Java\jre1.8.0_191\bin\api-ms-win-crt-process-l1-1-0.dll
0x0000000019d20000 - 0x0000000019d24000 	C:\Program Files\Java\jre1.8.0_191\bin\api-ms-win-crt-runtime-l1-1-0.dll
0x0000000019d30000 - 0x0000000019d34000 	C:\Program Files\Java\jre1.8.0_191\bin\api-ms-win-crt-stdio-l1-1-0.dll
0x0000000019d40000 - 0x0000000019d44000 	C:\Program Files\Java\jre1.8.0_191\bin\api-ms-win-crt-string-l1-1-0.dll
0x0000000019d50000 - 0x0000000019d53000 	C:\Program Files\Java\jre1.8.0_191\bin\api-ms-win-crt-time-l1-1-0.dll
0x0000000019d60000 - 0x0000000019d63000 	C:\Program Files\Java\jre1.8.0_191\bin\api-ms-win-crt-utility-l1-1-0.dll
0x00007ffa74f50000 - 0x00007ffa75046000 	C:\Program Files\Java\jre1.8.0_191\bin\ucrtbase.dll
0x00007ffa6bb50000 - 0x00007ffa6bb66000 	C:\Program Files\Java\jre1.8.0_191\bin\vcruntime140.dll
0x00007ffa683d0000 - 0x00007ffa6846c000 	C:\Program Files\Java\jre1.8.0_191\bin\msvcp140.dll
0x00007ffa6baf0000 - 0x00007ffa6bb41000 	C:\Program Files\Java\jre1.8.0_191\bin\concrt140.dll
0x0000000057390000 - 0x00000000573b3000 	C:\Program Files\Java\jre1.8.0_191\bin\prism_d3d.dll
0x00007ffa34620000 - 0x00007ffa347a9000 	C:\Windows\system32\d3d9.dll
0x00007ffa75190000 - 0x00007ffa751ba000 	C:\Windows\SYSTEM32\dwmapi.dll
0x00007ffa75440000 - 0x00007ffa754d5000 	C:\Windows\system32\uxtheme.dll
0x00007ffa681f0000 - 0x00007ffa683c7000 	C:\Windows\System32\DriverStore\FileRepository\ki127171.inf_amd64_368f8c7337214025\igdumdim64.dll
0x00007ffa272b0000 - 0x00007ffa2a2ad000 	C:\Windows\System32\DriverStore\FileRepository\ki127171.inf_amd64_368f8c7337214025\igd9dxva64.dll
0x00007ffa7a3b0000 - 0x00007ffa7a4f5000 	C:\Windows\System32\ole32.dll
0x00007ffa78030000 - 0x00007ffa780f0000 	C:\Windows\System32\OLEAUT32.dll
0x0000000057340000 - 0x0000000057389000 	C:\Program Files\Java\jre1.8.0_191\bin\glass.dll
0x00007ffa7a500000 - 0x00007ffa7a608000 	C:\Windows\System32\COMDLG32.dll
0x000000001aae0000 - 0x000000001ac46000 	C:\Windows\System32\MSCTF.dll
0x00007ffa6be30000 - 0x00007ffa6dbc5000 	C:\Windows\System32\DriverStore\FileRepository\ki127171.inf_amd64_368f8c7337214025\igc64.dll
0x0000000057320000 - 0x0000000057334000 	C:\Program Files\Java\jre1.8.0_191\bin\javafx_font.dll
0x00007ffa58a60000 - 0x00007ffa58d1f000 	C:\Windows\SYSTEM32\dwrite.dll
0x0000000053c60000 - 0x000000005731a000 	C:\Program Files\Java\jre1.8.0_191\bin\jfxwebkit.dll
0x00007ffa76990000 - 0x00007ffa769a7000 	C:\Windows\SYSTEM32\CRYPTSP.dll
0x00007ffa760d0000 - 0x00007ffa76104000 	C:\Windows\system32\rsaenh.dll
0x00007ffa76b00000 - 0x00007ffa76b25000 	C:\Windows\SYSTEM32\bcrypt.dll
0x00007ffa76e40000 - 0x00007ffa76e69000 	C:\Windows\SYSTEM32\USERENV.dll
0x00007ffa769b0000 - 0x00007ffa769bb000 	C:\Windows\SYSTEM32\CRYPTBASE.dll
0x0000000057510000 - 0x000000005752a000 	C:\Program Files\Java\jre1.8.0_191\bin\net.dll
0x00007ffa767f0000 - 0x00007ffa7684c000 	C:\Windows\system32\mswsock.dll
0x00007ffa76590000 - 0x00007ffa765c7000 	C:\Windows\SYSTEM32\IPHLPAPI.DLL
0x00007ffa7aa60000 - 0x00007ffa7aa68000 	C:\Windows\System32\NSI.dll
0x00007ffa6bc40000 - 0x00007ffa6bc56000 	C:\Windows\SYSTEM32\dhcpcsvc6.DLL
0x00007ffa6bc20000 - 0x00007ffa6bc3a000 	C:\Windows\SYSTEM32\dhcpcsvc.DLL
0x00000000574f0000 - 0x0000000057501000 	C:\Program Files\Java\jre1.8.0_191\bin\nio.dll
0x00007ffa780f0000 - 0x00007ffa7818e000 	C:\Windows\System32\clbcatq.dll
0x00007ffa71860000 - 0x00007ffa71a0c000 	C:\Windows\SYSTEM32\WindowsCodecs.dll
0x00007ffa5f710000 - 0x00007ffa5f757000 	C:\Windows\system32\dataexchange.dll
0x00007ffa73280000 - 0x00007ffa7355f000 	C:\Windows\system32\d3d11.dll
0x00007ffa74040000 - 0x00007ffa74163000 	C:\Windows\system32\dcomp.dll
0x00007ffa75bc0000 - 0x00007ffa75c64000 	C:\Windows\system32\dxgi.dll
0x00007ffa756f0000 - 0x00007ffa75860000 	C:\Windows\system32\twinapi.appcore.dll
0x00007ffa6ba80000 - 0x00007ffa6bab1000 	C:\Program Files\Common Files\Microsoft Shared\Ink\rtscom.dll
0x00007ffa70c10000 - 0x00007ffa70c91000 	C:\Windows\System32\TextInputFramework.dll
0x00007ffa73560000 - 0x00007ffa73644000 	C:\Windows\System32\CoreMessaging.dll
0x00007ffa71480000 - 0x00007ffa71753000 	C:\Windows\System32\CoreUIComponents.dll
0x00007ffa75cc0000 - 0x00007ffa75cf1000 	C:\Windows\SYSTEM32\ntmarta.dll
0x00007ffa72ae0000 - 0x00007ffa72c19000 	C:\Windows\SYSTEM32\wintypes.dll
0x00007ffa74b90000 - 0x00007ffa74ba5000 	C:\Windows\SYSTEM32\usermgrcli.dll
0x0000000053c40000 - 0x0000000053c52000 	C:\Program Files\Java\jre1.8.0_191\bin\prism_common.dll

VM Arguments:
jvm_args: -Dfile.encoding=UTF-8 
java_command: principal.Principal
java_class_path (initial): C:\Program Files\Java\jre1.8.0_191\lib\resources.jar;C:\Program Files\Java\jre1.8.0_191\lib\rt.jar;C:\Program Files\Java\jre1.8.0_191\lib\jsse.jar;C:\Program Files\Java\jre1.8.0_191\lib\jce.jar;C:\Program Files\Java\jre1.8.0_191\lib\charsets.jar;C:\Program Files\Java\jre1.8.0_191\lib\jfr.jar;C:\Program Files\Java\jre1.8.0_191\lib\ext\access-bridge-64.jar;C:\Program Files\Java\jre1.8.0_191\lib\ext\cldrdata.jar;C:\Program Files\Java\jre1.8.0_191\lib\ext\dnsns.jar;C:\Program Files\Java\jre1.8.0_191\lib\ext\jaccess.jar;C:\Program Files\Java\jre1.8.0_191\lib\ext\jfxrt.jar;C:\Program Files\Java\jre1.8.0_191\lib\ext\localedata.jar;C:\Program Files\Java\jre1.8.0_191\lib\ext\nashorn.jar;C:\Program Files\Java\jre1.8.0_191\lib\ext\sunec.jar;C:\Program Files\Java\jre1.8.0_191\lib\ext\sunjce_provider.jar;C:\Program Files\Java\jre1.8.0_191\lib\ext\sunmscapi.jar;C:\Program Files\Java\jre1.8.0_191\lib\ext\sunpkcs11.jar;C:\Program Files\Java\jre1.8.0_191\lib\ext\zipfs.jar;C:\Users\fabricio.barrozo\git\srh.adasa\target\classes;C:\Users\fabricio.barrozo\.m2\repository\org\hibernate\hibernate-entitymanager\5.1.0.Final\hibernate-entitymanager-5.1.0.Final.jar;C:\Users\fabricio.barrozo\.m2\repository\org\hibernate\hibernate-core\5.1.0.Final\hibernate-core-5.1.0.Final.jar;C:\Users\fabricio.barrozo\.m2\repository\org\jboss\jandex\2.0.0.Final\jandex-2.0.0.Final.jar;C:\Users\fabricio.barrozo\.m2\repository\com\fasterxml\classmate\1.3.0\classmate-1.3.0.jar;C:\Users\fabricio.barrozo\.m2\repository\org\jboss\logging\jboss-logging\3.3.0.Final\jboss-logging-3.3.0.Final.jar;C:\Users\fabricio.barrozo\.m2\repository\org\javassist\javassist\3.20.0-GA\javassist-3.20.0-GA.jar;C:\Users\fabricio.barrozo\.m2\repository\commons-collections\commons-collections\2.1\commons-collections-2.1.jar;C:\Users\fabricio.barrozo\.m2\repository\commons-logging\commons-logging\1.0.4\commons-logging-1.0.4.jar;C:\Users\fabricio.barrozo\.m2\repository\dom4j\dom4j\1.6.1\dom4j-1.6.1.jar;C:\Users\fa
Launcher Type: SUN_STANDARD

Environment Variables:
JAVA_HOME=C:\Program Files\Java\jdk1.8.0_191
PATH=C:/Program Files/Java/jre1.8.0_191/bin/server;C:/Program Files/Java/jre1.8.0_191/bin;C:/Program Files/Java/jre1.8.0_191/lib/amd64;C:\Program Files (x86)\Common Files\Oracle\Java\javapath;C:\ProgramData\Oracle\Java\javapath;C:\Program Files (x86)\Intel\iCLS Client\;C:\Program Files\Intel\iCLS Client\;C:\Windows\system32;C:\Windows;C:\Windows\System32\Wbem;C:\Windows\System32\WindowsPowerShell\v1.0\;C:\Program Files (x86)\Intel\Intel(R) Management Engine Components\DAL;C:\Program Files\Intel\Intel(R) Management Engine Components\DAL;C:\Program Files (x86)\Intel\Intel(R) Management Engine Components\IPT;C:\Program Files\Intel\Intel(R) Management Engine Components\IPT;C:\Program Files\Intel\WiFi\bin\;C:\Program Files\Common Files\Intel\WirelessCommon\;c:\Program Files\Microsoft SQL Server\110\Tools\Binn\;c:\Program Files (x86)\Microsoft SQL Server\110\Tools\Binn\ManagementStudio\;c:\Program Files (x86)\Microsoft SQL Server\110\Tools\Binn\;c:\Program Files (x86)\Microsoft SQL Server\110\DTS\Binn\;C:\apache-maven-3.6.0\bin;C:\Users\fabricio.barrozo\AppData\Local\Microsoft\WindowsApps;;C:\Windows\system32;
USERNAME=fabricio.barrozo
OS=Windows_NT
PROCESSOR_IDENTIFIER=Intel64 Family 6 Model 94 Stepping 3, GenuineIntel



---------------  S Y S T E M  ---------------

OS: Windows 10.0 , 64 bit Build 15063 (10.0.15063.1058)

CPU:total 4 (initial active 4) (4 cores per cpu, 1 threads per core) family 6 model 94 stepping 3, cmov, cx8, fxsr, mmx, sse, sse2, sse3, ssse3, sse4.1, sse4.2, popcnt, avx, avx2, aes, clmul, erms, rtm, 3dnowpref, lzcnt, tsc, tscinvbit, bmi1, bmi2, adx

Memory: 4k page, physical 8249056k(1675464k free), swap 10196704k(1120k free)

vm_info: Java HotSpot(TM) 64-Bit Server VM (25.191-b12) for windows-amd64 JRE (1.8.0_191-b12), built on Oct  6 2018 09:29:03 by "java_re" with MS VC++ 10.0 (VS2010)

time: Thu Nov 29 11:10:25 2018
elapsed time: 3 seconds (0d 0h 0m 3s)

